[2021-09-26 11:47:02,154] {processor.py:162} INFO - Started process (PID=4021) to work on /home/airflow/.local/lib/python3.6/site-packages/airflow/example_dags/example_external_task_marker_dag.py
[2021-09-26 11:47:02,157] {processor.py:613} INFO - Processing file /home/airflow/.local/lib/python3.6/site-packages/airflow/example_dags/example_external_task_marker_dag.py for tasks to queue
[2021-09-26 11:47:02,160] {logging_mixin.py:109} INFO - [2021-09-26 11:47:02,160] {dagbag.py:496} INFO - Filling up the DagBag from /home/airflow/.local/lib/python3.6/site-packages/airflow/example_dags/example_external_task_marker_dag.py
[2021-09-26 11:47:02,178] {processor.py:623} INFO - DAG(s) dict_keys(['example_external_task_marker_parent', 'example_external_task_marker_child']) retrieved from /home/airflow/.local/lib/python3.6/site-packages/airflow/example_dags/example_external_task_marker_dag.py
[2021-09-26 11:47:02,228] {logging_mixin.py:109} INFO - [2021-09-26 11:47:02,227] {dag.py:1834} INFO - Sync 2 DAGs
[2021-09-26 11:47:02,264] {logging_mixin.py:109} INFO - [2021-09-26 11:47:02,264] {dag.py:2287} INFO - Setting next_dagrun for example_external_task_marker_child to None
[2021-09-26 11:47:02,269] {logging_mixin.py:109} INFO - [2021-09-26 11:47:02,269] {dag.py:2287} INFO - Setting next_dagrun for example_external_task_marker_parent to None
[2021-09-26 11:47:02,292] {processor.py:170} INFO - Processing /home/airflow/.local/lib/python3.6/site-packages/airflow/example_dags/example_external_task_marker_dag.py took 0.144 seconds
[2021-09-26 11:47:32,596] {processor.py:162} INFO - Started process (PID=4085) to work on /home/airflow/.local/lib/python3.6/site-packages/airflow/example_dags/example_external_task_marker_dag.py
[2021-09-26 11:47:32,600] {processor.py:613} INFO - Processing file /home/airflow/.local/lib/python3.6/site-packages/airflow/example_dags/example_external_task_marker_dag.py for tasks to queue
[2021-09-26 11:47:32,609] {logging_mixin.py:109} INFO - [2021-09-26 11:47:32,607] {dagbag.py:496} INFO - Filling up the DagBag from /home/airflow/.local/lib/python3.6/site-packages/airflow/example_dags/example_external_task_marker_dag.py
[2021-09-26 11:47:32,656] {processor.py:623} INFO - DAG(s) dict_keys(['example_external_task_marker_parent', 'example_external_task_marker_child']) retrieved from /home/airflow/.local/lib/python3.6/site-packages/airflow/example_dags/example_external_task_marker_dag.py
[2021-09-26 11:47:32,742] {logging_mixin.py:109} INFO - [2021-09-26 11:47:32,742] {dag.py:1834} INFO - Sync 2 DAGs
[2021-09-26 11:47:32,771] {logging_mixin.py:109} INFO - [2021-09-26 11:47:32,770] {dag.py:2287} INFO - Setting next_dagrun for example_external_task_marker_child to None
[2021-09-26 11:47:32,774] {logging_mixin.py:109} INFO - [2021-09-26 11:47:32,773] {dag.py:2287} INFO - Setting next_dagrun for example_external_task_marker_parent to None
[2021-09-26 11:47:32,810] {processor.py:170} INFO - Processing /home/airflow/.local/lib/python3.6/site-packages/airflow/example_dags/example_external_task_marker_dag.py took 0.236 seconds
[2021-09-26 11:48:02,892] {processor.py:162} INFO - Started process (PID=4144) to work on /home/airflow/.local/lib/python3.6/site-packages/airflow/example_dags/example_external_task_marker_dag.py
[2021-09-26 11:48:02,896] {processor.py:613} INFO - Processing file /home/airflow/.local/lib/python3.6/site-packages/airflow/example_dags/example_external_task_marker_dag.py for tasks to queue
[2021-09-26 11:48:02,897] {logging_mixin.py:109} INFO - [2021-09-26 11:48:02,897] {dagbag.py:496} INFO - Filling up the DagBag from /home/airflow/.local/lib/python3.6/site-packages/airflow/example_dags/example_external_task_marker_dag.py
[2021-09-26 11:48:02,916] {processor.py:623} INFO - DAG(s) dict_keys(['example_external_task_marker_parent', 'example_external_task_marker_child']) retrieved from /home/airflow/.local/lib/python3.6/site-packages/airflow/example_dags/example_external_task_marker_dag.py
[2021-09-26 11:48:02,954] {logging_mixin.py:109} INFO - [2021-09-26 11:48:02,954] {dag.py:1834} INFO - Sync 2 DAGs
[2021-09-26 11:48:02,974] {logging_mixin.py:109} INFO - [2021-09-26 11:48:02,974] {dag.py:2287} INFO - Setting next_dagrun for example_external_task_marker_child to None
[2021-09-26 11:48:02,977] {logging_mixin.py:109} INFO - [2021-09-26 11:48:02,977] {dag.py:2287} INFO - Setting next_dagrun for example_external_task_marker_parent to None
[2021-09-26 11:48:02,991] {processor.py:170} INFO - Processing /home/airflow/.local/lib/python3.6/site-packages/airflow/example_dags/example_external_task_marker_dag.py took 0.104 seconds
[2021-09-26 11:48:33,064] {processor.py:162} INFO - Started process (PID=4203) to work on /home/airflow/.local/lib/python3.6/site-packages/airflow/example_dags/example_external_task_marker_dag.py
[2021-09-26 11:48:33,068] {processor.py:613} INFO - Processing file /home/airflow/.local/lib/python3.6/site-packages/airflow/example_dags/example_external_task_marker_dag.py for tasks to queue
[2021-09-26 11:48:33,070] {logging_mixin.py:109} INFO - [2021-09-26 11:48:33,070] {dagbag.py:496} INFO - Filling up the DagBag from /home/airflow/.local/lib/python3.6/site-packages/airflow/example_dags/example_external_task_marker_dag.py
[2021-09-26 11:48:33,086] {processor.py:623} INFO - DAG(s) dict_keys(['example_external_task_marker_parent', 'example_external_task_marker_child']) retrieved from /home/airflow/.local/lib/python3.6/site-packages/airflow/example_dags/example_external_task_marker_dag.py
[2021-09-26 11:48:33,123] {logging_mixin.py:109} INFO - [2021-09-26 11:48:33,123] {dag.py:1834} INFO - Sync 2 DAGs
[2021-09-26 11:48:33,146] {logging_mixin.py:109} INFO - [2021-09-26 11:48:33,146] {dag.py:2287} INFO - Setting next_dagrun for example_external_task_marker_child to None
[2021-09-26 11:48:33,149] {logging_mixin.py:109} INFO - [2021-09-26 11:48:33,148] {dag.py:2287} INFO - Setting next_dagrun for example_external_task_marker_parent to None
[2021-09-26 11:48:33,166] {processor.py:170} INFO - Processing /home/airflow/.local/lib/python3.6/site-packages/airflow/example_dags/example_external_task_marker_dag.py took 0.109 seconds
[2021-09-26 11:49:03,290] {processor.py:162} INFO - Started process (PID=4270) to work on /home/airflow/.local/lib/python3.6/site-packages/airflow/example_dags/example_external_task_marker_dag.py
[2021-09-26 11:49:03,293] {processor.py:613} INFO - Processing file /home/airflow/.local/lib/python3.6/site-packages/airflow/example_dags/example_external_task_marker_dag.py for tasks to queue
[2021-09-26 11:49:03,294] {logging_mixin.py:109} INFO - [2021-09-26 11:49:03,294] {dagbag.py:496} INFO - Filling up the DagBag from /home/airflow/.local/lib/python3.6/site-packages/airflow/example_dags/example_external_task_marker_dag.py
[2021-09-26 11:49:03,311] {processor.py:623} INFO - DAG(s) dict_keys(['example_external_task_marker_parent', 'example_external_task_marker_child']) retrieved from /home/airflow/.local/lib/python3.6/site-packages/airflow/example_dags/example_external_task_marker_dag.py
[2021-09-26 11:49:03,346] {logging_mixin.py:109} INFO - [2021-09-26 11:49:03,346] {dag.py:1834} INFO - Sync 2 DAGs
[2021-09-26 11:49:03,371] {logging_mixin.py:109} INFO - [2021-09-26 11:49:03,371] {dag.py:2287} INFO - Setting next_dagrun for example_external_task_marker_child to None
[2021-09-26 11:49:03,373] {logging_mixin.py:109} INFO - [2021-09-26 11:49:03,373] {dag.py:2287} INFO - Setting next_dagrun for example_external_task_marker_parent to None
[2021-09-26 11:49:03,387] {processor.py:170} INFO - Processing /home/airflow/.local/lib/python3.6/site-packages/airflow/example_dags/example_external_task_marker_dag.py took 0.101 seconds
[2021-09-26 11:49:33,930] {processor.py:162} INFO - Started process (PID=4328) to work on /home/airflow/.local/lib/python3.6/site-packages/airflow/example_dags/example_external_task_marker_dag.py
[2021-09-26 11:49:33,932] {processor.py:613} INFO - Processing file /home/airflow/.local/lib/python3.6/site-packages/airflow/example_dags/example_external_task_marker_dag.py for tasks to queue
[2021-09-26 11:49:33,934] {logging_mixin.py:109} INFO - [2021-09-26 11:49:33,933] {dagbag.py:496} INFO - Filling up the DagBag from /home/airflow/.local/lib/python3.6/site-packages/airflow/example_dags/example_external_task_marker_dag.py
[2021-09-26 11:49:33,948] {processor.py:623} INFO - DAG(s) dict_keys(['example_external_task_marker_parent', 'example_external_task_marker_child']) retrieved from /home/airflow/.local/lib/python3.6/site-packages/airflow/example_dags/example_external_task_marker_dag.py
[2021-09-26 11:49:33,991] {logging_mixin.py:109} INFO - [2021-09-26 11:49:33,990] {dag.py:1834} INFO - Sync 2 DAGs
[2021-09-26 11:49:34,022] {logging_mixin.py:109} INFO - [2021-09-26 11:49:34,022] {dag.py:2287} INFO - Setting next_dagrun for example_external_task_marker_child to None
[2021-09-26 11:49:34,024] {logging_mixin.py:109} INFO - [2021-09-26 11:49:34,024] {dag.py:2287} INFO - Setting next_dagrun for example_external_task_marker_parent to None
[2021-09-26 11:49:34,035] {processor.py:170} INFO - Processing /home/airflow/.local/lib/python3.6/site-packages/airflow/example_dags/example_external_task_marker_dag.py took 0.110 seconds
[2021-09-26 11:50:04,807] {processor.py:162} INFO - Started process (PID=4399) to work on /home/airflow/.local/lib/python3.6/site-packages/airflow/example_dags/example_external_task_marker_dag.py
[2021-09-26 11:50:04,812] {processor.py:613} INFO - Processing file /home/airflow/.local/lib/python3.6/site-packages/airflow/example_dags/example_external_task_marker_dag.py for tasks to queue
[2021-09-26 11:50:04,813] {logging_mixin.py:109} INFO - [2021-09-26 11:50:04,813] {dagbag.py:496} INFO - Filling up the DagBag from /home/airflow/.local/lib/python3.6/site-packages/airflow/example_dags/example_external_task_marker_dag.py
[2021-09-26 11:50:04,828] {processor.py:623} INFO - DAG(s) dict_keys(['example_external_task_marker_parent', 'example_external_task_marker_child']) retrieved from /home/airflow/.local/lib/python3.6/site-packages/airflow/example_dags/example_external_task_marker_dag.py
[2021-09-26 11:50:04,865] {logging_mixin.py:109} INFO - [2021-09-26 11:50:04,865] {dag.py:1834} INFO - Sync 2 DAGs
[2021-09-26 11:50:04,882] {logging_mixin.py:109} INFO - [2021-09-26 11:50:04,882] {dag.py:2287} INFO - Setting next_dagrun for example_external_task_marker_child to None
[2021-09-26 11:50:04,884] {logging_mixin.py:109} INFO - [2021-09-26 11:50:04,884] {dag.py:2287} INFO - Setting next_dagrun for example_external_task_marker_parent to None
[2021-09-26 11:50:04,897] {processor.py:170} INFO - Processing /home/airflow/.local/lib/python3.6/site-packages/airflow/example_dags/example_external_task_marker_dag.py took 0.094 seconds
[2021-09-26 11:50:35,641] {processor.py:162} INFO - Started process (PID=4466) to work on /home/airflow/.local/lib/python3.6/site-packages/airflow/example_dags/example_external_task_marker_dag.py
[2021-09-26 11:50:35,643] {processor.py:613} INFO - Processing file /home/airflow/.local/lib/python3.6/site-packages/airflow/example_dags/example_external_task_marker_dag.py for tasks to queue
[2021-09-26 11:50:35,644] {logging_mixin.py:109} INFO - [2021-09-26 11:50:35,644] {dagbag.py:496} INFO - Filling up the DagBag from /home/airflow/.local/lib/python3.6/site-packages/airflow/example_dags/example_external_task_marker_dag.py
[2021-09-26 11:50:35,658] {processor.py:623} INFO - DAG(s) dict_keys(['example_external_task_marker_parent', 'example_external_task_marker_child']) retrieved from /home/airflow/.local/lib/python3.6/site-packages/airflow/example_dags/example_external_task_marker_dag.py
[2021-09-26 11:50:35,685] {logging_mixin.py:109} INFO - [2021-09-26 11:50:35,684] {dag.py:1834} INFO - Sync 2 DAGs
[2021-09-26 11:50:35,700] {logging_mixin.py:109} INFO - [2021-09-26 11:50:35,700] {dag.py:2287} INFO - Setting next_dagrun for example_external_task_marker_child to None
[2021-09-26 11:50:35,702] {logging_mixin.py:109} INFO - [2021-09-26 11:50:35,701] {dag.py:2287} INFO - Setting next_dagrun for example_external_task_marker_parent to None
[2021-09-26 11:50:35,713] {processor.py:170} INFO - Processing /home/airflow/.local/lib/python3.6/site-packages/airflow/example_dags/example_external_task_marker_dag.py took 0.076 seconds
[2021-09-26 11:51:06,194] {processor.py:162} INFO - Started process (PID=4525) to work on /home/airflow/.local/lib/python3.6/site-packages/airflow/example_dags/example_external_task_marker_dag.py
[2021-09-26 11:51:06,198] {processor.py:613} INFO - Processing file /home/airflow/.local/lib/python3.6/site-packages/airflow/example_dags/example_external_task_marker_dag.py for tasks to queue
[2021-09-26 11:51:06,200] {logging_mixin.py:109} INFO - [2021-09-26 11:51:06,200] {dagbag.py:496} INFO - Filling up the DagBag from /home/airflow/.local/lib/python3.6/site-packages/airflow/example_dags/example_external_task_marker_dag.py
[2021-09-26 11:51:06,217] {processor.py:623} INFO - DAG(s) dict_keys(['example_external_task_marker_parent', 'example_external_task_marker_child']) retrieved from /home/airflow/.local/lib/python3.6/site-packages/airflow/example_dags/example_external_task_marker_dag.py
[2021-09-26 11:51:06,265] {logging_mixin.py:109} INFO - [2021-09-26 11:51:06,264] {dag.py:1834} INFO - Sync 2 DAGs
[2021-09-26 11:51:06,292] {logging_mixin.py:109} INFO - [2021-09-26 11:51:06,292] {dag.py:2287} INFO - Setting next_dagrun for example_external_task_marker_child to None
[2021-09-26 11:51:06,294] {logging_mixin.py:109} INFO - [2021-09-26 11:51:06,294] {dag.py:2287} INFO - Setting next_dagrun for example_external_task_marker_parent to None
[2021-09-26 11:51:06,311] {processor.py:170} INFO - Processing /home/airflow/.local/lib/python3.6/site-packages/airflow/example_dags/example_external_task_marker_dag.py took 0.123 seconds
[2021-09-26 11:51:36,734] {processor.py:162} INFO - Started process (PID=4596) to work on /home/airflow/.local/lib/python3.6/site-packages/airflow/example_dags/example_external_task_marker_dag.py
[2021-09-26 11:51:36,736] {processor.py:613} INFO - Processing file /home/airflow/.local/lib/python3.6/site-packages/airflow/example_dags/example_external_task_marker_dag.py for tasks to queue
[2021-09-26 11:51:36,738] {logging_mixin.py:109} INFO - [2021-09-26 11:51:36,738] {dagbag.py:496} INFO - Filling up the DagBag from /home/airflow/.local/lib/python3.6/site-packages/airflow/example_dags/example_external_task_marker_dag.py
[2021-09-26 11:51:36,755] {processor.py:623} INFO - DAG(s) dict_keys(['example_external_task_marker_parent', 'example_external_task_marker_child']) retrieved from /home/airflow/.local/lib/python3.6/site-packages/airflow/example_dags/example_external_task_marker_dag.py
[2021-09-26 11:51:36,790] {logging_mixin.py:109} INFO - [2021-09-26 11:51:36,790] {dag.py:1834} INFO - Sync 2 DAGs
[2021-09-26 11:51:36,809] {logging_mixin.py:109} INFO - [2021-09-26 11:51:36,809] {dag.py:2287} INFO - Setting next_dagrun for example_external_task_marker_child to None
[2021-09-26 11:51:36,812] {logging_mixin.py:109} INFO - [2021-09-26 11:51:36,811] {dag.py:2287} INFO - Setting next_dagrun for example_external_task_marker_parent to None
[2021-09-26 11:51:36,824] {processor.py:170} INFO - Processing /home/airflow/.local/lib/python3.6/site-packages/airflow/example_dags/example_external_task_marker_dag.py took 0.096 seconds
[2021-09-26 11:52:07,288] {processor.py:162} INFO - Started process (PID=4653) to work on /home/airflow/.local/lib/python3.6/site-packages/airflow/example_dags/example_external_task_marker_dag.py
[2021-09-26 11:52:07,291] {processor.py:613} INFO - Processing file /home/airflow/.local/lib/python3.6/site-packages/airflow/example_dags/example_external_task_marker_dag.py for tasks to queue
[2021-09-26 11:52:07,293] {logging_mixin.py:109} INFO - [2021-09-26 11:52:07,293] {dagbag.py:496} INFO - Filling up the DagBag from /home/airflow/.local/lib/python3.6/site-packages/airflow/example_dags/example_external_task_marker_dag.py
[2021-09-26 11:52:07,308] {processor.py:623} INFO - DAG(s) dict_keys(['example_external_task_marker_parent', 'example_external_task_marker_child']) retrieved from /home/airflow/.local/lib/python3.6/site-packages/airflow/example_dags/example_external_task_marker_dag.py
[2021-09-26 11:52:07,338] {logging_mixin.py:109} INFO - [2021-09-26 11:52:07,338] {dag.py:1834} INFO - Sync 2 DAGs
[2021-09-26 11:52:07,356] {logging_mixin.py:109} INFO - [2021-09-26 11:52:07,355] {dag.py:2287} INFO - Setting next_dagrun for example_external_task_marker_child to None
[2021-09-26 11:52:07,357] {logging_mixin.py:109} INFO - [2021-09-26 11:52:07,357] {dag.py:2287} INFO - Setting next_dagrun for example_external_task_marker_parent to None
[2021-09-26 11:52:07,370] {processor.py:170} INFO - Processing /home/airflow/.local/lib/python3.6/site-packages/airflow/example_dags/example_external_task_marker_dag.py took 0.087 seconds
[2021-09-26 11:52:37,422] {processor.py:162} INFO - Started process (PID=4721) to work on /home/airflow/.local/lib/python3.6/site-packages/airflow/example_dags/example_external_task_marker_dag.py
[2021-09-26 11:52:37,425] {processor.py:613} INFO - Processing file /home/airflow/.local/lib/python3.6/site-packages/airflow/example_dags/example_external_task_marker_dag.py for tasks to queue
[2021-09-26 11:52:37,426] {logging_mixin.py:109} INFO - [2021-09-26 11:52:37,426] {dagbag.py:496} INFO - Filling up the DagBag from /home/airflow/.local/lib/python3.6/site-packages/airflow/example_dags/example_external_task_marker_dag.py
[2021-09-26 11:52:37,441] {processor.py:623} INFO - DAG(s) dict_keys(['example_external_task_marker_parent', 'example_external_task_marker_child']) retrieved from /home/airflow/.local/lib/python3.6/site-packages/airflow/example_dags/example_external_task_marker_dag.py
[2021-09-26 11:52:37,470] {logging_mixin.py:109} INFO - [2021-09-26 11:52:37,470] {dag.py:1834} INFO - Sync 2 DAGs
[2021-09-26 11:52:37,489] {logging_mixin.py:109} INFO - [2021-09-26 11:52:37,489] {dag.py:2287} INFO - Setting next_dagrun for example_external_task_marker_child to None
[2021-09-26 11:52:37,493] {logging_mixin.py:109} INFO - [2021-09-26 11:52:37,492] {dag.py:2287} INFO - Setting next_dagrun for example_external_task_marker_parent to None
[2021-09-26 11:52:37,505] {processor.py:170} INFO - Processing /home/airflow/.local/lib/python3.6/site-packages/airflow/example_dags/example_external_task_marker_dag.py took 0.089 seconds
[2021-09-26 11:53:08,054] {processor.py:162} INFO - Started process (PID=4781) to work on /home/airflow/.local/lib/python3.6/site-packages/airflow/example_dags/example_external_task_marker_dag.py
[2021-09-26 11:53:08,056] {processor.py:613} INFO - Processing file /home/airflow/.local/lib/python3.6/site-packages/airflow/example_dags/example_external_task_marker_dag.py for tasks to queue
[2021-09-26 11:53:08,058] {logging_mixin.py:109} INFO - [2021-09-26 11:53:08,057] {dagbag.py:496} INFO - Filling up the DagBag from /home/airflow/.local/lib/python3.6/site-packages/airflow/example_dags/example_external_task_marker_dag.py
[2021-09-26 11:53:08,072] {processor.py:623} INFO - DAG(s) dict_keys(['example_external_task_marker_parent', 'example_external_task_marker_child']) retrieved from /home/airflow/.local/lib/python3.6/site-packages/airflow/example_dags/example_external_task_marker_dag.py
[2021-09-26 11:53:08,103] {logging_mixin.py:109} INFO - [2021-09-26 11:53:08,102] {dag.py:1834} INFO - Sync 2 DAGs
[2021-09-26 11:53:08,127] {logging_mixin.py:109} INFO - [2021-09-26 11:53:08,127] {dag.py:2287} INFO - Setting next_dagrun for example_external_task_marker_child to None
[2021-09-26 11:53:08,130] {logging_mixin.py:109} INFO - [2021-09-26 11:53:08,130] {dag.py:2287} INFO - Setting next_dagrun for example_external_task_marker_parent to None
[2021-09-26 11:53:08,142] {processor.py:170} INFO - Processing /home/airflow/.local/lib/python3.6/site-packages/airflow/example_dags/example_external_task_marker_dag.py took 0.093 seconds
[2021-09-26 11:53:38,821] {processor.py:162} INFO - Started process (PID=4847) to work on /home/airflow/.local/lib/python3.6/site-packages/airflow/example_dags/example_external_task_marker_dag.py
[2021-09-26 11:53:38,823] {processor.py:613} INFO - Processing file /home/airflow/.local/lib/python3.6/site-packages/airflow/example_dags/example_external_task_marker_dag.py for tasks to queue
[2021-09-26 11:53:38,825] {logging_mixin.py:109} INFO - [2021-09-26 11:53:38,825] {dagbag.py:496} INFO - Filling up the DagBag from /home/airflow/.local/lib/python3.6/site-packages/airflow/example_dags/example_external_task_marker_dag.py
[2021-09-26 11:53:38,841] {processor.py:623} INFO - DAG(s) dict_keys(['example_external_task_marker_parent', 'example_external_task_marker_child']) retrieved from /home/airflow/.local/lib/python3.6/site-packages/airflow/example_dags/example_external_task_marker_dag.py
[2021-09-26 11:53:38,875] {logging_mixin.py:109} INFO - [2021-09-26 11:53:38,875] {dag.py:1834} INFO - Sync 2 DAGs
[2021-09-26 11:53:38,893] {logging_mixin.py:109} INFO - [2021-09-26 11:53:38,893] {dag.py:2287} INFO - Setting next_dagrun for example_external_task_marker_child to None
[2021-09-26 11:53:38,897] {logging_mixin.py:109} INFO - [2021-09-26 11:53:38,897] {dag.py:2287} INFO - Setting next_dagrun for example_external_task_marker_parent to None
[2021-09-26 11:53:38,916] {processor.py:170} INFO - Processing /home/airflow/.local/lib/python3.6/site-packages/airflow/example_dags/example_external_task_marker_dag.py took 0.099 seconds
[2021-09-26 11:54:09,140] {processor.py:162} INFO - Started process (PID=4903) to work on /home/airflow/.local/lib/python3.6/site-packages/airflow/example_dags/example_external_task_marker_dag.py
[2021-09-26 11:54:09,144] {processor.py:613} INFO - Processing file /home/airflow/.local/lib/python3.6/site-packages/airflow/example_dags/example_external_task_marker_dag.py for tasks to queue
[2021-09-26 11:54:09,147] {logging_mixin.py:109} INFO - [2021-09-26 11:54:09,147] {dagbag.py:496} INFO - Filling up the DagBag from /home/airflow/.local/lib/python3.6/site-packages/airflow/example_dags/example_external_task_marker_dag.py
[2021-09-26 11:54:09,170] {processor.py:623} INFO - DAG(s) dict_keys(['example_external_task_marker_parent', 'example_external_task_marker_child']) retrieved from /home/airflow/.local/lib/python3.6/site-packages/airflow/example_dags/example_external_task_marker_dag.py
[2021-09-26 11:54:09,211] {logging_mixin.py:109} INFO - [2021-09-26 11:54:09,211] {dag.py:1834} INFO - Sync 2 DAGs
[2021-09-26 11:54:09,233] {logging_mixin.py:109} INFO - [2021-09-26 11:54:09,233] {dag.py:2287} INFO - Setting next_dagrun for example_external_task_marker_child to None
[2021-09-26 11:54:09,235] {logging_mixin.py:109} INFO - [2021-09-26 11:54:09,235] {dag.py:2287} INFO - Setting next_dagrun for example_external_task_marker_parent to None
[2021-09-26 11:54:09,250] {processor.py:170} INFO - Processing /home/airflow/.local/lib/python3.6/site-packages/airflow/example_dags/example_external_task_marker_dag.py took 0.115 seconds
[2021-09-26 11:54:39,772] {processor.py:162} INFO - Started process (PID=4971) to work on /home/airflow/.local/lib/python3.6/site-packages/airflow/example_dags/example_external_task_marker_dag.py
[2021-09-26 11:54:39,775] {processor.py:613} INFO - Processing file /home/airflow/.local/lib/python3.6/site-packages/airflow/example_dags/example_external_task_marker_dag.py for tasks to queue
[2021-09-26 11:54:39,777] {logging_mixin.py:109} INFO - [2021-09-26 11:54:39,776] {dagbag.py:496} INFO - Filling up the DagBag from /home/airflow/.local/lib/python3.6/site-packages/airflow/example_dags/example_external_task_marker_dag.py
[2021-09-26 11:54:39,794] {processor.py:623} INFO - DAG(s) dict_keys(['example_external_task_marker_parent', 'example_external_task_marker_child']) retrieved from /home/airflow/.local/lib/python3.6/site-packages/airflow/example_dags/example_external_task_marker_dag.py
[2021-09-26 11:54:39,831] {logging_mixin.py:109} INFO - [2021-09-26 11:54:39,831] {dag.py:1834} INFO - Sync 2 DAGs
[2021-09-26 11:54:39,849] {logging_mixin.py:109} INFO - [2021-09-26 11:54:39,849] {dag.py:2287} INFO - Setting next_dagrun for example_external_task_marker_child to None
[2021-09-26 11:54:39,851] {logging_mixin.py:109} INFO - [2021-09-26 11:54:39,851] {dag.py:2287} INFO - Setting next_dagrun for example_external_task_marker_parent to None
[2021-09-26 11:54:39,866] {processor.py:170} INFO - Processing /home/airflow/.local/lib/python3.6/site-packages/airflow/example_dags/example_external_task_marker_dag.py took 0.099 seconds
[2021-09-26 11:55:10,250] {processor.py:162} INFO - Started process (PID=5029) to work on /home/airflow/.local/lib/python3.6/site-packages/airflow/example_dags/example_external_task_marker_dag.py
[2021-09-26 11:55:10,253] {processor.py:613} INFO - Processing file /home/airflow/.local/lib/python3.6/site-packages/airflow/example_dags/example_external_task_marker_dag.py for tasks to queue
[2021-09-26 11:55:10,255] {logging_mixin.py:109} INFO - [2021-09-26 11:55:10,254] {dagbag.py:496} INFO - Filling up the DagBag from /home/airflow/.local/lib/python3.6/site-packages/airflow/example_dags/example_external_task_marker_dag.py
[2021-09-26 11:55:10,273] {processor.py:623} INFO - DAG(s) dict_keys(['example_external_task_marker_parent', 'example_external_task_marker_child']) retrieved from /home/airflow/.local/lib/python3.6/site-packages/airflow/example_dags/example_external_task_marker_dag.py
[2021-09-26 11:55:10,311] {logging_mixin.py:109} INFO - [2021-09-26 11:55:10,311] {dag.py:1834} INFO - Sync 2 DAGs
[2021-09-26 11:55:10,338] {logging_mixin.py:109} INFO - [2021-09-26 11:55:10,338] {dag.py:2287} INFO - Setting next_dagrun for example_external_task_marker_child to None
[2021-09-26 11:55:10,340] {logging_mixin.py:109} INFO - [2021-09-26 11:55:10,340] {dag.py:2287} INFO - Setting next_dagrun for example_external_task_marker_parent to None
[2021-09-26 11:55:10,354] {processor.py:170} INFO - Processing /home/airflow/.local/lib/python3.6/site-packages/airflow/example_dags/example_external_task_marker_dag.py took 0.115 seconds
[2021-09-26 11:55:40,505] {processor.py:162} INFO - Started process (PID=5097) to work on /home/airflow/.local/lib/python3.6/site-packages/airflow/example_dags/example_external_task_marker_dag.py
[2021-09-26 11:55:40,509] {processor.py:613} INFO - Processing file /home/airflow/.local/lib/python3.6/site-packages/airflow/example_dags/example_external_task_marker_dag.py for tasks to queue
[2021-09-26 11:55:40,511] {logging_mixin.py:109} INFO - [2021-09-26 11:55:40,510] {dagbag.py:496} INFO - Filling up the DagBag from /home/airflow/.local/lib/python3.6/site-packages/airflow/example_dags/example_external_task_marker_dag.py
[2021-09-26 11:55:40,526] {processor.py:623} INFO - DAG(s) dict_keys(['example_external_task_marker_parent', 'example_external_task_marker_child']) retrieved from /home/airflow/.local/lib/python3.6/site-packages/airflow/example_dags/example_external_task_marker_dag.py
[2021-09-26 11:55:40,558] {logging_mixin.py:109} INFO - [2021-09-26 11:55:40,558] {dag.py:1834} INFO - Sync 2 DAGs
[2021-09-26 11:55:40,575] {logging_mixin.py:109} INFO - [2021-09-26 11:55:40,575] {dag.py:2287} INFO - Setting next_dagrun for example_external_task_marker_child to None
[2021-09-26 11:55:40,577] {logging_mixin.py:109} INFO - [2021-09-26 11:55:40,577] {dag.py:2287} INFO - Setting next_dagrun for example_external_task_marker_parent to None
[2021-09-26 11:55:40,590] {processor.py:170} INFO - Processing /home/airflow/.local/lib/python3.6/site-packages/airflow/example_dags/example_external_task_marker_dag.py took 0.089 seconds
[2021-09-26 11:56:11,010] {processor.py:162} INFO - Started process (PID=5164) to work on /home/airflow/.local/lib/python3.6/site-packages/airflow/example_dags/example_external_task_marker_dag.py
[2021-09-26 11:56:11,012] {processor.py:613} INFO - Processing file /home/airflow/.local/lib/python3.6/site-packages/airflow/example_dags/example_external_task_marker_dag.py for tasks to queue
[2021-09-26 11:56:11,014] {logging_mixin.py:109} INFO - [2021-09-26 11:56:11,014] {dagbag.py:496} INFO - Filling up the DagBag from /home/airflow/.local/lib/python3.6/site-packages/airflow/example_dags/example_external_task_marker_dag.py
[2021-09-26 11:56:11,031] {processor.py:623} INFO - DAG(s) dict_keys(['example_external_task_marker_parent', 'example_external_task_marker_child']) retrieved from /home/airflow/.local/lib/python3.6/site-packages/airflow/example_dags/example_external_task_marker_dag.py
[2021-09-26 11:56:11,064] {logging_mixin.py:109} INFO - [2021-09-26 11:56:11,064] {dag.py:1834} INFO - Sync 2 DAGs
[2021-09-26 11:56:11,084] {logging_mixin.py:109} INFO - [2021-09-26 11:56:11,084] {dag.py:2287} INFO - Setting next_dagrun for example_external_task_marker_child to None
[2021-09-26 11:56:11,086] {logging_mixin.py:109} INFO - [2021-09-26 11:56:11,086] {dag.py:2287} INFO - Setting next_dagrun for example_external_task_marker_parent to None
[2021-09-26 11:56:11,101] {processor.py:170} INFO - Processing /home/airflow/.local/lib/python3.6/site-packages/airflow/example_dags/example_external_task_marker_dag.py took 0.096 seconds
[2021-09-26 11:56:41,745] {processor.py:162} INFO - Started process (PID=5223) to work on /home/airflow/.local/lib/python3.6/site-packages/airflow/example_dags/example_external_task_marker_dag.py
[2021-09-26 11:56:41,747] {processor.py:613} INFO - Processing file /home/airflow/.local/lib/python3.6/site-packages/airflow/example_dags/example_external_task_marker_dag.py for tasks to queue
[2021-09-26 11:56:41,749] {logging_mixin.py:109} INFO - [2021-09-26 11:56:41,748] {dagbag.py:496} INFO - Filling up the DagBag from /home/airflow/.local/lib/python3.6/site-packages/airflow/example_dags/example_external_task_marker_dag.py
[2021-09-26 11:56:41,763] {processor.py:623} INFO - DAG(s) dict_keys(['example_external_task_marker_parent', 'example_external_task_marker_child']) retrieved from /home/airflow/.local/lib/python3.6/site-packages/airflow/example_dags/example_external_task_marker_dag.py
[2021-09-26 11:56:41,793] {logging_mixin.py:109} INFO - [2021-09-26 11:56:41,793] {dag.py:1834} INFO - Sync 2 DAGs
[2021-09-26 11:56:41,808] {logging_mixin.py:109} INFO - [2021-09-26 11:56:41,807] {dag.py:2287} INFO - Setting next_dagrun for example_external_task_marker_child to None
[2021-09-26 11:56:41,810] {logging_mixin.py:109} INFO - [2021-09-26 11:56:41,810] {dag.py:2287} INFO - Setting next_dagrun for example_external_task_marker_parent to None
[2021-09-26 11:56:41,823] {processor.py:170} INFO - Processing /home/airflow/.local/lib/python3.6/site-packages/airflow/example_dags/example_external_task_marker_dag.py took 0.084 seconds
[2021-09-26 11:57:12,021] {processor.py:162} INFO - Started process (PID=5291) to work on /home/airflow/.local/lib/python3.6/site-packages/airflow/example_dags/example_external_task_marker_dag.py
[2021-09-26 11:57:12,024] {processor.py:613} INFO - Processing file /home/airflow/.local/lib/python3.6/site-packages/airflow/example_dags/example_external_task_marker_dag.py for tasks to queue
[2021-09-26 11:57:12,026] {logging_mixin.py:109} INFO - [2021-09-26 11:57:12,026] {dagbag.py:496} INFO - Filling up the DagBag from /home/airflow/.local/lib/python3.6/site-packages/airflow/example_dags/example_external_task_marker_dag.py
[2021-09-26 11:57:12,039] {processor.py:623} INFO - DAG(s) dict_keys(['example_external_task_marker_parent', 'example_external_task_marker_child']) retrieved from /home/airflow/.local/lib/python3.6/site-packages/airflow/example_dags/example_external_task_marker_dag.py
[2021-09-26 11:57:12,070] {logging_mixin.py:109} INFO - [2021-09-26 11:57:12,070] {dag.py:1834} INFO - Sync 2 DAGs
[2021-09-26 11:57:12,087] {logging_mixin.py:109} INFO - [2021-09-26 11:57:12,087] {dag.py:2287} INFO - Setting next_dagrun for example_external_task_marker_child to None
[2021-09-26 11:57:12,090] {logging_mixin.py:109} INFO - [2021-09-26 11:57:12,090] {dag.py:2287} INFO - Setting next_dagrun for example_external_task_marker_parent to None
[2021-09-26 11:57:12,102] {processor.py:170} INFO - Processing /home/airflow/.local/lib/python3.6/site-packages/airflow/example_dags/example_external_task_marker_dag.py took 0.086 seconds
[2021-09-26 11:57:42,478] {processor.py:162} INFO - Started process (PID=5347) to work on /home/airflow/.local/lib/python3.6/site-packages/airflow/example_dags/example_external_task_marker_dag.py
[2021-09-26 11:57:42,483] {processor.py:613} INFO - Processing file /home/airflow/.local/lib/python3.6/site-packages/airflow/example_dags/example_external_task_marker_dag.py for tasks to queue
[2021-09-26 11:57:42,488] {logging_mixin.py:109} INFO - [2021-09-26 11:57:42,487] {dagbag.py:496} INFO - Filling up the DagBag from /home/airflow/.local/lib/python3.6/site-packages/airflow/example_dags/example_external_task_marker_dag.py
[2021-09-26 11:57:42,507] {processor.py:623} INFO - DAG(s) dict_keys(['example_external_task_marker_parent', 'example_external_task_marker_child']) retrieved from /home/airflow/.local/lib/python3.6/site-packages/airflow/example_dags/example_external_task_marker_dag.py
[2021-09-26 11:57:42,540] {logging_mixin.py:109} INFO - [2021-09-26 11:57:42,540] {dag.py:1834} INFO - Sync 2 DAGs
[2021-09-26 11:57:42,561] {logging_mixin.py:109} INFO - [2021-09-26 11:57:42,561] {dag.py:2287} INFO - Setting next_dagrun for example_external_task_marker_child to None
[2021-09-26 11:57:42,563] {logging_mixin.py:109} INFO - [2021-09-26 11:57:42,563] {dag.py:2287} INFO - Setting next_dagrun for example_external_task_marker_parent to None
[2021-09-26 11:57:42,577] {processor.py:170} INFO - Processing /home/airflow/.local/lib/python3.6/site-packages/airflow/example_dags/example_external_task_marker_dag.py took 0.104 seconds
[2021-09-26 11:58:12,821] {processor.py:162} INFO - Started process (PID=5418) to work on /home/airflow/.local/lib/python3.6/site-packages/airflow/example_dags/example_external_task_marker_dag.py
[2021-09-26 11:58:12,823] {processor.py:613} INFO - Processing file /home/airflow/.local/lib/python3.6/site-packages/airflow/example_dags/example_external_task_marker_dag.py for tasks to queue
[2021-09-26 11:58:12,825] {logging_mixin.py:109} INFO - [2021-09-26 11:58:12,824] {dagbag.py:496} INFO - Filling up the DagBag from /home/airflow/.local/lib/python3.6/site-packages/airflow/example_dags/example_external_task_marker_dag.py
[2021-09-26 11:58:12,839] {processor.py:623} INFO - DAG(s) dict_keys(['example_external_task_marker_parent', 'example_external_task_marker_child']) retrieved from /home/airflow/.local/lib/python3.6/site-packages/airflow/example_dags/example_external_task_marker_dag.py
[2021-09-26 11:58:12,867] {logging_mixin.py:109} INFO - [2021-09-26 11:58:12,866] {dag.py:1834} INFO - Sync 2 DAGs
[2021-09-26 11:58:12,882] {logging_mixin.py:109} INFO - [2021-09-26 11:58:12,882] {dag.py:2287} INFO - Setting next_dagrun for example_external_task_marker_child to None
[2021-09-26 11:58:12,884] {logging_mixin.py:109} INFO - [2021-09-26 11:58:12,884] {dag.py:2287} INFO - Setting next_dagrun for example_external_task_marker_parent to None
[2021-09-26 11:58:12,899] {processor.py:170} INFO - Processing /home/airflow/.local/lib/python3.6/site-packages/airflow/example_dags/example_external_task_marker_dag.py took 0.082 seconds
[2021-09-26 11:58:43,405] {processor.py:162} INFO - Started process (PID=5475) to work on /home/airflow/.local/lib/python3.6/site-packages/airflow/example_dags/example_external_task_marker_dag.py
[2021-09-26 11:58:43,407] {processor.py:613} INFO - Processing file /home/airflow/.local/lib/python3.6/site-packages/airflow/example_dags/example_external_task_marker_dag.py for tasks to queue
[2021-09-26 11:58:43,409] {logging_mixin.py:109} INFO - [2021-09-26 11:58:43,408] {dagbag.py:496} INFO - Filling up the DagBag from /home/airflow/.local/lib/python3.6/site-packages/airflow/example_dags/example_external_task_marker_dag.py
[2021-09-26 11:58:43,422] {processor.py:623} INFO - DAG(s) dict_keys(['example_external_task_marker_parent', 'example_external_task_marker_child']) retrieved from /home/airflow/.local/lib/python3.6/site-packages/airflow/example_dags/example_external_task_marker_dag.py
[2021-09-26 11:58:43,450] {logging_mixin.py:109} INFO - [2021-09-26 11:58:43,450] {dag.py:1834} INFO - Sync 2 DAGs
[2021-09-26 11:58:43,474] {logging_mixin.py:109} INFO - [2021-09-26 11:58:43,474] {dag.py:2287} INFO - Setting next_dagrun for example_external_task_marker_child to None
[2021-09-26 11:58:43,476] {logging_mixin.py:109} INFO - [2021-09-26 11:58:43,476] {dag.py:2287} INFO - Setting next_dagrun for example_external_task_marker_parent to None
[2021-09-26 11:58:43,488] {processor.py:170} INFO - Processing /home/airflow/.local/lib/python3.6/site-packages/airflow/example_dags/example_external_task_marker_dag.py took 0.087 seconds
[2021-09-26 11:59:14,012] {processor.py:162} INFO - Started process (PID=5544) to work on /home/airflow/.local/lib/python3.6/site-packages/airflow/example_dags/example_external_task_marker_dag.py
[2021-09-26 11:59:14,014] {processor.py:613} INFO - Processing file /home/airflow/.local/lib/python3.6/site-packages/airflow/example_dags/example_external_task_marker_dag.py for tasks to queue
[2021-09-26 11:59:14,016] {logging_mixin.py:109} INFO - [2021-09-26 11:59:14,015] {dagbag.py:496} INFO - Filling up the DagBag from /home/airflow/.local/lib/python3.6/site-packages/airflow/example_dags/example_external_task_marker_dag.py
[2021-09-26 11:59:14,030] {processor.py:623} INFO - DAG(s) dict_keys(['example_external_task_marker_parent', 'example_external_task_marker_child']) retrieved from /home/airflow/.local/lib/python3.6/site-packages/airflow/example_dags/example_external_task_marker_dag.py
[2021-09-26 11:59:14,059] {logging_mixin.py:109} INFO - [2021-09-26 11:59:14,059] {dag.py:1834} INFO - Sync 2 DAGs
[2021-09-26 11:59:14,075] {logging_mixin.py:109} INFO - [2021-09-26 11:59:14,075] {dag.py:2287} INFO - Setting next_dagrun for example_external_task_marker_child to None
[2021-09-26 11:59:14,077] {logging_mixin.py:109} INFO - [2021-09-26 11:59:14,077] {dag.py:2287} INFO - Setting next_dagrun for example_external_task_marker_parent to None
[2021-09-26 11:59:14,089] {processor.py:170} INFO - Processing /home/airflow/.local/lib/python3.6/site-packages/airflow/example_dags/example_external_task_marker_dag.py took 0.084 seconds
[2021-09-26 11:59:44,224] {processor.py:162} INFO - Started process (PID=5612) to work on /home/airflow/.local/lib/python3.6/site-packages/airflow/example_dags/example_external_task_marker_dag.py
[2021-09-26 11:59:44,227] {processor.py:613} INFO - Processing file /home/airflow/.local/lib/python3.6/site-packages/airflow/example_dags/example_external_task_marker_dag.py for tasks to queue
[2021-09-26 11:59:44,228] {logging_mixin.py:109} INFO - [2021-09-26 11:59:44,228] {dagbag.py:496} INFO - Filling up the DagBag from /home/airflow/.local/lib/python3.6/site-packages/airflow/example_dags/example_external_task_marker_dag.py
[2021-09-26 11:59:44,243] {processor.py:623} INFO - DAG(s) dict_keys(['example_external_task_marker_parent', 'example_external_task_marker_child']) retrieved from /home/airflow/.local/lib/python3.6/site-packages/airflow/example_dags/example_external_task_marker_dag.py
[2021-09-26 11:59:44,273] {logging_mixin.py:109} INFO - [2021-09-26 11:59:44,272] {dag.py:1834} INFO - Sync 2 DAGs
[2021-09-26 11:59:44,289] {logging_mixin.py:109} INFO - [2021-09-26 11:59:44,289] {dag.py:2287} INFO - Setting next_dagrun for example_external_task_marker_child to None
[2021-09-26 11:59:44,292] {logging_mixin.py:109} INFO - [2021-09-26 11:59:44,292] {dag.py:2287} INFO - Setting next_dagrun for example_external_task_marker_parent to None
[2021-09-26 11:59:44,307] {processor.py:170} INFO - Processing /home/airflow/.local/lib/python3.6/site-packages/airflow/example_dags/example_external_task_marker_dag.py took 0.088 seconds
[2021-09-26 12:00:14,923] {processor.py:162} INFO - Started process (PID=5669) to work on /home/airflow/.local/lib/python3.6/site-packages/airflow/example_dags/example_external_task_marker_dag.py
[2021-09-26 12:00:14,927] {processor.py:613} INFO - Processing file /home/airflow/.local/lib/python3.6/site-packages/airflow/example_dags/example_external_task_marker_dag.py for tasks to queue
[2021-09-26 12:00:14,928] {logging_mixin.py:109} INFO - [2021-09-26 12:00:14,928] {dagbag.py:496} INFO - Filling up the DagBag from /home/airflow/.local/lib/python3.6/site-packages/airflow/example_dags/example_external_task_marker_dag.py
[2021-09-26 12:00:14,943] {processor.py:623} INFO - DAG(s) dict_keys(['example_external_task_marker_parent', 'example_external_task_marker_child']) retrieved from /home/airflow/.local/lib/python3.6/site-packages/airflow/example_dags/example_external_task_marker_dag.py
[2021-09-26 12:00:14,975] {logging_mixin.py:109} INFO - [2021-09-26 12:00:14,975] {dag.py:1834} INFO - Sync 2 DAGs
[2021-09-26 12:00:14,992] {logging_mixin.py:109} INFO - [2021-09-26 12:00:14,992] {dag.py:2287} INFO - Setting next_dagrun for example_external_task_marker_child to None
[2021-09-26 12:00:14,994] {logging_mixin.py:109} INFO - [2021-09-26 12:00:14,993] {dag.py:2287} INFO - Setting next_dagrun for example_external_task_marker_parent to None
[2021-09-26 12:00:15,006] {processor.py:170} INFO - Processing /home/airflow/.local/lib/python3.6/site-packages/airflow/example_dags/example_external_task_marker_dag.py took 0.088 seconds
[2021-09-26 12:00:45,336] {processor.py:162} INFO - Started process (PID=5738) to work on /home/airflow/.local/lib/python3.6/site-packages/airflow/example_dags/example_external_task_marker_dag.py
[2021-09-26 12:00:45,339] {processor.py:613} INFO - Processing file /home/airflow/.local/lib/python3.6/site-packages/airflow/example_dags/example_external_task_marker_dag.py for tasks to queue
[2021-09-26 12:00:45,341] {logging_mixin.py:109} INFO - [2021-09-26 12:00:45,341] {dagbag.py:496} INFO - Filling up the DagBag from /home/airflow/.local/lib/python3.6/site-packages/airflow/example_dags/example_external_task_marker_dag.py
[2021-09-26 12:00:45,365] {processor.py:623} INFO - DAG(s) dict_keys(['example_external_task_marker_parent', 'example_external_task_marker_child']) retrieved from /home/airflow/.local/lib/python3.6/site-packages/airflow/example_dags/example_external_task_marker_dag.py
[2021-09-26 12:00:45,393] {logging_mixin.py:109} INFO - [2021-09-26 12:00:45,393] {dag.py:1834} INFO - Sync 2 DAGs
[2021-09-26 12:00:45,410] {logging_mixin.py:109} INFO - [2021-09-26 12:00:45,410] {dag.py:2287} INFO - Setting next_dagrun for example_external_task_marker_child to None
[2021-09-26 12:00:45,412] {logging_mixin.py:109} INFO - [2021-09-26 12:00:45,412] {dag.py:2287} INFO - Setting next_dagrun for example_external_task_marker_parent to None
[2021-09-26 12:00:45,423] {processor.py:170} INFO - Processing /home/airflow/.local/lib/python3.6/site-packages/airflow/example_dags/example_external_task_marker_dag.py took 0.091 seconds
[2021-09-26 12:01:15,950] {processor.py:162} INFO - Started process (PID=5806) to work on /home/airflow/.local/lib/python3.6/site-packages/airflow/example_dags/example_external_task_marker_dag.py
[2021-09-26 12:01:15,952] {processor.py:613} INFO - Processing file /home/airflow/.local/lib/python3.6/site-packages/airflow/example_dags/example_external_task_marker_dag.py for tasks to queue
[2021-09-26 12:01:15,954] {logging_mixin.py:109} INFO - [2021-09-26 12:01:15,954] {dagbag.py:496} INFO - Filling up the DagBag from /home/airflow/.local/lib/python3.6/site-packages/airflow/example_dags/example_external_task_marker_dag.py
[2021-09-26 12:01:15,969] {processor.py:623} INFO - DAG(s) dict_keys(['example_external_task_marker_parent', 'example_external_task_marker_child']) retrieved from /home/airflow/.local/lib/python3.6/site-packages/airflow/example_dags/example_external_task_marker_dag.py
[2021-09-26 12:01:15,999] {logging_mixin.py:109} INFO - [2021-09-26 12:01:15,999] {dag.py:1834} INFO - Sync 2 DAGs
[2021-09-26 12:01:16,018] {logging_mixin.py:109} INFO - [2021-09-26 12:01:16,018] {dag.py:2287} INFO - Setting next_dagrun for example_external_task_marker_child to None
[2021-09-26 12:01:16,020] {logging_mixin.py:109} INFO - [2021-09-26 12:01:16,020] {dag.py:2287} INFO - Setting next_dagrun for example_external_task_marker_parent to None
[2021-09-26 12:01:16,035] {processor.py:170} INFO - Processing /home/airflow/.local/lib/python3.6/site-packages/airflow/example_dags/example_external_task_marker_dag.py took 0.092 seconds
[2021-09-26 12:01:46,522] {processor.py:162} INFO - Started process (PID=5864) to work on /home/airflow/.local/lib/python3.6/site-packages/airflow/example_dags/example_external_task_marker_dag.py
[2021-09-26 12:01:46,524] {processor.py:613} INFO - Processing file /home/airflow/.local/lib/python3.6/site-packages/airflow/example_dags/example_external_task_marker_dag.py for tasks to queue
[2021-09-26 12:01:46,526] {logging_mixin.py:109} INFO - [2021-09-26 12:01:46,526] {dagbag.py:496} INFO - Filling up the DagBag from /home/airflow/.local/lib/python3.6/site-packages/airflow/example_dags/example_external_task_marker_dag.py
[2021-09-26 12:01:46,541] {processor.py:623} INFO - DAG(s) dict_keys(['example_external_task_marker_parent', 'example_external_task_marker_child']) retrieved from /home/airflow/.local/lib/python3.6/site-packages/airflow/example_dags/example_external_task_marker_dag.py
[2021-09-26 12:01:46,578] {logging_mixin.py:109} INFO - [2021-09-26 12:01:46,578] {dag.py:1834} INFO - Sync 2 DAGs
[2021-09-26 12:01:46,600] {logging_mixin.py:109} INFO - [2021-09-26 12:01:46,600] {dag.py:2287} INFO - Setting next_dagrun for example_external_task_marker_child to None
[2021-09-26 12:01:46,602] {logging_mixin.py:109} INFO - [2021-09-26 12:01:46,602] {dag.py:2287} INFO - Setting next_dagrun for example_external_task_marker_parent to None
[2021-09-26 12:01:46,615] {processor.py:170} INFO - Processing /home/airflow/.local/lib/python3.6/site-packages/airflow/example_dags/example_external_task_marker_dag.py took 0.097 seconds
[2021-09-26 12:02:16,752] {processor.py:162} INFO - Started process (PID=5932) to work on /home/airflow/.local/lib/python3.6/site-packages/airflow/example_dags/example_external_task_marker_dag.py
[2021-09-26 12:02:16,755] {processor.py:613} INFO - Processing file /home/airflow/.local/lib/python3.6/site-packages/airflow/example_dags/example_external_task_marker_dag.py for tasks to queue
[2021-09-26 12:02:16,757] {logging_mixin.py:109} INFO - [2021-09-26 12:02:16,757] {dagbag.py:496} INFO - Filling up the DagBag from /home/airflow/.local/lib/python3.6/site-packages/airflow/example_dags/example_external_task_marker_dag.py
[2021-09-26 12:02:16,772] {processor.py:623} INFO - DAG(s) dict_keys(['example_external_task_marker_parent', 'example_external_task_marker_child']) retrieved from /home/airflow/.local/lib/python3.6/site-packages/airflow/example_dags/example_external_task_marker_dag.py
[2021-09-26 12:02:16,801] {logging_mixin.py:109} INFO - [2021-09-26 12:02:16,801] {dag.py:1834} INFO - Sync 2 DAGs
[2021-09-26 12:02:16,817] {logging_mixin.py:109} INFO - [2021-09-26 12:02:16,817] {dag.py:2287} INFO - Setting next_dagrun for example_external_task_marker_child to None
[2021-09-26 12:02:16,819] {logging_mixin.py:109} INFO - [2021-09-26 12:02:16,819] {dag.py:2287} INFO - Setting next_dagrun for example_external_task_marker_parent to None
[2021-09-26 12:02:16,830] {processor.py:170} INFO - Processing /home/airflow/.local/lib/python3.6/site-packages/airflow/example_dags/example_external_task_marker_dag.py took 0.081 seconds
[2021-09-26 12:02:47,186] {processor.py:162} INFO - Started process (PID=5988) to work on /home/airflow/.local/lib/python3.6/site-packages/airflow/example_dags/example_external_task_marker_dag.py
[2021-09-26 12:02:47,189] {processor.py:613} INFO - Processing file /home/airflow/.local/lib/python3.6/site-packages/airflow/example_dags/example_external_task_marker_dag.py for tasks to queue
[2021-09-26 12:02:47,190] {logging_mixin.py:109} INFO - [2021-09-26 12:02:47,190] {dagbag.py:496} INFO - Filling up the DagBag from /home/airflow/.local/lib/python3.6/site-packages/airflow/example_dags/example_external_task_marker_dag.py
[2021-09-26 12:02:47,203] {processor.py:623} INFO - DAG(s) dict_keys(['example_external_task_marker_parent', 'example_external_task_marker_child']) retrieved from /home/airflow/.local/lib/python3.6/site-packages/airflow/example_dags/example_external_task_marker_dag.py
[2021-09-26 12:02:47,232] {logging_mixin.py:109} INFO - [2021-09-26 12:02:47,232] {dag.py:1834} INFO - Sync 2 DAGs
[2021-09-26 12:02:47,250] {logging_mixin.py:109} INFO - [2021-09-26 12:02:47,250] {dag.py:2287} INFO - Setting next_dagrun for example_external_task_marker_child to None
[2021-09-26 12:02:47,252] {logging_mixin.py:109} INFO - [2021-09-26 12:02:47,252] {dag.py:2287} INFO - Setting next_dagrun for example_external_task_marker_parent to None
[2021-09-26 12:02:47,268] {processor.py:170} INFO - Processing /home/airflow/.local/lib/python3.6/site-packages/airflow/example_dags/example_external_task_marker_dag.py took 0.088 seconds
[2021-09-26 12:03:17,509] {processor.py:162} INFO - Started process (PID=6057) to work on /home/airflow/.local/lib/python3.6/site-packages/airflow/example_dags/example_external_task_marker_dag.py
[2021-09-26 12:03:17,512] {processor.py:613} INFO - Processing file /home/airflow/.local/lib/python3.6/site-packages/airflow/example_dags/example_external_task_marker_dag.py for tasks to queue
[2021-09-26 12:03:17,513] {logging_mixin.py:109} INFO - [2021-09-26 12:03:17,513] {dagbag.py:496} INFO - Filling up the DagBag from /home/airflow/.local/lib/python3.6/site-packages/airflow/example_dags/example_external_task_marker_dag.py
[2021-09-26 12:03:17,526] {processor.py:623} INFO - DAG(s) dict_keys(['example_external_task_marker_parent', 'example_external_task_marker_child']) retrieved from /home/airflow/.local/lib/python3.6/site-packages/airflow/example_dags/example_external_task_marker_dag.py
[2021-09-26 12:03:17,556] {logging_mixin.py:109} INFO - [2021-09-26 12:03:17,556] {dag.py:1834} INFO - Sync 2 DAGs
[2021-09-26 12:03:17,573] {logging_mixin.py:109} INFO - [2021-09-26 12:03:17,572] {dag.py:2287} INFO - Setting next_dagrun for example_external_task_marker_child to None
[2021-09-26 12:03:17,575] {logging_mixin.py:109} INFO - [2021-09-26 12:03:17,575] {dag.py:2287} INFO - Setting next_dagrun for example_external_task_marker_parent to None
[2021-09-26 12:03:17,588] {processor.py:170} INFO - Processing /home/airflow/.local/lib/python3.6/site-packages/airflow/example_dags/example_external_task_marker_dag.py took 0.084 seconds
[2021-09-26 12:03:48,009] {processor.py:162} INFO - Started process (PID=6115) to work on /home/airflow/.local/lib/python3.6/site-packages/airflow/example_dags/example_external_task_marker_dag.py
[2021-09-26 12:03:48,012] {processor.py:613} INFO - Processing file /home/airflow/.local/lib/python3.6/site-packages/airflow/example_dags/example_external_task_marker_dag.py for tasks to queue
[2021-09-26 12:03:48,013] {logging_mixin.py:109} INFO - [2021-09-26 12:03:48,013] {dagbag.py:496} INFO - Filling up the DagBag from /home/airflow/.local/lib/python3.6/site-packages/airflow/example_dags/example_external_task_marker_dag.py
[2021-09-26 12:03:48,029] {processor.py:623} INFO - DAG(s) dict_keys(['example_external_task_marker_parent', 'example_external_task_marker_child']) retrieved from /home/airflow/.local/lib/python3.6/site-packages/airflow/example_dags/example_external_task_marker_dag.py
[2021-09-26 12:03:48,065] {logging_mixin.py:109} INFO - [2021-09-26 12:03:48,064] {dag.py:1834} INFO - Sync 2 DAGs
[2021-09-26 12:03:48,083] {logging_mixin.py:109} INFO - [2021-09-26 12:03:48,083] {dag.py:2287} INFO - Setting next_dagrun for example_external_task_marker_child to None
[2021-09-26 12:03:48,085] {logging_mixin.py:109} INFO - [2021-09-26 12:03:48,085] {dag.py:2287} INFO - Setting next_dagrun for example_external_task_marker_parent to None
[2021-09-26 12:03:48,099] {processor.py:170} INFO - Processing /home/airflow/.local/lib/python3.6/site-packages/airflow/example_dags/example_external_task_marker_dag.py took 0.095 seconds
[2021-09-26 12:04:18,558] {processor.py:162} INFO - Started process (PID=6184) to work on /home/airflow/.local/lib/python3.6/site-packages/airflow/example_dags/example_external_task_marker_dag.py
[2021-09-26 12:04:18,560] {processor.py:613} INFO - Processing file /home/airflow/.local/lib/python3.6/site-packages/airflow/example_dags/example_external_task_marker_dag.py for tasks to queue
[2021-09-26 12:04:18,562] {logging_mixin.py:109} INFO - [2021-09-26 12:04:18,562] {dagbag.py:496} INFO - Filling up the DagBag from /home/airflow/.local/lib/python3.6/site-packages/airflow/example_dags/example_external_task_marker_dag.py
[2021-09-26 12:04:18,577] {processor.py:623} INFO - DAG(s) dict_keys(['example_external_task_marker_parent', 'example_external_task_marker_child']) retrieved from /home/airflow/.local/lib/python3.6/site-packages/airflow/example_dags/example_external_task_marker_dag.py
[2021-09-26 12:04:18,620] {logging_mixin.py:109} INFO - [2021-09-26 12:04:18,620] {dag.py:1834} INFO - Sync 2 DAGs
[2021-09-26 12:04:18,642] {logging_mixin.py:109} INFO - [2021-09-26 12:04:18,642] {dag.py:2287} INFO - Setting next_dagrun for example_external_task_marker_child to None
[2021-09-26 12:04:18,644] {logging_mixin.py:109} INFO - [2021-09-26 12:04:18,644] {dag.py:2287} INFO - Setting next_dagrun for example_external_task_marker_parent to None
[2021-09-26 12:04:18,656] {processor.py:170} INFO - Processing /home/airflow/.local/lib/python3.6/site-packages/airflow/example_dags/example_external_task_marker_dag.py took 0.103 seconds
[2021-09-26 12:04:48,925] {processor.py:162} INFO - Started process (PID=6252) to work on /home/airflow/.local/lib/python3.6/site-packages/airflow/example_dags/example_external_task_marker_dag.py
[2021-09-26 12:04:48,927] {processor.py:613} INFO - Processing file /home/airflow/.local/lib/python3.6/site-packages/airflow/example_dags/example_external_task_marker_dag.py for tasks to queue
[2021-09-26 12:04:48,929] {logging_mixin.py:109} INFO - [2021-09-26 12:04:48,928] {dagbag.py:496} INFO - Filling up the DagBag from /home/airflow/.local/lib/python3.6/site-packages/airflow/example_dags/example_external_task_marker_dag.py
[2021-09-26 12:04:48,942] {processor.py:623} INFO - DAG(s) dict_keys(['example_external_task_marker_parent', 'example_external_task_marker_child']) retrieved from /home/airflow/.local/lib/python3.6/site-packages/airflow/example_dags/example_external_task_marker_dag.py
[2021-09-26 12:04:48,970] {logging_mixin.py:109} INFO - [2021-09-26 12:04:48,970] {dag.py:1834} INFO - Sync 2 DAGs
[2021-09-26 12:04:48,986] {logging_mixin.py:109} INFO - [2021-09-26 12:04:48,986] {dag.py:2287} INFO - Setting next_dagrun for example_external_task_marker_child to None
[2021-09-26 12:04:48,988] {logging_mixin.py:109} INFO - [2021-09-26 12:04:48,988] {dag.py:2287} INFO - Setting next_dagrun for example_external_task_marker_parent to None
[2021-09-26 12:04:48,999] {processor.py:170} INFO - Processing /home/airflow/.local/lib/python3.6/site-packages/airflow/example_dags/example_external_task_marker_dag.py took 0.079 seconds
[2021-09-26 12:05:19,160] {processor.py:162} INFO - Started process (PID=6311) to work on /home/airflow/.local/lib/python3.6/site-packages/airflow/example_dags/example_external_task_marker_dag.py
[2021-09-26 12:05:19,162] {processor.py:613} INFO - Processing file /home/airflow/.local/lib/python3.6/site-packages/airflow/example_dags/example_external_task_marker_dag.py for tasks to queue
[2021-09-26 12:05:19,164] {logging_mixin.py:109} INFO - [2021-09-26 12:05:19,164] {dagbag.py:496} INFO - Filling up the DagBag from /home/airflow/.local/lib/python3.6/site-packages/airflow/example_dags/example_external_task_marker_dag.py
[2021-09-26 12:05:19,180] {processor.py:623} INFO - DAG(s) dict_keys(['example_external_task_marker_parent', 'example_external_task_marker_child']) retrieved from /home/airflow/.local/lib/python3.6/site-packages/airflow/example_dags/example_external_task_marker_dag.py
[2021-09-26 12:05:19,211] {logging_mixin.py:109} INFO - [2021-09-26 12:05:19,211] {dag.py:1834} INFO - Sync 2 DAGs
[2021-09-26 12:05:19,226] {logging_mixin.py:109} INFO - [2021-09-26 12:05:19,226] {dag.py:2287} INFO - Setting next_dagrun for example_external_task_marker_child to None
[2021-09-26 12:05:19,228] {logging_mixin.py:109} INFO - [2021-09-26 12:05:19,228] {dag.py:2287} INFO - Setting next_dagrun for example_external_task_marker_parent to None
[2021-09-26 12:05:19,241] {processor.py:170} INFO - Processing /home/airflow/.local/lib/python3.6/site-packages/airflow/example_dags/example_external_task_marker_dag.py took 0.086 seconds
