[2021-09-26 11:47:02,152] {processor.py:162} INFO - Started process (PID=4020) to work on /home/airflow/.local/lib/python3.6/site-packages/airflow/example_dags/example_python_operator.py
[2021-09-26 11:47:02,157] {processor.py:613} INFO - Processing file /home/airflow/.local/lib/python3.6/site-packages/airflow/example_dags/example_python_operator.py for tasks to queue
[2021-09-26 11:47:02,160] {logging_mixin.py:109} INFO - [2021-09-26 11:47:02,159] {dagbag.py:496} INFO - Filling up the DagBag from /home/airflow/.local/lib/python3.6/site-packages/airflow/example_dags/example_python_operator.py
[2021-09-26 11:47:02,189] {processor.py:623} INFO - DAG(s) dict_keys(['example_python_operator']) retrieved from /home/airflow/.local/lib/python3.6/site-packages/airflow/example_dags/example_python_operator.py
[2021-09-26 11:47:02,239] {logging_mixin.py:109} INFO - [2021-09-26 11:47:02,238] {dag.py:1834} INFO - Sync 1 DAGs
[2021-09-26 11:47:02,263] {logging_mixin.py:109} INFO - [2021-09-26 11:47:02,262] {dag.py:2287} INFO - Setting next_dagrun for example_python_operator to None
[2021-09-26 11:47:02,286] {processor.py:170} INFO - Processing /home/airflow/.local/lib/python3.6/site-packages/airflow/example_dags/example_python_operator.py took 0.141 seconds
[2021-09-26 11:47:32,583] {processor.py:162} INFO - Started process (PID=4084) to work on /home/airflow/.local/lib/python3.6/site-packages/airflow/example_dags/example_python_operator.py
[2021-09-26 11:47:32,589] {processor.py:613} INFO - Processing file /home/airflow/.local/lib/python3.6/site-packages/airflow/example_dags/example_python_operator.py for tasks to queue
[2021-09-26 11:47:32,596] {logging_mixin.py:109} INFO - [2021-09-26 11:47:32,595] {dagbag.py:496} INFO - Filling up the DagBag from /home/airflow/.local/lib/python3.6/site-packages/airflow/example_dags/example_python_operator.py
[2021-09-26 11:47:32,654] {processor.py:623} INFO - DAG(s) dict_keys(['example_python_operator']) retrieved from /home/airflow/.local/lib/python3.6/site-packages/airflow/example_dags/example_python_operator.py
[2021-09-26 11:47:32,732] {logging_mixin.py:109} INFO - [2021-09-26 11:47:32,731] {dag.py:1834} INFO - Sync 1 DAGs
[2021-09-26 11:47:32,761] {logging_mixin.py:109} INFO - [2021-09-26 11:47:32,761] {dag.py:2287} INFO - Setting next_dagrun for example_python_operator to None
[2021-09-26 11:47:32,779] {processor.py:170} INFO - Processing /home/airflow/.local/lib/python3.6/site-packages/airflow/example_dags/example_python_operator.py took 0.228 seconds
[2021-09-26 11:48:02,832] {processor.py:162} INFO - Started process (PID=4143) to work on /home/airflow/.local/lib/python3.6/site-packages/airflow/example_dags/example_python_operator.py
[2021-09-26 11:48:02,834] {processor.py:613} INFO - Processing file /home/airflow/.local/lib/python3.6/site-packages/airflow/example_dags/example_python_operator.py for tasks to queue
[2021-09-26 11:48:02,836] {logging_mixin.py:109} INFO - [2021-09-26 11:48:02,836] {dagbag.py:496} INFO - Filling up the DagBag from /home/airflow/.local/lib/python3.6/site-packages/airflow/example_dags/example_python_operator.py
[2021-09-26 11:48:02,856] {processor.py:623} INFO - DAG(s) dict_keys(['example_python_operator']) retrieved from /home/airflow/.local/lib/python3.6/site-packages/airflow/example_dags/example_python_operator.py
[2021-09-26 11:48:02,888] {logging_mixin.py:109} INFO - [2021-09-26 11:48:02,888] {dag.py:1834} INFO - Sync 1 DAGs
[2021-09-26 11:48:02,908] {logging_mixin.py:109} INFO - [2021-09-26 11:48:02,908] {dag.py:2287} INFO - Setting next_dagrun for example_python_operator to None
[2021-09-26 11:48:02,922] {processor.py:170} INFO - Processing /home/airflow/.local/lib/python3.6/site-packages/airflow/example_dags/example_python_operator.py took 0.096 seconds
[2021-09-26 11:48:33,058] {processor.py:162} INFO - Started process (PID=4202) to work on /home/airflow/.local/lib/python3.6/site-packages/airflow/example_dags/example_python_operator.py
[2021-09-26 11:48:33,064] {processor.py:613} INFO - Processing file /home/airflow/.local/lib/python3.6/site-packages/airflow/example_dags/example_python_operator.py for tasks to queue
[2021-09-26 11:48:33,068] {logging_mixin.py:109} INFO - [2021-09-26 11:48:33,068] {dagbag.py:496} INFO - Filling up the DagBag from /home/airflow/.local/lib/python3.6/site-packages/airflow/example_dags/example_python_operator.py
[2021-09-26 11:48:33,087] {processor.py:623} INFO - DAG(s) dict_keys(['example_python_operator']) retrieved from /home/airflow/.local/lib/python3.6/site-packages/airflow/example_dags/example_python_operator.py
[2021-09-26 11:48:33,118] {logging_mixin.py:109} INFO - [2021-09-26 11:48:33,118] {dag.py:1834} INFO - Sync 1 DAGs
[2021-09-26 11:48:33,146] {logging_mixin.py:109} INFO - [2021-09-26 11:48:33,146] {dag.py:2287} INFO - Setting next_dagrun for example_python_operator to None
[2021-09-26 11:48:33,159] {processor.py:170} INFO - Processing /home/airflow/.local/lib/python3.6/site-packages/airflow/example_dags/example_python_operator.py took 0.107 seconds
[2021-09-26 11:49:03,268] {processor.py:162} INFO - Started process (PID=4269) to work on /home/airflow/.local/lib/python3.6/site-packages/airflow/example_dags/example_python_operator.py
[2021-09-26 11:49:03,271] {processor.py:613} INFO - Processing file /home/airflow/.local/lib/python3.6/site-packages/airflow/example_dags/example_python_operator.py for tasks to queue
[2021-09-26 11:49:03,273] {logging_mixin.py:109} INFO - [2021-09-26 11:49:03,273] {dagbag.py:496} INFO - Filling up the DagBag from /home/airflow/.local/lib/python3.6/site-packages/airflow/example_dags/example_python_operator.py
[2021-09-26 11:49:03,290] {processor.py:623} INFO - DAG(s) dict_keys(['example_python_operator']) retrieved from /home/airflow/.local/lib/python3.6/site-packages/airflow/example_dags/example_python_operator.py
[2021-09-26 11:49:03,323] {logging_mixin.py:109} INFO - [2021-09-26 11:49:03,323] {dag.py:1834} INFO - Sync 1 DAGs
[2021-09-26 11:49:03,341] {logging_mixin.py:109} INFO - [2021-09-26 11:49:03,341] {dag.py:2287} INFO - Setting next_dagrun for example_python_operator to None
[2021-09-26 11:49:03,355] {processor.py:170} INFO - Processing /home/airflow/.local/lib/python3.6/site-packages/airflow/example_dags/example_python_operator.py took 0.092 seconds
[2021-09-26 11:49:33,925] {processor.py:162} INFO - Started process (PID=4327) to work on /home/airflow/.local/lib/python3.6/site-packages/airflow/example_dags/example_python_operator.py
[2021-09-26 11:49:33,927] {processor.py:613} INFO - Processing file /home/airflow/.local/lib/python3.6/site-packages/airflow/example_dags/example_python_operator.py for tasks to queue
[2021-09-26 11:49:33,928] {logging_mixin.py:109} INFO - [2021-09-26 11:49:33,928] {dagbag.py:496} INFO - Filling up the DagBag from /home/airflow/.local/lib/python3.6/site-packages/airflow/example_dags/example_python_operator.py
[2021-09-26 11:49:33,944] {processor.py:623} INFO - DAG(s) dict_keys(['example_python_operator']) retrieved from /home/airflow/.local/lib/python3.6/site-packages/airflow/example_dags/example_python_operator.py
[2021-09-26 11:49:33,977] {logging_mixin.py:109} INFO - [2021-09-26 11:49:33,977] {dag.py:1834} INFO - Sync 1 DAGs
[2021-09-26 11:49:33,999] {logging_mixin.py:109} INFO - [2021-09-26 11:49:33,999] {dag.py:2287} INFO - Setting next_dagrun for example_python_operator to None
[2021-09-26 11:49:34,011] {processor.py:170} INFO - Processing /home/airflow/.local/lib/python3.6/site-packages/airflow/example_dags/example_python_operator.py took 0.091 seconds
[2021-09-26 11:50:04,808] {processor.py:162} INFO - Started process (PID=4398) to work on /home/airflow/.local/lib/python3.6/site-packages/airflow/example_dags/example_python_operator.py
[2021-09-26 11:50:04,813] {processor.py:613} INFO - Processing file /home/airflow/.local/lib/python3.6/site-packages/airflow/example_dags/example_python_operator.py for tasks to queue
[2021-09-26 11:50:04,815] {logging_mixin.py:109} INFO - [2021-09-26 11:50:04,815] {dagbag.py:496} INFO - Filling up the DagBag from /home/airflow/.local/lib/python3.6/site-packages/airflow/example_dags/example_python_operator.py
[2021-09-26 11:50:04,850] {processor.py:623} INFO - DAG(s) dict_keys(['example_python_operator']) retrieved from /home/airflow/.local/lib/python3.6/site-packages/airflow/example_dags/example_python_operator.py
[2021-09-26 11:50:04,888] {logging_mixin.py:109} INFO - [2021-09-26 11:50:04,888] {dag.py:1834} INFO - Sync 1 DAGs
[2021-09-26 11:50:04,916] {logging_mixin.py:109} INFO - [2021-09-26 11:50:04,915] {dag.py:2287} INFO - Setting next_dagrun for example_python_operator to None
[2021-09-26 11:50:04,930] {processor.py:170} INFO - Processing /home/airflow/.local/lib/python3.6/site-packages/airflow/example_dags/example_python_operator.py took 0.132 seconds
[2021-09-26 11:50:35,636] {processor.py:162} INFO - Started process (PID=4465) to work on /home/airflow/.local/lib/python3.6/site-packages/airflow/example_dags/example_python_operator.py
[2021-09-26 11:50:35,638] {processor.py:613} INFO - Processing file /home/airflow/.local/lib/python3.6/site-packages/airflow/example_dags/example_python_operator.py for tasks to queue
[2021-09-26 11:50:35,640] {logging_mixin.py:109} INFO - [2021-09-26 11:50:35,640] {dagbag.py:496} INFO - Filling up the DagBag from /home/airflow/.local/lib/python3.6/site-packages/airflow/example_dags/example_python_operator.py
[2021-09-26 11:50:35,656] {processor.py:623} INFO - DAG(s) dict_keys(['example_python_operator']) retrieved from /home/airflow/.local/lib/python3.6/site-packages/airflow/example_dags/example_python_operator.py
[2021-09-26 11:50:35,682] {logging_mixin.py:109} INFO - [2021-09-26 11:50:35,682] {dag.py:1834} INFO - Sync 1 DAGs
[2021-09-26 11:50:35,698] {logging_mixin.py:109} INFO - [2021-09-26 11:50:35,698] {dag.py:2287} INFO - Setting next_dagrun for example_python_operator to None
[2021-09-26 11:50:35,710] {processor.py:170} INFO - Processing /home/airflow/.local/lib/python3.6/site-packages/airflow/example_dags/example_python_operator.py took 0.082 seconds
[2021-09-26 11:51:06,195] {processor.py:162} INFO - Started process (PID=4524) to work on /home/airflow/.local/lib/python3.6/site-packages/airflow/example_dags/example_python_operator.py
[2021-09-26 11:51:06,198] {processor.py:613} INFO - Processing file /home/airflow/.local/lib/python3.6/site-packages/airflow/example_dags/example_python_operator.py for tasks to queue
[2021-09-26 11:51:06,200] {logging_mixin.py:109} INFO - [2021-09-26 11:51:06,200] {dagbag.py:496} INFO - Filling up the DagBag from /home/airflow/.local/lib/python3.6/site-packages/airflow/example_dags/example_python_operator.py
[2021-09-26 11:51:06,219] {processor.py:623} INFO - DAG(s) dict_keys(['example_python_operator']) retrieved from /home/airflow/.local/lib/python3.6/site-packages/airflow/example_dags/example_python_operator.py
[2021-09-26 11:51:06,257] {logging_mixin.py:109} INFO - [2021-09-26 11:51:06,257] {dag.py:1834} INFO - Sync 1 DAGs
[2021-09-26 11:51:06,279] {logging_mixin.py:109} INFO - [2021-09-26 11:51:06,278] {dag.py:2287} INFO - Setting next_dagrun for example_python_operator to None
[2021-09-26 11:51:06,295] {processor.py:170} INFO - Processing /home/airflow/.local/lib/python3.6/site-packages/airflow/example_dags/example_python_operator.py took 0.111 seconds
[2021-09-26 11:51:36,729] {processor.py:162} INFO - Started process (PID=4595) to work on /home/airflow/.local/lib/python3.6/site-packages/airflow/example_dags/example_python_operator.py
[2021-09-26 11:51:36,732] {processor.py:613} INFO - Processing file /home/airflow/.local/lib/python3.6/site-packages/airflow/example_dags/example_python_operator.py for tasks to queue
[2021-09-26 11:51:36,734] {logging_mixin.py:109} INFO - [2021-09-26 11:51:36,734] {dagbag.py:496} INFO - Filling up the DagBag from /home/airflow/.local/lib/python3.6/site-packages/airflow/example_dags/example_python_operator.py
[2021-09-26 11:51:36,753] {processor.py:623} INFO - DAG(s) dict_keys(['example_python_operator']) retrieved from /home/airflow/.local/lib/python3.6/site-packages/airflow/example_dags/example_python_operator.py
[2021-09-26 11:51:36,788] {logging_mixin.py:109} INFO - [2021-09-26 11:51:36,788] {dag.py:1834} INFO - Sync 1 DAGs
[2021-09-26 11:51:36,808] {logging_mixin.py:109} INFO - [2021-09-26 11:51:36,808] {dag.py:2287} INFO - Setting next_dagrun for example_python_operator to None
[2021-09-26 11:51:36,826] {processor.py:170} INFO - Processing /home/airflow/.local/lib/python3.6/site-packages/airflow/example_dags/example_python_operator.py took 0.104 seconds
[2021-09-26 11:52:07,284] {processor.py:162} INFO - Started process (PID=4652) to work on /home/airflow/.local/lib/python3.6/site-packages/airflow/example_dags/example_python_operator.py
[2021-09-26 11:52:07,288] {processor.py:613} INFO - Processing file /home/airflow/.local/lib/python3.6/site-packages/airflow/example_dags/example_python_operator.py for tasks to queue
[2021-09-26 11:52:07,290] {logging_mixin.py:109} INFO - [2021-09-26 11:52:07,289] {dagbag.py:496} INFO - Filling up the DagBag from /home/airflow/.local/lib/python3.6/site-packages/airflow/example_dags/example_python_operator.py
[2021-09-26 11:52:07,306] {processor.py:623} INFO - DAG(s) dict_keys(['example_python_operator']) retrieved from /home/airflow/.local/lib/python3.6/site-packages/airflow/example_dags/example_python_operator.py
[2021-09-26 11:52:07,333] {logging_mixin.py:109} INFO - [2021-09-26 11:52:07,333] {dag.py:1834} INFO - Sync 1 DAGs
[2021-09-26 11:52:07,350] {logging_mixin.py:109} INFO - [2021-09-26 11:52:07,350] {dag.py:2287} INFO - Setting next_dagrun for example_python_operator to None
[2021-09-26 11:52:07,361] {processor.py:170} INFO - Processing /home/airflow/.local/lib/python3.6/site-packages/airflow/example_dags/example_python_operator.py took 0.085 seconds
[2021-09-26 11:52:37,416] {processor.py:162} INFO - Started process (PID=4720) to work on /home/airflow/.local/lib/python3.6/site-packages/airflow/example_dags/example_python_operator.py
[2021-09-26 11:52:37,418] {processor.py:613} INFO - Processing file /home/airflow/.local/lib/python3.6/site-packages/airflow/example_dags/example_python_operator.py for tasks to queue
[2021-09-26 11:52:37,420] {logging_mixin.py:109} INFO - [2021-09-26 11:52:37,420] {dagbag.py:496} INFO - Filling up the DagBag from /home/airflow/.local/lib/python3.6/site-packages/airflow/example_dags/example_python_operator.py
[2021-09-26 11:52:37,436] {processor.py:623} INFO - DAG(s) dict_keys(['example_python_operator']) retrieved from /home/airflow/.local/lib/python3.6/site-packages/airflow/example_dags/example_python_operator.py
[2021-09-26 11:52:37,462] {logging_mixin.py:109} INFO - [2021-09-26 11:52:37,461] {dag.py:1834} INFO - Sync 1 DAGs
[2021-09-26 11:52:37,477] {logging_mixin.py:109} INFO - [2021-09-26 11:52:37,477] {dag.py:2287} INFO - Setting next_dagrun for example_python_operator to None
[2021-09-26 11:52:37,489] {processor.py:170} INFO - Processing /home/airflow/.local/lib/python3.6/site-packages/airflow/example_dags/example_python_operator.py took 0.078 seconds
[2021-09-26 11:53:08,048] {processor.py:162} INFO - Started process (PID=4780) to work on /home/airflow/.local/lib/python3.6/site-packages/airflow/example_dags/example_python_operator.py
[2021-09-26 11:53:08,051] {processor.py:613} INFO - Processing file /home/airflow/.local/lib/python3.6/site-packages/airflow/example_dags/example_python_operator.py for tasks to queue
[2021-09-26 11:53:08,052] {logging_mixin.py:109} INFO - [2021-09-26 11:53:08,052] {dagbag.py:496} INFO - Filling up the DagBag from /home/airflow/.local/lib/python3.6/site-packages/airflow/example_dags/example_python_operator.py
[2021-09-26 11:53:08,068] {processor.py:623} INFO - DAG(s) dict_keys(['example_python_operator']) retrieved from /home/airflow/.local/lib/python3.6/site-packages/airflow/example_dags/example_python_operator.py
[2021-09-26 11:53:08,097] {logging_mixin.py:109} INFO - [2021-09-26 11:53:08,097] {dag.py:1834} INFO - Sync 1 DAGs
[2021-09-26 11:53:08,114] {logging_mixin.py:109} INFO - [2021-09-26 11:53:08,114] {dag.py:2287} INFO - Setting next_dagrun for example_python_operator to None
[2021-09-26 11:53:08,127] {processor.py:170} INFO - Processing /home/airflow/.local/lib/python3.6/site-packages/airflow/example_dags/example_python_operator.py took 0.083 seconds
[2021-09-26 11:53:38,810] {processor.py:162} INFO - Started process (PID=4846) to work on /home/airflow/.local/lib/python3.6/site-packages/airflow/example_dags/example_python_operator.py
[2021-09-26 11:53:38,813] {processor.py:613} INFO - Processing file /home/airflow/.local/lib/python3.6/site-packages/airflow/example_dags/example_python_operator.py for tasks to queue
[2021-09-26 11:53:38,815] {logging_mixin.py:109} INFO - [2021-09-26 11:53:38,814] {dagbag.py:496} INFO - Filling up the DagBag from /home/airflow/.local/lib/python3.6/site-packages/airflow/example_dags/example_python_operator.py
[2021-09-26 11:53:38,833] {processor.py:623} INFO - DAG(s) dict_keys(['example_python_operator']) retrieved from /home/airflow/.local/lib/python3.6/site-packages/airflow/example_dags/example_python_operator.py
[2021-09-26 11:53:38,860] {logging_mixin.py:109} INFO - [2021-09-26 11:53:38,860] {dag.py:1834} INFO - Sync 1 DAGs
[2021-09-26 11:53:38,877] {logging_mixin.py:109} INFO - [2021-09-26 11:53:38,877] {dag.py:2287} INFO - Setting next_dagrun for example_python_operator to None
[2021-09-26 11:53:38,889] {processor.py:170} INFO - Processing /home/airflow/.local/lib/python3.6/site-packages/airflow/example_dags/example_python_operator.py took 0.084 seconds
[2021-09-26 11:54:09,131] {processor.py:162} INFO - Started process (PID=4902) to work on /home/airflow/.local/lib/python3.6/site-packages/airflow/example_dags/example_python_operator.py
[2021-09-26 11:54:09,133] {processor.py:613} INFO - Processing file /home/airflow/.local/lib/python3.6/site-packages/airflow/example_dags/example_python_operator.py for tasks to queue
[2021-09-26 11:54:09,135] {logging_mixin.py:109} INFO - [2021-09-26 11:54:09,135] {dagbag.py:496} INFO - Filling up the DagBag from /home/airflow/.local/lib/python3.6/site-packages/airflow/example_dags/example_python_operator.py
[2021-09-26 11:54:09,181] {processor.py:623} INFO - DAG(s) dict_keys(['example_python_operator']) retrieved from /home/airflow/.local/lib/python3.6/site-packages/airflow/example_dags/example_python_operator.py
[2021-09-26 11:54:09,223] {logging_mixin.py:109} INFO - [2021-09-26 11:54:09,222] {dag.py:1834} INFO - Sync 1 DAGs
[2021-09-26 11:54:09,246] {logging_mixin.py:109} INFO - [2021-09-26 11:54:09,246] {dag.py:2287} INFO - Setting next_dagrun for example_python_operator to None
[2021-09-26 11:54:09,271] {processor.py:170} INFO - Processing /home/airflow/.local/lib/python3.6/site-packages/airflow/example_dags/example_python_operator.py took 0.146 seconds
[2021-09-26 11:54:39,766] {processor.py:162} INFO - Started process (PID=4970) to work on /home/airflow/.local/lib/python3.6/site-packages/airflow/example_dags/example_python_operator.py
[2021-09-26 11:54:39,768] {processor.py:613} INFO - Processing file /home/airflow/.local/lib/python3.6/site-packages/airflow/example_dags/example_python_operator.py for tasks to queue
[2021-09-26 11:54:39,770] {logging_mixin.py:109} INFO - [2021-09-26 11:54:39,770] {dagbag.py:496} INFO - Filling up the DagBag from /home/airflow/.local/lib/python3.6/site-packages/airflow/example_dags/example_python_operator.py
[2021-09-26 11:54:39,789] {processor.py:623} INFO - DAG(s) dict_keys(['example_python_operator']) retrieved from /home/airflow/.local/lib/python3.6/site-packages/airflow/example_dags/example_python_operator.py
[2021-09-26 11:54:39,825] {logging_mixin.py:109} INFO - [2021-09-26 11:54:39,824] {dag.py:1834} INFO - Sync 1 DAGs
[2021-09-26 11:54:39,849] {logging_mixin.py:109} INFO - [2021-09-26 11:54:39,849] {dag.py:2287} INFO - Setting next_dagrun for example_python_operator to None
[2021-09-26 11:54:39,865] {processor.py:170} INFO - Processing /home/airflow/.local/lib/python3.6/site-packages/airflow/example_dags/example_python_operator.py took 0.104 seconds
[2021-09-26 11:55:10,233] {processor.py:162} INFO - Started process (PID=5028) to work on /home/airflow/.local/lib/python3.6/site-packages/airflow/example_dags/example_python_operator.py
[2021-09-26 11:55:10,236] {processor.py:613} INFO - Processing file /home/airflow/.local/lib/python3.6/site-packages/airflow/example_dags/example_python_operator.py for tasks to queue
[2021-09-26 11:55:10,240] {logging_mixin.py:109} INFO - [2021-09-26 11:55:10,239] {dagbag.py:496} INFO - Filling up the DagBag from /home/airflow/.local/lib/python3.6/site-packages/airflow/example_dags/example_python_operator.py
[2021-09-26 11:55:10,260] {processor.py:623} INFO - DAG(s) dict_keys(['example_python_operator']) retrieved from /home/airflow/.local/lib/python3.6/site-packages/airflow/example_dags/example_python_operator.py
[2021-09-26 11:55:10,292] {logging_mixin.py:109} INFO - [2021-09-26 11:55:10,292] {dag.py:1834} INFO - Sync 1 DAGs
[2021-09-26 11:55:10,312] {logging_mixin.py:109} INFO - [2021-09-26 11:55:10,312] {dag.py:2287} INFO - Setting next_dagrun for example_python_operator to None
[2021-09-26 11:55:10,326] {processor.py:170} INFO - Processing /home/airflow/.local/lib/python3.6/site-packages/airflow/example_dags/example_python_operator.py took 0.098 seconds
[2021-09-26 11:55:40,506] {processor.py:162} INFO - Started process (PID=5096) to work on /home/airflow/.local/lib/python3.6/site-packages/airflow/example_dags/example_python_operator.py
[2021-09-26 11:55:40,511] {processor.py:613} INFO - Processing file /home/airflow/.local/lib/python3.6/site-packages/airflow/example_dags/example_python_operator.py for tasks to queue
[2021-09-26 11:55:40,513] {logging_mixin.py:109} INFO - [2021-09-26 11:55:40,513] {dagbag.py:496} INFO - Filling up the DagBag from /home/airflow/.local/lib/python3.6/site-packages/airflow/example_dags/example_python_operator.py
[2021-09-26 11:55:40,540] {processor.py:623} INFO - DAG(s) dict_keys(['example_python_operator']) retrieved from /home/airflow/.local/lib/python3.6/site-packages/airflow/example_dags/example_python_operator.py
[2021-09-26 11:55:40,575] {logging_mixin.py:109} INFO - [2021-09-26 11:55:40,574] {dag.py:1834} INFO - Sync 1 DAGs
[2021-09-26 11:55:40,603] {logging_mixin.py:109} INFO - [2021-09-26 11:55:40,603] {dag.py:2287} INFO - Setting next_dagrun for example_python_operator to None
[2021-09-26 11:55:40,613] {processor.py:170} INFO - Processing /home/airflow/.local/lib/python3.6/site-packages/airflow/example_dags/example_python_operator.py took 0.115 seconds
[2021-09-26 11:56:11,010] {processor.py:162} INFO - Started process (PID=5163) to work on /home/airflow/.local/lib/python3.6/site-packages/airflow/example_dags/example_python_operator.py
[2021-09-26 11:56:11,013] {processor.py:613} INFO - Processing file /home/airflow/.local/lib/python3.6/site-packages/airflow/example_dags/example_python_operator.py for tasks to queue
[2021-09-26 11:56:11,016] {logging_mixin.py:109} INFO - [2021-09-26 11:56:11,015] {dagbag.py:496} INFO - Filling up the DagBag from /home/airflow/.local/lib/python3.6/site-packages/airflow/example_dags/example_python_operator.py
[2021-09-26 11:56:11,042] {processor.py:623} INFO - DAG(s) dict_keys(['example_python_operator']) retrieved from /home/airflow/.local/lib/python3.6/site-packages/airflow/example_dags/example_python_operator.py
[2021-09-26 11:56:11,079] {logging_mixin.py:109} INFO - [2021-09-26 11:56:11,079] {dag.py:1834} INFO - Sync 1 DAGs
[2021-09-26 11:56:11,102] {logging_mixin.py:109} INFO - [2021-09-26 11:56:11,102] {dag.py:2287} INFO - Setting next_dagrun for example_python_operator to None
[2021-09-26 11:56:11,123] {processor.py:170} INFO - Processing /home/airflow/.local/lib/python3.6/site-packages/airflow/example_dags/example_python_operator.py took 0.124 seconds
[2021-09-26 11:56:41,739] {processor.py:162} INFO - Started process (PID=5222) to work on /home/airflow/.local/lib/python3.6/site-packages/airflow/example_dags/example_python_operator.py
[2021-09-26 11:56:41,742] {processor.py:613} INFO - Processing file /home/airflow/.local/lib/python3.6/site-packages/airflow/example_dags/example_python_operator.py for tasks to queue
[2021-09-26 11:56:41,743] {logging_mixin.py:109} INFO - [2021-09-26 11:56:41,743] {dagbag.py:496} INFO - Filling up the DagBag from /home/airflow/.local/lib/python3.6/site-packages/airflow/example_dags/example_python_operator.py
[2021-09-26 11:56:41,759] {processor.py:623} INFO - DAG(s) dict_keys(['example_python_operator']) retrieved from /home/airflow/.local/lib/python3.6/site-packages/airflow/example_dags/example_python_operator.py
[2021-09-26 11:56:41,789] {logging_mixin.py:109} INFO - [2021-09-26 11:56:41,789] {dag.py:1834} INFO - Sync 1 DAGs
[2021-09-26 11:56:41,806] {logging_mixin.py:109} INFO - [2021-09-26 11:56:41,806] {dag.py:2287} INFO - Setting next_dagrun for example_python_operator to None
[2021-09-26 11:56:41,821] {processor.py:170} INFO - Processing /home/airflow/.local/lib/python3.6/site-packages/airflow/example_dags/example_python_operator.py took 0.087 seconds
[2021-09-26 11:57:12,017] {processor.py:162} INFO - Started process (PID=5290) to work on /home/airflow/.local/lib/python3.6/site-packages/airflow/example_dags/example_python_operator.py
[2021-09-26 11:57:12,020] {processor.py:613} INFO - Processing file /home/airflow/.local/lib/python3.6/site-packages/airflow/example_dags/example_python_operator.py for tasks to queue
[2021-09-26 11:57:12,022] {logging_mixin.py:109} INFO - [2021-09-26 11:57:12,022] {dagbag.py:496} INFO - Filling up the DagBag from /home/airflow/.local/lib/python3.6/site-packages/airflow/example_dags/example_python_operator.py
[2021-09-26 11:57:12,037] {processor.py:623} INFO - DAG(s) dict_keys(['example_python_operator']) retrieved from /home/airflow/.local/lib/python3.6/site-packages/airflow/example_dags/example_python_operator.py
[2021-09-26 11:57:12,062] {logging_mixin.py:109} INFO - [2021-09-26 11:57:12,062] {dag.py:1834} INFO - Sync 1 DAGs
[2021-09-26 11:57:12,077] {logging_mixin.py:109} INFO - [2021-09-26 11:57:12,077] {dag.py:2287} INFO - Setting next_dagrun for example_python_operator to None
[2021-09-26 11:57:12,087] {processor.py:170} INFO - Processing /home/airflow/.local/lib/python3.6/site-packages/airflow/example_dags/example_python_operator.py took 0.077 seconds
[2021-09-26 11:57:42,479] {processor.py:162} INFO - Started process (PID=5346) to work on /home/airflow/.local/lib/python3.6/site-packages/airflow/example_dags/example_python_operator.py
[2021-09-26 11:57:42,481] {processor.py:613} INFO - Processing file /home/airflow/.local/lib/python3.6/site-packages/airflow/example_dags/example_python_operator.py for tasks to queue
[2021-09-26 11:57:42,483] {logging_mixin.py:109} INFO - [2021-09-26 11:57:42,483] {dagbag.py:496} INFO - Filling up the DagBag from /home/airflow/.local/lib/python3.6/site-packages/airflow/example_dags/example_python_operator.py
[2021-09-26 11:57:42,507] {processor.py:623} INFO - DAG(s) dict_keys(['example_python_operator']) retrieved from /home/airflow/.local/lib/python3.6/site-packages/airflow/example_dags/example_python_operator.py
[2021-09-26 11:57:42,542] {logging_mixin.py:109} INFO - [2021-09-26 11:57:42,542] {dag.py:1834} INFO - Sync 1 DAGs
[2021-09-26 11:57:42,564] {logging_mixin.py:109} INFO - [2021-09-26 11:57:42,564] {dag.py:2287} INFO - Setting next_dagrun for example_python_operator to None
[2021-09-26 11:57:42,590] {processor.py:170} INFO - Processing /home/airflow/.local/lib/python3.6/site-packages/airflow/example_dags/example_python_operator.py took 0.122 seconds
[2021-09-26 11:58:12,811] {processor.py:162} INFO - Started process (PID=5417) to work on /home/airflow/.local/lib/python3.6/site-packages/airflow/example_dags/example_python_operator.py
[2021-09-26 11:58:12,813] {processor.py:613} INFO - Processing file /home/airflow/.local/lib/python3.6/site-packages/airflow/example_dags/example_python_operator.py for tasks to queue
[2021-09-26 11:58:12,815] {logging_mixin.py:109} INFO - [2021-09-26 11:58:12,814] {dagbag.py:496} INFO - Filling up the DagBag from /home/airflow/.local/lib/python3.6/site-packages/airflow/example_dags/example_python_operator.py
[2021-09-26 11:58:12,832] {processor.py:623} INFO - DAG(s) dict_keys(['example_python_operator']) retrieved from /home/airflow/.local/lib/python3.6/site-packages/airflow/example_dags/example_python_operator.py
[2021-09-26 11:58:12,859] {logging_mixin.py:109} INFO - [2021-09-26 11:58:12,859] {dag.py:1834} INFO - Sync 1 DAGs
[2021-09-26 11:58:12,875] {logging_mixin.py:109} INFO - [2021-09-26 11:58:12,875] {dag.py:2287} INFO - Setting next_dagrun for example_python_operator to None
[2021-09-26 11:58:12,887] {processor.py:170} INFO - Processing /home/airflow/.local/lib/python3.6/site-packages/airflow/example_dags/example_python_operator.py took 0.081 seconds
[2021-09-26 11:58:43,400] {processor.py:162} INFO - Started process (PID=5474) to work on /home/airflow/.local/lib/python3.6/site-packages/airflow/example_dags/example_python_operator.py
[2021-09-26 11:58:43,401] {processor.py:613} INFO - Processing file /home/airflow/.local/lib/python3.6/site-packages/airflow/example_dags/example_python_operator.py for tasks to queue
[2021-09-26 11:58:43,403] {logging_mixin.py:109} INFO - [2021-09-26 11:58:43,403] {dagbag.py:496} INFO - Filling up the DagBag from /home/airflow/.local/lib/python3.6/site-packages/airflow/example_dags/example_python_operator.py
[2021-09-26 11:58:43,418] {processor.py:623} INFO - DAG(s) dict_keys(['example_python_operator']) retrieved from /home/airflow/.local/lib/python3.6/site-packages/airflow/example_dags/example_python_operator.py
[2021-09-26 11:58:43,446] {logging_mixin.py:109} INFO - [2021-09-26 11:58:43,446] {dag.py:1834} INFO - Sync 1 DAGs
[2021-09-26 11:58:43,462] {logging_mixin.py:109} INFO - [2021-09-26 11:58:43,462] {dag.py:2287} INFO - Setting next_dagrun for example_python_operator to None
[2021-09-26 11:58:43,475] {processor.py:170} INFO - Processing /home/airflow/.local/lib/python3.6/site-packages/airflow/example_dags/example_python_operator.py took 0.081 seconds
[2021-09-26 11:59:14,006] {processor.py:162} INFO - Started process (PID=5543) to work on /home/airflow/.local/lib/python3.6/site-packages/airflow/example_dags/example_python_operator.py
[2021-09-26 11:59:14,009] {processor.py:613} INFO - Processing file /home/airflow/.local/lib/python3.6/site-packages/airflow/example_dags/example_python_operator.py for tasks to queue
[2021-09-26 11:59:14,012] {logging_mixin.py:109} INFO - [2021-09-26 11:59:14,012] {dagbag.py:496} INFO - Filling up the DagBag from /home/airflow/.local/lib/python3.6/site-packages/airflow/example_dags/example_python_operator.py
[2021-09-26 11:59:14,027] {processor.py:623} INFO - DAG(s) dict_keys(['example_python_operator']) retrieved from /home/airflow/.local/lib/python3.6/site-packages/airflow/example_dags/example_python_operator.py
[2021-09-26 11:59:14,054] {logging_mixin.py:109} INFO - [2021-09-26 11:59:14,054] {dag.py:1834} INFO - Sync 1 DAGs
[2021-09-26 11:59:14,069] {logging_mixin.py:109} INFO - [2021-09-26 11:59:14,068] {dag.py:2287} INFO - Setting next_dagrun for example_python_operator to None
[2021-09-26 11:59:14,079] {processor.py:170} INFO - Processing /home/airflow/.local/lib/python3.6/site-packages/airflow/example_dags/example_python_operator.py took 0.078 seconds
[2021-09-26 11:59:44,223] {processor.py:162} INFO - Started process (PID=5611) to work on /home/airflow/.local/lib/python3.6/site-packages/airflow/example_dags/example_python_operator.py
[2021-09-26 11:59:44,226] {processor.py:613} INFO - Processing file /home/airflow/.local/lib/python3.6/site-packages/airflow/example_dags/example_python_operator.py for tasks to queue
[2021-09-26 11:59:44,228] {logging_mixin.py:109} INFO - [2021-09-26 11:59:44,228] {dagbag.py:496} INFO - Filling up the DagBag from /home/airflow/.local/lib/python3.6/site-packages/airflow/example_dags/example_python_operator.py
[2021-09-26 11:59:44,245] {processor.py:623} INFO - DAG(s) dict_keys(['example_python_operator']) retrieved from /home/airflow/.local/lib/python3.6/site-packages/airflow/example_dags/example_python_operator.py
[2021-09-26 11:59:44,272] {logging_mixin.py:109} INFO - [2021-09-26 11:59:44,272] {dag.py:1834} INFO - Sync 1 DAGs
[2021-09-26 11:59:44,289] {logging_mixin.py:109} INFO - [2021-09-26 11:59:44,289] {dag.py:2287} INFO - Setting next_dagrun for example_python_operator to None
[2021-09-26 11:59:44,303] {processor.py:170} INFO - Processing /home/airflow/.local/lib/python3.6/site-packages/airflow/example_dags/example_python_operator.py took 0.087 seconds
[2021-09-26 12:00:14,921] {processor.py:162} INFO - Started process (PID=5668) to work on /home/airflow/.local/lib/python3.6/site-packages/airflow/example_dags/example_python_operator.py
[2021-09-26 12:00:14,923] {processor.py:613} INFO - Processing file /home/airflow/.local/lib/python3.6/site-packages/airflow/example_dags/example_python_operator.py for tasks to queue
[2021-09-26 12:00:14,925] {logging_mixin.py:109} INFO - [2021-09-26 12:00:14,925] {dagbag.py:496} INFO - Filling up the DagBag from /home/airflow/.local/lib/python3.6/site-packages/airflow/example_dags/example_python_operator.py
[2021-09-26 12:00:14,947] {processor.py:623} INFO - DAG(s) dict_keys(['example_python_operator']) retrieved from /home/airflow/.local/lib/python3.6/site-packages/airflow/example_dags/example_python_operator.py
[2021-09-26 12:00:14,979] {logging_mixin.py:109} INFO - [2021-09-26 12:00:14,978] {dag.py:1834} INFO - Sync 1 DAGs
[2021-09-26 12:00:14,994] {logging_mixin.py:109} INFO - [2021-09-26 12:00:14,994] {dag.py:2287} INFO - Setting next_dagrun for example_python_operator to None
[2021-09-26 12:00:15,005] {processor.py:170} INFO - Processing /home/airflow/.local/lib/python3.6/site-packages/airflow/example_dags/example_python_operator.py took 0.089 seconds
[2021-09-26 12:00:45,334] {processor.py:162} INFO - Started process (PID=5737) to work on /home/airflow/.local/lib/python3.6/site-packages/airflow/example_dags/example_python_operator.py
[2021-09-26 12:00:45,337] {processor.py:613} INFO - Processing file /home/airflow/.local/lib/python3.6/site-packages/airflow/example_dags/example_python_operator.py for tasks to queue
[2021-09-26 12:00:45,340] {logging_mixin.py:109} INFO - [2021-09-26 12:00:45,339] {dagbag.py:496} INFO - Filling up the DagBag from /home/airflow/.local/lib/python3.6/site-packages/airflow/example_dags/example_python_operator.py
[2021-09-26 12:00:45,356] {processor.py:623} INFO - DAG(s) dict_keys(['example_python_operator']) retrieved from /home/airflow/.local/lib/python3.6/site-packages/airflow/example_dags/example_python_operator.py
[2021-09-26 12:00:45,382] {logging_mixin.py:109} INFO - [2021-09-26 12:00:45,382] {dag.py:1834} INFO - Sync 1 DAGs
[2021-09-26 12:00:45,400] {logging_mixin.py:109} INFO - [2021-09-26 12:00:45,398] {dag.py:2287} INFO - Setting next_dagrun for example_python_operator to None
[2021-09-26 12:00:45,410] {processor.py:170} INFO - Processing /home/airflow/.local/lib/python3.6/site-packages/airflow/example_dags/example_python_operator.py took 0.085 seconds
[2021-09-26 12:01:15,941] {processor.py:162} INFO - Started process (PID=5805) to work on /home/airflow/.local/lib/python3.6/site-packages/airflow/example_dags/example_python_operator.py
[2021-09-26 12:01:15,943] {processor.py:613} INFO - Processing file /home/airflow/.local/lib/python3.6/site-packages/airflow/example_dags/example_python_operator.py for tasks to queue
[2021-09-26 12:01:15,945] {logging_mixin.py:109} INFO - [2021-09-26 12:01:15,945] {dagbag.py:496} INFO - Filling up the DagBag from /home/airflow/.local/lib/python3.6/site-packages/airflow/example_dags/example_python_operator.py
[2021-09-26 12:01:15,962] {processor.py:623} INFO - DAG(s) dict_keys(['example_python_operator']) retrieved from /home/airflow/.local/lib/python3.6/site-packages/airflow/example_dags/example_python_operator.py
[2021-09-26 12:01:15,987] {logging_mixin.py:109} INFO - [2021-09-26 12:01:15,987] {dag.py:1834} INFO - Sync 1 DAGs
[2021-09-26 12:01:16,003] {logging_mixin.py:109} INFO - [2021-09-26 12:01:16,003] {dag.py:2287} INFO - Setting next_dagrun for example_python_operator to None
[2021-09-26 12:01:16,014] {processor.py:170} INFO - Processing /home/airflow/.local/lib/python3.6/site-packages/airflow/example_dags/example_python_operator.py took 0.091 seconds
[2021-09-26 12:01:46,516] {processor.py:162} INFO - Started process (PID=5863) to work on /home/airflow/.local/lib/python3.6/site-packages/airflow/example_dags/example_python_operator.py
[2021-09-26 12:01:46,519] {processor.py:613} INFO - Processing file /home/airflow/.local/lib/python3.6/site-packages/airflow/example_dags/example_python_operator.py for tasks to queue
[2021-09-26 12:01:46,521] {logging_mixin.py:109} INFO - [2021-09-26 12:01:46,521] {dagbag.py:496} INFO - Filling up the DagBag from /home/airflow/.local/lib/python3.6/site-packages/airflow/example_dags/example_python_operator.py
[2021-09-26 12:01:46,537] {processor.py:623} INFO - DAG(s) dict_keys(['example_python_operator']) retrieved from /home/airflow/.local/lib/python3.6/site-packages/airflow/example_dags/example_python_operator.py
[2021-09-26 12:01:46,566] {logging_mixin.py:109} INFO - [2021-09-26 12:01:46,566] {dag.py:1834} INFO - Sync 1 DAGs
[2021-09-26 12:01:46,584] {logging_mixin.py:109} INFO - [2021-09-26 12:01:46,584] {dag.py:2287} INFO - Setting next_dagrun for example_python_operator to None
[2021-09-26 12:01:46,595] {processor.py:170} INFO - Processing /home/airflow/.local/lib/python3.6/site-packages/airflow/example_dags/example_python_operator.py took 0.084 seconds
[2021-09-26 12:02:16,640] {processor.py:162} INFO - Started process (PID=5931) to work on /home/airflow/.local/lib/python3.6/site-packages/airflow/example_dags/example_python_operator.py
[2021-09-26 12:02:16,646] {processor.py:613} INFO - Processing file /home/airflow/.local/lib/python3.6/site-packages/airflow/example_dags/example_python_operator.py for tasks to queue
[2021-09-26 12:02:16,649] {logging_mixin.py:109} INFO - [2021-09-26 12:02:16,648] {dagbag.py:496} INFO - Filling up the DagBag from /home/airflow/.local/lib/python3.6/site-packages/airflow/example_dags/example_python_operator.py
[2021-09-26 12:02:16,665] {processor.py:623} INFO - DAG(s) dict_keys(['example_python_operator']) retrieved from /home/airflow/.local/lib/python3.6/site-packages/airflow/example_dags/example_python_operator.py
[2021-09-26 12:02:16,696] {logging_mixin.py:109} INFO - [2021-09-26 12:02:16,696] {dag.py:1834} INFO - Sync 1 DAGs
[2021-09-26 12:02:16,718] {logging_mixin.py:109} INFO - [2021-09-26 12:02:16,718] {dag.py:2287} INFO - Setting next_dagrun for example_python_operator to None
[2021-09-26 12:02:16,729] {processor.py:170} INFO - Processing /home/airflow/.local/lib/python3.6/site-packages/airflow/example_dags/example_python_operator.py took 0.097 seconds
[2021-09-26 12:02:47,179] {processor.py:162} INFO - Started process (PID=5987) to work on /home/airflow/.local/lib/python3.6/site-packages/airflow/example_dags/example_python_operator.py
[2021-09-26 12:02:47,183] {processor.py:613} INFO - Processing file /home/airflow/.local/lib/python3.6/site-packages/airflow/example_dags/example_python_operator.py for tasks to queue
[2021-09-26 12:02:47,185] {logging_mixin.py:109} INFO - [2021-09-26 12:02:47,184] {dagbag.py:496} INFO - Filling up the DagBag from /home/airflow/.local/lib/python3.6/site-packages/airflow/example_dags/example_python_operator.py
[2021-09-26 12:02:47,201] {processor.py:623} INFO - DAG(s) dict_keys(['example_python_operator']) retrieved from /home/airflow/.local/lib/python3.6/site-packages/airflow/example_dags/example_python_operator.py
[2021-09-26 12:02:47,227] {logging_mixin.py:109} INFO - [2021-09-26 12:02:47,227] {dag.py:1834} INFO - Sync 1 DAGs
[2021-09-26 12:02:47,244] {logging_mixin.py:109} INFO - [2021-09-26 12:02:47,243] {dag.py:2287} INFO - Setting next_dagrun for example_python_operator to None
[2021-09-26 12:02:47,257] {processor.py:170} INFO - Processing /home/airflow/.local/lib/python3.6/site-packages/airflow/example_dags/example_python_operator.py took 0.083 seconds
[2021-09-26 12:03:17,506] {processor.py:162} INFO - Started process (PID=6056) to work on /home/airflow/.local/lib/python3.6/site-packages/airflow/example_dags/example_python_operator.py
[2021-09-26 12:03:17,509] {processor.py:613} INFO - Processing file /home/airflow/.local/lib/python3.6/site-packages/airflow/example_dags/example_python_operator.py for tasks to queue
[2021-09-26 12:03:17,510] {logging_mixin.py:109} INFO - [2021-09-26 12:03:17,510] {dagbag.py:496} INFO - Filling up the DagBag from /home/airflow/.local/lib/python3.6/site-packages/airflow/example_dags/example_python_operator.py
[2021-09-26 12:03:17,526] {processor.py:623} INFO - DAG(s) dict_keys(['example_python_operator']) retrieved from /home/airflow/.local/lib/python3.6/site-packages/airflow/example_dags/example_python_operator.py
[2021-09-26 12:03:17,556] {logging_mixin.py:109} INFO - [2021-09-26 12:03:17,556] {dag.py:1834} INFO - Sync 1 DAGs
[2021-09-26 12:03:17,576] {logging_mixin.py:109} INFO - [2021-09-26 12:03:17,576] {dag.py:2287} INFO - Setting next_dagrun for example_python_operator to None
[2021-09-26 12:03:17,595] {processor.py:170} INFO - Processing /home/airflow/.local/lib/python3.6/site-packages/airflow/example_dags/example_python_operator.py took 0.094 seconds
[2021-09-26 12:03:48,009] {processor.py:162} INFO - Started process (PID=6114) to work on /home/airflow/.local/lib/python3.6/site-packages/airflow/example_dags/example_python_operator.py
[2021-09-26 12:03:48,012] {processor.py:613} INFO - Processing file /home/airflow/.local/lib/python3.6/site-packages/airflow/example_dags/example_python_operator.py for tasks to queue
[2021-09-26 12:03:48,013] {logging_mixin.py:109} INFO - [2021-09-26 12:03:48,013] {dagbag.py:496} INFO - Filling up the DagBag from /home/airflow/.local/lib/python3.6/site-packages/airflow/example_dags/example_python_operator.py
[2021-09-26 12:03:48,030] {processor.py:623} INFO - DAG(s) dict_keys(['example_python_operator']) retrieved from /home/airflow/.local/lib/python3.6/site-packages/airflow/example_dags/example_python_operator.py
[2021-09-26 12:03:48,058] {logging_mixin.py:109} INFO - [2021-09-26 12:03:48,058] {dag.py:1834} INFO - Sync 1 DAGs
[2021-09-26 12:03:48,077] {logging_mixin.py:109} INFO - [2021-09-26 12:03:48,077] {dag.py:2287} INFO - Setting next_dagrun for example_python_operator to None
[2021-09-26 12:03:48,105] {processor.py:170} INFO - Processing /home/airflow/.local/lib/python3.6/site-packages/airflow/example_dags/example_python_operator.py took 0.099 seconds
[2021-09-26 12:04:18,558] {processor.py:162} INFO - Started process (PID=6183) to work on /home/airflow/.local/lib/python3.6/site-packages/airflow/example_dags/example_python_operator.py
[2021-09-26 12:04:18,561] {processor.py:613} INFO - Processing file /home/airflow/.local/lib/python3.6/site-packages/airflow/example_dags/example_python_operator.py for tasks to queue
[2021-09-26 12:04:18,562] {logging_mixin.py:109} INFO - [2021-09-26 12:04:18,562] {dagbag.py:496} INFO - Filling up the DagBag from /home/airflow/.local/lib/python3.6/site-packages/airflow/example_dags/example_python_operator.py
[2021-09-26 12:04:18,579] {processor.py:623} INFO - DAG(s) dict_keys(['example_python_operator']) retrieved from /home/airflow/.local/lib/python3.6/site-packages/airflow/example_dags/example_python_operator.py
[2021-09-26 12:04:18,608] {logging_mixin.py:109} INFO - [2021-09-26 12:04:18,608] {dag.py:1834} INFO - Sync 1 DAGs
[2021-09-26 12:04:18,639] {logging_mixin.py:109} INFO - [2021-09-26 12:04:18,639] {dag.py:2287} INFO - Setting next_dagrun for example_python_operator to None
[2021-09-26 12:04:18,649] {processor.py:170} INFO - Processing /home/airflow/.local/lib/python3.6/site-packages/airflow/example_dags/example_python_operator.py took 0.095 seconds
[2021-09-26 12:04:48,921] {processor.py:162} INFO - Started process (PID=6251) to work on /home/airflow/.local/lib/python3.6/site-packages/airflow/example_dags/example_python_operator.py
[2021-09-26 12:04:48,923] {processor.py:613} INFO - Processing file /home/airflow/.local/lib/python3.6/site-packages/airflow/example_dags/example_python_operator.py for tasks to queue
[2021-09-26 12:04:48,924] {logging_mixin.py:109} INFO - [2021-09-26 12:04:48,924] {dagbag.py:496} INFO - Filling up the DagBag from /home/airflow/.local/lib/python3.6/site-packages/airflow/example_dags/example_python_operator.py
[2021-09-26 12:04:48,939] {processor.py:623} INFO - DAG(s) dict_keys(['example_python_operator']) retrieved from /home/airflow/.local/lib/python3.6/site-packages/airflow/example_dags/example_python_operator.py
[2021-09-26 12:04:48,961] {logging_mixin.py:109} INFO - [2021-09-26 12:04:48,961] {dag.py:1834} INFO - Sync 1 DAGs
[2021-09-26 12:04:48,977] {logging_mixin.py:109} INFO - [2021-09-26 12:04:48,977] {dag.py:2287} INFO - Setting next_dagrun for example_python_operator to None
[2021-09-26 12:04:48,988] {processor.py:170} INFO - Processing /home/airflow/.local/lib/python3.6/site-packages/airflow/example_dags/example_python_operator.py took 0.072 seconds
[2021-09-26 12:05:19,163] {processor.py:162} INFO - Started process (PID=6310) to work on /home/airflow/.local/lib/python3.6/site-packages/airflow/example_dags/example_python_operator.py
[2021-09-26 12:05:19,166] {processor.py:613} INFO - Processing file /home/airflow/.local/lib/python3.6/site-packages/airflow/example_dags/example_python_operator.py for tasks to queue
[2021-09-26 12:05:19,168] {logging_mixin.py:109} INFO - [2021-09-26 12:05:19,168] {dagbag.py:496} INFO - Filling up the DagBag from /home/airflow/.local/lib/python3.6/site-packages/airflow/example_dags/example_python_operator.py
[2021-09-26 12:05:19,190] {processor.py:623} INFO - DAG(s) dict_keys(['example_python_operator']) retrieved from /home/airflow/.local/lib/python3.6/site-packages/airflow/example_dags/example_python_operator.py
[2021-09-26 12:05:19,216] {logging_mixin.py:109} INFO - [2021-09-26 12:05:19,216] {dag.py:1834} INFO - Sync 1 DAGs
[2021-09-26 12:05:19,231] {logging_mixin.py:109} INFO - [2021-09-26 12:05:19,231] {dag.py:2287} INFO - Setting next_dagrun for example_python_operator to None
[2021-09-26 12:05:19,243] {processor.py:170} INFO - Processing /home/airflow/.local/lib/python3.6/site-packages/airflow/example_dags/example_python_operator.py took 0.092 seconds
