[2021-09-26 11:46:36,053] {processor.py:162} INFO - Started process (PID=3971) to work on /home/airflow/.local/lib/python3.6/site-packages/airflow/example_dags/example_kubernetes_executor_config.py
[2021-09-26 11:46:36,056] {processor.py:613} INFO - Processing file /home/airflow/.local/lib/python3.6/site-packages/airflow/example_dags/example_kubernetes_executor_config.py for tasks to queue
[2021-09-26 11:46:36,058] {logging_mixin.py:109} INFO - [2021-09-26 11:46:36,058] {dagbag.py:496} INFO - Filling up the DagBag from /home/airflow/.local/lib/python3.6/site-packages/airflow/example_dags/example_kubernetes_executor_config.py
[2021-09-26 11:46:36,081] {processor.py:623} INFO - DAG(s) dict_keys(['example_kubernetes_executor_config']) retrieved from /home/airflow/.local/lib/python3.6/site-packages/airflow/example_dags/example_kubernetes_executor_config.py
[2021-09-26 11:46:36,141] {logging_mixin.py:109} INFO - [2021-09-26 11:46:36,141] {dag.py:1834} INFO - Sync 1 DAGs
[2021-09-26 11:46:36,184] {logging_mixin.py:109} INFO - [2021-09-26 11:46:36,174] {dag.py:2287} INFO - Setting next_dagrun for example_kubernetes_executor_config to None
[2021-09-26 11:46:36,199] {processor.py:170} INFO - Processing /home/airflow/.local/lib/python3.6/site-packages/airflow/example_dags/example_kubernetes_executor_config.py took 0.151 seconds
[2021-09-26 11:47:06,719] {processor.py:162} INFO - Started process (PID=4028) to work on /home/airflow/.local/lib/python3.6/site-packages/airflow/example_dags/example_kubernetes_executor_config.py
[2021-09-26 11:47:06,721] {processor.py:613} INFO - Processing file /home/airflow/.local/lib/python3.6/site-packages/airflow/example_dags/example_kubernetes_executor_config.py for tasks to queue
[2021-09-26 11:47:06,723] {logging_mixin.py:109} INFO - [2021-09-26 11:47:06,723] {dagbag.py:496} INFO - Filling up the DagBag from /home/airflow/.local/lib/python3.6/site-packages/airflow/example_dags/example_kubernetes_executor_config.py
[2021-09-26 11:47:06,743] {processor.py:623} INFO - DAG(s) dict_keys(['example_kubernetes_executor_config']) retrieved from /home/airflow/.local/lib/python3.6/site-packages/airflow/example_dags/example_kubernetes_executor_config.py
[2021-09-26 11:47:06,784] {logging_mixin.py:109} INFO - [2021-09-26 11:47:06,784] {dag.py:1834} INFO - Sync 1 DAGs
[2021-09-26 11:47:06,816] {logging_mixin.py:109} INFO - [2021-09-26 11:47:06,815] {dag.py:2287} INFO - Setting next_dagrun for example_kubernetes_executor_config to None
[2021-09-26 11:47:06,829] {processor.py:170} INFO - Processing /home/airflow/.local/lib/python3.6/site-packages/airflow/example_dags/example_kubernetes_executor_config.py took 0.116 seconds
[2021-09-26 11:47:37,246] {processor.py:162} INFO - Started process (PID=4093) to work on /home/airflow/.local/lib/python3.6/site-packages/airflow/example_dags/example_kubernetes_executor_config.py
[2021-09-26 11:47:37,249] {processor.py:613} INFO - Processing file /home/airflow/.local/lib/python3.6/site-packages/airflow/example_dags/example_kubernetes_executor_config.py for tasks to queue
[2021-09-26 11:47:37,250] {logging_mixin.py:109} INFO - [2021-09-26 11:47:37,250] {dagbag.py:496} INFO - Filling up the DagBag from /home/airflow/.local/lib/python3.6/site-packages/airflow/example_dags/example_kubernetes_executor_config.py
[2021-09-26 11:47:37,276] {processor.py:623} INFO - DAG(s) dict_keys(['example_kubernetes_executor_config']) retrieved from /home/airflow/.local/lib/python3.6/site-packages/airflow/example_dags/example_kubernetes_executor_config.py
[2021-09-26 11:47:37,315] {logging_mixin.py:109} INFO - [2021-09-26 11:47:37,315] {dag.py:1834} INFO - Sync 1 DAGs
[2021-09-26 11:47:37,336] {logging_mixin.py:109} INFO - [2021-09-26 11:47:37,336] {dag.py:2287} INFO - Setting next_dagrun for example_kubernetes_executor_config to None
[2021-09-26 11:47:37,355] {processor.py:170} INFO - Processing /home/airflow/.local/lib/python3.6/site-packages/airflow/example_dags/example_kubernetes_executor_config.py took 0.115 seconds
[2021-09-26 11:48:07,661] {processor.py:162} INFO - Started process (PID=4151) to work on /home/airflow/.local/lib/python3.6/site-packages/airflow/example_dags/example_kubernetes_executor_config.py
[2021-09-26 11:48:07,665] {processor.py:613} INFO - Processing file /home/airflow/.local/lib/python3.6/site-packages/airflow/example_dags/example_kubernetes_executor_config.py for tasks to queue
[2021-09-26 11:48:07,667] {logging_mixin.py:109} INFO - [2021-09-26 11:48:07,667] {dagbag.py:496} INFO - Filling up the DagBag from /home/airflow/.local/lib/python3.6/site-packages/airflow/example_dags/example_kubernetes_executor_config.py
[2021-09-26 11:48:07,688] {processor.py:623} INFO - DAG(s) dict_keys(['example_kubernetes_executor_config']) retrieved from /home/airflow/.local/lib/python3.6/site-packages/airflow/example_dags/example_kubernetes_executor_config.py
[2021-09-26 11:48:07,724] {logging_mixin.py:109} INFO - [2021-09-26 11:48:07,724] {dag.py:1834} INFO - Sync 1 DAGs
[2021-09-26 11:48:07,744] {logging_mixin.py:109} INFO - [2021-09-26 11:48:07,744] {dag.py:2287} INFO - Setting next_dagrun for example_kubernetes_executor_config to None
[2021-09-26 11:48:07,762] {processor.py:170} INFO - Processing /home/airflow/.local/lib/python3.6/site-packages/airflow/example_dags/example_kubernetes_executor_config.py took 0.108 seconds
[2021-09-26 11:48:38,699] {processor.py:162} INFO - Started process (PID=4220) to work on /home/airflow/.local/lib/python3.6/site-packages/airflow/example_dags/example_kubernetes_executor_config.py
[2021-09-26 11:48:38,703] {processor.py:613} INFO - Processing file /home/airflow/.local/lib/python3.6/site-packages/airflow/example_dags/example_kubernetes_executor_config.py for tasks to queue
[2021-09-26 11:48:38,705] {logging_mixin.py:109} INFO - [2021-09-26 11:48:38,705] {dagbag.py:496} INFO - Filling up the DagBag from /home/airflow/.local/lib/python3.6/site-packages/airflow/example_dags/example_kubernetes_executor_config.py
[2021-09-26 11:48:38,726] {processor.py:623} INFO - DAG(s) dict_keys(['example_kubernetes_executor_config']) retrieved from /home/airflow/.local/lib/python3.6/site-packages/airflow/example_dags/example_kubernetes_executor_config.py
[2021-09-26 11:48:38,760] {logging_mixin.py:109} INFO - [2021-09-26 11:48:38,759] {dag.py:1834} INFO - Sync 1 DAGs
[2021-09-26 11:48:38,782] {logging_mixin.py:109} INFO - [2021-09-26 11:48:38,782] {dag.py:2287} INFO - Setting next_dagrun for example_kubernetes_executor_config to None
[2021-09-26 11:48:38,798] {processor.py:170} INFO - Processing /home/airflow/.local/lib/python3.6/site-packages/airflow/example_dags/example_kubernetes_executor_config.py took 0.108 seconds
[2021-09-26 11:49:08,892] {processor.py:162} INFO - Started process (PID=4276) to work on /home/airflow/.local/lib/python3.6/site-packages/airflow/example_dags/example_kubernetes_executor_config.py
[2021-09-26 11:49:08,894] {processor.py:613} INFO - Processing file /home/airflow/.local/lib/python3.6/site-packages/airflow/example_dags/example_kubernetes_executor_config.py for tasks to queue
[2021-09-26 11:49:08,896] {logging_mixin.py:109} INFO - [2021-09-26 11:49:08,896] {dagbag.py:496} INFO - Filling up the DagBag from /home/airflow/.local/lib/python3.6/site-packages/airflow/example_dags/example_kubernetes_executor_config.py
[2021-09-26 11:49:08,913] {processor.py:623} INFO - DAG(s) dict_keys(['example_kubernetes_executor_config']) retrieved from /home/airflow/.local/lib/python3.6/site-packages/airflow/example_dags/example_kubernetes_executor_config.py
[2021-09-26 11:49:08,941] {logging_mixin.py:109} INFO - [2021-09-26 11:49:08,941] {dag.py:1834} INFO - Sync 1 DAGs
[2021-09-26 11:49:08,957] {logging_mixin.py:109} INFO - [2021-09-26 11:49:08,957] {dag.py:2287} INFO - Setting next_dagrun for example_kubernetes_executor_config to None
[2021-09-26 11:49:08,969] {processor.py:170} INFO - Processing /home/airflow/.local/lib/python3.6/site-packages/airflow/example_dags/example_kubernetes_executor_config.py took 0.081 seconds
[2021-09-26 11:49:39,464] {processor.py:162} INFO - Started process (PID=4347) to work on /home/airflow/.local/lib/python3.6/site-packages/airflow/example_dags/example_kubernetes_executor_config.py
[2021-09-26 11:49:39,467] {processor.py:613} INFO - Processing file /home/airflow/.local/lib/python3.6/site-packages/airflow/example_dags/example_kubernetes_executor_config.py for tasks to queue
[2021-09-26 11:49:39,469] {logging_mixin.py:109} INFO - [2021-09-26 11:49:39,469] {dagbag.py:496} INFO - Filling up the DagBag from /home/airflow/.local/lib/python3.6/site-packages/airflow/example_dags/example_kubernetes_executor_config.py
[2021-09-26 11:49:39,484] {processor.py:623} INFO - DAG(s) dict_keys(['example_kubernetes_executor_config']) retrieved from /home/airflow/.local/lib/python3.6/site-packages/airflow/example_dags/example_kubernetes_executor_config.py
[2021-09-26 11:49:39,512] {logging_mixin.py:109} INFO - [2021-09-26 11:49:39,512] {dag.py:1834} INFO - Sync 1 DAGs
[2021-09-26 11:49:39,532] {logging_mixin.py:109} INFO - [2021-09-26 11:49:39,532] {dag.py:2287} INFO - Setting next_dagrun for example_kubernetes_executor_config to None
[2021-09-26 11:49:39,548] {processor.py:170} INFO - Processing /home/airflow/.local/lib/python3.6/site-packages/airflow/example_dags/example_kubernetes_executor_config.py took 0.088 seconds
[2021-09-26 11:50:10,283] {processor.py:162} INFO - Started process (PID=4413) to work on /home/airflow/.local/lib/python3.6/site-packages/airflow/example_dags/example_kubernetes_executor_config.py
[2021-09-26 11:50:10,285] {processor.py:613} INFO - Processing file /home/airflow/.local/lib/python3.6/site-packages/airflow/example_dags/example_kubernetes_executor_config.py for tasks to queue
[2021-09-26 11:50:10,287] {logging_mixin.py:109} INFO - [2021-09-26 11:50:10,287] {dagbag.py:496} INFO - Filling up the DagBag from /home/airflow/.local/lib/python3.6/site-packages/airflow/example_dags/example_kubernetes_executor_config.py
[2021-09-26 11:50:10,302] {processor.py:623} INFO - DAG(s) dict_keys(['example_kubernetes_executor_config']) retrieved from /home/airflow/.local/lib/python3.6/site-packages/airflow/example_dags/example_kubernetes_executor_config.py
[2021-09-26 11:50:10,330] {logging_mixin.py:109} INFO - [2021-09-26 11:50:10,330] {dag.py:1834} INFO - Sync 1 DAGs
[2021-09-26 11:50:10,345] {logging_mixin.py:109} INFO - [2021-09-26 11:50:10,345] {dag.py:2287} INFO - Setting next_dagrun for example_kubernetes_executor_config to None
[2021-09-26 11:50:10,358] {processor.py:170} INFO - Processing /home/airflow/.local/lib/python3.6/site-packages/airflow/example_dags/example_kubernetes_executor_config.py took 0.078 seconds
[2021-09-26 11:50:41,073] {processor.py:162} INFO - Started process (PID=4473) to work on /home/airflow/.local/lib/python3.6/site-packages/airflow/example_dags/example_kubernetes_executor_config.py
[2021-09-26 11:50:41,075] {processor.py:613} INFO - Processing file /home/airflow/.local/lib/python3.6/site-packages/airflow/example_dags/example_kubernetes_executor_config.py for tasks to queue
[2021-09-26 11:50:41,077] {logging_mixin.py:109} INFO - [2021-09-26 11:50:41,077] {dagbag.py:496} INFO - Filling up the DagBag from /home/airflow/.local/lib/python3.6/site-packages/airflow/example_dags/example_kubernetes_executor_config.py
[2021-09-26 11:50:41,094] {processor.py:623} INFO - DAG(s) dict_keys(['example_kubernetes_executor_config']) retrieved from /home/airflow/.local/lib/python3.6/site-packages/airflow/example_dags/example_kubernetes_executor_config.py
[2021-09-26 11:50:41,121] {logging_mixin.py:109} INFO - [2021-09-26 11:50:41,121] {dag.py:1834} INFO - Sync 1 DAGs
[2021-09-26 11:50:41,136] {logging_mixin.py:109} INFO - [2021-09-26 11:50:41,136] {dag.py:2287} INFO - Setting next_dagrun for example_kubernetes_executor_config to None
[2021-09-26 11:50:41,146] {processor.py:170} INFO - Processing /home/airflow/.local/lib/python3.6/site-packages/airflow/example_dags/example_kubernetes_executor_config.py took 0.078 seconds
[2021-09-26 11:51:11,877] {processor.py:162} INFO - Started process (PID=4544) to work on /home/airflow/.local/lib/python3.6/site-packages/airflow/example_dags/example_kubernetes_executor_config.py
[2021-09-26 11:51:11,881] {processor.py:613} INFO - Processing file /home/airflow/.local/lib/python3.6/site-packages/airflow/example_dags/example_kubernetes_executor_config.py for tasks to queue
[2021-09-26 11:51:11,885] {logging_mixin.py:109} INFO - [2021-09-26 11:51:11,884] {dagbag.py:496} INFO - Filling up the DagBag from /home/airflow/.local/lib/python3.6/site-packages/airflow/example_dags/example_kubernetes_executor_config.py
[2021-09-26 11:51:11,903] {processor.py:623} INFO - DAG(s) dict_keys(['example_kubernetes_executor_config']) retrieved from /home/airflow/.local/lib/python3.6/site-packages/airflow/example_dags/example_kubernetes_executor_config.py
[2021-09-26 11:51:11,934] {logging_mixin.py:109} INFO - [2021-09-26 11:51:11,934] {dag.py:1834} INFO - Sync 1 DAGs
[2021-09-26 11:51:11,953] {logging_mixin.py:109} INFO - [2021-09-26 11:51:11,953] {dag.py:2287} INFO - Setting next_dagrun for example_kubernetes_executor_config to None
[2021-09-26 11:51:11,967] {processor.py:170} INFO - Processing /home/airflow/.local/lib/python3.6/site-packages/airflow/example_dags/example_kubernetes_executor_config.py took 0.095 seconds
[2021-09-26 11:51:42,054] {processor.py:162} INFO - Started process (PID=4602) to work on /home/airflow/.local/lib/python3.6/site-packages/airflow/example_dags/example_kubernetes_executor_config.py
[2021-09-26 11:51:42,057] {processor.py:613} INFO - Processing file /home/airflow/.local/lib/python3.6/site-packages/airflow/example_dags/example_kubernetes_executor_config.py for tasks to queue
[2021-09-26 11:51:42,058] {logging_mixin.py:109} INFO - [2021-09-26 11:51:42,058] {dagbag.py:496} INFO - Filling up the DagBag from /home/airflow/.local/lib/python3.6/site-packages/airflow/example_dags/example_kubernetes_executor_config.py
[2021-09-26 11:51:42,078] {processor.py:623} INFO - DAG(s) dict_keys(['example_kubernetes_executor_config']) retrieved from /home/airflow/.local/lib/python3.6/site-packages/airflow/example_dags/example_kubernetes_executor_config.py
[2021-09-26 11:51:42,112] {logging_mixin.py:109} INFO - [2021-09-26 11:51:42,112] {dag.py:1834} INFO - Sync 1 DAGs
[2021-09-26 11:51:42,132] {logging_mixin.py:109} INFO - [2021-09-26 11:51:42,132] {dag.py:2287} INFO - Setting next_dagrun for example_kubernetes_executor_config to None
[2021-09-26 11:51:42,147] {processor.py:170} INFO - Processing /home/airflow/.local/lib/python3.6/site-packages/airflow/example_dags/example_kubernetes_executor_config.py took 0.098 seconds
[2021-09-26 11:52:12,861] {processor.py:162} INFO - Started process (PID=4672) to work on /home/airflow/.local/lib/python3.6/site-packages/airflow/example_dags/example_kubernetes_executor_config.py
[2021-09-26 11:52:12,864] {processor.py:613} INFO - Processing file /home/airflow/.local/lib/python3.6/site-packages/airflow/example_dags/example_kubernetes_executor_config.py for tasks to queue
[2021-09-26 11:52:12,866] {logging_mixin.py:109} INFO - [2021-09-26 11:52:12,866] {dagbag.py:496} INFO - Filling up the DagBag from /home/airflow/.local/lib/python3.6/site-packages/airflow/example_dags/example_kubernetes_executor_config.py
[2021-09-26 11:52:12,889] {processor.py:623} INFO - DAG(s) dict_keys(['example_kubernetes_executor_config']) retrieved from /home/airflow/.local/lib/python3.6/site-packages/airflow/example_dags/example_kubernetes_executor_config.py
[2021-09-26 11:52:12,919] {logging_mixin.py:109} INFO - [2021-09-26 11:52:12,919] {dag.py:1834} INFO - Sync 1 DAGs
[2021-09-26 11:52:12,936] {logging_mixin.py:109} INFO - [2021-09-26 11:52:12,936] {dag.py:2287} INFO - Setting next_dagrun for example_kubernetes_executor_config to None
[2021-09-26 11:52:12,949] {processor.py:170} INFO - Processing /home/airflow/.local/lib/python3.6/site-packages/airflow/example_dags/example_kubernetes_executor_config.py took 0.094 seconds
[2021-09-26 11:52:43,912] {processor.py:162} INFO - Started process (PID=4728) to work on /home/airflow/.local/lib/python3.6/site-packages/airflow/example_dags/example_kubernetes_executor_config.py
[2021-09-26 11:52:43,915] {processor.py:613} INFO - Processing file /home/airflow/.local/lib/python3.6/site-packages/airflow/example_dags/example_kubernetes_executor_config.py for tasks to queue
[2021-09-26 11:52:43,917] {logging_mixin.py:109} INFO - [2021-09-26 11:52:43,917] {dagbag.py:496} INFO - Filling up the DagBag from /home/airflow/.local/lib/python3.6/site-packages/airflow/example_dags/example_kubernetes_executor_config.py
[2021-09-26 11:52:43,933] {processor.py:623} INFO - DAG(s) dict_keys(['example_kubernetes_executor_config']) retrieved from /home/airflow/.local/lib/python3.6/site-packages/airflow/example_dags/example_kubernetes_executor_config.py
[2021-09-26 11:52:43,960] {logging_mixin.py:109} INFO - [2021-09-26 11:52:43,960] {dag.py:1834} INFO - Sync 1 DAGs
[2021-09-26 11:52:43,976] {logging_mixin.py:109} INFO - [2021-09-26 11:52:43,976] {dag.py:2287} INFO - Setting next_dagrun for example_kubernetes_executor_config to None
[2021-09-26 11:52:43,988] {processor.py:170} INFO - Processing /home/airflow/.local/lib/python3.6/site-packages/airflow/example_dags/example_kubernetes_executor_config.py took 0.080 seconds
[2021-09-26 11:53:14,474] {processor.py:162} INFO - Started process (PID=4798) to work on /home/airflow/.local/lib/python3.6/site-packages/airflow/example_dags/example_kubernetes_executor_config.py
[2021-09-26 11:53:14,478] {processor.py:613} INFO - Processing file /home/airflow/.local/lib/python3.6/site-packages/airflow/example_dags/example_kubernetes_executor_config.py for tasks to queue
[2021-09-26 11:53:14,480] {logging_mixin.py:109} INFO - [2021-09-26 11:53:14,480] {dagbag.py:496} INFO - Filling up the DagBag from /home/airflow/.local/lib/python3.6/site-packages/airflow/example_dags/example_kubernetes_executor_config.py
[2021-09-26 11:53:14,500] {processor.py:623} INFO - DAG(s) dict_keys(['example_kubernetes_executor_config']) retrieved from /home/airflow/.local/lib/python3.6/site-packages/airflow/example_dags/example_kubernetes_executor_config.py
[2021-09-26 11:53:14,531] {logging_mixin.py:109} INFO - [2021-09-26 11:53:14,530] {dag.py:1834} INFO - Sync 1 DAGs
[2021-09-26 11:53:14,546] {logging_mixin.py:109} INFO - [2021-09-26 11:53:14,546] {dag.py:2287} INFO - Setting next_dagrun for example_kubernetes_executor_config to None
[2021-09-26 11:53:14,558] {processor.py:170} INFO - Processing /home/airflow/.local/lib/python3.6/site-packages/airflow/example_dags/example_kubernetes_executor_config.py took 0.088 seconds
[2021-09-26 11:53:45,343] {processor.py:162} INFO - Started process (PID=4854) to work on /home/airflow/.local/lib/python3.6/site-packages/airflow/example_dags/example_kubernetes_executor_config.py
[2021-09-26 11:53:45,346] {processor.py:613} INFO - Processing file /home/airflow/.local/lib/python3.6/site-packages/airflow/example_dags/example_kubernetes_executor_config.py for tasks to queue
[2021-09-26 11:53:45,348] {logging_mixin.py:109} INFO - [2021-09-26 11:53:45,348] {dagbag.py:496} INFO - Filling up the DagBag from /home/airflow/.local/lib/python3.6/site-packages/airflow/example_dags/example_kubernetes_executor_config.py
[2021-09-26 11:53:45,370] {processor.py:623} INFO - DAG(s) dict_keys(['example_kubernetes_executor_config']) retrieved from /home/airflow/.local/lib/python3.6/site-packages/airflow/example_dags/example_kubernetes_executor_config.py
[2021-09-26 11:53:45,414] {logging_mixin.py:109} INFO - [2021-09-26 11:53:45,414] {dag.py:1834} INFO - Sync 1 DAGs
[2021-09-26 11:53:45,434] {logging_mixin.py:109} INFO - [2021-09-26 11:53:45,434] {dag.py:2287} INFO - Setting next_dagrun for example_kubernetes_executor_config to None
[2021-09-26 11:53:45,449] {processor.py:170} INFO - Processing /home/airflow/.local/lib/python3.6/site-packages/airflow/example_dags/example_kubernetes_executor_config.py took 0.110 seconds
[2021-09-26 11:54:15,575] {processor.py:162} INFO - Started process (PID=4921) to work on /home/airflow/.local/lib/python3.6/site-packages/airflow/example_dags/example_kubernetes_executor_config.py
[2021-09-26 11:54:15,578] {processor.py:613} INFO - Processing file /home/airflow/.local/lib/python3.6/site-packages/airflow/example_dags/example_kubernetes_executor_config.py for tasks to queue
[2021-09-26 11:54:15,581] {logging_mixin.py:109} INFO - [2021-09-26 11:54:15,581] {dagbag.py:496} INFO - Filling up the DagBag from /home/airflow/.local/lib/python3.6/site-packages/airflow/example_dags/example_kubernetes_executor_config.py
[2021-09-26 11:54:15,602] {processor.py:623} INFO - DAG(s) dict_keys(['example_kubernetes_executor_config']) retrieved from /home/airflow/.local/lib/python3.6/site-packages/airflow/example_dags/example_kubernetes_executor_config.py
[2021-09-26 11:54:15,645] {logging_mixin.py:109} INFO - [2021-09-26 11:54:15,644] {dag.py:1834} INFO - Sync 1 DAGs
[2021-09-26 11:54:15,677] {logging_mixin.py:109} INFO - [2021-09-26 11:54:15,677] {dag.py:2287} INFO - Setting next_dagrun for example_kubernetes_executor_config to None
[2021-09-26 11:54:15,698] {processor.py:170} INFO - Processing /home/airflow/.local/lib/python3.6/site-packages/airflow/example_dags/example_kubernetes_executor_config.py took 0.127 seconds
[2021-09-26 11:54:46,384] {processor.py:162} INFO - Started process (PID=4988) to work on /home/airflow/.local/lib/python3.6/site-packages/airflow/example_dags/example_kubernetes_executor_config.py
[2021-09-26 11:54:46,389] {processor.py:613} INFO - Processing file /home/airflow/.local/lib/python3.6/site-packages/airflow/example_dags/example_kubernetes_executor_config.py for tasks to queue
[2021-09-26 11:54:46,393] {logging_mixin.py:109} INFO - [2021-09-26 11:54:46,393] {dagbag.py:496} INFO - Filling up the DagBag from /home/airflow/.local/lib/python3.6/site-packages/airflow/example_dags/example_kubernetes_executor_config.py
[2021-09-26 11:54:46,434] {processor.py:623} INFO - DAG(s) dict_keys(['example_kubernetes_executor_config']) retrieved from /home/airflow/.local/lib/python3.6/site-packages/airflow/example_dags/example_kubernetes_executor_config.py
[2021-09-26 11:54:46,503] {logging_mixin.py:109} INFO - [2021-09-26 11:54:46,503] {dag.py:1834} INFO - Sync 1 DAGs
[2021-09-26 11:54:46,526] {logging_mixin.py:109} INFO - [2021-09-26 11:54:46,525] {dag.py:2287} INFO - Setting next_dagrun for example_kubernetes_executor_config to None
[2021-09-26 11:54:46,545] {processor.py:170} INFO - Processing /home/airflow/.local/lib/python3.6/site-packages/airflow/example_dags/example_kubernetes_executor_config.py took 0.166 seconds
[2021-09-26 11:55:16,688] {processor.py:162} INFO - Started process (PID=5046) to work on /home/airflow/.local/lib/python3.6/site-packages/airflow/example_dags/example_kubernetes_executor_config.py
[2021-09-26 11:55:16,691] {processor.py:613} INFO - Processing file /home/airflow/.local/lib/python3.6/site-packages/airflow/example_dags/example_kubernetes_executor_config.py for tasks to queue
[2021-09-26 11:55:16,692] {logging_mixin.py:109} INFO - [2021-09-26 11:55:16,692] {dagbag.py:496} INFO - Filling up the DagBag from /home/airflow/.local/lib/python3.6/site-packages/airflow/example_dags/example_kubernetes_executor_config.py
[2021-09-26 11:55:16,714] {processor.py:623} INFO - DAG(s) dict_keys(['example_kubernetes_executor_config']) retrieved from /home/airflow/.local/lib/python3.6/site-packages/airflow/example_dags/example_kubernetes_executor_config.py
[2021-09-26 11:55:16,747] {logging_mixin.py:109} INFO - [2021-09-26 11:55:16,747] {dag.py:1834} INFO - Sync 1 DAGs
[2021-09-26 11:55:16,765] {logging_mixin.py:109} INFO - [2021-09-26 11:55:16,765] {dag.py:2287} INFO - Setting next_dagrun for example_kubernetes_executor_config to None
[2021-09-26 11:55:16,784] {processor.py:170} INFO - Processing /home/airflow/.local/lib/python3.6/site-packages/airflow/example_dags/example_kubernetes_executor_config.py took 0.101 seconds
[2021-09-26 11:55:46,899] {processor.py:162} INFO - Started process (PID=5103) to work on /home/airflow/.local/lib/python3.6/site-packages/airflow/example_dags/example_kubernetes_executor_config.py
[2021-09-26 11:55:46,901] {processor.py:613} INFO - Processing file /home/airflow/.local/lib/python3.6/site-packages/airflow/example_dags/example_kubernetes_executor_config.py for tasks to queue
[2021-09-26 11:55:46,902] {logging_mixin.py:109} INFO - [2021-09-26 11:55:46,902] {dagbag.py:496} INFO - Filling up the DagBag from /home/airflow/.local/lib/python3.6/site-packages/airflow/example_dags/example_kubernetes_executor_config.py
[2021-09-26 11:55:46,927] {processor.py:623} INFO - DAG(s) dict_keys(['example_kubernetes_executor_config']) retrieved from /home/airflow/.local/lib/python3.6/site-packages/airflow/example_dags/example_kubernetes_executor_config.py
[2021-09-26 11:55:46,985] {logging_mixin.py:109} INFO - [2021-09-26 11:55:46,985] {dag.py:1834} INFO - Sync 1 DAGs
[2021-09-26 11:55:47,037] {logging_mixin.py:109} INFO - [2021-09-26 11:55:47,037] {dag.py:2287} INFO - Setting next_dagrun for example_kubernetes_executor_config to None
[2021-09-26 11:55:47,055] {processor.py:170} INFO - Processing /home/airflow/.local/lib/python3.6/site-packages/airflow/example_dags/example_kubernetes_executor_config.py took 0.160 seconds
[2021-09-26 11:56:17,408] {processor.py:162} INFO - Started process (PID=5173) to work on /home/airflow/.local/lib/python3.6/site-packages/airflow/example_dags/example_kubernetes_executor_config.py
[2021-09-26 11:56:17,412] {processor.py:613} INFO - Processing file /home/airflow/.local/lib/python3.6/site-packages/airflow/example_dags/example_kubernetes_executor_config.py for tasks to queue
[2021-09-26 11:56:17,423] {logging_mixin.py:109} INFO - [2021-09-26 11:56:17,423] {dagbag.py:496} INFO - Filling up the DagBag from /home/airflow/.local/lib/python3.6/site-packages/airflow/example_dags/example_kubernetes_executor_config.py
[2021-09-26 11:56:17,451] {processor.py:623} INFO - DAG(s) dict_keys(['example_kubernetes_executor_config']) retrieved from /home/airflow/.local/lib/python3.6/site-packages/airflow/example_dags/example_kubernetes_executor_config.py
[2021-09-26 11:56:17,484] {logging_mixin.py:109} INFO - [2021-09-26 11:56:17,484] {dag.py:1834} INFO - Sync 1 DAGs
[2021-09-26 11:56:17,502] {logging_mixin.py:109} INFO - [2021-09-26 11:56:17,501] {dag.py:2287} INFO - Setting next_dagrun for example_kubernetes_executor_config to None
[2021-09-26 11:56:17,515] {processor.py:170} INFO - Processing /home/airflow/.local/lib/python3.6/site-packages/airflow/example_dags/example_kubernetes_executor_config.py took 0.111 seconds
[2021-09-26 11:56:47,973] {processor.py:162} INFO - Started process (PID=5240) to work on /home/airflow/.local/lib/python3.6/site-packages/airflow/example_dags/example_kubernetes_executor_config.py
[2021-09-26 11:56:47,976] {processor.py:613} INFO - Processing file /home/airflow/.local/lib/python3.6/site-packages/airflow/example_dags/example_kubernetes_executor_config.py for tasks to queue
[2021-09-26 11:56:47,977] {logging_mixin.py:109} INFO - [2021-09-26 11:56:47,977] {dagbag.py:496} INFO - Filling up the DagBag from /home/airflow/.local/lib/python3.6/site-packages/airflow/example_dags/example_kubernetes_executor_config.py
[2021-09-26 11:56:47,993] {processor.py:623} INFO - DAG(s) dict_keys(['example_kubernetes_executor_config']) retrieved from /home/airflow/.local/lib/python3.6/site-packages/airflow/example_dags/example_kubernetes_executor_config.py
[2021-09-26 11:56:48,019] {logging_mixin.py:109} INFO - [2021-09-26 11:56:48,019] {dag.py:1834} INFO - Sync 1 DAGs
[2021-09-26 11:56:48,038] {logging_mixin.py:109} INFO - [2021-09-26 11:56:48,038] {dag.py:2287} INFO - Setting next_dagrun for example_kubernetes_executor_config to None
[2021-09-26 11:56:48,051] {processor.py:170} INFO - Processing /home/airflow/.local/lib/python3.6/site-packages/airflow/example_dags/example_kubernetes_executor_config.py took 0.082 seconds
[2021-09-26 11:57:18,366] {processor.py:162} INFO - Started process (PID=5297) to work on /home/airflow/.local/lib/python3.6/site-packages/airflow/example_dags/example_kubernetes_executor_config.py
[2021-09-26 11:57:18,370] {processor.py:613} INFO - Processing file /home/airflow/.local/lib/python3.6/site-packages/airflow/example_dags/example_kubernetes_executor_config.py for tasks to queue
[2021-09-26 11:57:18,371] {logging_mixin.py:109} INFO - [2021-09-26 11:57:18,371] {dagbag.py:496} INFO - Filling up the DagBag from /home/airflow/.local/lib/python3.6/site-packages/airflow/example_dags/example_kubernetes_executor_config.py
[2021-09-26 11:57:18,389] {processor.py:623} INFO - DAG(s) dict_keys(['example_kubernetes_executor_config']) retrieved from /home/airflow/.local/lib/python3.6/site-packages/airflow/example_dags/example_kubernetes_executor_config.py
[2021-09-26 11:57:18,418] {logging_mixin.py:109} INFO - [2021-09-26 11:57:18,417] {dag.py:1834} INFO - Sync 1 DAGs
[2021-09-26 11:57:18,435] {logging_mixin.py:109} INFO - [2021-09-26 11:57:18,435] {dag.py:2287} INFO - Setting next_dagrun for example_kubernetes_executor_config to None
[2021-09-26 11:57:18,449] {processor.py:170} INFO - Processing /home/airflow/.local/lib/python3.6/site-packages/airflow/example_dags/example_kubernetes_executor_config.py took 0.089 seconds
[2021-09-26 11:57:49,053] {processor.py:162} INFO - Started process (PID=5365) to work on /home/airflow/.local/lib/python3.6/site-packages/airflow/example_dags/example_kubernetes_executor_config.py
[2021-09-26 11:57:49,058] {processor.py:613} INFO - Processing file /home/airflow/.local/lib/python3.6/site-packages/airflow/example_dags/example_kubernetes_executor_config.py for tasks to queue
[2021-09-26 11:57:49,061] {logging_mixin.py:109} INFO - [2021-09-26 11:57:49,061] {dagbag.py:496} INFO - Filling up the DagBag from /home/airflow/.local/lib/python3.6/site-packages/airflow/example_dags/example_kubernetes_executor_config.py
[2021-09-26 11:57:49,084] {processor.py:623} INFO - DAG(s) dict_keys(['example_kubernetes_executor_config']) retrieved from /home/airflow/.local/lib/python3.6/site-packages/airflow/example_dags/example_kubernetes_executor_config.py
[2021-09-26 11:57:49,129] {logging_mixin.py:109} INFO - [2021-09-26 11:57:49,129] {dag.py:1834} INFO - Sync 1 DAGs
[2021-09-26 11:57:49,159] {logging_mixin.py:109} INFO - [2021-09-26 11:57:49,159] {dag.py:2287} INFO - Setting next_dagrun for example_kubernetes_executor_config to None
[2021-09-26 11:57:49,171] {processor.py:170} INFO - Processing /home/airflow/.local/lib/python3.6/site-packages/airflow/example_dags/example_kubernetes_executor_config.py took 0.123 seconds
[2021-09-26 11:58:19,261] {processor.py:162} INFO - Started process (PID=5424) to work on /home/airflow/.local/lib/python3.6/site-packages/airflow/example_dags/example_kubernetes_executor_config.py
[2021-09-26 11:58:19,263] {processor.py:613} INFO - Processing file /home/airflow/.local/lib/python3.6/site-packages/airflow/example_dags/example_kubernetes_executor_config.py for tasks to queue
[2021-09-26 11:58:19,264] {logging_mixin.py:109} INFO - [2021-09-26 11:58:19,264] {dagbag.py:496} INFO - Filling up the DagBag from /home/airflow/.local/lib/python3.6/site-packages/airflow/example_dags/example_kubernetes_executor_config.py
[2021-09-26 11:58:19,279] {processor.py:623} INFO - DAG(s) dict_keys(['example_kubernetes_executor_config']) retrieved from /home/airflow/.local/lib/python3.6/site-packages/airflow/example_dags/example_kubernetes_executor_config.py
[2021-09-26 11:58:19,304] {logging_mixin.py:109} INFO - [2021-09-26 11:58:19,304] {dag.py:1834} INFO - Sync 1 DAGs
[2021-09-26 11:58:19,319] {logging_mixin.py:109} INFO - [2021-09-26 11:58:19,319] {dag.py:2287} INFO - Setting next_dagrun for example_kubernetes_executor_config to None
[2021-09-26 11:58:19,329] {processor.py:170} INFO - Processing /home/airflow/.local/lib/python3.6/site-packages/airflow/example_dags/example_kubernetes_executor_config.py took 0.072 seconds
[2021-09-26 11:58:49,658] {processor.py:162} INFO - Started process (PID=5492) to work on /home/airflow/.local/lib/python3.6/site-packages/airflow/example_dags/example_kubernetes_executor_config.py
[2021-09-26 11:58:49,660] {processor.py:613} INFO - Processing file /home/airflow/.local/lib/python3.6/site-packages/airflow/example_dags/example_kubernetes_executor_config.py for tasks to queue
[2021-09-26 11:58:49,664] {logging_mixin.py:109} INFO - [2021-09-26 11:58:49,664] {dagbag.py:496} INFO - Filling up the DagBag from /home/airflow/.local/lib/python3.6/site-packages/airflow/example_dags/example_kubernetes_executor_config.py
[2021-09-26 11:58:49,691] {processor.py:623} INFO - DAG(s) dict_keys(['example_kubernetes_executor_config']) retrieved from /home/airflow/.local/lib/python3.6/site-packages/airflow/example_dags/example_kubernetes_executor_config.py
[2021-09-26 11:58:49,732] {logging_mixin.py:109} INFO - [2021-09-26 11:58:49,732] {dag.py:1834} INFO - Sync 1 DAGs
[2021-09-26 11:58:49,759] {logging_mixin.py:109} INFO - [2021-09-26 11:58:49,759] {dag.py:2287} INFO - Setting next_dagrun for example_kubernetes_executor_config to None
[2021-09-26 11:58:49,779] {processor.py:170} INFO - Processing /home/airflow/.local/lib/python3.6/site-packages/airflow/example_dags/example_kubernetes_executor_config.py took 0.137 seconds
[2021-09-26 11:59:20,393] {processor.py:162} INFO - Started process (PID=5562) to work on /home/airflow/.local/lib/python3.6/site-packages/airflow/example_dags/example_kubernetes_executor_config.py
[2021-09-26 11:59:20,397] {processor.py:613} INFO - Processing file /home/airflow/.local/lib/python3.6/site-packages/airflow/example_dags/example_kubernetes_executor_config.py for tasks to queue
[2021-09-26 11:59:20,399] {logging_mixin.py:109} INFO - [2021-09-26 11:59:20,399] {dagbag.py:496} INFO - Filling up the DagBag from /home/airflow/.local/lib/python3.6/site-packages/airflow/example_dags/example_kubernetes_executor_config.py
[2021-09-26 11:59:20,417] {processor.py:623} INFO - DAG(s) dict_keys(['example_kubernetes_executor_config']) retrieved from /home/airflow/.local/lib/python3.6/site-packages/airflow/example_dags/example_kubernetes_executor_config.py
[2021-09-26 11:59:20,442] {logging_mixin.py:109} INFO - [2021-09-26 11:59:20,441] {dag.py:1834} INFO - Sync 1 DAGs
[2021-09-26 11:59:20,456] {logging_mixin.py:109} INFO - [2021-09-26 11:59:20,456] {dag.py:2287} INFO - Setting next_dagrun for example_kubernetes_executor_config to None
[2021-09-26 11:59:20,467] {processor.py:170} INFO - Processing /home/airflow/.local/lib/python3.6/site-packages/airflow/example_dags/example_kubernetes_executor_config.py took 0.090 seconds
[2021-09-26 11:59:50,729] {processor.py:162} INFO - Started process (PID=5619) to work on /home/airflow/.local/lib/python3.6/site-packages/airflow/example_dags/example_kubernetes_executor_config.py
[2021-09-26 11:59:50,731] {processor.py:613} INFO - Processing file /home/airflow/.local/lib/python3.6/site-packages/airflow/example_dags/example_kubernetes_executor_config.py for tasks to queue
[2021-09-26 11:59:50,732] {logging_mixin.py:109} INFO - [2021-09-26 11:59:50,732] {dagbag.py:496} INFO - Filling up the DagBag from /home/airflow/.local/lib/python3.6/site-packages/airflow/example_dags/example_kubernetes_executor_config.py
[2021-09-26 11:59:50,748] {processor.py:623} INFO - DAG(s) dict_keys(['example_kubernetes_executor_config']) retrieved from /home/airflow/.local/lib/python3.6/site-packages/airflow/example_dags/example_kubernetes_executor_config.py
[2021-09-26 11:59:50,775] {logging_mixin.py:109} INFO - [2021-09-26 11:59:50,775] {dag.py:1834} INFO - Sync 1 DAGs
[2021-09-26 11:59:50,790] {logging_mixin.py:109} INFO - [2021-09-26 11:59:50,790] {dag.py:2287} INFO - Setting next_dagrun for example_kubernetes_executor_config to None
[2021-09-26 11:59:50,801] {processor.py:170} INFO - Processing /home/airflow/.local/lib/python3.6/site-packages/airflow/example_dags/example_kubernetes_executor_config.py took 0.076 seconds
[2021-09-26 12:00:21,394] {processor.py:162} INFO - Started process (PID=5688) to work on /home/airflow/.local/lib/python3.6/site-packages/airflow/example_dags/example_kubernetes_executor_config.py
[2021-09-26 12:00:21,397] {processor.py:613} INFO - Processing file /home/airflow/.local/lib/python3.6/site-packages/airflow/example_dags/example_kubernetes_executor_config.py for tasks to queue
[2021-09-26 12:00:21,398] {logging_mixin.py:109} INFO - [2021-09-26 12:00:21,398] {dagbag.py:496} INFO - Filling up the DagBag from /home/airflow/.local/lib/python3.6/site-packages/airflow/example_dags/example_kubernetes_executor_config.py
[2021-09-26 12:00:21,414] {processor.py:623} INFO - DAG(s) dict_keys(['example_kubernetes_executor_config']) retrieved from /home/airflow/.local/lib/python3.6/site-packages/airflow/example_dags/example_kubernetes_executor_config.py
[2021-09-26 12:00:21,440] {logging_mixin.py:109} INFO - [2021-09-26 12:00:21,440] {dag.py:1834} INFO - Sync 1 DAGs
[2021-09-26 12:00:21,456] {logging_mixin.py:109} INFO - [2021-09-26 12:00:21,456] {dag.py:2287} INFO - Setting next_dagrun for example_kubernetes_executor_config to None
[2021-09-26 12:00:21,467] {processor.py:170} INFO - Processing /home/airflow/.local/lib/python3.6/site-packages/airflow/example_dags/example_kubernetes_executor_config.py took 0.076 seconds
[2021-09-26 12:00:51,763] {processor.py:162} INFO - Started process (PID=5745) to work on /home/airflow/.local/lib/python3.6/site-packages/airflow/example_dags/example_kubernetes_executor_config.py
[2021-09-26 12:00:51,765] {processor.py:613} INFO - Processing file /home/airflow/.local/lib/python3.6/site-packages/airflow/example_dags/example_kubernetes_executor_config.py for tasks to queue
[2021-09-26 12:00:51,767] {logging_mixin.py:109} INFO - [2021-09-26 12:00:51,766] {dagbag.py:496} INFO - Filling up the DagBag from /home/airflow/.local/lib/python3.6/site-packages/airflow/example_dags/example_kubernetes_executor_config.py
[2021-09-26 12:00:51,781] {processor.py:623} INFO - DAG(s) dict_keys(['example_kubernetes_executor_config']) retrieved from /home/airflow/.local/lib/python3.6/site-packages/airflow/example_dags/example_kubernetes_executor_config.py
[2021-09-26 12:00:51,808] {logging_mixin.py:109} INFO - [2021-09-26 12:00:51,808] {dag.py:1834} INFO - Sync 1 DAGs
[2021-09-26 12:00:51,822] {logging_mixin.py:109} INFO - [2021-09-26 12:00:51,822] {dag.py:2287} INFO - Setting next_dagrun for example_kubernetes_executor_config to None
[2021-09-26 12:00:51,834] {processor.py:170} INFO - Processing /home/airflow/.local/lib/python3.6/site-packages/airflow/example_dags/example_kubernetes_executor_config.py took 0.074 seconds
[2021-09-26 12:01:22,311] {processor.py:162} INFO - Started process (PID=5813) to work on /home/airflow/.local/lib/python3.6/site-packages/airflow/example_dags/example_kubernetes_executor_config.py
[2021-09-26 12:01:22,313] {processor.py:613} INFO - Processing file /home/airflow/.local/lib/python3.6/site-packages/airflow/example_dags/example_kubernetes_executor_config.py for tasks to queue
[2021-09-26 12:01:22,314] {logging_mixin.py:109} INFO - [2021-09-26 12:01:22,314] {dagbag.py:496} INFO - Filling up the DagBag from /home/airflow/.local/lib/python3.6/site-packages/airflow/example_dags/example_kubernetes_executor_config.py
[2021-09-26 12:01:22,332] {processor.py:623} INFO - DAG(s) dict_keys(['example_kubernetes_executor_config']) retrieved from /home/airflow/.local/lib/python3.6/site-packages/airflow/example_dags/example_kubernetes_executor_config.py
[2021-09-26 12:01:22,360] {logging_mixin.py:109} INFO - [2021-09-26 12:01:22,360] {dag.py:1834} INFO - Sync 1 DAGs
[2021-09-26 12:01:22,375] {logging_mixin.py:109} INFO - [2021-09-26 12:01:22,375] {dag.py:2287} INFO - Setting next_dagrun for example_kubernetes_executor_config to None
[2021-09-26 12:01:22,387] {processor.py:170} INFO - Processing /home/airflow/.local/lib/python3.6/site-packages/airflow/example_dags/example_kubernetes_executor_config.py took 0.081 seconds
[2021-09-26 12:01:53,103] {processor.py:162} INFO - Started process (PID=5883) to work on /home/airflow/.local/lib/python3.6/site-packages/airflow/example_dags/example_kubernetes_executor_config.py
[2021-09-26 12:01:53,112] {processor.py:613} INFO - Processing file /home/airflow/.local/lib/python3.6/site-packages/airflow/example_dags/example_kubernetes_executor_config.py for tasks to queue
[2021-09-26 12:01:53,115] {logging_mixin.py:109} INFO - [2021-09-26 12:01:53,114] {dagbag.py:496} INFO - Filling up the DagBag from /home/airflow/.local/lib/python3.6/site-packages/airflow/example_dags/example_kubernetes_executor_config.py
[2021-09-26 12:01:53,150] {processor.py:623} INFO - DAG(s) dict_keys(['example_kubernetes_executor_config']) retrieved from /home/airflow/.local/lib/python3.6/site-packages/airflow/example_dags/example_kubernetes_executor_config.py
[2021-09-26 12:01:53,194] {logging_mixin.py:109} INFO - [2021-09-26 12:01:53,194] {dag.py:1834} INFO - Sync 1 DAGs
[2021-09-26 12:01:53,213] {logging_mixin.py:109} INFO - [2021-09-26 12:01:53,212] {dag.py:2287} INFO - Setting next_dagrun for example_kubernetes_executor_config to None
[2021-09-26 12:01:53,229] {processor.py:170} INFO - Processing /home/airflow/.local/lib/python3.6/site-packages/airflow/example_dags/example_kubernetes_executor_config.py took 0.137 seconds
[2021-09-26 12:02:24,167] {processor.py:162} INFO - Started process (PID=5939) to work on /home/airflow/.local/lib/python3.6/site-packages/airflow/example_dags/example_kubernetes_executor_config.py
[2021-09-26 12:02:24,171] {processor.py:613} INFO - Processing file /home/airflow/.local/lib/python3.6/site-packages/airflow/example_dags/example_kubernetes_executor_config.py for tasks to queue
[2021-09-26 12:02:24,174] {logging_mixin.py:109} INFO - [2021-09-26 12:02:24,173] {dagbag.py:496} INFO - Filling up the DagBag from /home/airflow/.local/lib/python3.6/site-packages/airflow/example_dags/example_kubernetes_executor_config.py
[2021-09-26 12:02:24,195] {processor.py:623} INFO - DAG(s) dict_keys(['example_kubernetes_executor_config']) retrieved from /home/airflow/.local/lib/python3.6/site-packages/airflow/example_dags/example_kubernetes_executor_config.py
[2021-09-26 12:02:24,224] {logging_mixin.py:109} INFO - [2021-09-26 12:02:24,224] {dag.py:1834} INFO - Sync 1 DAGs
[2021-09-26 12:02:24,244] {logging_mixin.py:109} INFO - [2021-09-26 12:02:24,244] {dag.py:2287} INFO - Setting next_dagrun for example_kubernetes_executor_config to None
[2021-09-26 12:02:24,260] {processor.py:170} INFO - Processing /home/airflow/.local/lib/python3.6/site-packages/airflow/example_dags/example_kubernetes_executor_config.py took 0.103 seconds
[2021-09-26 12:02:54,566] {processor.py:162} INFO - Started process (PID=6008) to work on /home/airflow/.local/lib/python3.6/site-packages/airflow/example_dags/example_kubernetes_executor_config.py
[2021-09-26 12:02:54,568] {processor.py:613} INFO - Processing file /home/airflow/.local/lib/python3.6/site-packages/airflow/example_dags/example_kubernetes_executor_config.py for tasks to queue
[2021-09-26 12:02:54,570] {logging_mixin.py:109} INFO - [2021-09-26 12:02:54,570] {dagbag.py:496} INFO - Filling up the DagBag from /home/airflow/.local/lib/python3.6/site-packages/airflow/example_dags/example_kubernetes_executor_config.py
[2021-09-26 12:02:54,589] {processor.py:623} INFO - DAG(s) dict_keys(['example_kubernetes_executor_config']) retrieved from /home/airflow/.local/lib/python3.6/site-packages/airflow/example_dags/example_kubernetes_executor_config.py
[2021-09-26 12:02:54,619] {logging_mixin.py:109} INFO - [2021-09-26 12:02:54,619] {dag.py:1834} INFO - Sync 1 DAGs
[2021-09-26 12:02:54,636] {logging_mixin.py:109} INFO - [2021-09-26 12:02:54,635] {dag.py:2287} INFO - Setting next_dagrun for example_kubernetes_executor_config to None
[2021-09-26 12:02:54,652] {processor.py:170} INFO - Processing /home/airflow/.local/lib/python3.6/site-packages/airflow/example_dags/example_kubernetes_executor_config.py took 0.091 seconds
[2021-09-26 12:03:24,936] {processor.py:162} INFO - Started process (PID=6074) to work on /home/airflow/.local/lib/python3.6/site-packages/airflow/example_dags/example_kubernetes_executor_config.py
[2021-09-26 12:03:24,941] {processor.py:613} INFO - Processing file /home/airflow/.local/lib/python3.6/site-packages/airflow/example_dags/example_kubernetes_executor_config.py for tasks to queue
[2021-09-26 12:03:24,945] {logging_mixin.py:109} INFO - [2021-09-26 12:03:24,944] {dagbag.py:496} INFO - Filling up the DagBag from /home/airflow/.local/lib/python3.6/site-packages/airflow/example_dags/example_kubernetes_executor_config.py
[2021-09-26 12:03:24,979] {processor.py:623} INFO - DAG(s) dict_keys(['example_kubernetes_executor_config']) retrieved from /home/airflow/.local/lib/python3.6/site-packages/airflow/example_dags/example_kubernetes_executor_config.py
[2021-09-26 12:03:25,023] {logging_mixin.py:109} INFO - [2021-09-26 12:03:25,023] {dag.py:1834} INFO - Sync 1 DAGs
[2021-09-26 12:03:25,048] {logging_mixin.py:109} INFO - [2021-09-26 12:03:25,047] {dag.py:2287} INFO - Setting next_dagrun for example_kubernetes_executor_config to None
[2021-09-26 12:03:25,072] {processor.py:170} INFO - Processing /home/airflow/.local/lib/python3.6/site-packages/airflow/example_dags/example_kubernetes_executor_config.py took 0.145 seconds
[2021-09-26 12:03:55,438] {processor.py:162} INFO - Started process (PID=6132) to work on /home/airflow/.local/lib/python3.6/site-packages/airflow/example_dags/example_kubernetes_executor_config.py
[2021-09-26 12:03:55,441] {processor.py:613} INFO - Processing file /home/airflow/.local/lib/python3.6/site-packages/airflow/example_dags/example_kubernetes_executor_config.py for tasks to queue
[2021-09-26 12:03:55,444] {logging_mixin.py:109} INFO - [2021-09-26 12:03:55,443] {dagbag.py:496} INFO - Filling up the DagBag from /home/airflow/.local/lib/python3.6/site-packages/airflow/example_dags/example_kubernetes_executor_config.py
[2021-09-26 12:03:55,466] {processor.py:623} INFO - DAG(s) dict_keys(['example_kubernetes_executor_config']) retrieved from /home/airflow/.local/lib/python3.6/site-packages/airflow/example_dags/example_kubernetes_executor_config.py
[2021-09-26 12:03:55,508] {logging_mixin.py:109} INFO - [2021-09-26 12:03:55,508] {dag.py:1834} INFO - Sync 1 DAGs
[2021-09-26 12:03:55,525] {logging_mixin.py:109} INFO - [2021-09-26 12:03:55,525] {dag.py:2287} INFO - Setting next_dagrun for example_kubernetes_executor_config to None
[2021-09-26 12:03:55,537] {processor.py:170} INFO - Processing /home/airflow/.local/lib/python3.6/site-packages/airflow/example_dags/example_kubernetes_executor_config.py took 0.104 seconds
[2021-09-26 12:04:25,983] {processor.py:162} INFO - Started process (PID=6202) to work on /home/airflow/.local/lib/python3.6/site-packages/airflow/example_dags/example_kubernetes_executor_config.py
[2021-09-26 12:04:25,986] {processor.py:613} INFO - Processing file /home/airflow/.local/lib/python3.6/site-packages/airflow/example_dags/example_kubernetes_executor_config.py for tasks to queue
[2021-09-26 12:04:25,988] {logging_mixin.py:109} INFO - [2021-09-26 12:04:25,988] {dagbag.py:496} INFO - Filling up the DagBag from /home/airflow/.local/lib/python3.6/site-packages/airflow/example_dags/example_kubernetes_executor_config.py
[2021-09-26 12:04:26,007] {processor.py:623} INFO - DAG(s) dict_keys(['example_kubernetes_executor_config']) retrieved from /home/airflow/.local/lib/python3.6/site-packages/airflow/example_dags/example_kubernetes_executor_config.py
[2021-09-26 12:04:26,037] {logging_mixin.py:109} INFO - [2021-09-26 12:04:26,036] {dag.py:1834} INFO - Sync 1 DAGs
[2021-09-26 12:04:26,058] {logging_mixin.py:109} INFO - [2021-09-26 12:04:26,058] {dag.py:2287} INFO - Setting next_dagrun for example_kubernetes_executor_config to None
[2021-09-26 12:04:26,076] {processor.py:170} INFO - Processing /home/airflow/.local/lib/python3.6/site-packages/airflow/example_dags/example_kubernetes_executor_config.py took 0.102 seconds
[2021-09-26 12:04:56,222] {processor.py:162} INFO - Started process (PID=6258) to work on /home/airflow/.local/lib/python3.6/site-packages/airflow/example_dags/example_kubernetes_executor_config.py
[2021-09-26 12:04:56,224] {processor.py:613} INFO - Processing file /home/airflow/.local/lib/python3.6/site-packages/airflow/example_dags/example_kubernetes_executor_config.py for tasks to queue
[2021-09-26 12:04:56,226] {logging_mixin.py:109} INFO - [2021-09-26 12:04:56,226] {dagbag.py:496} INFO - Filling up the DagBag from /home/airflow/.local/lib/python3.6/site-packages/airflow/example_dags/example_kubernetes_executor_config.py
[2021-09-26 12:04:56,243] {processor.py:623} INFO - DAG(s) dict_keys(['example_kubernetes_executor_config']) retrieved from /home/airflow/.local/lib/python3.6/site-packages/airflow/example_dags/example_kubernetes_executor_config.py
[2021-09-26 12:04:56,279] {logging_mixin.py:109} INFO - [2021-09-26 12:04:56,278] {dag.py:1834} INFO - Sync 1 DAGs
[2021-09-26 12:04:56,299] {logging_mixin.py:109} INFO - [2021-09-26 12:04:56,299] {dag.py:2287} INFO - Setting next_dagrun for example_kubernetes_executor_config to None
[2021-09-26 12:04:56,308] {processor.py:170} INFO - Processing /home/airflow/.local/lib/python3.6/site-packages/airflow/example_dags/example_kubernetes_executor_config.py took 0.090 seconds
[2021-09-26 12:05:26,474] {processor.py:162} INFO - Started process (PID=6329) to work on /home/airflow/.local/lib/python3.6/site-packages/airflow/example_dags/example_kubernetes_executor_config.py
[2021-09-26 12:05:26,477] {processor.py:613} INFO - Processing file /home/airflow/.local/lib/python3.6/site-packages/airflow/example_dags/example_kubernetes_executor_config.py for tasks to queue
[2021-09-26 12:05:26,478] {logging_mixin.py:109} INFO - [2021-09-26 12:05:26,478] {dagbag.py:496} INFO - Filling up the DagBag from /home/airflow/.local/lib/python3.6/site-packages/airflow/example_dags/example_kubernetes_executor_config.py
[2021-09-26 12:05:26,497] {processor.py:623} INFO - DAG(s) dict_keys(['example_kubernetes_executor_config']) retrieved from /home/airflow/.local/lib/python3.6/site-packages/airflow/example_dags/example_kubernetes_executor_config.py
[2021-09-26 12:05:26,526] {logging_mixin.py:109} INFO - [2021-09-26 12:05:26,526] {dag.py:1834} INFO - Sync 1 DAGs
[2021-09-26 12:05:26,546] {logging_mixin.py:109} INFO - [2021-09-26 12:05:26,546] {dag.py:2287} INFO - Setting next_dagrun for example_kubernetes_executor_config to None
[2021-09-26 12:05:26,563] {processor.py:170} INFO - Processing /home/airflow/.local/lib/python3.6/site-packages/airflow/example_dags/example_kubernetes_executor_config.py took 0.094 seconds
[2021-09-26 12:05:57,091] {processor.py:162} INFO - Started process (PID=6389) to work on /home/airflow/.local/lib/python3.6/site-packages/airflow/example_dags/example_kubernetes_executor_config.py
[2021-09-26 12:05:57,093] {processor.py:613} INFO - Processing file /home/airflow/.local/lib/python3.6/site-packages/airflow/example_dags/example_kubernetes_executor_config.py for tasks to queue
[2021-09-26 12:05:57,095] {logging_mixin.py:109} INFO - [2021-09-26 12:05:57,095] {dagbag.py:496} INFO - Filling up the DagBag from /home/airflow/.local/lib/python3.6/site-packages/airflow/example_dags/example_kubernetes_executor_config.py
[2021-09-26 12:05:57,114] {processor.py:623} INFO - DAG(s) dict_keys(['example_kubernetes_executor_config']) retrieved from /home/airflow/.local/lib/python3.6/site-packages/airflow/example_dags/example_kubernetes_executor_config.py
[2021-09-26 12:05:57,147] {logging_mixin.py:109} INFO - [2021-09-26 12:05:57,147] {dag.py:1834} INFO - Sync 1 DAGs
[2021-09-26 12:05:57,172] {logging_mixin.py:109} INFO - [2021-09-26 12:05:57,172] {dag.py:2287} INFO - Setting next_dagrun for example_kubernetes_executor_config to None
[2021-09-26 12:05:57,187] {processor.py:170} INFO - Processing /home/airflow/.local/lib/python3.6/site-packages/airflow/example_dags/example_kubernetes_executor_config.py took 0.100 seconds
