[2021-09-26 11:46:57,969] {processor.py:162} INFO - Started process (PID=4018) to work on /home/airflow/.local/lib/python3.6/site-packages/airflow/example_dags/example_skip_dag.py
[2021-09-26 11:46:57,975] {processor.py:613} INFO - Processing file /home/airflow/.local/lib/python3.6/site-packages/airflow/example_dags/example_skip_dag.py for tasks to queue
[2021-09-26 11:46:57,980] {logging_mixin.py:109} INFO - [2021-09-26 11:46:57,980] {dagbag.py:496} INFO - Filling up the DagBag from /home/airflow/.local/lib/python3.6/site-packages/airflow/example_dags/example_skip_dag.py
[2021-09-26 11:46:58,007] {processor.py:623} INFO - DAG(s) dict_keys(['example_skip_dag']) retrieved from /home/airflow/.local/lib/python3.6/site-packages/airflow/example_dags/example_skip_dag.py
[2021-09-26 11:46:58,048] {logging_mixin.py:109} INFO - [2021-09-26 11:46:58,048] {dag.py:1834} INFO - Sync 1 DAGs
[2021-09-26 11:46:58,069] {logging_mixin.py:109} INFO - [2021-09-26 11:46:58,069] {dag.py:2287} INFO - Setting next_dagrun for example_skip_dag to 2021-09-24 00:00:00+00:00
[2021-09-26 11:46:58,088] {processor.py:170} INFO - Processing /home/airflow/.local/lib/python3.6/site-packages/airflow/example_dags/example_skip_dag.py took 0.139 seconds
[2021-09-26 11:47:28,333] {processor.py:162} INFO - Started process (PID=4073) to work on /home/airflow/.local/lib/python3.6/site-packages/airflow/example_dags/example_skip_dag.py
[2021-09-26 11:47:28,341] {processor.py:613} INFO - Processing file /home/airflow/.local/lib/python3.6/site-packages/airflow/example_dags/example_skip_dag.py for tasks to queue
[2021-09-26 11:47:28,345] {logging_mixin.py:109} INFO - [2021-09-26 11:47:28,344] {dagbag.py:496} INFO - Filling up the DagBag from /home/airflow/.local/lib/python3.6/site-packages/airflow/example_dags/example_skip_dag.py
[2021-09-26 11:47:28,376] {processor.py:623} INFO - DAG(s) dict_keys(['example_skip_dag']) retrieved from /home/airflow/.local/lib/python3.6/site-packages/airflow/example_dags/example_skip_dag.py
[2021-09-26 11:47:28,432] {logging_mixin.py:109} INFO - [2021-09-26 11:47:28,431] {dag.py:1834} INFO - Sync 1 DAGs
[2021-09-26 11:47:28,471] {logging_mixin.py:109} INFO - [2021-09-26 11:47:28,471] {dag.py:2287} INFO - Setting next_dagrun for example_skip_dag to 2021-09-24 00:00:00+00:00
[2021-09-26 11:47:28,486] {processor.py:170} INFO - Processing /home/airflow/.local/lib/python3.6/site-packages/airflow/example_dags/example_skip_dag.py took 0.193 seconds
[2021-09-26 11:47:58,685] {processor.py:162} INFO - Started process (PID=4141) to work on /home/airflow/.local/lib/python3.6/site-packages/airflow/example_dags/example_skip_dag.py
[2021-09-26 11:47:58,688] {processor.py:613} INFO - Processing file /home/airflow/.local/lib/python3.6/site-packages/airflow/example_dags/example_skip_dag.py for tasks to queue
[2021-09-26 11:47:58,690] {logging_mixin.py:109} INFO - [2021-09-26 11:47:58,690] {dagbag.py:496} INFO - Filling up the DagBag from /home/airflow/.local/lib/python3.6/site-packages/airflow/example_dags/example_skip_dag.py
[2021-09-26 11:47:58,707] {processor.py:623} INFO - DAG(s) dict_keys(['example_skip_dag']) retrieved from /home/airflow/.local/lib/python3.6/site-packages/airflow/example_dags/example_skip_dag.py
[2021-09-26 11:47:58,742] {logging_mixin.py:109} INFO - [2021-09-26 11:47:58,742] {dag.py:1834} INFO - Sync 1 DAGs
[2021-09-26 11:47:58,762] {logging_mixin.py:109} INFO - [2021-09-26 11:47:58,762] {dag.py:2287} INFO - Setting next_dagrun for example_skip_dag to 2021-09-24 00:00:00+00:00
[2021-09-26 11:47:58,779] {processor.py:170} INFO - Processing /home/airflow/.local/lib/python3.6/site-packages/airflow/example_dags/example_skip_dag.py took 0.099 seconds
[2021-09-26 11:48:28,844] {processor.py:162} INFO - Started process (PID=4200) to work on /home/airflow/.local/lib/python3.6/site-packages/airflow/example_dags/example_skip_dag.py
[2021-09-26 11:48:28,848] {processor.py:613} INFO - Processing file /home/airflow/.local/lib/python3.6/site-packages/airflow/example_dags/example_skip_dag.py for tasks to queue
[2021-09-26 11:48:28,853] {logging_mixin.py:109} INFO - [2021-09-26 11:48:28,852] {dagbag.py:496} INFO - Filling up the DagBag from /home/airflow/.local/lib/python3.6/site-packages/airflow/example_dags/example_skip_dag.py
[2021-09-26 11:48:28,893] {processor.py:623} INFO - DAG(s) dict_keys(['example_skip_dag']) retrieved from /home/airflow/.local/lib/python3.6/site-packages/airflow/example_dags/example_skip_dag.py
[2021-09-26 11:48:28,932] {logging_mixin.py:109} INFO - [2021-09-26 11:48:28,932] {dag.py:1834} INFO - Sync 1 DAGs
[2021-09-26 11:48:28,953] {logging_mixin.py:109} INFO - [2021-09-26 11:48:28,952] {dag.py:2287} INFO - Setting next_dagrun for example_skip_dag to 2021-09-24 00:00:00+00:00
[2021-09-26 11:48:28,974] {processor.py:170} INFO - Processing /home/airflow/.local/lib/python3.6/site-packages/airflow/example_dags/example_skip_dag.py took 0.136 seconds
[2021-09-26 11:48:59,150] {processor.py:162} INFO - Started process (PID=4256) to work on /home/airflow/.local/lib/python3.6/site-packages/airflow/example_dags/example_skip_dag.py
[2021-09-26 11:48:59,152] {processor.py:613} INFO - Processing file /home/airflow/.local/lib/python3.6/site-packages/airflow/example_dags/example_skip_dag.py for tasks to queue
[2021-09-26 11:48:59,154] {logging_mixin.py:109} INFO - [2021-09-26 11:48:59,154] {dagbag.py:496} INFO - Filling up the DagBag from /home/airflow/.local/lib/python3.6/site-packages/airflow/example_dags/example_skip_dag.py
[2021-09-26 11:48:59,171] {processor.py:623} INFO - DAG(s) dict_keys(['example_skip_dag']) retrieved from /home/airflow/.local/lib/python3.6/site-packages/airflow/example_dags/example_skip_dag.py
[2021-09-26 11:48:59,202] {logging_mixin.py:109} INFO - [2021-09-26 11:48:59,202] {dag.py:1834} INFO - Sync 1 DAGs
[2021-09-26 11:48:59,220] {logging_mixin.py:109} INFO - [2021-09-26 11:48:59,220] {dag.py:2287} INFO - Setting next_dagrun for example_skip_dag to 2021-09-24 00:00:00+00:00
[2021-09-26 11:48:59,240] {processor.py:170} INFO - Processing /home/airflow/.local/lib/python3.6/site-packages/airflow/example_dags/example_skip_dag.py took 0.094 seconds
[2021-09-26 11:49:29,790] {processor.py:162} INFO - Started process (PID=4325) to work on /home/airflow/.local/lib/python3.6/site-packages/airflow/example_dags/example_skip_dag.py
[2021-09-26 11:49:29,793] {processor.py:613} INFO - Processing file /home/airflow/.local/lib/python3.6/site-packages/airflow/example_dags/example_skip_dag.py for tasks to queue
[2021-09-26 11:49:29,795] {logging_mixin.py:109} INFO - [2021-09-26 11:49:29,794] {dagbag.py:496} INFO - Filling up the DagBag from /home/airflow/.local/lib/python3.6/site-packages/airflow/example_dags/example_skip_dag.py
[2021-09-26 11:49:29,807] {processor.py:623} INFO - DAG(s) dict_keys(['example_skip_dag']) retrieved from /home/airflow/.local/lib/python3.6/site-packages/airflow/example_dags/example_skip_dag.py
[2021-09-26 11:49:29,832] {logging_mixin.py:109} INFO - [2021-09-26 11:49:29,832] {dag.py:1834} INFO - Sync 1 DAGs
[2021-09-26 11:49:29,848] {logging_mixin.py:109} INFO - [2021-09-26 11:49:29,848] {dag.py:2287} INFO - Setting next_dagrun for example_skip_dag to 2021-09-24 00:00:00+00:00
[2021-09-26 11:49:29,862] {processor.py:170} INFO - Processing /home/airflow/.local/lib/python3.6/site-packages/airflow/example_dags/example_skip_dag.py took 0.077 seconds
[2021-09-26 11:50:00,639] {processor.py:162} INFO - Started process (PID=4396) to work on /home/airflow/.local/lib/python3.6/site-packages/airflow/example_dags/example_skip_dag.py
[2021-09-26 11:50:00,643] {processor.py:613} INFO - Processing file /home/airflow/.local/lib/python3.6/site-packages/airflow/example_dags/example_skip_dag.py for tasks to queue
[2021-09-26 11:50:00,647] {logging_mixin.py:109} INFO - [2021-09-26 11:50:00,646] {dagbag.py:496} INFO - Filling up the DagBag from /home/airflow/.local/lib/python3.6/site-packages/airflow/example_dags/example_skip_dag.py
[2021-09-26 11:50:00,674] {processor.py:623} INFO - DAG(s) dict_keys(['example_skip_dag']) retrieved from /home/airflow/.local/lib/python3.6/site-packages/airflow/example_dags/example_skip_dag.py
[2021-09-26 11:50:00,709] {logging_mixin.py:109} INFO - [2021-09-26 11:50:00,709] {dag.py:1834} INFO - Sync 1 DAGs
[2021-09-26 11:50:00,728] {logging_mixin.py:109} INFO - [2021-09-26 11:50:00,728] {dag.py:2287} INFO - Setting next_dagrun for example_skip_dag to 2021-09-24 00:00:00+00:00
[2021-09-26 11:50:00,749] {processor.py:170} INFO - Processing /home/airflow/.local/lib/python3.6/site-packages/airflow/example_dags/example_skip_dag.py took 0.116 seconds
[2021-09-26 11:50:31,489] {processor.py:162} INFO - Started process (PID=4452) to work on /home/airflow/.local/lib/python3.6/site-packages/airflow/example_dags/example_skip_dag.py
[2021-09-26 11:50:31,491] {processor.py:613} INFO - Processing file /home/airflow/.local/lib/python3.6/site-packages/airflow/example_dags/example_skip_dag.py for tasks to queue
[2021-09-26 11:50:31,493] {logging_mixin.py:109} INFO - [2021-09-26 11:50:31,493] {dagbag.py:496} INFO - Filling up the DagBag from /home/airflow/.local/lib/python3.6/site-packages/airflow/example_dags/example_skip_dag.py
[2021-09-26 11:50:31,509] {processor.py:623} INFO - DAG(s) dict_keys(['example_skip_dag']) retrieved from /home/airflow/.local/lib/python3.6/site-packages/airflow/example_dags/example_skip_dag.py
[2021-09-26 11:50:31,540] {logging_mixin.py:109} INFO - [2021-09-26 11:50:31,539] {dag.py:1834} INFO - Sync 1 DAGs
[2021-09-26 11:50:31,556] {logging_mixin.py:109} INFO - [2021-09-26 11:50:31,555] {dag.py:2287} INFO - Setting next_dagrun for example_skip_dag to 2021-09-24 00:00:00+00:00
[2021-09-26 11:50:31,570] {processor.py:170} INFO - Processing /home/airflow/.local/lib/python3.6/site-packages/airflow/example_dags/example_skip_dag.py took 0.087 seconds
[2021-09-26 11:51:01,997] {processor.py:162} INFO - Started process (PID=4522) to work on /home/airflow/.local/lib/python3.6/site-packages/airflow/example_dags/example_skip_dag.py
[2021-09-26 11:51:02,001] {processor.py:613} INFO - Processing file /home/airflow/.local/lib/python3.6/site-packages/airflow/example_dags/example_skip_dag.py for tasks to queue
[2021-09-26 11:51:02,004] {logging_mixin.py:109} INFO - [2021-09-26 11:51:02,003] {dagbag.py:496} INFO - Filling up the DagBag from /home/airflow/.local/lib/python3.6/site-packages/airflow/example_dags/example_skip_dag.py
[2021-09-26 11:51:02,029] {processor.py:623} INFO - DAG(s) dict_keys(['example_skip_dag']) retrieved from /home/airflow/.local/lib/python3.6/site-packages/airflow/example_dags/example_skip_dag.py
[2021-09-26 11:51:02,068] {logging_mixin.py:109} INFO - [2021-09-26 11:51:02,068] {dag.py:1834} INFO - Sync 1 DAGs
[2021-09-26 11:51:02,092] {logging_mixin.py:109} INFO - [2021-09-26 11:51:02,092] {dag.py:2287} INFO - Setting next_dagrun for example_skip_dag to 2021-09-24 00:00:00+00:00
[2021-09-26 11:51:02,114] {processor.py:170} INFO - Processing /home/airflow/.local/lib/python3.6/site-packages/airflow/example_dags/example_skip_dag.py took 0.122 seconds
[2021-09-26 11:51:32,581] {processor.py:162} INFO - Started process (PID=4581) to work on /home/airflow/.local/lib/python3.6/site-packages/airflow/example_dags/example_skip_dag.py
[2021-09-26 11:51:32,584] {processor.py:613} INFO - Processing file /home/airflow/.local/lib/python3.6/site-packages/airflow/example_dags/example_skip_dag.py for tasks to queue
[2021-09-26 11:51:32,585] {logging_mixin.py:109} INFO - [2021-09-26 11:51:32,585] {dagbag.py:496} INFO - Filling up the DagBag from /home/airflow/.local/lib/python3.6/site-packages/airflow/example_dags/example_skip_dag.py
[2021-09-26 11:51:32,602] {processor.py:623} INFO - DAG(s) dict_keys(['example_skip_dag']) retrieved from /home/airflow/.local/lib/python3.6/site-packages/airflow/example_dags/example_skip_dag.py
[2021-09-26 11:51:32,633] {logging_mixin.py:109} INFO - [2021-09-26 11:51:32,633] {dag.py:1834} INFO - Sync 1 DAGs
[2021-09-26 11:51:32,663] {logging_mixin.py:109} INFO - [2021-09-26 11:51:32,663] {dag.py:2287} INFO - Setting next_dagrun for example_skip_dag to 2021-09-24 00:00:00+00:00
[2021-09-26 11:51:32,677] {processor.py:170} INFO - Processing /home/airflow/.local/lib/python3.6/site-packages/airflow/example_dags/example_skip_dag.py took 0.103 seconds
[2021-09-26 11:52:03,071] {processor.py:162} INFO - Started process (PID=4650) to work on /home/airflow/.local/lib/python3.6/site-packages/airflow/example_dags/example_skip_dag.py
[2021-09-26 11:52:03,075] {processor.py:613} INFO - Processing file /home/airflow/.local/lib/python3.6/site-packages/airflow/example_dags/example_skip_dag.py for tasks to queue
[2021-09-26 11:52:03,077] {logging_mixin.py:109} INFO - [2021-09-26 11:52:03,077] {dagbag.py:496} INFO - Filling up the DagBag from /home/airflow/.local/lib/python3.6/site-packages/airflow/example_dags/example_skip_dag.py
[2021-09-26 11:52:03,094] {processor.py:623} INFO - DAG(s) dict_keys(['example_skip_dag']) retrieved from /home/airflow/.local/lib/python3.6/site-packages/airflow/example_dags/example_skip_dag.py
[2021-09-26 11:52:03,125] {logging_mixin.py:109} INFO - [2021-09-26 11:52:03,125] {dag.py:1834} INFO - Sync 1 DAGs
[2021-09-26 11:52:03,147] {logging_mixin.py:109} INFO - [2021-09-26 11:52:03,147] {dag.py:2287} INFO - Setting next_dagrun for example_skip_dag to 2021-09-24 00:00:00+00:00
[2021-09-26 11:52:03,161] {processor.py:170} INFO - Processing /home/airflow/.local/lib/python3.6/site-packages/airflow/example_dags/example_skip_dag.py took 0.094 seconds
[2021-09-26 11:52:33,269] {processor.py:162} INFO - Started process (PID=4707) to work on /home/airflow/.local/lib/python3.6/site-packages/airflow/example_dags/example_skip_dag.py
[2021-09-26 11:52:33,271] {processor.py:613} INFO - Processing file /home/airflow/.local/lib/python3.6/site-packages/airflow/example_dags/example_skip_dag.py for tasks to queue
[2021-09-26 11:52:33,273] {logging_mixin.py:109} INFO - [2021-09-26 11:52:33,273] {dagbag.py:496} INFO - Filling up the DagBag from /home/airflow/.local/lib/python3.6/site-packages/airflow/example_dags/example_skip_dag.py
[2021-09-26 11:52:33,287] {processor.py:623} INFO - DAG(s) dict_keys(['example_skip_dag']) retrieved from /home/airflow/.local/lib/python3.6/site-packages/airflow/example_dags/example_skip_dag.py
[2021-09-26 11:52:33,314] {logging_mixin.py:109} INFO - [2021-09-26 11:52:33,313] {dag.py:1834} INFO - Sync 1 DAGs
[2021-09-26 11:52:33,331] {logging_mixin.py:109} INFO - [2021-09-26 11:52:33,331] {dag.py:2287} INFO - Setting next_dagrun for example_skip_dag to 2021-09-24 00:00:00+00:00
[2021-09-26 11:52:33,341] {processor.py:170} INFO - Processing /home/airflow/.local/lib/python3.6/site-packages/airflow/example_dags/example_skip_dag.py took 0.078 seconds
[2021-09-26 11:53:03,850] {processor.py:162} INFO - Started process (PID=4778) to work on /home/airflow/.local/lib/python3.6/site-packages/airflow/example_dags/example_skip_dag.py
[2021-09-26 11:53:03,854] {processor.py:613} INFO - Processing file /home/airflow/.local/lib/python3.6/site-packages/airflow/example_dags/example_skip_dag.py for tasks to queue
[2021-09-26 11:53:03,855] {logging_mixin.py:109} INFO - [2021-09-26 11:53:03,855] {dagbag.py:496} INFO - Filling up the DagBag from /home/airflow/.local/lib/python3.6/site-packages/airflow/example_dags/example_skip_dag.py
[2021-09-26 11:53:03,875] {processor.py:623} INFO - DAG(s) dict_keys(['example_skip_dag']) retrieved from /home/airflow/.local/lib/python3.6/site-packages/airflow/example_dags/example_skip_dag.py
[2021-09-26 11:53:03,928] {logging_mixin.py:109} INFO - [2021-09-26 11:53:03,928] {dag.py:1834} INFO - Sync 1 DAGs
[2021-09-26 11:53:03,954] {logging_mixin.py:109} INFO - [2021-09-26 11:53:03,954] {dag.py:2287} INFO - Setting next_dagrun for example_skip_dag to 2021-09-24 00:00:00+00:00
[2021-09-26 11:53:03,980] {processor.py:170} INFO - Processing /home/airflow/.local/lib/python3.6/site-packages/airflow/example_dags/example_skip_dag.py took 0.134 seconds
[2021-09-26 11:53:34,596] {processor.py:162} INFO - Started process (PID=4844) to work on /home/airflow/.local/lib/python3.6/site-packages/airflow/example_dags/example_skip_dag.py
[2021-09-26 11:53:34,599] {processor.py:613} INFO - Processing file /home/airflow/.local/lib/python3.6/site-packages/airflow/example_dags/example_skip_dag.py for tasks to queue
[2021-09-26 11:53:34,601] {logging_mixin.py:109} INFO - [2021-09-26 11:53:34,601] {dagbag.py:496} INFO - Filling up the DagBag from /home/airflow/.local/lib/python3.6/site-packages/airflow/example_dags/example_skip_dag.py
[2021-09-26 11:53:34,624] {processor.py:623} INFO - DAG(s) dict_keys(['example_skip_dag']) retrieved from /home/airflow/.local/lib/python3.6/site-packages/airflow/example_dags/example_skip_dag.py
[2021-09-26 11:53:34,674] {logging_mixin.py:109} INFO - [2021-09-26 11:53:34,674] {dag.py:1834} INFO - Sync 1 DAGs
[2021-09-26 11:53:34,721] {logging_mixin.py:109} INFO - [2021-09-26 11:53:34,721] {dag.py:2287} INFO - Setting next_dagrun for example_skip_dag to 2021-09-24 00:00:00+00:00
[2021-09-26 11:53:34,748] {processor.py:170} INFO - Processing /home/airflow/.local/lib/python3.6/site-packages/airflow/example_dags/example_skip_dag.py took 0.162 seconds
[2021-09-26 11:54:04,976] {processor.py:162} INFO - Started process (PID=4900) to work on /home/airflow/.local/lib/python3.6/site-packages/airflow/example_dags/example_skip_dag.py
[2021-09-26 11:54:04,979] {processor.py:613} INFO - Processing file /home/airflow/.local/lib/python3.6/site-packages/airflow/example_dags/example_skip_dag.py for tasks to queue
[2021-09-26 11:54:04,980] {logging_mixin.py:109} INFO - [2021-09-26 11:54:04,980] {dagbag.py:496} INFO - Filling up the DagBag from /home/airflow/.local/lib/python3.6/site-packages/airflow/example_dags/example_skip_dag.py
[2021-09-26 11:54:04,998] {processor.py:623} INFO - DAG(s) dict_keys(['example_skip_dag']) retrieved from /home/airflow/.local/lib/python3.6/site-packages/airflow/example_dags/example_skip_dag.py
[2021-09-26 11:54:05,031] {logging_mixin.py:109} INFO - [2021-09-26 11:54:05,031] {dag.py:1834} INFO - Sync 1 DAGs
[2021-09-26 11:54:05,057] {logging_mixin.py:109} INFO - [2021-09-26 11:54:05,057] {dag.py:2287} INFO - Setting next_dagrun for example_skip_dag to 2021-09-24 00:00:00+00:00
[2021-09-26 11:54:05,076] {processor.py:170} INFO - Processing /home/airflow/.local/lib/python3.6/site-packages/airflow/example_dags/example_skip_dag.py took 0.106 seconds
[2021-09-26 11:54:35,546] {processor.py:162} INFO - Started process (PID=4968) to work on /home/airflow/.local/lib/python3.6/site-packages/airflow/example_dags/example_skip_dag.py
[2021-09-26 11:54:35,553] {processor.py:613} INFO - Processing file /home/airflow/.local/lib/python3.6/site-packages/airflow/example_dags/example_skip_dag.py for tasks to queue
[2021-09-26 11:54:35,558] {logging_mixin.py:109} INFO - [2021-09-26 11:54:35,558] {dagbag.py:496} INFO - Filling up the DagBag from /home/airflow/.local/lib/python3.6/site-packages/airflow/example_dags/example_skip_dag.py
[2021-09-26 11:54:35,607] {processor.py:623} INFO - DAG(s) dict_keys(['example_skip_dag']) retrieved from /home/airflow/.local/lib/python3.6/site-packages/airflow/example_dags/example_skip_dag.py
[2021-09-26 11:54:35,665] {logging_mixin.py:109} INFO - [2021-09-26 11:54:35,665] {dag.py:1834} INFO - Sync 1 DAGs
[2021-09-26 11:54:35,695] {logging_mixin.py:109} INFO - [2021-09-26 11:54:35,695] {dag.py:2287} INFO - Setting next_dagrun for example_skip_dag to 2021-09-24 00:00:00+00:00
[2021-09-26 11:54:35,708] {processor.py:170} INFO - Processing /home/airflow/.local/lib/python3.6/site-packages/airflow/example_dags/example_skip_dag.py took 0.177 seconds
[2021-09-26 11:55:06,077] {processor.py:162} INFO - Started process (PID=5026) to work on /home/airflow/.local/lib/python3.6/site-packages/airflow/example_dags/example_skip_dag.py
[2021-09-26 11:55:06,080] {processor.py:613} INFO - Processing file /home/airflow/.local/lib/python3.6/site-packages/airflow/example_dags/example_skip_dag.py for tasks to queue
[2021-09-26 11:55:06,081] {logging_mixin.py:109} INFO - [2021-09-26 11:55:06,081] {dagbag.py:496} INFO - Filling up the DagBag from /home/airflow/.local/lib/python3.6/site-packages/airflow/example_dags/example_skip_dag.py
[2021-09-26 11:55:06,097] {processor.py:623} INFO - DAG(s) dict_keys(['example_skip_dag']) retrieved from /home/airflow/.local/lib/python3.6/site-packages/airflow/example_dags/example_skip_dag.py
[2021-09-26 11:55:06,125] {logging_mixin.py:109} INFO - [2021-09-26 11:55:06,125] {dag.py:1834} INFO - Sync 1 DAGs
[2021-09-26 11:55:06,144] {logging_mixin.py:109} INFO - [2021-09-26 11:55:06,144] {dag.py:2287} INFO - Setting next_dagrun for example_skip_dag to 2021-09-24 00:00:00+00:00
[2021-09-26 11:55:06,159] {processor.py:170} INFO - Processing /home/airflow/.local/lib/python3.6/site-packages/airflow/example_dags/example_skip_dag.py took 0.087 seconds
[2021-09-26 11:55:36,340] {processor.py:162} INFO - Started process (PID=5094) to work on /home/airflow/.local/lib/python3.6/site-packages/airflow/example_dags/example_skip_dag.py
[2021-09-26 11:55:36,343] {processor.py:613} INFO - Processing file /home/airflow/.local/lib/python3.6/site-packages/airflow/example_dags/example_skip_dag.py for tasks to queue
[2021-09-26 11:55:36,345] {logging_mixin.py:109} INFO - [2021-09-26 11:55:36,345] {dagbag.py:496} INFO - Filling up the DagBag from /home/airflow/.local/lib/python3.6/site-packages/airflow/example_dags/example_skip_dag.py
[2021-09-26 11:55:36,367] {processor.py:623} INFO - DAG(s) dict_keys(['example_skip_dag']) retrieved from /home/airflow/.local/lib/python3.6/site-packages/airflow/example_dags/example_skip_dag.py
[2021-09-26 11:55:36,408] {logging_mixin.py:109} INFO - [2021-09-26 11:55:36,408] {dag.py:1834} INFO - Sync 1 DAGs
[2021-09-26 11:55:36,428] {logging_mixin.py:109} INFO - [2021-09-26 11:55:36,428] {dag.py:2287} INFO - Setting next_dagrun for example_skip_dag to 2021-09-24 00:00:00+00:00
[2021-09-26 11:55:36,439] {processor.py:170} INFO - Processing /home/airflow/.local/lib/python3.6/site-packages/airflow/example_dags/example_skip_dag.py took 0.105 seconds
[2021-09-26 11:56:06,861] {processor.py:162} INFO - Started process (PID=5153) to work on /home/airflow/.local/lib/python3.6/site-packages/airflow/example_dags/example_skip_dag.py
[2021-09-26 11:56:06,863] {processor.py:613} INFO - Processing file /home/airflow/.local/lib/python3.6/site-packages/airflow/example_dags/example_skip_dag.py for tasks to queue
[2021-09-26 11:56:06,865] {logging_mixin.py:109} INFO - [2021-09-26 11:56:06,865] {dagbag.py:496} INFO - Filling up the DagBag from /home/airflow/.local/lib/python3.6/site-packages/airflow/example_dags/example_skip_dag.py
[2021-09-26 11:56:06,879] {processor.py:623} INFO - DAG(s) dict_keys(['example_skip_dag']) retrieved from /home/airflow/.local/lib/python3.6/site-packages/airflow/example_dags/example_skip_dag.py
[2021-09-26 11:56:06,904] {logging_mixin.py:109} INFO - [2021-09-26 11:56:06,904] {dag.py:1834} INFO - Sync 1 DAGs
[2021-09-26 11:56:06,920] {logging_mixin.py:109} INFO - [2021-09-26 11:56:06,919] {dag.py:2287} INFO - Setting next_dagrun for example_skip_dag to 2021-09-24 00:00:00+00:00
[2021-09-26 11:56:06,937] {processor.py:170} INFO - Processing /home/airflow/.local/lib/python3.6/site-packages/airflow/example_dags/example_skip_dag.py took 0.081 seconds
[2021-09-26 11:56:37,602] {processor.py:162} INFO - Started process (PID=5220) to work on /home/airflow/.local/lib/python3.6/site-packages/airflow/example_dags/example_skip_dag.py
[2021-09-26 11:56:37,605] {processor.py:613} INFO - Processing file /home/airflow/.local/lib/python3.6/site-packages/airflow/example_dags/example_skip_dag.py for tasks to queue
[2021-09-26 11:56:37,606] {logging_mixin.py:109} INFO - [2021-09-26 11:56:37,606] {dagbag.py:496} INFO - Filling up the DagBag from /home/airflow/.local/lib/python3.6/site-packages/airflow/example_dags/example_skip_dag.py
[2021-09-26 11:56:37,622] {processor.py:623} INFO - DAG(s) dict_keys(['example_skip_dag']) retrieved from /home/airflow/.local/lib/python3.6/site-packages/airflow/example_dags/example_skip_dag.py
[2021-09-26 11:56:37,647] {logging_mixin.py:109} INFO - [2021-09-26 11:56:37,647] {dag.py:1834} INFO - Sync 1 DAGs
[2021-09-26 11:56:37,664] {logging_mixin.py:109} INFO - [2021-09-26 11:56:37,664] {dag.py:2287} INFO - Setting next_dagrun for example_skip_dag to 2021-09-24 00:00:00+00:00
[2021-09-26 11:56:37,676] {processor.py:170} INFO - Processing /home/airflow/.local/lib/python3.6/site-packages/airflow/example_dags/example_skip_dag.py took 0.085 seconds
[2021-09-26 11:57:07,877] {processor.py:162} INFO - Started process (PID=5277) to work on /home/airflow/.local/lib/python3.6/site-packages/airflow/example_dags/example_skip_dag.py
[2021-09-26 11:57:07,881] {processor.py:613} INFO - Processing file /home/airflow/.local/lib/python3.6/site-packages/airflow/example_dags/example_skip_dag.py for tasks to queue
[2021-09-26 11:57:07,882] {logging_mixin.py:109} INFO - [2021-09-26 11:57:07,882] {dagbag.py:496} INFO - Filling up the DagBag from /home/airflow/.local/lib/python3.6/site-packages/airflow/example_dags/example_skip_dag.py
[2021-09-26 11:57:07,896] {processor.py:623} INFO - DAG(s) dict_keys(['example_skip_dag']) retrieved from /home/airflow/.local/lib/python3.6/site-packages/airflow/example_dags/example_skip_dag.py
[2021-09-26 11:57:07,920] {logging_mixin.py:109} INFO - [2021-09-26 11:57:07,919] {dag.py:1834} INFO - Sync 1 DAGs
[2021-09-26 11:57:07,935] {logging_mixin.py:109} INFO - [2021-09-26 11:57:07,935] {dag.py:2287} INFO - Setting next_dagrun for example_skip_dag to 2021-09-24 00:00:00+00:00
[2021-09-26 11:57:07,945] {processor.py:170} INFO - Processing /home/airflow/.local/lib/python3.6/site-packages/airflow/example_dags/example_skip_dag.py took 0.073 seconds
[2021-09-26 11:57:38,302] {processor.py:162} INFO - Started process (PID=5344) to work on /home/airflow/.local/lib/python3.6/site-packages/airflow/example_dags/example_skip_dag.py
[2021-09-26 11:57:38,306] {processor.py:613} INFO - Processing file /home/airflow/.local/lib/python3.6/site-packages/airflow/example_dags/example_skip_dag.py for tasks to queue
[2021-09-26 11:57:38,308] {logging_mixin.py:109} INFO - [2021-09-26 11:57:38,308] {dagbag.py:496} INFO - Filling up the DagBag from /home/airflow/.local/lib/python3.6/site-packages/airflow/example_dags/example_skip_dag.py
[2021-09-26 11:57:38,327] {processor.py:623} INFO - DAG(s) dict_keys(['example_skip_dag']) retrieved from /home/airflow/.local/lib/python3.6/site-packages/airflow/example_dags/example_skip_dag.py
[2021-09-26 11:57:38,366] {logging_mixin.py:109} INFO - [2021-09-26 11:57:38,365] {dag.py:1834} INFO - Sync 1 DAGs
[2021-09-26 11:57:38,381] {logging_mixin.py:109} INFO - [2021-09-26 11:57:38,381] {dag.py:2287} INFO - Setting next_dagrun for example_skip_dag to 2021-09-24 00:00:00+00:00
[2021-09-26 11:57:38,394] {processor.py:170} INFO - Processing /home/airflow/.local/lib/python3.6/site-packages/airflow/example_dags/example_skip_dag.py took 0.099 seconds
[2021-09-26 11:58:08,672] {processor.py:162} INFO - Started process (PID=5412) to work on /home/airflow/.local/lib/python3.6/site-packages/airflow/example_dags/example_skip_dag.py
[2021-09-26 11:58:08,674] {processor.py:613} INFO - Processing file /home/airflow/.local/lib/python3.6/site-packages/airflow/example_dags/example_skip_dag.py for tasks to queue
[2021-09-26 11:58:08,676] {logging_mixin.py:109} INFO - [2021-09-26 11:58:08,675] {dagbag.py:496} INFO - Filling up the DagBag from /home/airflow/.local/lib/python3.6/site-packages/airflow/example_dags/example_skip_dag.py
[2021-09-26 11:58:08,696] {processor.py:623} INFO - DAG(s) dict_keys(['example_skip_dag']) retrieved from /home/airflow/.local/lib/python3.6/site-packages/airflow/example_dags/example_skip_dag.py
[2021-09-26 11:58:08,726] {logging_mixin.py:109} INFO - [2021-09-26 11:58:08,725] {dag.py:1834} INFO - Sync 1 DAGs
[2021-09-26 11:58:08,749] {logging_mixin.py:109} INFO - [2021-09-26 11:58:08,749] {dag.py:2287} INFO - Setting next_dagrun for example_skip_dag to 2021-09-24 00:00:00+00:00
[2021-09-26 11:58:08,760] {processor.py:170} INFO - Processing /home/airflow/.local/lib/python3.6/site-packages/airflow/example_dags/example_skip_dag.py took 0.092 seconds
[2021-09-26 11:58:39,241] {processor.py:162} INFO - Started process (PID=5472) to work on /home/airflow/.local/lib/python3.6/site-packages/airflow/example_dags/example_skip_dag.py
[2021-09-26 11:58:39,243] {processor.py:613} INFO - Processing file /home/airflow/.local/lib/python3.6/site-packages/airflow/example_dags/example_skip_dag.py for tasks to queue
[2021-09-26 11:58:39,245] {logging_mixin.py:109} INFO - [2021-09-26 11:58:39,245] {dagbag.py:496} INFO - Filling up the DagBag from /home/airflow/.local/lib/python3.6/site-packages/airflow/example_dags/example_skip_dag.py
[2021-09-26 11:58:39,259] {processor.py:623} INFO - DAG(s) dict_keys(['example_skip_dag']) retrieved from /home/airflow/.local/lib/python3.6/site-packages/airflow/example_dags/example_skip_dag.py
[2021-09-26 11:58:39,289] {logging_mixin.py:109} INFO - [2021-09-26 11:58:39,289] {dag.py:1834} INFO - Sync 1 DAGs
[2021-09-26 11:58:39,313] {logging_mixin.py:109} INFO - [2021-09-26 11:58:39,313] {dag.py:2287} INFO - Setting next_dagrun for example_skip_dag to 2021-09-24 00:00:00+00:00
[2021-09-26 11:58:39,332] {processor.py:170} INFO - Processing /home/airflow/.local/lib/python3.6/site-packages/airflow/example_dags/example_skip_dag.py took 0.097 seconds
[2021-09-26 11:59:09,831] {processor.py:162} INFO - Started process (PID=5541) to work on /home/airflow/.local/lib/python3.6/site-packages/airflow/example_dags/example_skip_dag.py
[2021-09-26 11:59:09,834] {processor.py:613} INFO - Processing file /home/airflow/.local/lib/python3.6/site-packages/airflow/example_dags/example_skip_dag.py for tasks to queue
[2021-09-26 11:59:09,835] {logging_mixin.py:109} INFO - [2021-09-26 11:59:09,835] {dagbag.py:496} INFO - Filling up the DagBag from /home/airflow/.local/lib/python3.6/site-packages/airflow/example_dags/example_skip_dag.py
[2021-09-26 11:59:09,849] {processor.py:623} INFO - DAG(s) dict_keys(['example_skip_dag']) retrieved from /home/airflow/.local/lib/python3.6/site-packages/airflow/example_dags/example_skip_dag.py
[2021-09-26 11:59:09,877] {logging_mixin.py:109} INFO - [2021-09-26 11:59:09,877] {dag.py:1834} INFO - Sync 1 DAGs
[2021-09-26 11:59:09,910] {logging_mixin.py:109} INFO - [2021-09-26 11:59:09,910] {dag.py:2287} INFO - Setting next_dagrun for example_skip_dag to 2021-09-24 00:00:00+00:00
[2021-09-26 11:59:09,928] {processor.py:170} INFO - Processing /home/airflow/.local/lib/python3.6/site-packages/airflow/example_dags/example_skip_dag.py took 0.102 seconds
[2021-09-26 11:59:40,093] {processor.py:162} INFO - Started process (PID=5597) to work on /home/airflow/.local/lib/python3.6/site-packages/airflow/example_dags/example_skip_dag.py
[2021-09-26 11:59:40,095] {processor.py:613} INFO - Processing file /home/airflow/.local/lib/python3.6/site-packages/airflow/example_dags/example_skip_dag.py for tasks to queue
[2021-09-26 11:59:40,097] {logging_mixin.py:109} INFO - [2021-09-26 11:59:40,097] {dagbag.py:496} INFO - Filling up the DagBag from /home/airflow/.local/lib/python3.6/site-packages/airflow/example_dags/example_skip_dag.py
[2021-09-26 11:59:40,109] {processor.py:623} INFO - DAG(s) dict_keys(['example_skip_dag']) retrieved from /home/airflow/.local/lib/python3.6/site-packages/airflow/example_dags/example_skip_dag.py
[2021-09-26 11:59:40,133] {logging_mixin.py:109} INFO - [2021-09-26 11:59:40,133] {dag.py:1834} INFO - Sync 1 DAGs
[2021-09-26 11:59:40,149] {logging_mixin.py:109} INFO - [2021-09-26 11:59:40,149] {dag.py:2287} INFO - Setting next_dagrun for example_skip_dag to 2021-09-24 00:00:00+00:00
[2021-09-26 11:59:40,160] {processor.py:170} INFO - Processing /home/airflow/.local/lib/python3.6/site-packages/airflow/example_dags/example_skip_dag.py took 0.072 seconds
[2021-09-26 12:00:10,826] {processor.py:162} INFO - Started process (PID=5666) to work on /home/airflow/.local/lib/python3.6/site-packages/airflow/example_dags/example_skip_dag.py
[2021-09-26 12:00:10,829] {processor.py:613} INFO - Processing file /home/airflow/.local/lib/python3.6/site-packages/airflow/example_dags/example_skip_dag.py for tasks to queue
[2021-09-26 12:00:10,831] {logging_mixin.py:109} INFO - [2021-09-26 12:00:10,831] {dagbag.py:496} INFO - Filling up the DagBag from /home/airflow/.local/lib/python3.6/site-packages/airflow/example_dags/example_skip_dag.py
[2021-09-26 12:00:10,845] {processor.py:623} INFO - DAG(s) dict_keys(['example_skip_dag']) retrieved from /home/airflow/.local/lib/python3.6/site-packages/airflow/example_dags/example_skip_dag.py
[2021-09-26 12:00:10,872] {logging_mixin.py:109} INFO - [2021-09-26 12:00:10,872] {dag.py:1834} INFO - Sync 1 DAGs
[2021-09-26 12:00:10,889] {logging_mixin.py:109} INFO - [2021-09-26 12:00:10,889] {dag.py:2287} INFO - Setting next_dagrun for example_skip_dag to 2021-09-24 00:00:00+00:00
[2021-09-26 12:00:10,900] {processor.py:170} INFO - Processing /home/airflow/.local/lib/python3.6/site-packages/airflow/example_dags/example_skip_dag.py took 0.080 seconds
[2021-09-26 12:00:41,226] {processor.py:162} INFO - Started process (PID=5735) to work on /home/airflow/.local/lib/python3.6/site-packages/airflow/example_dags/example_skip_dag.py
[2021-09-26 12:00:41,228] {processor.py:613} INFO - Processing file /home/airflow/.local/lib/python3.6/site-packages/airflow/example_dags/example_skip_dag.py for tasks to queue
[2021-09-26 12:00:41,229] {logging_mixin.py:109} INFO - [2021-09-26 12:00:41,229] {dagbag.py:496} INFO - Filling up the DagBag from /home/airflow/.local/lib/python3.6/site-packages/airflow/example_dags/example_skip_dag.py
[2021-09-26 12:00:41,244] {processor.py:623} INFO - DAG(s) dict_keys(['example_skip_dag']) retrieved from /home/airflow/.local/lib/python3.6/site-packages/airflow/example_dags/example_skip_dag.py
[2021-09-26 12:00:41,268] {logging_mixin.py:109} INFO - [2021-09-26 12:00:41,268] {dag.py:1834} INFO - Sync 1 DAGs
[2021-09-26 12:00:41,285] {logging_mixin.py:109} INFO - [2021-09-26 12:00:41,285] {dag.py:2287} INFO - Setting next_dagrun for example_skip_dag to 2021-09-24 00:00:00+00:00
[2021-09-26 12:00:41,296] {processor.py:170} INFO - Processing /home/airflow/.local/lib/python3.6/site-packages/airflow/example_dags/example_skip_dag.py took 0.076 seconds
[2021-09-26 12:01:11,843] {processor.py:162} INFO - Started process (PID=5793) to work on /home/airflow/.local/lib/python3.6/site-packages/airflow/example_dags/example_skip_dag.py
[2021-09-26 12:01:11,845] {processor.py:613} INFO - Processing file /home/airflow/.local/lib/python3.6/site-packages/airflow/example_dags/example_skip_dag.py for tasks to queue
[2021-09-26 12:01:11,847] {logging_mixin.py:109} INFO - [2021-09-26 12:01:11,847] {dagbag.py:496} INFO - Filling up the DagBag from /home/airflow/.local/lib/python3.6/site-packages/airflow/example_dags/example_skip_dag.py
[2021-09-26 12:01:11,860] {processor.py:623} INFO - DAG(s) dict_keys(['example_skip_dag']) retrieved from /home/airflow/.local/lib/python3.6/site-packages/airflow/example_dags/example_skip_dag.py
[2021-09-26 12:01:11,886] {logging_mixin.py:109} INFO - [2021-09-26 12:01:11,886] {dag.py:1834} INFO - Sync 1 DAGs
[2021-09-26 12:01:11,903] {logging_mixin.py:109} INFO - [2021-09-26 12:01:11,903] {dag.py:2287} INFO - Setting next_dagrun for example_skip_dag to 2021-09-24 00:00:00+00:00
[2021-09-26 12:01:11,915] {processor.py:170} INFO - Processing /home/airflow/.local/lib/python3.6/site-packages/airflow/example_dags/example_skip_dag.py took 0.077 seconds
[2021-09-26 12:01:42,403] {processor.py:162} INFO - Started process (PID=5861) to work on /home/airflow/.local/lib/python3.6/site-packages/airflow/example_dags/example_skip_dag.py
[2021-09-26 12:01:42,406] {processor.py:613} INFO - Processing file /home/airflow/.local/lib/python3.6/site-packages/airflow/example_dags/example_skip_dag.py for tasks to queue
[2021-09-26 12:01:42,408] {logging_mixin.py:109} INFO - [2021-09-26 12:01:42,407] {dagbag.py:496} INFO - Filling up the DagBag from /home/airflow/.local/lib/python3.6/site-packages/airflow/example_dags/example_skip_dag.py
[2021-09-26 12:01:42,422] {processor.py:623} INFO - DAG(s) dict_keys(['example_skip_dag']) retrieved from /home/airflow/.local/lib/python3.6/site-packages/airflow/example_dags/example_skip_dag.py
[2021-09-26 12:01:42,457] {logging_mixin.py:109} INFO - [2021-09-26 12:01:42,457] {dag.py:1834} INFO - Sync 1 DAGs
[2021-09-26 12:01:42,478] {logging_mixin.py:109} INFO - [2021-09-26 12:01:42,478] {dag.py:2287} INFO - Setting next_dagrun for example_skip_dag to 2021-09-24 00:00:00+00:00
[2021-09-26 12:01:42,493] {processor.py:170} INFO - Processing /home/airflow/.local/lib/python3.6/site-packages/airflow/example_dags/example_skip_dag.py took 0.095 seconds
[2021-09-26 12:02:12,549] {processor.py:162} INFO - Started process (PID=5919) to work on /home/airflow/.local/lib/python3.6/site-packages/airflow/example_dags/example_skip_dag.py
[2021-09-26 12:02:12,551] {processor.py:613} INFO - Processing file /home/airflow/.local/lib/python3.6/site-packages/airflow/example_dags/example_skip_dag.py for tasks to queue
[2021-09-26 12:02:12,553] {logging_mixin.py:109} INFO - [2021-09-26 12:02:12,553] {dagbag.py:496} INFO - Filling up the DagBag from /home/airflow/.local/lib/python3.6/site-packages/airflow/example_dags/example_skip_dag.py
[2021-09-26 12:02:12,566] {processor.py:623} INFO - DAG(s) dict_keys(['example_skip_dag']) retrieved from /home/airflow/.local/lib/python3.6/site-packages/airflow/example_dags/example_skip_dag.py
[2021-09-26 12:02:12,590] {logging_mixin.py:109} INFO - [2021-09-26 12:02:12,590] {dag.py:1834} INFO - Sync 1 DAGs
[2021-09-26 12:02:12,605] {logging_mixin.py:109} INFO - [2021-09-26 12:02:12,604] {dag.py:2287} INFO - Setting next_dagrun for example_skip_dag to 2021-09-24 00:00:00+00:00
[2021-09-26 12:02:12,616] {processor.py:170} INFO - Processing /home/airflow/.local/lib/python3.6/site-packages/airflow/example_dags/example_skip_dag.py took 0.072 seconds
[2021-09-26 12:02:43,090] {processor.py:162} INFO - Started process (PID=5985) to work on /home/airflow/.local/lib/python3.6/site-packages/airflow/example_dags/example_skip_dag.py
[2021-09-26 12:02:43,092] {processor.py:613} INFO - Processing file /home/airflow/.local/lib/python3.6/site-packages/airflow/example_dags/example_skip_dag.py for tasks to queue
[2021-09-26 12:02:43,093] {logging_mixin.py:109} INFO - [2021-09-26 12:02:43,093] {dagbag.py:496} INFO - Filling up the DagBag from /home/airflow/.local/lib/python3.6/site-packages/airflow/example_dags/example_skip_dag.py
[2021-09-26 12:02:43,106] {processor.py:623} INFO - DAG(s) dict_keys(['example_skip_dag']) retrieved from /home/airflow/.local/lib/python3.6/site-packages/airflow/example_dags/example_skip_dag.py
[2021-09-26 12:02:43,131] {logging_mixin.py:109} INFO - [2021-09-26 12:02:43,130] {dag.py:1834} INFO - Sync 1 DAGs
[2021-09-26 12:02:43,146] {logging_mixin.py:109} INFO - [2021-09-26 12:02:43,146] {dag.py:2287} INFO - Setting next_dagrun for example_skip_dag to 2021-09-24 00:00:00+00:00
[2021-09-26 12:02:43,158] {processor.py:170} INFO - Processing /home/airflow/.local/lib/python3.6/site-packages/airflow/example_dags/example_skip_dag.py took 0.073 seconds
[2021-09-26 12:03:13,365] {processor.py:162} INFO - Started process (PID=6050) to work on /home/airflow/.local/lib/python3.6/site-packages/airflow/example_dags/example_skip_dag.py
[2021-09-26 12:03:13,368] {processor.py:613} INFO - Processing file /home/airflow/.local/lib/python3.6/site-packages/airflow/example_dags/example_skip_dag.py for tasks to queue
[2021-09-26 12:03:13,369] {logging_mixin.py:109} INFO - [2021-09-26 12:03:13,369] {dagbag.py:496} INFO - Filling up the DagBag from /home/airflow/.local/lib/python3.6/site-packages/airflow/example_dags/example_skip_dag.py
[2021-09-26 12:03:13,384] {processor.py:623} INFO - DAG(s) dict_keys(['example_skip_dag']) retrieved from /home/airflow/.local/lib/python3.6/site-packages/airflow/example_dags/example_skip_dag.py
[2021-09-26 12:03:13,428] {logging_mixin.py:109} INFO - [2021-09-26 12:03:13,428] {dag.py:1834} INFO - Sync 1 DAGs
[2021-09-26 12:03:13,448] {logging_mixin.py:109} INFO - [2021-09-26 12:03:13,448] {dag.py:2287} INFO - Setting next_dagrun for example_skip_dag to 2021-09-24 00:00:00+00:00
[2021-09-26 12:03:13,465] {processor.py:170} INFO - Processing /home/airflow/.local/lib/python3.6/site-packages/airflow/example_dags/example_skip_dag.py took 0.104 seconds
[2021-09-26 12:03:43,805] {processor.py:162} INFO - Started process (PID=6108) to work on /home/airflow/.local/lib/python3.6/site-packages/airflow/example_dags/example_skip_dag.py
[2021-09-26 12:03:43,808] {processor.py:613} INFO - Processing file /home/airflow/.local/lib/python3.6/site-packages/airflow/example_dags/example_skip_dag.py for tasks to queue
[2021-09-26 12:03:43,811] {logging_mixin.py:109} INFO - [2021-09-26 12:03:43,811] {dagbag.py:496} INFO - Filling up the DagBag from /home/airflow/.local/lib/python3.6/site-packages/airflow/example_dags/example_skip_dag.py
[2021-09-26 12:03:43,825] {processor.py:623} INFO - DAG(s) dict_keys(['example_skip_dag']) retrieved from /home/airflow/.local/lib/python3.6/site-packages/airflow/example_dags/example_skip_dag.py
[2021-09-26 12:03:43,851] {logging_mixin.py:109} INFO - [2021-09-26 12:03:43,851] {dag.py:1834} INFO - Sync 1 DAGs
[2021-09-26 12:03:43,867] {logging_mixin.py:109} INFO - [2021-09-26 12:03:43,867] {dag.py:2287} INFO - Setting next_dagrun for example_skip_dag to 2021-09-24 00:00:00+00:00
[2021-09-26 12:03:43,879] {processor.py:170} INFO - Processing /home/airflow/.local/lib/python3.6/site-packages/airflow/example_dags/example_skip_dag.py took 0.079 seconds
[2021-09-26 12:04:14,417] {processor.py:162} INFO - Started process (PID=6177) to work on /home/airflow/.local/lib/python3.6/site-packages/airflow/example_dags/example_skip_dag.py
[2021-09-26 12:04:14,419] {processor.py:613} INFO - Processing file /home/airflow/.local/lib/python3.6/site-packages/airflow/example_dags/example_skip_dag.py for tasks to queue
[2021-09-26 12:04:14,421] {logging_mixin.py:109} INFO - [2021-09-26 12:04:14,420] {dagbag.py:496} INFO - Filling up the DagBag from /home/airflow/.local/lib/python3.6/site-packages/airflow/example_dags/example_skip_dag.py
[2021-09-26 12:04:14,433] {processor.py:623} INFO - DAG(s) dict_keys(['example_skip_dag']) retrieved from /home/airflow/.local/lib/python3.6/site-packages/airflow/example_dags/example_skip_dag.py
[2021-09-26 12:04:14,457] {logging_mixin.py:109} INFO - [2021-09-26 12:04:14,457] {dag.py:1834} INFO - Sync 1 DAGs
[2021-09-26 12:04:14,473] {logging_mixin.py:109} INFO - [2021-09-26 12:04:14,472] {dag.py:2287} INFO - Setting next_dagrun for example_skip_dag to 2021-09-24 00:00:00+00:00
[2021-09-26 12:04:14,483] {processor.py:170} INFO - Processing /home/airflow/.local/lib/python3.6/site-packages/airflow/example_dags/example_skip_dag.py took 0.070 seconds
[2021-09-26 12:04:44,717] {processor.py:162} INFO - Started process (PID=6234) to work on /home/airflow/.local/lib/python3.6/site-packages/airflow/example_dags/example_skip_dag.py
[2021-09-26 12:04:44,720] {processor.py:613} INFO - Processing file /home/airflow/.local/lib/python3.6/site-packages/airflow/example_dags/example_skip_dag.py for tasks to queue
[2021-09-26 12:04:44,722] {logging_mixin.py:109} INFO - [2021-09-26 12:04:44,722] {dagbag.py:496} INFO - Filling up the DagBag from /home/airflow/.local/lib/python3.6/site-packages/airflow/example_dags/example_skip_dag.py
[2021-09-26 12:04:44,746] {processor.py:623} INFO - DAG(s) dict_keys(['example_skip_dag']) retrieved from /home/airflow/.local/lib/python3.6/site-packages/airflow/example_dags/example_skip_dag.py
[2021-09-26 12:04:44,773] {logging_mixin.py:109} INFO - [2021-09-26 12:04:44,773] {dag.py:1834} INFO - Sync 1 DAGs
[2021-09-26 12:04:44,793] {logging_mixin.py:109} INFO - [2021-09-26 12:04:44,793] {dag.py:2287} INFO - Setting next_dagrun for example_skip_dag to 2021-09-24 00:00:00+00:00
[2021-09-26 12:04:44,808] {processor.py:170} INFO - Processing /home/airflow/.local/lib/python3.6/site-packages/airflow/example_dags/example_skip_dag.py took 0.095 seconds
[2021-09-26 12:05:15,004] {processor.py:162} INFO - Started process (PID=6304) to work on /home/airflow/.local/lib/python3.6/site-packages/airflow/example_dags/example_skip_dag.py
[2021-09-26 12:05:15,006] {processor.py:613} INFO - Processing file /home/airflow/.local/lib/python3.6/site-packages/airflow/example_dags/example_skip_dag.py for tasks to queue
[2021-09-26 12:05:15,007] {logging_mixin.py:109} INFO - [2021-09-26 12:05:15,007] {dagbag.py:496} INFO - Filling up the DagBag from /home/airflow/.local/lib/python3.6/site-packages/airflow/example_dags/example_skip_dag.py
[2021-09-26 12:05:15,019] {processor.py:623} INFO - DAG(s) dict_keys(['example_skip_dag']) retrieved from /home/airflow/.local/lib/python3.6/site-packages/airflow/example_dags/example_skip_dag.py
[2021-09-26 12:05:15,043] {logging_mixin.py:109} INFO - [2021-09-26 12:05:15,043] {dag.py:1834} INFO - Sync 1 DAGs
[2021-09-26 12:05:15,059] {logging_mixin.py:109} INFO - [2021-09-26 12:05:15,059] {dag.py:2287} INFO - Setting next_dagrun for example_skip_dag to 2021-09-24 00:00:00+00:00
[2021-09-26 12:05:15,069] {processor.py:170} INFO - Processing /home/airflow/.local/lib/python3.6/site-packages/airflow/example_dags/example_skip_dag.py took 0.069 seconds
[2021-09-26 12:05:45,326] {processor.py:162} INFO - Started process (PID=6362) to work on /home/airflow/.local/lib/python3.6/site-packages/airflow/example_dags/example_skip_dag.py
[2021-09-26 12:05:45,328] {processor.py:613} INFO - Processing file /home/airflow/.local/lib/python3.6/site-packages/airflow/example_dags/example_skip_dag.py for tasks to queue
[2021-09-26 12:05:45,330] {logging_mixin.py:109} INFO - [2021-09-26 12:05:45,330] {dagbag.py:496} INFO - Filling up the DagBag from /home/airflow/.local/lib/python3.6/site-packages/airflow/example_dags/example_skip_dag.py
[2021-09-26 12:05:45,347] {processor.py:623} INFO - DAG(s) dict_keys(['example_skip_dag']) retrieved from /home/airflow/.local/lib/python3.6/site-packages/airflow/example_dags/example_skip_dag.py
[2021-09-26 12:05:45,399] {logging_mixin.py:109} INFO - [2021-09-26 12:05:45,398] {dag.py:1834} INFO - Sync 1 DAGs
[2021-09-26 12:05:45,415] {logging_mixin.py:109} INFO - [2021-09-26 12:05:45,415] {dag.py:2287} INFO - Setting next_dagrun for example_skip_dag to 2021-09-24 00:00:00+00:00
[2021-09-26 12:05:45,427] {processor.py:170} INFO - Processing /home/airflow/.local/lib/python3.6/site-packages/airflow/example_dags/example_skip_dag.py took 0.106 seconds
