[2021-09-26 11:46:57,951] {processor.py:162} INFO - Started process (PID=4017) to work on /home/airflow/.local/lib/python3.6/site-packages/airflow/example_dags/example_latest_only.py
[2021-09-26 11:46:57,958] {processor.py:613} INFO - Processing file /home/airflow/.local/lib/python3.6/site-packages/airflow/example_dags/example_latest_only.py for tasks to queue
[2021-09-26 11:46:57,961] {logging_mixin.py:109} INFO - [2021-09-26 11:46:57,961] {dagbag.py:496} INFO - Filling up the DagBag from /home/airflow/.local/lib/python3.6/site-packages/airflow/example_dags/example_latest_only.py
[2021-09-26 11:46:58,002] {processor.py:623} INFO - DAG(s) dict_keys(['latest_only']) retrieved from /home/airflow/.local/lib/python3.6/site-packages/airflow/example_dags/example_latest_only.py
[2021-09-26 11:46:58,049] {logging_mixin.py:109} INFO - [2021-09-26 11:46:58,048] {dag.py:1834} INFO - Sync 1 DAGs
[2021-09-26 11:46:58,074] {logging_mixin.py:109} INFO - [2021-09-26 11:46:58,073] {dag.py:2287} INFO - Setting next_dagrun for latest_only to 2021-09-24 00:00:00+00:00
[2021-09-26 11:46:58,088] {processor.py:170} INFO - Processing /home/airflow/.local/lib/python3.6/site-packages/airflow/example_dags/example_latest_only.py took 0.145 seconds
[2021-09-26 11:47:28,275] {processor.py:162} INFO - Started process (PID=4072) to work on /home/airflow/.local/lib/python3.6/site-packages/airflow/example_dags/example_latest_only.py
[2021-09-26 11:47:28,282] {processor.py:613} INFO - Processing file /home/airflow/.local/lib/python3.6/site-packages/airflow/example_dags/example_latest_only.py for tasks to queue
[2021-09-26 11:47:28,285] {logging_mixin.py:109} INFO - [2021-09-26 11:47:28,285] {dagbag.py:496} INFO - Filling up the DagBag from /home/airflow/.local/lib/python3.6/site-packages/airflow/example_dags/example_latest_only.py
[2021-09-26 11:47:28,333] {processor.py:623} INFO - DAG(s) dict_keys(['latest_only']) retrieved from /home/airflow/.local/lib/python3.6/site-packages/airflow/example_dags/example_latest_only.py
[2021-09-26 11:47:28,382] {logging_mixin.py:109} INFO - [2021-09-26 11:47:28,382] {dag.py:1834} INFO - Sync 1 DAGs
[2021-09-26 11:47:28,408] {logging_mixin.py:109} INFO - [2021-09-26 11:47:28,408] {dag.py:2287} INFO - Setting next_dagrun for latest_only to 2021-09-24 00:00:00+00:00
[2021-09-26 11:47:28,427] {processor.py:170} INFO - Processing /home/airflow/.local/lib/python3.6/site-packages/airflow/example_dags/example_latest_only.py took 0.159 seconds
[2021-09-26 11:47:58,522] {processor.py:162} INFO - Started process (PID=4140) to work on /home/airflow/.local/lib/python3.6/site-packages/airflow/example_dags/example_latest_only.py
[2021-09-26 11:47:58,528] {processor.py:613} INFO - Processing file /home/airflow/.local/lib/python3.6/site-packages/airflow/example_dags/example_latest_only.py for tasks to queue
[2021-09-26 11:47:58,532] {logging_mixin.py:109} INFO - [2021-09-26 11:47:58,532] {dagbag.py:496} INFO - Filling up the DagBag from /home/airflow/.local/lib/python3.6/site-packages/airflow/example_dags/example_latest_only.py
[2021-09-26 11:47:58,555] {processor.py:623} INFO - DAG(s) dict_keys(['latest_only']) retrieved from /home/airflow/.local/lib/python3.6/site-packages/airflow/example_dags/example_latest_only.py
[2021-09-26 11:47:58,595] {logging_mixin.py:109} INFO - [2021-09-26 11:47:58,595] {dag.py:1834} INFO - Sync 1 DAGs
[2021-09-26 11:47:58,617] {logging_mixin.py:109} INFO - [2021-09-26 11:47:58,617] {dag.py:2287} INFO - Setting next_dagrun for latest_only to 2021-09-24 00:00:00+00:00
[2021-09-26 11:47:58,638] {processor.py:170} INFO - Processing /home/airflow/.local/lib/python3.6/site-packages/airflow/example_dags/example_latest_only.py took 0.126 seconds
[2021-09-26 11:48:28,697] {processor.py:162} INFO - Started process (PID=4199) to work on /home/airflow/.local/lib/python3.6/site-packages/airflow/example_dags/example_latest_only.py
[2021-09-26 11:48:28,702] {processor.py:613} INFO - Processing file /home/airflow/.local/lib/python3.6/site-packages/airflow/example_dags/example_latest_only.py for tasks to queue
[2021-09-26 11:48:28,707] {logging_mixin.py:109} INFO - [2021-09-26 11:48:28,706] {dagbag.py:496} INFO - Filling up the DagBag from /home/airflow/.local/lib/python3.6/site-packages/airflow/example_dags/example_latest_only.py
[2021-09-26 11:48:28,726] {processor.py:623} INFO - DAG(s) dict_keys(['latest_only']) retrieved from /home/airflow/.local/lib/python3.6/site-packages/airflow/example_dags/example_latest_only.py
[2021-09-26 11:48:28,766] {logging_mixin.py:109} INFO - [2021-09-26 11:48:28,766] {dag.py:1834} INFO - Sync 1 DAGs
[2021-09-26 11:48:28,793] {logging_mixin.py:109} INFO - [2021-09-26 11:48:28,793] {dag.py:2287} INFO - Setting next_dagrun for latest_only to 2021-09-24 00:00:00+00:00
[2021-09-26 11:48:28,810] {processor.py:170} INFO - Processing /home/airflow/.local/lib/python3.6/site-packages/airflow/example_dags/example_latest_only.py took 0.119 seconds
[2021-09-26 11:48:59,147] {processor.py:162} INFO - Started process (PID=4255) to work on /home/airflow/.local/lib/python3.6/site-packages/airflow/example_dags/example_latest_only.py
[2021-09-26 11:48:59,150] {processor.py:613} INFO - Processing file /home/airflow/.local/lib/python3.6/site-packages/airflow/example_dags/example_latest_only.py for tasks to queue
[2021-09-26 11:48:59,152] {logging_mixin.py:109} INFO - [2021-09-26 11:48:59,152] {dagbag.py:496} INFO - Filling up the DagBag from /home/airflow/.local/lib/python3.6/site-packages/airflow/example_dags/example_latest_only.py
[2021-09-26 11:48:59,169] {processor.py:623} INFO - DAG(s) dict_keys(['latest_only']) retrieved from /home/airflow/.local/lib/python3.6/site-packages/airflow/example_dags/example_latest_only.py
[2021-09-26 11:48:59,201] {logging_mixin.py:109} INFO - [2021-09-26 11:48:59,201] {dag.py:1834} INFO - Sync 1 DAGs
[2021-09-26 11:48:59,221] {logging_mixin.py:109} INFO - [2021-09-26 11:48:59,220] {dag.py:2287} INFO - Setting next_dagrun for latest_only to 2021-09-24 00:00:00+00:00
[2021-09-26 11:48:59,240] {processor.py:170} INFO - Processing /home/airflow/.local/lib/python3.6/site-packages/airflow/example_dags/example_latest_only.py took 0.100 seconds
[2021-09-26 11:49:29,786] {processor.py:162} INFO - Started process (PID=4324) to work on /home/airflow/.local/lib/python3.6/site-packages/airflow/example_dags/example_latest_only.py
[2021-09-26 11:49:29,789] {processor.py:613} INFO - Processing file /home/airflow/.local/lib/python3.6/site-packages/airflow/example_dags/example_latest_only.py for tasks to queue
[2021-09-26 11:49:29,790] {logging_mixin.py:109} INFO - [2021-09-26 11:49:29,790] {dagbag.py:496} INFO - Filling up the DagBag from /home/airflow/.local/lib/python3.6/site-packages/airflow/example_dags/example_latest_only.py
[2021-09-26 11:49:29,806] {processor.py:623} INFO - DAG(s) dict_keys(['latest_only']) retrieved from /home/airflow/.local/lib/python3.6/site-packages/airflow/example_dags/example_latest_only.py
[2021-09-26 11:49:29,832] {logging_mixin.py:109} INFO - [2021-09-26 11:49:29,832] {dag.py:1834} INFO - Sync 1 DAGs
[2021-09-26 11:49:29,857] {logging_mixin.py:109} INFO - [2021-09-26 11:49:29,857] {dag.py:2287} INFO - Setting next_dagrun for latest_only to 2021-09-24 00:00:00+00:00
[2021-09-26 11:49:29,870] {processor.py:170} INFO - Processing /home/airflow/.local/lib/python3.6/site-packages/airflow/example_dags/example_latest_only.py took 0.090 seconds
[2021-09-26 11:50:00,631] {processor.py:162} INFO - Started process (PID=4395) to work on /home/airflow/.local/lib/python3.6/site-packages/airflow/example_dags/example_latest_only.py
[2021-09-26 11:50:00,634] {processor.py:613} INFO - Processing file /home/airflow/.local/lib/python3.6/site-packages/airflow/example_dags/example_latest_only.py for tasks to queue
[2021-09-26 11:50:00,637] {logging_mixin.py:109} INFO - [2021-09-26 11:50:00,636] {dagbag.py:496} INFO - Filling up the DagBag from /home/airflow/.local/lib/python3.6/site-packages/airflow/example_dags/example_latest_only.py
[2021-09-26 11:50:00,666] {processor.py:623} INFO - DAG(s) dict_keys(['latest_only']) retrieved from /home/airflow/.local/lib/python3.6/site-packages/airflow/example_dags/example_latest_only.py
[2021-09-26 11:50:00,702] {logging_mixin.py:109} INFO - [2021-09-26 11:50:00,702] {dag.py:1834} INFO - Sync 1 DAGs
[2021-09-26 11:50:00,724] {logging_mixin.py:109} INFO - [2021-09-26 11:50:00,724] {dag.py:2287} INFO - Setting next_dagrun for latest_only to 2021-09-24 00:00:00+00:00
[2021-09-26 11:50:00,738] {processor.py:170} INFO - Processing /home/airflow/.local/lib/python3.6/site-packages/airflow/example_dags/example_latest_only.py took 0.111 seconds
[2021-09-26 11:50:31,481] {processor.py:162} INFO - Started process (PID=4451) to work on /home/airflow/.local/lib/python3.6/site-packages/airflow/example_dags/example_latest_only.py
[2021-09-26 11:50:31,484] {processor.py:613} INFO - Processing file /home/airflow/.local/lib/python3.6/site-packages/airflow/example_dags/example_latest_only.py for tasks to queue
[2021-09-26 11:50:31,486] {logging_mixin.py:109} INFO - [2021-09-26 11:50:31,486] {dagbag.py:496} INFO - Filling up the DagBag from /home/airflow/.local/lib/python3.6/site-packages/airflow/example_dags/example_latest_only.py
[2021-09-26 11:50:31,503] {processor.py:623} INFO - DAG(s) dict_keys(['latest_only']) retrieved from /home/airflow/.local/lib/python3.6/site-packages/airflow/example_dags/example_latest_only.py
[2021-09-26 11:50:31,539] {logging_mixin.py:109} INFO - [2021-09-26 11:50:31,539] {dag.py:1834} INFO - Sync 1 DAGs
[2021-09-26 11:50:31,555] {logging_mixin.py:109} INFO - [2021-09-26 11:50:31,555] {dag.py:2287} INFO - Setting next_dagrun for latest_only to 2021-09-24 00:00:00+00:00
[2021-09-26 11:50:31,570] {processor.py:170} INFO - Processing /home/airflow/.local/lib/python3.6/site-packages/airflow/example_dags/example_latest_only.py took 0.094 seconds
[2021-09-26 11:51:01,992] {processor.py:162} INFO - Started process (PID=4521) to work on /home/airflow/.local/lib/python3.6/site-packages/airflow/example_dags/example_latest_only.py
[2021-09-26 11:51:01,995] {processor.py:613} INFO - Processing file /home/airflow/.local/lib/python3.6/site-packages/airflow/example_dags/example_latest_only.py for tasks to queue
[2021-09-26 11:51:01,997] {logging_mixin.py:109} INFO - [2021-09-26 11:51:01,997] {dagbag.py:496} INFO - Filling up the DagBag from /home/airflow/.local/lib/python3.6/site-packages/airflow/example_dags/example_latest_only.py
[2021-09-26 11:51:02,026] {processor.py:623} INFO - DAG(s) dict_keys(['latest_only']) retrieved from /home/airflow/.local/lib/python3.6/site-packages/airflow/example_dags/example_latest_only.py
[2021-09-26 11:51:02,064] {logging_mixin.py:109} INFO - [2021-09-26 11:51:02,063] {dag.py:1834} INFO - Sync 1 DAGs
[2021-09-26 11:51:02,098] {logging_mixin.py:109} INFO - [2021-09-26 11:51:02,097] {dag.py:2287} INFO - Setting next_dagrun for latest_only to 2021-09-24 00:00:00+00:00
[2021-09-26 11:51:02,116] {processor.py:170} INFO - Processing /home/airflow/.local/lib/python3.6/site-packages/airflow/example_dags/example_latest_only.py took 0.131 seconds
[2021-09-26 11:51:32,573] {processor.py:162} INFO - Started process (PID=4580) to work on /home/airflow/.local/lib/python3.6/site-packages/airflow/example_dags/example_latest_only.py
[2021-09-26 11:51:32,576] {processor.py:613} INFO - Processing file /home/airflow/.local/lib/python3.6/site-packages/airflow/example_dags/example_latest_only.py for tasks to queue
[2021-09-26 11:51:32,579] {logging_mixin.py:109} INFO - [2021-09-26 11:51:32,579] {dagbag.py:496} INFO - Filling up the DagBag from /home/airflow/.local/lib/python3.6/site-packages/airflow/example_dags/example_latest_only.py
[2021-09-26 11:51:32,598] {processor.py:623} INFO - DAG(s) dict_keys(['latest_only']) retrieved from /home/airflow/.local/lib/python3.6/site-packages/airflow/example_dags/example_latest_only.py
[2021-09-26 11:51:32,633] {logging_mixin.py:109} INFO - [2021-09-26 11:51:32,633] {dag.py:1834} INFO - Sync 1 DAGs
[2021-09-26 11:51:32,665] {logging_mixin.py:109} INFO - [2021-09-26 11:51:32,665] {dag.py:2287} INFO - Setting next_dagrun for latest_only to 2021-09-24 00:00:00+00:00
[2021-09-26 11:51:32,680] {processor.py:170} INFO - Processing /home/airflow/.local/lib/python3.6/site-packages/airflow/example_dags/example_latest_only.py took 0.113 seconds
[2021-09-26 11:52:03,075] {processor.py:162} INFO - Started process (PID=4649) to work on /home/airflow/.local/lib/python3.6/site-packages/airflow/example_dags/example_latest_only.py
[2021-09-26 11:52:03,081] {processor.py:613} INFO - Processing file /home/airflow/.local/lib/python3.6/site-packages/airflow/example_dags/example_latest_only.py for tasks to queue
[2021-09-26 11:52:03,084] {logging_mixin.py:109} INFO - [2021-09-26 11:52:03,084] {dagbag.py:496} INFO - Filling up the DagBag from /home/airflow/.local/lib/python3.6/site-packages/airflow/example_dags/example_latest_only.py
[2021-09-26 11:52:03,111] {processor.py:623} INFO - DAG(s) dict_keys(['latest_only']) retrieved from /home/airflow/.local/lib/python3.6/site-packages/airflow/example_dags/example_latest_only.py
[2021-09-26 11:52:03,151] {logging_mixin.py:109} INFO - [2021-09-26 11:52:03,151] {dag.py:1834} INFO - Sync 1 DAGs
[2021-09-26 11:52:03,193] {logging_mixin.py:109} INFO - [2021-09-26 11:52:03,193] {dag.py:2287} INFO - Setting next_dagrun for latest_only to 2021-09-24 00:00:00+00:00
[2021-09-26 11:52:03,211] {processor.py:170} INFO - Processing /home/airflow/.local/lib/python3.6/site-packages/airflow/example_dags/example_latest_only.py took 0.150 seconds
[2021-09-26 11:52:33,262] {processor.py:162} INFO - Started process (PID=4706) to work on /home/airflow/.local/lib/python3.6/site-packages/airflow/example_dags/example_latest_only.py
[2021-09-26 11:52:33,266] {processor.py:613} INFO - Processing file /home/airflow/.local/lib/python3.6/site-packages/airflow/example_dags/example_latest_only.py for tasks to queue
[2021-09-26 11:52:33,268] {logging_mixin.py:109} INFO - [2021-09-26 11:52:33,267] {dagbag.py:496} INFO - Filling up the DagBag from /home/airflow/.local/lib/python3.6/site-packages/airflow/example_dags/example_latest_only.py
[2021-09-26 11:52:33,283] {processor.py:623} INFO - DAG(s) dict_keys(['latest_only']) retrieved from /home/airflow/.local/lib/python3.6/site-packages/airflow/example_dags/example_latest_only.py
[2021-09-26 11:52:33,308] {logging_mixin.py:109} INFO - [2021-09-26 11:52:33,308] {dag.py:1834} INFO - Sync 1 DAGs
[2021-09-26 11:52:33,324] {logging_mixin.py:109} INFO - [2021-09-26 11:52:33,324] {dag.py:2287} INFO - Setting next_dagrun for latest_only to 2021-09-24 00:00:00+00:00
[2021-09-26 11:52:33,335] {processor.py:170} INFO - Processing /home/airflow/.local/lib/python3.6/site-packages/airflow/example_dags/example_latest_only.py took 0.079 seconds
[2021-09-26 11:53:03,834] {processor.py:162} INFO - Started process (PID=4777) to work on /home/airflow/.local/lib/python3.6/site-packages/airflow/example_dags/example_latest_only.py
[2021-09-26 11:53:03,838] {processor.py:613} INFO - Processing file /home/airflow/.local/lib/python3.6/site-packages/airflow/example_dags/example_latest_only.py for tasks to queue
[2021-09-26 11:53:03,841] {logging_mixin.py:109} INFO - [2021-09-26 11:53:03,841] {dagbag.py:496} INFO - Filling up the DagBag from /home/airflow/.local/lib/python3.6/site-packages/airflow/example_dags/example_latest_only.py
[2021-09-26 11:53:03,861] {processor.py:623} INFO - DAG(s) dict_keys(['latest_only']) retrieved from /home/airflow/.local/lib/python3.6/site-packages/airflow/example_dags/example_latest_only.py
[2021-09-26 11:53:03,914] {logging_mixin.py:109} INFO - [2021-09-26 11:53:03,914] {dag.py:1834} INFO - Sync 1 DAGs
[2021-09-26 11:53:03,946] {logging_mixin.py:109} INFO - [2021-09-26 11:53:03,946] {dag.py:2287} INFO - Setting next_dagrun for latest_only to 2021-09-24 00:00:00+00:00
[2021-09-26 11:53:03,966] {processor.py:170} INFO - Processing /home/airflow/.local/lib/python3.6/site-packages/airflow/example_dags/example_latest_only.py took 0.135 seconds
[2021-09-26 11:53:34,586] {processor.py:162} INFO - Started process (PID=4843) to work on /home/airflow/.local/lib/python3.6/site-packages/airflow/example_dags/example_latest_only.py
[2021-09-26 11:53:34,590] {processor.py:613} INFO - Processing file /home/airflow/.local/lib/python3.6/site-packages/airflow/example_dags/example_latest_only.py for tasks to queue
[2021-09-26 11:53:34,592] {logging_mixin.py:109} INFO - [2021-09-26 11:53:34,592] {dagbag.py:496} INFO - Filling up the DagBag from /home/airflow/.local/lib/python3.6/site-packages/airflow/example_dags/example_latest_only.py
[2021-09-26 11:53:34,610] {processor.py:623} INFO - DAG(s) dict_keys(['latest_only']) retrieved from /home/airflow/.local/lib/python3.6/site-packages/airflow/example_dags/example_latest_only.py
[2021-09-26 11:53:34,659] {logging_mixin.py:109} INFO - [2021-09-26 11:53:34,659] {dag.py:1834} INFO - Sync 1 DAGs
[2021-09-26 11:53:34,694] {logging_mixin.py:109} INFO - [2021-09-26 11:53:34,694] {dag.py:2287} INFO - Setting next_dagrun for latest_only to 2021-09-24 00:00:00+00:00
[2021-09-26 11:53:34,713] {processor.py:170} INFO - Processing /home/airflow/.local/lib/python3.6/site-packages/airflow/example_dags/example_latest_only.py took 0.134 seconds
[2021-09-26 11:54:04,970] {processor.py:162} INFO - Started process (PID=4899) to work on /home/airflow/.local/lib/python3.6/site-packages/airflow/example_dags/example_latest_only.py
[2021-09-26 11:54:04,973] {processor.py:613} INFO - Processing file /home/airflow/.local/lib/python3.6/site-packages/airflow/example_dags/example_latest_only.py for tasks to queue
[2021-09-26 11:54:04,974] {logging_mixin.py:109} INFO - [2021-09-26 11:54:04,974] {dagbag.py:496} INFO - Filling up the DagBag from /home/airflow/.local/lib/python3.6/site-packages/airflow/example_dags/example_latest_only.py
[2021-09-26 11:54:04,993] {processor.py:623} INFO - DAG(s) dict_keys(['latest_only']) retrieved from /home/airflow/.local/lib/python3.6/site-packages/airflow/example_dags/example_latest_only.py
[2021-09-26 11:54:05,027] {logging_mixin.py:109} INFO - [2021-09-26 11:54:05,027] {dag.py:1834} INFO - Sync 1 DAGs
[2021-09-26 11:54:05,049] {logging_mixin.py:109} INFO - [2021-09-26 11:54:05,049] {dag.py:2287} INFO - Setting next_dagrun for latest_only to 2021-09-24 00:00:00+00:00
[2021-09-26 11:54:05,063] {processor.py:170} INFO - Processing /home/airflow/.local/lib/python3.6/site-packages/airflow/example_dags/example_latest_only.py took 0.100 seconds
[2021-09-26 11:54:35,505] {processor.py:162} INFO - Started process (PID=4967) to work on /home/airflow/.local/lib/python3.6/site-packages/airflow/example_dags/example_latest_only.py
[2021-09-26 11:54:35,509] {processor.py:613} INFO - Processing file /home/airflow/.local/lib/python3.6/site-packages/airflow/example_dags/example_latest_only.py for tasks to queue
[2021-09-26 11:54:35,516] {logging_mixin.py:109} INFO - [2021-09-26 11:54:35,514] {dagbag.py:496} INFO - Filling up the DagBag from /home/airflow/.local/lib/python3.6/site-packages/airflow/example_dags/example_latest_only.py
[2021-09-26 11:54:35,568] {processor.py:623} INFO - DAG(s) dict_keys(['latest_only']) retrieved from /home/airflow/.local/lib/python3.6/site-packages/airflow/example_dags/example_latest_only.py
[2021-09-26 11:54:35,630] {logging_mixin.py:109} INFO - [2021-09-26 11:54:35,630] {dag.py:1834} INFO - Sync 1 DAGs
[2021-09-26 11:54:35,654] {logging_mixin.py:109} INFO - [2021-09-26 11:54:35,654] {dag.py:2287} INFO - Setting next_dagrun for latest_only to 2021-09-24 00:00:00+00:00
[2021-09-26 11:54:35,670] {processor.py:170} INFO - Processing /home/airflow/.local/lib/python3.6/site-packages/airflow/example_dags/example_latest_only.py took 0.171 seconds
[2021-09-26 11:55:06,074] {processor.py:162} INFO - Started process (PID=5025) to work on /home/airflow/.local/lib/python3.6/site-packages/airflow/example_dags/example_latest_only.py
[2021-09-26 11:55:06,077] {processor.py:613} INFO - Processing file /home/airflow/.local/lib/python3.6/site-packages/airflow/example_dags/example_latest_only.py for tasks to queue
[2021-09-26 11:55:06,079] {logging_mixin.py:109} INFO - [2021-09-26 11:55:06,079] {dagbag.py:496} INFO - Filling up the DagBag from /home/airflow/.local/lib/python3.6/site-packages/airflow/example_dags/example_latest_only.py
[2021-09-26 11:55:06,096] {processor.py:623} INFO - DAG(s) dict_keys(['latest_only']) retrieved from /home/airflow/.local/lib/python3.6/site-packages/airflow/example_dags/example_latest_only.py
[2021-09-26 11:55:06,127] {logging_mixin.py:109} INFO - [2021-09-26 11:55:06,127] {dag.py:1834} INFO - Sync 1 DAGs
[2021-09-26 11:55:06,145] {logging_mixin.py:109} INFO - [2021-09-26 11:55:06,145] {dag.py:2287} INFO - Setting next_dagrun for latest_only to 2021-09-24 00:00:00+00:00
[2021-09-26 11:55:06,159] {processor.py:170} INFO - Processing /home/airflow/.local/lib/python3.6/site-packages/airflow/example_dags/example_latest_only.py took 0.090 seconds
[2021-09-26 11:55:36,319] {processor.py:162} INFO - Started process (PID=5093) to work on /home/airflow/.local/lib/python3.6/site-packages/airflow/example_dags/example_latest_only.py
[2021-09-26 11:55:36,322] {processor.py:613} INFO - Processing file /home/airflow/.local/lib/python3.6/site-packages/airflow/example_dags/example_latest_only.py for tasks to queue
[2021-09-26 11:55:36,324] {logging_mixin.py:109} INFO - [2021-09-26 11:55:36,323] {dagbag.py:496} INFO - Filling up the DagBag from /home/airflow/.local/lib/python3.6/site-packages/airflow/example_dags/example_latest_only.py
[2021-09-26 11:55:36,347] {processor.py:623} INFO - DAG(s) dict_keys(['latest_only']) retrieved from /home/airflow/.local/lib/python3.6/site-packages/airflow/example_dags/example_latest_only.py
[2021-09-26 11:55:36,397] {logging_mixin.py:109} INFO - [2021-09-26 11:55:36,397] {dag.py:1834} INFO - Sync 1 DAGs
[2021-09-26 11:55:36,432] {logging_mixin.py:109} INFO - [2021-09-26 11:55:36,432] {dag.py:2287} INFO - Setting next_dagrun for latest_only to 2021-09-24 00:00:00+00:00
[2021-09-26 11:55:36,446] {processor.py:170} INFO - Processing /home/airflow/.local/lib/python3.6/site-packages/airflow/example_dags/example_latest_only.py took 0.131 seconds
[2021-09-26 11:56:06,854] {processor.py:162} INFO - Started process (PID=5152) to work on /home/airflow/.local/lib/python3.6/site-packages/airflow/example_dags/example_latest_only.py
[2021-09-26 11:56:06,857] {processor.py:613} INFO - Processing file /home/airflow/.local/lib/python3.6/site-packages/airflow/example_dags/example_latest_only.py for tasks to queue
[2021-09-26 11:56:06,859] {logging_mixin.py:109} INFO - [2021-09-26 11:56:06,859] {dagbag.py:496} INFO - Filling up the DagBag from /home/airflow/.local/lib/python3.6/site-packages/airflow/example_dags/example_latest_only.py
[2021-09-26 11:56:06,875] {processor.py:623} INFO - DAG(s) dict_keys(['latest_only']) retrieved from /home/airflow/.local/lib/python3.6/site-packages/airflow/example_dags/example_latest_only.py
[2021-09-26 11:56:06,902] {logging_mixin.py:109} INFO - [2021-09-26 11:56:06,901] {dag.py:1834} INFO - Sync 1 DAGs
[2021-09-26 11:56:06,917] {logging_mixin.py:109} INFO - [2021-09-26 11:56:06,917] {dag.py:2287} INFO - Setting next_dagrun for latest_only to 2021-09-24 00:00:00+00:00
[2021-09-26 11:56:06,928] {processor.py:170} INFO - Processing /home/airflow/.local/lib/python3.6/site-packages/airflow/example_dags/example_latest_only.py took 0.079 seconds
[2021-09-26 11:56:37,590] {processor.py:162} INFO - Started process (PID=5219) to work on /home/airflow/.local/lib/python3.6/site-packages/airflow/example_dags/example_latest_only.py
[2021-09-26 11:56:37,593] {processor.py:613} INFO - Processing file /home/airflow/.local/lib/python3.6/site-packages/airflow/example_dags/example_latest_only.py for tasks to queue
[2021-09-26 11:56:37,595] {logging_mixin.py:109} INFO - [2021-09-26 11:56:37,595] {dagbag.py:496} INFO - Filling up the DagBag from /home/airflow/.local/lib/python3.6/site-packages/airflow/example_dags/example_latest_only.py
[2021-09-26 11:56:37,613] {processor.py:623} INFO - DAG(s) dict_keys(['latest_only']) retrieved from /home/airflow/.local/lib/python3.6/site-packages/airflow/example_dags/example_latest_only.py
[2021-09-26 11:56:37,639] {logging_mixin.py:109} INFO - [2021-09-26 11:56:37,639] {dag.py:1834} INFO - Sync 1 DAGs
[2021-09-26 11:56:37,655] {logging_mixin.py:109} INFO - [2021-09-26 11:56:37,655] {dag.py:2287} INFO - Setting next_dagrun for latest_only to 2021-09-24 00:00:00+00:00
[2021-09-26 11:56:37,667] {processor.py:170} INFO - Processing /home/airflow/.local/lib/python3.6/site-packages/airflow/example_dags/example_latest_only.py took 0.083 seconds
[2021-09-26 11:57:07,871] {processor.py:162} INFO - Started process (PID=5276) to work on /home/airflow/.local/lib/python3.6/site-packages/airflow/example_dags/example_latest_only.py
[2021-09-26 11:57:07,874] {processor.py:613} INFO - Processing file /home/airflow/.local/lib/python3.6/site-packages/airflow/example_dags/example_latest_only.py for tasks to queue
[2021-09-26 11:57:07,876] {logging_mixin.py:109} INFO - [2021-09-26 11:57:07,876] {dagbag.py:496} INFO - Filling up the DagBag from /home/airflow/.local/lib/python3.6/site-packages/airflow/example_dags/example_latest_only.py
[2021-09-26 11:57:07,890] {processor.py:623} INFO - DAG(s) dict_keys(['latest_only']) retrieved from /home/airflow/.local/lib/python3.6/site-packages/airflow/example_dags/example_latest_only.py
[2021-09-26 11:57:07,914] {logging_mixin.py:109} INFO - [2021-09-26 11:57:07,913] {dag.py:1834} INFO - Sync 1 DAGs
[2021-09-26 11:57:07,928] {logging_mixin.py:109} INFO - [2021-09-26 11:57:07,928] {dag.py:2287} INFO - Setting next_dagrun for latest_only to 2021-09-24 00:00:00+00:00
[2021-09-26 11:57:07,939] {processor.py:170} INFO - Processing /home/airflow/.local/lib/python3.6/site-packages/airflow/example_dags/example_latest_only.py took 0.074 seconds
[2021-09-26 11:57:38,294] {processor.py:162} INFO - Started process (PID=5343) to work on /home/airflow/.local/lib/python3.6/site-packages/airflow/example_dags/example_latest_only.py
[2021-09-26 11:57:38,298] {processor.py:613} INFO - Processing file /home/airflow/.local/lib/python3.6/site-packages/airflow/example_dags/example_latest_only.py for tasks to queue
[2021-09-26 11:57:38,300] {logging_mixin.py:109} INFO - [2021-09-26 11:57:38,300] {dagbag.py:496} INFO - Filling up the DagBag from /home/airflow/.local/lib/python3.6/site-packages/airflow/example_dags/example_latest_only.py
[2021-09-26 11:57:38,322] {processor.py:623} INFO - DAG(s) dict_keys(['latest_only']) retrieved from /home/airflow/.local/lib/python3.6/site-packages/airflow/example_dags/example_latest_only.py
[2021-09-26 11:57:38,361] {logging_mixin.py:109} INFO - [2021-09-26 11:57:38,361] {dag.py:1834} INFO - Sync 1 DAGs
[2021-09-26 11:57:38,380] {logging_mixin.py:109} INFO - [2021-09-26 11:57:38,379] {dag.py:2287} INFO - Setting next_dagrun for latest_only to 2021-09-24 00:00:00+00:00
[2021-09-26 11:57:38,394] {processor.py:170} INFO - Processing /home/airflow/.local/lib/python3.6/site-packages/airflow/example_dags/example_latest_only.py took 0.106 seconds
[2021-09-26 11:58:08,648] {processor.py:162} INFO - Started process (PID=5411) to work on /home/airflow/.local/lib/python3.6/site-packages/airflow/example_dags/example_latest_only.py
[2021-09-26 11:58:08,651] {processor.py:613} INFO - Processing file /home/airflow/.local/lib/python3.6/site-packages/airflow/example_dags/example_latest_only.py for tasks to queue
[2021-09-26 11:58:08,652] {logging_mixin.py:109} INFO - [2021-09-26 11:58:08,652] {dagbag.py:496} INFO - Filling up the DagBag from /home/airflow/.local/lib/python3.6/site-packages/airflow/example_dags/example_latest_only.py
[2021-09-26 11:58:08,677] {processor.py:623} INFO - DAG(s) dict_keys(['latest_only']) retrieved from /home/airflow/.local/lib/python3.6/site-packages/airflow/example_dags/example_latest_only.py
[2021-09-26 11:58:08,703] {logging_mixin.py:109} INFO - [2021-09-26 11:58:08,703] {dag.py:1834} INFO - Sync 1 DAGs
[2021-09-26 11:58:08,724] {logging_mixin.py:109} INFO - [2021-09-26 11:58:08,724] {dag.py:2287} INFO - Setting next_dagrun for latest_only to 2021-09-24 00:00:00+00:00
[2021-09-26 11:58:08,737] {processor.py:170} INFO - Processing /home/airflow/.local/lib/python3.6/site-packages/airflow/example_dags/example_latest_only.py took 0.093 seconds
[2021-09-26 11:58:39,236] {processor.py:162} INFO - Started process (PID=5471) to work on /home/airflow/.local/lib/python3.6/site-packages/airflow/example_dags/example_latest_only.py
[2021-09-26 11:58:39,239] {processor.py:613} INFO - Processing file /home/airflow/.local/lib/python3.6/site-packages/airflow/example_dags/example_latest_only.py for tasks to queue
[2021-09-26 11:58:39,241] {logging_mixin.py:109} INFO - [2021-09-26 11:58:39,240] {dagbag.py:496} INFO - Filling up the DagBag from /home/airflow/.local/lib/python3.6/site-packages/airflow/example_dags/example_latest_only.py
[2021-09-26 11:58:39,257] {processor.py:623} INFO - DAG(s) dict_keys(['latest_only']) retrieved from /home/airflow/.local/lib/python3.6/site-packages/airflow/example_dags/example_latest_only.py
[2021-09-26 11:58:39,285] {logging_mixin.py:109} INFO - [2021-09-26 11:58:39,285] {dag.py:1834} INFO - Sync 1 DAGs
[2021-09-26 11:58:39,302] {logging_mixin.py:109} INFO - [2021-09-26 11:58:39,302] {dag.py:2287} INFO - Setting next_dagrun for latest_only to 2021-09-24 00:00:00+00:00
[2021-09-26 11:58:39,314] {processor.py:170} INFO - Processing /home/airflow/.local/lib/python3.6/site-packages/airflow/example_dags/example_latest_only.py took 0.086 seconds
[2021-09-26 11:59:09,826] {processor.py:162} INFO - Started process (PID=5540) to work on /home/airflow/.local/lib/python3.6/site-packages/airflow/example_dags/example_latest_only.py
[2021-09-26 11:59:09,830] {processor.py:613} INFO - Processing file /home/airflow/.local/lib/python3.6/site-packages/airflow/example_dags/example_latest_only.py for tasks to queue
[2021-09-26 11:59:09,833] {logging_mixin.py:109} INFO - [2021-09-26 11:59:09,832] {dagbag.py:496} INFO - Filling up the DagBag from /home/airflow/.local/lib/python3.6/site-packages/airflow/example_dags/example_latest_only.py
[2021-09-26 11:59:09,858] {processor.py:623} INFO - DAG(s) dict_keys(['latest_only']) retrieved from /home/airflow/.local/lib/python3.6/site-packages/airflow/example_dags/example_latest_only.py
[2021-09-26 11:59:09,900] {logging_mixin.py:109} INFO - [2021-09-26 11:59:09,900] {dag.py:1834} INFO - Sync 1 DAGs
[2021-09-26 11:59:09,923] {logging_mixin.py:109} INFO - [2021-09-26 11:59:09,923] {dag.py:2287} INFO - Setting next_dagrun for latest_only to 2021-09-24 00:00:00+00:00
[2021-09-26 11:59:09,945] {processor.py:170} INFO - Processing /home/airflow/.local/lib/python3.6/site-packages/airflow/example_dags/example_latest_only.py took 0.124 seconds
[2021-09-26 11:59:40,089] {processor.py:162} INFO - Started process (PID=5596) to work on /home/airflow/.local/lib/python3.6/site-packages/airflow/example_dags/example_latest_only.py
[2021-09-26 11:59:40,092] {processor.py:613} INFO - Processing file /home/airflow/.local/lib/python3.6/site-packages/airflow/example_dags/example_latest_only.py for tasks to queue
[2021-09-26 11:59:40,093] {logging_mixin.py:109} INFO - [2021-09-26 11:59:40,093] {dagbag.py:496} INFO - Filling up the DagBag from /home/airflow/.local/lib/python3.6/site-packages/airflow/example_dags/example_latest_only.py
[2021-09-26 11:59:40,109] {processor.py:623} INFO - DAG(s) dict_keys(['latest_only']) retrieved from /home/airflow/.local/lib/python3.6/site-packages/airflow/example_dags/example_latest_only.py
[2021-09-26 11:59:40,133] {logging_mixin.py:109} INFO - [2021-09-26 11:59:40,133] {dag.py:1834} INFO - Sync 1 DAGs
[2021-09-26 11:59:40,153] {logging_mixin.py:109} INFO - [2021-09-26 11:59:40,153] {dag.py:2287} INFO - Setting next_dagrun for latest_only to 2021-09-24 00:00:00+00:00
[2021-09-26 11:59:40,167] {processor.py:170} INFO - Processing /home/airflow/.local/lib/python3.6/site-packages/airflow/example_dags/example_latest_only.py took 0.084 seconds
[2021-09-26 12:00:10,818] {processor.py:162} INFO - Started process (PID=5665) to work on /home/airflow/.local/lib/python3.6/site-packages/airflow/example_dags/example_latest_only.py
[2021-09-26 12:00:10,821] {processor.py:613} INFO - Processing file /home/airflow/.local/lib/python3.6/site-packages/airflow/example_dags/example_latest_only.py for tasks to queue
[2021-09-26 12:00:10,823] {logging_mixin.py:109} INFO - [2021-09-26 12:00:10,823] {dagbag.py:496} INFO - Filling up the DagBag from /home/airflow/.local/lib/python3.6/site-packages/airflow/example_dags/example_latest_only.py
[2021-09-26 12:00:10,841] {processor.py:623} INFO - DAG(s) dict_keys(['latest_only']) retrieved from /home/airflow/.local/lib/python3.6/site-packages/airflow/example_dags/example_latest_only.py
[2021-09-26 12:00:10,866] {logging_mixin.py:109} INFO - [2021-09-26 12:00:10,866] {dag.py:1834} INFO - Sync 1 DAGs
[2021-09-26 12:00:10,882] {logging_mixin.py:109} INFO - [2021-09-26 12:00:10,882] {dag.py:2287} INFO - Setting next_dagrun for latest_only to 2021-09-24 00:00:00+00:00
[2021-09-26 12:00:10,893] {processor.py:170} INFO - Processing /home/airflow/.local/lib/python3.6/site-packages/airflow/example_dags/example_latest_only.py took 0.080 seconds
[2021-09-26 12:00:41,221] {processor.py:162} INFO - Started process (PID=5734) to work on /home/airflow/.local/lib/python3.6/site-packages/airflow/example_dags/example_latest_only.py
[2021-09-26 12:00:41,224] {processor.py:613} INFO - Processing file /home/airflow/.local/lib/python3.6/site-packages/airflow/example_dags/example_latest_only.py for tasks to queue
[2021-09-26 12:00:41,227] {logging_mixin.py:109} INFO - [2021-09-26 12:00:41,227] {dagbag.py:496} INFO - Filling up the DagBag from /home/airflow/.local/lib/python3.6/site-packages/airflow/example_dags/example_latest_only.py
[2021-09-26 12:00:41,243] {processor.py:623} INFO - DAG(s) dict_keys(['latest_only']) retrieved from /home/airflow/.local/lib/python3.6/site-packages/airflow/example_dags/example_latest_only.py
[2021-09-26 12:00:41,272] {logging_mixin.py:109} INFO - [2021-09-26 12:00:41,272] {dag.py:1834} INFO - Sync 1 DAGs
[2021-09-26 12:00:41,291] {logging_mixin.py:109} INFO - [2021-09-26 12:00:41,291] {dag.py:2287} INFO - Setting next_dagrun for latest_only to 2021-09-24 00:00:00+00:00
[2021-09-26 12:00:41,306] {processor.py:170} INFO - Processing /home/airflow/.local/lib/python3.6/site-packages/airflow/example_dags/example_latest_only.py took 0.092 seconds
[2021-09-26 12:01:11,839] {processor.py:162} INFO - Started process (PID=5792) to work on /home/airflow/.local/lib/python3.6/site-packages/airflow/example_dags/example_latest_only.py
[2021-09-26 12:01:11,841] {processor.py:613} INFO - Processing file /home/airflow/.local/lib/python3.6/site-packages/airflow/example_dags/example_latest_only.py for tasks to queue
[2021-09-26 12:01:11,843] {logging_mixin.py:109} INFO - [2021-09-26 12:01:11,843] {dagbag.py:496} INFO - Filling up the DagBag from /home/airflow/.local/lib/python3.6/site-packages/airflow/example_dags/example_latest_only.py
[2021-09-26 12:01:11,858] {processor.py:623} INFO - DAG(s) dict_keys(['latest_only']) retrieved from /home/airflow/.local/lib/python3.6/site-packages/airflow/example_dags/example_latest_only.py
[2021-09-26 12:01:11,890] {logging_mixin.py:109} INFO - [2021-09-26 12:01:11,890] {dag.py:1834} INFO - Sync 1 DAGs
[2021-09-26 12:01:11,904] {logging_mixin.py:109} INFO - [2021-09-26 12:01:11,903] {dag.py:2287} INFO - Setting next_dagrun for latest_only to 2021-09-24 00:00:00+00:00
[2021-09-26 12:01:11,916] {processor.py:170} INFO - Processing /home/airflow/.local/lib/python3.6/site-packages/airflow/example_dags/example_latest_only.py took 0.084 seconds
[2021-09-26 12:01:42,400] {processor.py:162} INFO - Started process (PID=5860) to work on /home/airflow/.local/lib/python3.6/site-packages/airflow/example_dags/example_latest_only.py
[2021-09-26 12:01:42,403] {processor.py:613} INFO - Processing file /home/airflow/.local/lib/python3.6/site-packages/airflow/example_dags/example_latest_only.py for tasks to queue
[2021-09-26 12:01:42,405] {logging_mixin.py:109} INFO - [2021-09-26 12:01:42,405] {dagbag.py:496} INFO - Filling up the DagBag from /home/airflow/.local/lib/python3.6/site-packages/airflow/example_dags/example_latest_only.py
[2021-09-26 12:01:42,422] {processor.py:623} INFO - DAG(s) dict_keys(['latest_only']) retrieved from /home/airflow/.local/lib/python3.6/site-packages/airflow/example_dags/example_latest_only.py
[2021-09-26 12:01:42,461] {logging_mixin.py:109} INFO - [2021-09-26 12:01:42,461] {dag.py:1834} INFO - Sync 1 DAGs
[2021-09-26 12:01:42,477] {logging_mixin.py:109} INFO - [2021-09-26 12:01:42,477] {dag.py:2287} INFO - Setting next_dagrun for latest_only to 2021-09-24 00:00:00+00:00
[2021-09-26 12:01:42,491] {processor.py:170} INFO - Processing /home/airflow/.local/lib/python3.6/site-packages/airflow/example_dags/example_latest_only.py took 0.098 seconds
[2021-09-26 12:02:12,544] {processor.py:162} INFO - Started process (PID=5918) to work on /home/airflow/.local/lib/python3.6/site-packages/airflow/example_dags/example_latest_only.py
[2021-09-26 12:02:12,547] {processor.py:613} INFO - Processing file /home/airflow/.local/lib/python3.6/site-packages/airflow/example_dags/example_latest_only.py for tasks to queue
[2021-09-26 12:02:12,549] {logging_mixin.py:109} INFO - [2021-09-26 12:02:12,548] {dagbag.py:496} INFO - Filling up the DagBag from /home/airflow/.local/lib/python3.6/site-packages/airflow/example_dags/example_latest_only.py
[2021-09-26 12:02:12,563] {processor.py:623} INFO - DAG(s) dict_keys(['latest_only']) retrieved from /home/airflow/.local/lib/python3.6/site-packages/airflow/example_dags/example_latest_only.py
[2021-09-26 12:02:12,590] {logging_mixin.py:109} INFO - [2021-09-26 12:02:12,590] {dag.py:1834} INFO - Sync 1 DAGs
[2021-09-26 12:02:12,605] {logging_mixin.py:109} INFO - [2021-09-26 12:02:12,604] {dag.py:2287} INFO - Setting next_dagrun for latest_only to 2021-09-24 00:00:00+00:00
[2021-09-26 12:02:12,616] {processor.py:170} INFO - Processing /home/airflow/.local/lib/python3.6/site-packages/airflow/example_dags/example_latest_only.py took 0.076 seconds
[2021-09-26 12:02:42,976] {processor.py:162} INFO - Started process (PID=5984) to work on /home/airflow/.local/lib/python3.6/site-packages/airflow/example_dags/example_latest_only.py
[2021-09-26 12:02:42,985] {processor.py:613} INFO - Processing file /home/airflow/.local/lib/python3.6/site-packages/airflow/example_dags/example_latest_only.py for tasks to queue
[2021-09-26 12:02:42,987] {logging_mixin.py:109} INFO - [2021-09-26 12:02:42,987] {dagbag.py:496} INFO - Filling up the DagBag from /home/airflow/.local/lib/python3.6/site-packages/airflow/example_dags/example_latest_only.py
[2021-09-26 12:02:43,012] {processor.py:623} INFO - DAG(s) dict_keys(['latest_only']) retrieved from /home/airflow/.local/lib/python3.6/site-packages/airflow/example_dags/example_latest_only.py
[2021-09-26 12:02:43,038] {logging_mixin.py:109} INFO - [2021-09-26 12:02:43,037] {dag.py:1834} INFO - Sync 1 DAGs
[2021-09-26 12:02:43,053] {logging_mixin.py:109} INFO - [2021-09-26 12:02:43,053] {dag.py:2287} INFO - Setting next_dagrun for latest_only to 2021-09-24 00:00:00+00:00
[2021-09-26 12:02:43,066] {processor.py:170} INFO - Processing /home/airflow/.local/lib/python3.6/site-packages/airflow/example_dags/example_latest_only.py took 0.095 seconds
[2021-09-26 12:03:13,245] {processor.py:162} INFO - Started process (PID=6048) to work on /home/airflow/.local/lib/python3.6/site-packages/airflow/example_dags/example_latest_only.py
[2021-09-26 12:03:13,248] {processor.py:613} INFO - Processing file /home/airflow/.local/lib/python3.6/site-packages/airflow/example_dags/example_latest_only.py for tasks to queue
[2021-09-26 12:03:13,249] {logging_mixin.py:109} INFO - [2021-09-26 12:03:13,249] {dagbag.py:496} INFO - Filling up the DagBag from /home/airflow/.local/lib/python3.6/site-packages/airflow/example_dags/example_latest_only.py
[2021-09-26 12:03:13,264] {processor.py:623} INFO - DAG(s) dict_keys(['latest_only']) retrieved from /home/airflow/.local/lib/python3.6/site-packages/airflow/example_dags/example_latest_only.py
[2021-09-26 12:03:13,297] {logging_mixin.py:109} INFO - [2021-09-26 12:03:13,297] {dag.py:1834} INFO - Sync 1 DAGs
[2021-09-26 12:03:13,321] {logging_mixin.py:109} INFO - [2021-09-26 12:03:13,320] {dag.py:2287} INFO - Setting next_dagrun for latest_only to 2021-09-24 00:00:00+00:00
[2021-09-26 12:03:13,337] {processor.py:170} INFO - Processing /home/airflow/.local/lib/python3.6/site-packages/airflow/example_dags/example_latest_only.py took 0.097 seconds
[2021-09-26 12:03:43,665] {processor.py:162} INFO - Started process (PID=6107) to work on /home/airflow/.local/lib/python3.6/site-packages/airflow/example_dags/example_latest_only.py
[2021-09-26 12:03:43,670] {processor.py:613} INFO - Processing file /home/airflow/.local/lib/python3.6/site-packages/airflow/example_dags/example_latest_only.py for tasks to queue
[2021-09-26 12:03:43,672] {logging_mixin.py:109} INFO - [2021-09-26 12:03:43,672] {dagbag.py:496} INFO - Filling up the DagBag from /home/airflow/.local/lib/python3.6/site-packages/airflow/example_dags/example_latest_only.py
[2021-09-26 12:03:43,693] {processor.py:623} INFO - DAG(s) dict_keys(['latest_only']) retrieved from /home/airflow/.local/lib/python3.6/site-packages/airflow/example_dags/example_latest_only.py
[2021-09-26 12:03:43,725] {logging_mixin.py:109} INFO - [2021-09-26 12:03:43,724] {dag.py:1834} INFO - Sync 1 DAGs
[2021-09-26 12:03:43,750] {logging_mixin.py:109} INFO - [2021-09-26 12:03:43,750] {dag.py:2287} INFO - Setting next_dagrun for latest_only to 2021-09-24 00:00:00+00:00
[2021-09-26 12:03:43,776] {processor.py:170} INFO - Processing /home/airflow/.local/lib/python3.6/site-packages/airflow/example_dags/example_latest_only.py took 0.120 seconds
[2021-09-26 12:04:14,303] {processor.py:162} INFO - Started process (PID=6176) to work on /home/airflow/.local/lib/python3.6/site-packages/airflow/example_dags/example_latest_only.py
[2021-09-26 12:04:14,306] {processor.py:613} INFO - Processing file /home/airflow/.local/lib/python3.6/site-packages/airflow/example_dags/example_latest_only.py for tasks to queue
[2021-09-26 12:04:14,307] {logging_mixin.py:109} INFO - [2021-09-26 12:04:14,307] {dagbag.py:496} INFO - Filling up the DagBag from /home/airflow/.local/lib/python3.6/site-packages/airflow/example_dags/example_latest_only.py
[2021-09-26 12:04:14,320] {processor.py:623} INFO - DAG(s) dict_keys(['latest_only']) retrieved from /home/airflow/.local/lib/python3.6/site-packages/airflow/example_dags/example_latest_only.py
[2021-09-26 12:04:14,353] {logging_mixin.py:109} INFO - [2021-09-26 12:04:14,353] {dag.py:1834} INFO - Sync 1 DAGs
[2021-09-26 12:04:14,377] {logging_mixin.py:109} INFO - [2021-09-26 12:04:14,376] {dag.py:2287} INFO - Setting next_dagrun for latest_only to 2021-09-24 00:00:00+00:00
[2021-09-26 12:04:14,394] {processor.py:170} INFO - Processing /home/airflow/.local/lib/python3.6/site-packages/airflow/example_dags/example_latest_only.py took 0.096 seconds
[2021-09-26 12:04:44,616] {processor.py:162} INFO - Started process (PID=6233) to work on /home/airflow/.local/lib/python3.6/site-packages/airflow/example_dags/example_latest_only.py
[2021-09-26 12:04:44,618] {processor.py:613} INFO - Processing file /home/airflow/.local/lib/python3.6/site-packages/airflow/example_dags/example_latest_only.py for tasks to queue
[2021-09-26 12:04:44,620] {logging_mixin.py:109} INFO - [2021-09-26 12:04:44,619] {dagbag.py:496} INFO - Filling up the DagBag from /home/airflow/.local/lib/python3.6/site-packages/airflow/example_dags/example_latest_only.py
[2021-09-26 12:04:44,634] {processor.py:623} INFO - DAG(s) dict_keys(['latest_only']) retrieved from /home/airflow/.local/lib/python3.6/site-packages/airflow/example_dags/example_latest_only.py
[2021-09-26 12:04:44,660] {logging_mixin.py:109} INFO - [2021-09-26 12:04:44,660] {dag.py:1834} INFO - Sync 1 DAGs
[2021-09-26 12:04:44,678] {logging_mixin.py:109} INFO - [2021-09-26 12:04:44,678] {dag.py:2287} INFO - Setting next_dagrun for latest_only to 2021-09-24 00:00:00+00:00
[2021-09-26 12:04:44,689] {processor.py:170} INFO - Processing /home/airflow/.local/lib/python3.6/site-packages/airflow/example_dags/example_latest_only.py took 0.078 seconds
[2021-09-26 12:05:14,910] {processor.py:162} INFO - Started process (PID=6303) to work on /home/airflow/.local/lib/python3.6/site-packages/airflow/example_dags/example_latest_only.py
[2021-09-26 12:05:14,912] {processor.py:613} INFO - Processing file /home/airflow/.local/lib/python3.6/site-packages/airflow/example_dags/example_latest_only.py for tasks to queue
[2021-09-26 12:05:14,914] {logging_mixin.py:109} INFO - [2021-09-26 12:05:14,913] {dagbag.py:496} INFO - Filling up the DagBag from /home/airflow/.local/lib/python3.6/site-packages/airflow/example_dags/example_latest_only.py
[2021-09-26 12:05:14,927] {processor.py:623} INFO - DAG(s) dict_keys(['latest_only']) retrieved from /home/airflow/.local/lib/python3.6/site-packages/airflow/example_dags/example_latest_only.py
[2021-09-26 12:05:14,953] {logging_mixin.py:109} INFO - [2021-09-26 12:05:14,952] {dag.py:1834} INFO - Sync 1 DAGs
[2021-09-26 12:05:14,966] {logging_mixin.py:109} INFO - [2021-09-26 12:05:14,966] {dag.py:2287} INFO - Setting next_dagrun for latest_only to 2021-09-24 00:00:00+00:00
[2021-09-26 12:05:14,978] {processor.py:170} INFO - Processing /home/airflow/.local/lib/python3.6/site-packages/airflow/example_dags/example_latest_only.py took 0.079 seconds
[2021-09-26 12:05:45,225] {processor.py:162} INFO - Started process (PID=6361) to work on /home/airflow/.local/lib/python3.6/site-packages/airflow/example_dags/example_latest_only.py
[2021-09-26 12:05:45,228] {processor.py:613} INFO - Processing file /home/airflow/.local/lib/python3.6/site-packages/airflow/example_dags/example_latest_only.py for tasks to queue
[2021-09-26 12:05:45,229] {logging_mixin.py:109} INFO - [2021-09-26 12:05:45,229] {dagbag.py:496} INFO - Filling up the DagBag from /home/airflow/.local/lib/python3.6/site-packages/airflow/example_dags/example_latest_only.py
[2021-09-26 12:05:45,244] {processor.py:623} INFO - DAG(s) dict_keys(['latest_only']) retrieved from /home/airflow/.local/lib/python3.6/site-packages/airflow/example_dags/example_latest_only.py
[2021-09-26 12:05:45,272] {logging_mixin.py:109} INFO - [2021-09-26 12:05:45,272] {dag.py:1834} INFO - Sync 1 DAGs
[2021-09-26 12:05:45,289] {logging_mixin.py:109} INFO - [2021-09-26 12:05:45,289] {dag.py:2287} INFO - Setting next_dagrun for latest_only to 2021-09-24 00:00:00+00:00
[2021-09-26 12:05:45,302] {processor.py:170} INFO - Processing /home/airflow/.local/lib/python3.6/site-packages/airflow/example_dags/example_latest_only.py took 0.081 seconds
[2021-09-26 12:06:15,715] {processor.py:162} INFO - Started process (PID=6430) to work on /home/airflow/.local/lib/python3.6/site-packages/airflow/example_dags/example_latest_only.py
[2021-09-26 12:06:15,718] {processor.py:613} INFO - Processing file /home/airflow/.local/lib/python3.6/site-packages/airflow/example_dags/example_latest_only.py for tasks to queue
[2021-09-26 12:06:15,719] {logging_mixin.py:109} INFO - [2021-09-26 12:06:15,719] {dagbag.py:496} INFO - Filling up the DagBag from /home/airflow/.local/lib/python3.6/site-packages/airflow/example_dags/example_latest_only.py
[2021-09-26 12:06:15,736] {processor.py:623} INFO - DAG(s) dict_keys(['latest_only']) retrieved from /home/airflow/.local/lib/python3.6/site-packages/airflow/example_dags/example_latest_only.py
[2021-09-26 12:06:15,778] {logging_mixin.py:109} INFO - [2021-09-26 12:06:15,778] {dag.py:1834} INFO - Sync 1 DAGs
[2021-09-26 12:06:15,794] {logging_mixin.py:109} INFO - [2021-09-26 12:06:15,794] {dag.py:2287} INFO - Setting next_dagrun for latest_only to 2021-09-24 00:00:00+00:00
[2021-09-26 12:06:15,805] {processor.py:170} INFO - Processing /home/airflow/.local/lib/python3.6/site-packages/airflow/example_dags/example_latest_only.py took 0.095 seconds
