[2021-09-26 11:46:54,360] {processor.py:162} INFO - Started process (PID=4000) to work on /home/airflow/.local/lib/python3.6/site-packages/airflow/example_dags/example_task_group.py
[2021-09-26 11:46:54,366] {processor.py:613} INFO - Processing file /home/airflow/.local/lib/python3.6/site-packages/airflow/example_dags/example_task_group.py for tasks to queue
[2021-09-26 11:46:54,369] {logging_mixin.py:109} INFO - [2021-09-26 11:46:54,368] {dagbag.py:496} INFO - Filling up the DagBag from /home/airflow/.local/lib/python3.6/site-packages/airflow/example_dags/example_task_group.py
[2021-09-26 11:46:54,395] {processor.py:623} INFO - DAG(s) dict_keys(['example_task_group']) retrieved from /home/airflow/.local/lib/python3.6/site-packages/airflow/example_dags/example_task_group.py
[2021-09-26 11:46:54,436] {logging_mixin.py:109} INFO - [2021-09-26 11:46:54,436] {dag.py:1834} INFO - Sync 1 DAGs
[2021-09-26 11:46:54,455] {logging_mixin.py:109} INFO - [2021-09-26 11:46:54,455] {dag.py:2287} INFO - Setting next_dagrun for example_task_group to 2021-09-24 00:00:00+00:00
[2021-09-26 11:46:54,472] {processor.py:170} INFO - Processing /home/airflow/.local/lib/python3.6/site-packages/airflow/example_dags/example_task_group.py took 0.118 seconds
[2021-09-26 11:47:24,694] {processor.py:162} INFO - Started process (PID=4064) to work on /home/airflow/.local/lib/python3.6/site-packages/airflow/example_dags/example_task_group.py
[2021-09-26 11:47:24,697] {processor.py:613} INFO - Processing file /home/airflow/.local/lib/python3.6/site-packages/airflow/example_dags/example_task_group.py for tasks to queue
[2021-09-26 11:47:24,699] {logging_mixin.py:109} INFO - [2021-09-26 11:47:24,699] {dagbag.py:496} INFO - Filling up the DagBag from /home/airflow/.local/lib/python3.6/site-packages/airflow/example_dags/example_task_group.py
[2021-09-26 11:47:24,721] {processor.py:623} INFO - DAG(s) dict_keys(['example_task_group']) retrieved from /home/airflow/.local/lib/python3.6/site-packages/airflow/example_dags/example_task_group.py
[2021-09-26 11:47:24,753] {logging_mixin.py:109} INFO - [2021-09-26 11:47:24,753] {dag.py:1834} INFO - Sync 1 DAGs
[2021-09-26 11:47:24,773] {logging_mixin.py:109} INFO - [2021-09-26 11:47:24,773] {dag.py:2287} INFO - Setting next_dagrun for example_task_group to 2021-09-24 00:00:00+00:00
[2021-09-26 11:47:24,787] {processor.py:170} INFO - Processing /home/airflow/.local/lib/python3.6/site-packages/airflow/example_dags/example_task_group.py took 0.097 seconds
[2021-09-26 11:47:54,934] {processor.py:162} INFO - Started process (PID=4120) to work on /home/airflow/.local/lib/python3.6/site-packages/airflow/example_dags/example_task_group.py
[2021-09-26 11:47:54,938] {processor.py:613} INFO - Processing file /home/airflow/.local/lib/python3.6/site-packages/airflow/example_dags/example_task_group.py for tasks to queue
[2021-09-26 11:47:54,940] {logging_mixin.py:109} INFO - [2021-09-26 11:47:54,940] {dagbag.py:496} INFO - Filling up the DagBag from /home/airflow/.local/lib/python3.6/site-packages/airflow/example_dags/example_task_group.py
[2021-09-26 11:47:54,964] {processor.py:623} INFO - DAG(s) dict_keys(['example_task_group']) retrieved from /home/airflow/.local/lib/python3.6/site-packages/airflow/example_dags/example_task_group.py
[2021-09-26 11:47:55,001] {logging_mixin.py:109} INFO - [2021-09-26 11:47:55,001] {dag.py:1834} INFO - Sync 1 DAGs
[2021-09-26 11:47:55,026] {logging_mixin.py:109} INFO - [2021-09-26 11:47:55,026] {dag.py:2287} INFO - Setting next_dagrun for example_task_group to 2021-09-24 00:00:00+00:00
[2021-09-26 11:47:55,045] {processor.py:170} INFO - Processing /home/airflow/.local/lib/python3.6/site-packages/airflow/example_dags/example_task_group.py took 0.116 seconds
[2021-09-26 11:48:25,162] {processor.py:162} INFO - Started process (PID=4191) to work on /home/airflow/.local/lib/python3.6/site-packages/airflow/example_dags/example_task_group.py
[2021-09-26 11:48:25,172] {processor.py:613} INFO - Processing file /home/airflow/.local/lib/python3.6/site-packages/airflow/example_dags/example_task_group.py for tasks to queue
[2021-09-26 11:48:25,177] {logging_mixin.py:109} INFO - [2021-09-26 11:48:25,176] {dagbag.py:496} INFO - Filling up the DagBag from /home/airflow/.local/lib/python3.6/site-packages/airflow/example_dags/example_task_group.py
[2021-09-26 11:48:25,205] {processor.py:623} INFO - DAG(s) dict_keys(['example_task_group']) retrieved from /home/airflow/.local/lib/python3.6/site-packages/airflow/example_dags/example_task_group.py
[2021-09-26 11:48:25,254] {logging_mixin.py:109} INFO - [2021-09-26 11:48:25,254] {dag.py:1834} INFO - Sync 1 DAGs
[2021-09-26 11:48:25,276] {logging_mixin.py:109} INFO - [2021-09-26 11:48:25,276] {dag.py:2287} INFO - Setting next_dagrun for example_task_group to 2021-09-24 00:00:00+00:00
[2021-09-26 11:48:25,292] {processor.py:170} INFO - Processing /home/airflow/.local/lib/python3.6/site-packages/airflow/example_dags/example_task_group.py took 0.137 seconds
[2021-09-26 11:48:55,720] {processor.py:162} INFO - Started process (PID=4247) to work on /home/airflow/.local/lib/python3.6/site-packages/airflow/example_dags/example_task_group.py
[2021-09-26 11:48:55,723] {processor.py:613} INFO - Processing file /home/airflow/.local/lib/python3.6/site-packages/airflow/example_dags/example_task_group.py for tasks to queue
[2021-09-26 11:48:55,725] {logging_mixin.py:109} INFO - [2021-09-26 11:48:55,725] {dagbag.py:496} INFO - Filling up the DagBag from /home/airflow/.local/lib/python3.6/site-packages/airflow/example_dags/example_task_group.py
[2021-09-26 11:48:55,744] {processor.py:623} INFO - DAG(s) dict_keys(['example_task_group']) retrieved from /home/airflow/.local/lib/python3.6/site-packages/airflow/example_dags/example_task_group.py
[2021-09-26 11:48:55,771] {logging_mixin.py:109} INFO - [2021-09-26 11:48:55,771] {dag.py:1834} INFO - Sync 1 DAGs
[2021-09-26 11:48:55,789] {logging_mixin.py:109} INFO - [2021-09-26 11:48:55,789] {dag.py:2287} INFO - Setting next_dagrun for example_task_group to 2021-09-24 00:00:00+00:00
[2021-09-26 11:48:55,801] {processor.py:170} INFO - Processing /home/airflow/.local/lib/python3.6/site-packages/airflow/example_dags/example_task_group.py took 0.085 seconds
[2021-09-26 11:49:26,267] {processor.py:162} INFO - Started process (PID=4316) to work on /home/airflow/.local/lib/python3.6/site-packages/airflow/example_dags/example_task_group.py
[2021-09-26 11:49:26,270] {processor.py:613} INFO - Processing file /home/airflow/.local/lib/python3.6/site-packages/airflow/example_dags/example_task_group.py for tasks to queue
[2021-09-26 11:49:26,272] {logging_mixin.py:109} INFO - [2021-09-26 11:49:26,271] {dagbag.py:496} INFO - Filling up the DagBag from /home/airflow/.local/lib/python3.6/site-packages/airflow/example_dags/example_task_group.py
[2021-09-26 11:49:26,288] {processor.py:623} INFO - DAG(s) dict_keys(['example_task_group']) retrieved from /home/airflow/.local/lib/python3.6/site-packages/airflow/example_dags/example_task_group.py
[2021-09-26 11:49:26,313] {logging_mixin.py:109} INFO - [2021-09-26 11:49:26,313] {dag.py:1834} INFO - Sync 1 DAGs
[2021-09-26 11:49:26,329] {logging_mixin.py:109} INFO - [2021-09-26 11:49:26,329] {dag.py:2287} INFO - Setting next_dagrun for example_task_group to 2021-09-24 00:00:00+00:00
[2021-09-26 11:49:26,340] {processor.py:170} INFO - Processing /home/airflow/.local/lib/python3.6/site-packages/airflow/example_dags/example_task_group.py took 0.079 seconds
[2021-09-26 11:49:57,197] {processor.py:162} INFO - Started process (PID=4374) to work on /home/airflow/.local/lib/python3.6/site-packages/airflow/example_dags/example_task_group.py
[2021-09-26 11:49:57,200] {processor.py:613} INFO - Processing file /home/airflow/.local/lib/python3.6/site-packages/airflow/example_dags/example_task_group.py for tasks to queue
[2021-09-26 11:49:57,202] {logging_mixin.py:109} INFO - [2021-09-26 11:49:57,201] {dagbag.py:496} INFO - Filling up the DagBag from /home/airflow/.local/lib/python3.6/site-packages/airflow/example_dags/example_task_group.py
[2021-09-26 11:49:57,219] {processor.py:623} INFO - DAG(s) dict_keys(['example_task_group']) retrieved from /home/airflow/.local/lib/python3.6/site-packages/airflow/example_dags/example_task_group.py
[2021-09-26 11:49:57,245] {logging_mixin.py:109} INFO - [2021-09-26 11:49:57,244] {dag.py:1834} INFO - Sync 1 DAGs
[2021-09-26 11:49:57,261] {logging_mixin.py:109} INFO - [2021-09-26 11:49:57,261] {dag.py:2287} INFO - Setting next_dagrun for example_task_group to 2021-09-24 00:00:00+00:00
[2021-09-26 11:49:57,272] {processor.py:170} INFO - Processing /home/airflow/.local/lib/python3.6/site-packages/airflow/example_dags/example_task_group.py took 0.080 seconds
[2021-09-26 11:50:28,050] {processor.py:162} INFO - Started process (PID=4443) to work on /home/airflow/.local/lib/python3.6/site-packages/airflow/example_dags/example_task_group.py
[2021-09-26 11:50:28,053] {processor.py:613} INFO - Processing file /home/airflow/.local/lib/python3.6/site-packages/airflow/example_dags/example_task_group.py for tasks to queue
[2021-09-26 11:50:28,054] {logging_mixin.py:109} INFO - [2021-09-26 11:50:28,054] {dagbag.py:496} INFO - Filling up the DagBag from /home/airflow/.local/lib/python3.6/site-packages/airflow/example_dags/example_task_group.py
[2021-09-26 11:50:28,072] {processor.py:623} INFO - DAG(s) dict_keys(['example_task_group']) retrieved from /home/airflow/.local/lib/python3.6/site-packages/airflow/example_dags/example_task_group.py
[2021-09-26 11:50:28,102] {logging_mixin.py:109} INFO - [2021-09-26 11:50:28,102] {dag.py:1834} INFO - Sync 1 DAGs
[2021-09-26 11:50:28,118] {logging_mixin.py:109} INFO - [2021-09-26 11:50:28,118] {dag.py:2287} INFO - Setting next_dagrun for example_task_group to 2021-09-24 00:00:00+00:00
[2021-09-26 11:50:28,131] {processor.py:170} INFO - Processing /home/airflow/.local/lib/python3.6/site-packages/airflow/example_dags/example_task_group.py took 0.085 seconds
[2021-09-26 11:50:58,406] {processor.py:162} INFO - Started process (PID=4513) to work on /home/airflow/.local/lib/python3.6/site-packages/airflow/example_dags/example_task_group.py
[2021-09-26 11:50:58,409] {processor.py:613} INFO - Processing file /home/airflow/.local/lib/python3.6/site-packages/airflow/example_dags/example_task_group.py for tasks to queue
[2021-09-26 11:50:58,411] {logging_mixin.py:109} INFO - [2021-09-26 11:50:58,410] {dagbag.py:496} INFO - Filling up the DagBag from /home/airflow/.local/lib/python3.6/site-packages/airflow/example_dags/example_task_group.py
[2021-09-26 11:50:58,429] {processor.py:623} INFO - DAG(s) dict_keys(['example_task_group']) retrieved from /home/airflow/.local/lib/python3.6/site-packages/airflow/example_dags/example_task_group.py
[2021-09-26 11:50:58,460] {logging_mixin.py:109} INFO - [2021-09-26 11:50:58,459] {dag.py:1834} INFO - Sync 1 DAGs
[2021-09-26 11:50:58,478] {logging_mixin.py:109} INFO - [2021-09-26 11:50:58,478] {dag.py:2287} INFO - Setting next_dagrun for example_task_group to 2021-09-24 00:00:00+00:00
[2021-09-26 11:50:58,492] {processor.py:170} INFO - Processing /home/airflow/.local/lib/python3.6/site-packages/airflow/example_dags/example_task_group.py took 0.091 seconds
[2021-09-26 11:51:28,950] {processor.py:162} INFO - Started process (PID=4572) to work on /home/airflow/.local/lib/python3.6/site-packages/airflow/example_dags/example_task_group.py
[2021-09-26 11:51:28,954] {processor.py:613} INFO - Processing file /home/airflow/.local/lib/python3.6/site-packages/airflow/example_dags/example_task_group.py for tasks to queue
[2021-09-26 11:51:28,957] {logging_mixin.py:109} INFO - [2021-09-26 11:51:28,957] {dagbag.py:496} INFO - Filling up the DagBag from /home/airflow/.local/lib/python3.6/site-packages/airflow/example_dags/example_task_group.py
[2021-09-26 11:51:28,977] {processor.py:623} INFO - DAG(s) dict_keys(['example_task_group']) retrieved from /home/airflow/.local/lib/python3.6/site-packages/airflow/example_dags/example_task_group.py
[2021-09-26 11:51:29,007] {logging_mixin.py:109} INFO - [2021-09-26 11:51:29,007] {dag.py:1834} INFO - Sync 1 DAGs
[2021-09-26 11:51:29,032] {logging_mixin.py:109} INFO - [2021-09-26 11:51:29,032] {dag.py:2287} INFO - Setting next_dagrun for example_task_group to 2021-09-24 00:00:00+00:00
[2021-09-26 11:51:29,050] {processor.py:170} INFO - Processing /home/airflow/.local/lib/python3.6/site-packages/airflow/example_dags/example_task_group.py took 0.109 seconds
[2021-09-26 11:51:59,320] {processor.py:162} INFO - Started process (PID=4641) to work on /home/airflow/.local/lib/python3.6/site-packages/airflow/example_dags/example_task_group.py
[2021-09-26 11:51:59,325] {processor.py:613} INFO - Processing file /home/airflow/.local/lib/python3.6/site-packages/airflow/example_dags/example_task_group.py for tasks to queue
[2021-09-26 11:51:59,327] {logging_mixin.py:109} INFO - [2021-09-26 11:51:59,326] {dagbag.py:496} INFO - Filling up the DagBag from /home/airflow/.local/lib/python3.6/site-packages/airflow/example_dags/example_task_group.py
[2021-09-26 11:51:59,354] {processor.py:623} INFO - DAG(s) dict_keys(['example_task_group']) retrieved from /home/airflow/.local/lib/python3.6/site-packages/airflow/example_dags/example_task_group.py
[2021-09-26 11:51:59,394] {logging_mixin.py:109} INFO - [2021-09-26 11:51:59,394] {dag.py:1834} INFO - Sync 1 DAGs
[2021-09-26 11:51:59,422] {logging_mixin.py:109} INFO - [2021-09-26 11:51:59,422] {dag.py:2287} INFO - Setting next_dagrun for example_task_group to 2021-09-24 00:00:00+00:00
[2021-09-26 11:51:59,443] {processor.py:170} INFO - Processing /home/airflow/.local/lib/python3.6/site-packages/airflow/example_dags/example_task_group.py took 0.132 seconds
[2021-09-26 11:52:29,706] {processor.py:162} INFO - Started process (PID=4698) to work on /home/airflow/.local/lib/python3.6/site-packages/airflow/example_dags/example_task_group.py
[2021-09-26 11:52:29,709] {processor.py:613} INFO - Processing file /home/airflow/.local/lib/python3.6/site-packages/airflow/example_dags/example_task_group.py for tasks to queue
[2021-09-26 11:52:29,711] {logging_mixin.py:109} INFO - [2021-09-26 11:52:29,711] {dagbag.py:496} INFO - Filling up the DagBag from /home/airflow/.local/lib/python3.6/site-packages/airflow/example_dags/example_task_group.py
[2021-09-26 11:52:29,727] {processor.py:623} INFO - DAG(s) dict_keys(['example_task_group']) retrieved from /home/airflow/.local/lib/python3.6/site-packages/airflow/example_dags/example_task_group.py
[2021-09-26 11:52:29,753] {logging_mixin.py:109} INFO - [2021-09-26 11:52:29,753] {dag.py:1834} INFO - Sync 1 DAGs
[2021-09-26 11:52:29,769] {logging_mixin.py:109} INFO - [2021-09-26 11:52:29,769] {dag.py:2287} INFO - Setting next_dagrun for example_task_group to 2021-09-24 00:00:00+00:00
[2021-09-26 11:52:29,779] {processor.py:170} INFO - Processing /home/airflow/.local/lib/python3.6/site-packages/airflow/example_dags/example_task_group.py took 0.080 seconds
[2021-09-26 11:53:00,390] {processor.py:162} INFO - Started process (PID=4769) to work on /home/airflow/.local/lib/python3.6/site-packages/airflow/example_dags/example_task_group.py
[2021-09-26 11:53:00,393] {processor.py:613} INFO - Processing file /home/airflow/.local/lib/python3.6/site-packages/airflow/example_dags/example_task_group.py for tasks to queue
[2021-09-26 11:53:00,395] {logging_mixin.py:109} INFO - [2021-09-26 11:53:00,394] {dagbag.py:496} INFO - Filling up the DagBag from /home/airflow/.local/lib/python3.6/site-packages/airflow/example_dags/example_task_group.py
[2021-09-26 11:53:00,411] {processor.py:623} INFO - DAG(s) dict_keys(['example_task_group']) retrieved from /home/airflow/.local/lib/python3.6/site-packages/airflow/example_dags/example_task_group.py
[2021-09-26 11:53:00,437] {logging_mixin.py:109} INFO - [2021-09-26 11:53:00,437] {dag.py:1834} INFO - Sync 1 DAGs
[2021-09-26 11:53:00,467] {logging_mixin.py:109} INFO - [2021-09-26 11:53:00,467] {dag.py:2287} INFO - Setting next_dagrun for example_task_group to 2021-09-24 00:00:00+00:00
[2021-09-26 11:53:00,483] {processor.py:170} INFO - Processing /home/airflow/.local/lib/python3.6/site-packages/airflow/example_dags/example_task_group.py took 0.096 seconds
[2021-09-26 11:53:31,110] {processor.py:162} INFO - Started process (PID=4825) to work on /home/airflow/.local/lib/python3.6/site-packages/airflow/example_dags/example_task_group.py
[2021-09-26 11:53:31,113] {processor.py:613} INFO - Processing file /home/airflow/.local/lib/python3.6/site-packages/airflow/example_dags/example_task_group.py for tasks to queue
[2021-09-26 11:53:31,115] {logging_mixin.py:109} INFO - [2021-09-26 11:53:31,115] {dagbag.py:496} INFO - Filling up the DagBag from /home/airflow/.local/lib/python3.6/site-packages/airflow/example_dags/example_task_group.py
[2021-09-26 11:53:31,132] {processor.py:623} INFO - DAG(s) dict_keys(['example_task_group']) retrieved from /home/airflow/.local/lib/python3.6/site-packages/airflow/example_dags/example_task_group.py
[2021-09-26 11:53:31,159] {logging_mixin.py:109} INFO - [2021-09-26 11:53:31,159] {dag.py:1834} INFO - Sync 1 DAGs
[2021-09-26 11:53:31,176] {logging_mixin.py:109} INFO - [2021-09-26 11:53:31,176] {dag.py:2287} INFO - Setting next_dagrun for example_task_group to 2021-09-24 00:00:00+00:00
[2021-09-26 11:53:31,187] {processor.py:170} INFO - Processing /home/airflow/.local/lib/python3.6/site-packages/airflow/example_dags/example_task_group.py took 0.081 seconds
[2021-09-26 11:54:01,524] {processor.py:162} INFO - Started process (PID=4891) to work on /home/airflow/.local/lib/python3.6/site-packages/airflow/example_dags/example_task_group.py
[2021-09-26 11:54:01,528] {processor.py:613} INFO - Processing file /home/airflow/.local/lib/python3.6/site-packages/airflow/example_dags/example_task_group.py for tasks to queue
[2021-09-26 11:54:01,534] {logging_mixin.py:109} INFO - [2021-09-26 11:54:01,531] {dagbag.py:496} INFO - Filling up the DagBag from /home/airflow/.local/lib/python3.6/site-packages/airflow/example_dags/example_task_group.py
[2021-09-26 11:54:01,580] {processor.py:623} INFO - DAG(s) dict_keys(['example_task_group']) retrieved from /home/airflow/.local/lib/python3.6/site-packages/airflow/example_dags/example_task_group.py
[2021-09-26 11:54:01,648] {logging_mixin.py:109} INFO - [2021-09-26 11:54:01,648] {dag.py:1834} INFO - Sync 1 DAGs
[2021-09-26 11:54:01,687] {logging_mixin.py:109} INFO - [2021-09-26 11:54:01,686] {dag.py:2287} INFO - Setting next_dagrun for example_task_group to 2021-09-24 00:00:00+00:00
[2021-09-26 11:54:01,710] {processor.py:170} INFO - Processing /home/airflow/.local/lib/python3.6/site-packages/airflow/example_dags/example_task_group.py took 0.195 seconds
[2021-09-26 11:54:31,863] {processor.py:162} INFO - Started process (PID=4948) to work on /home/airflow/.local/lib/python3.6/site-packages/airflow/example_dags/example_task_group.py
[2021-09-26 11:54:31,866] {processor.py:613} INFO - Processing file /home/airflow/.local/lib/python3.6/site-packages/airflow/example_dags/example_task_group.py for tasks to queue
[2021-09-26 11:54:31,867] {logging_mixin.py:109} INFO - [2021-09-26 11:54:31,867] {dagbag.py:496} INFO - Filling up the DagBag from /home/airflow/.local/lib/python3.6/site-packages/airflow/example_dags/example_task_group.py
[2021-09-26 11:54:31,887] {processor.py:623} INFO - DAG(s) dict_keys(['example_task_group']) retrieved from /home/airflow/.local/lib/python3.6/site-packages/airflow/example_dags/example_task_group.py
[2021-09-26 11:54:31,917] {logging_mixin.py:109} INFO - [2021-09-26 11:54:31,917] {dag.py:1834} INFO - Sync 1 DAGs
[2021-09-26 11:54:31,936] {logging_mixin.py:109} INFO - [2021-09-26 11:54:31,936] {dag.py:2287} INFO - Setting next_dagrun for example_task_group to 2021-09-24 00:00:00+00:00
[2021-09-26 11:54:31,949] {processor.py:170} INFO - Processing /home/airflow/.local/lib/python3.6/site-packages/airflow/example_dags/example_task_group.py took 0.090 seconds
[2021-09-26 11:55:02,625] {processor.py:162} INFO - Started process (PID=5017) to work on /home/airflow/.local/lib/python3.6/site-packages/airflow/example_dags/example_task_group.py
[2021-09-26 11:55:02,631] {processor.py:613} INFO - Processing file /home/airflow/.local/lib/python3.6/site-packages/airflow/example_dags/example_task_group.py for tasks to queue
[2021-09-26 11:55:02,634] {logging_mixin.py:109} INFO - [2021-09-26 11:55:02,633] {dagbag.py:496} INFO - Filling up the DagBag from /home/airflow/.local/lib/python3.6/site-packages/airflow/example_dags/example_task_group.py
[2021-09-26 11:55:02,661] {processor.py:623} INFO - DAG(s) dict_keys(['example_task_group']) retrieved from /home/airflow/.local/lib/python3.6/site-packages/airflow/example_dags/example_task_group.py
[2021-09-26 11:55:02,731] {logging_mixin.py:109} INFO - [2021-09-26 11:55:02,730] {dag.py:1834} INFO - Sync 1 DAGs
[2021-09-26 11:55:02,765] {logging_mixin.py:109} INFO - [2021-09-26 11:55:02,765] {dag.py:2287} INFO - Setting next_dagrun for example_task_group to 2021-09-24 00:00:00+00:00
[2021-09-26 11:55:02,789] {processor.py:170} INFO - Processing /home/airflow/.local/lib/python3.6/site-packages/airflow/example_dags/example_task_group.py took 0.172 seconds
[2021-09-26 11:55:32,949] {processor.py:162} INFO - Started process (PID=5075) to work on /home/airflow/.local/lib/python3.6/site-packages/airflow/example_dags/example_task_group.py
[2021-09-26 11:55:32,951] {processor.py:613} INFO - Processing file /home/airflow/.local/lib/python3.6/site-packages/airflow/example_dags/example_task_group.py for tasks to queue
[2021-09-26 11:55:32,953] {logging_mixin.py:109} INFO - [2021-09-26 11:55:32,952] {dagbag.py:496} INFO - Filling up the DagBag from /home/airflow/.local/lib/python3.6/site-packages/airflow/example_dags/example_task_group.py
[2021-09-26 11:55:32,970] {processor.py:623} INFO - DAG(s) dict_keys(['example_task_group']) retrieved from /home/airflow/.local/lib/python3.6/site-packages/airflow/example_dags/example_task_group.py
[2021-09-26 11:55:32,995] {logging_mixin.py:109} INFO - [2021-09-26 11:55:32,995] {dag.py:1834} INFO - Sync 1 DAGs
[2021-09-26 11:55:33,011] {logging_mixin.py:109} INFO - [2021-09-26 11:55:33,011] {dag.py:2287} INFO - Setting next_dagrun for example_task_group to 2021-09-24 00:00:00+00:00
[2021-09-26 11:55:33,023] {processor.py:170} INFO - Processing /home/airflow/.local/lib/python3.6/site-packages/airflow/example_dags/example_task_group.py took 0.077 seconds
[2021-09-26 11:56:03,429] {processor.py:162} INFO - Started process (PID=5144) to work on /home/airflow/.local/lib/python3.6/site-packages/airflow/example_dags/example_task_group.py
[2021-09-26 11:56:03,431] {processor.py:613} INFO - Processing file /home/airflow/.local/lib/python3.6/site-packages/airflow/example_dags/example_task_group.py for tasks to queue
[2021-09-26 11:56:03,433] {logging_mixin.py:109} INFO - [2021-09-26 11:56:03,432] {dagbag.py:496} INFO - Filling up the DagBag from /home/airflow/.local/lib/python3.6/site-packages/airflow/example_dags/example_task_group.py
[2021-09-26 11:56:03,449] {processor.py:623} INFO - DAG(s) dict_keys(['example_task_group']) retrieved from /home/airflow/.local/lib/python3.6/site-packages/airflow/example_dags/example_task_group.py
[2021-09-26 11:56:03,473] {logging_mixin.py:109} INFO - [2021-09-26 11:56:03,473] {dag.py:1834} INFO - Sync 1 DAGs
[2021-09-26 11:56:03,493] {logging_mixin.py:109} INFO - [2021-09-26 11:56:03,493] {dag.py:2287} INFO - Setting next_dagrun for example_task_group to 2021-09-24 00:00:00+00:00
[2021-09-26 11:56:03,504] {processor.py:170} INFO - Processing /home/airflow/.local/lib/python3.6/site-packages/airflow/example_dags/example_task_group.py took 0.079 seconds
[2021-09-26 11:56:34,134] {processor.py:162} INFO - Started process (PID=5200) to work on /home/airflow/.local/lib/python3.6/site-packages/airflow/example_dags/example_task_group.py
[2021-09-26 11:56:34,140] {processor.py:613} INFO - Processing file /home/airflow/.local/lib/python3.6/site-packages/airflow/example_dags/example_task_group.py for tasks to queue
[2021-09-26 11:56:34,142] {logging_mixin.py:109} INFO - [2021-09-26 11:56:34,142] {dagbag.py:496} INFO - Filling up the DagBag from /home/airflow/.local/lib/python3.6/site-packages/airflow/example_dags/example_task_group.py
[2021-09-26 11:56:34,158] {processor.py:623} INFO - DAG(s) dict_keys(['example_task_group']) retrieved from /home/airflow/.local/lib/python3.6/site-packages/airflow/example_dags/example_task_group.py
[2021-09-26 11:56:34,182] {logging_mixin.py:109} INFO - [2021-09-26 11:56:34,182] {dag.py:1834} INFO - Sync 1 DAGs
[2021-09-26 11:56:34,198] {logging_mixin.py:109} INFO - [2021-09-26 11:56:34,197] {dag.py:2287} INFO - Setting next_dagrun for example_task_group to 2021-09-24 00:00:00+00:00
[2021-09-26 11:56:34,207] {processor.py:170} INFO - Processing /home/airflow/.local/lib/python3.6/site-packages/airflow/example_dags/example_task_group.py took 0.078 seconds
[2021-09-26 11:57:04,409] {processor.py:162} INFO - Started process (PID=5268) to work on /home/airflow/.local/lib/python3.6/site-packages/airflow/example_dags/example_task_group.py
[2021-09-26 11:57:04,413] {processor.py:613} INFO - Processing file /home/airflow/.local/lib/python3.6/site-packages/airflow/example_dags/example_task_group.py for tasks to queue
[2021-09-26 11:57:04,414] {logging_mixin.py:109} INFO - [2021-09-26 11:57:04,414] {dagbag.py:496} INFO - Filling up the DagBag from /home/airflow/.local/lib/python3.6/site-packages/airflow/example_dags/example_task_group.py
[2021-09-26 11:57:04,430] {processor.py:623} INFO - DAG(s) dict_keys(['example_task_group']) retrieved from /home/airflow/.local/lib/python3.6/site-packages/airflow/example_dags/example_task_group.py
[2021-09-26 11:57:04,455] {logging_mixin.py:109} INFO - [2021-09-26 11:57:04,455] {dag.py:1834} INFO - Sync 1 DAGs
[2021-09-26 11:57:04,470] {logging_mixin.py:109} INFO - [2021-09-26 11:57:04,470] {dag.py:2287} INFO - Setting next_dagrun for example_task_group to 2021-09-24 00:00:00+00:00
[2021-09-26 11:57:04,482] {processor.py:170} INFO - Processing /home/airflow/.local/lib/python3.6/site-packages/airflow/example_dags/example_task_group.py took 0.076 seconds
[2021-09-26 11:57:34,866] {processor.py:162} INFO - Started process (PID=5335) to work on /home/airflow/.local/lib/python3.6/site-packages/airflow/example_dags/example_task_group.py
[2021-09-26 11:57:34,869] {processor.py:613} INFO - Processing file /home/airflow/.local/lib/python3.6/site-packages/airflow/example_dags/example_task_group.py for tasks to queue
[2021-09-26 11:57:34,870] {logging_mixin.py:109} INFO - [2021-09-26 11:57:34,870] {dagbag.py:496} INFO - Filling up the DagBag from /home/airflow/.local/lib/python3.6/site-packages/airflow/example_dags/example_task_group.py
[2021-09-26 11:57:34,889] {processor.py:623} INFO - DAG(s) dict_keys(['example_task_group']) retrieved from /home/airflow/.local/lib/python3.6/site-packages/airflow/example_dags/example_task_group.py
[2021-09-26 11:57:34,918] {logging_mixin.py:109} INFO - [2021-09-26 11:57:34,918] {dag.py:1834} INFO - Sync 1 DAGs
[2021-09-26 11:57:34,933] {logging_mixin.py:109} INFO - [2021-09-26 11:57:34,933] {dag.py:2287} INFO - Setting next_dagrun for example_task_group to 2021-09-24 00:00:00+00:00
[2021-09-26 11:57:34,943] {processor.py:170} INFO - Processing /home/airflow/.local/lib/python3.6/site-packages/airflow/example_dags/example_task_group.py took 0.083 seconds
[2021-09-26 11:58:05,256] {processor.py:162} INFO - Started process (PID=5394) to work on /home/airflow/.local/lib/python3.6/site-packages/airflow/example_dags/example_task_group.py
[2021-09-26 11:58:05,259] {processor.py:613} INFO - Processing file /home/airflow/.local/lib/python3.6/site-packages/airflow/example_dags/example_task_group.py for tasks to queue
[2021-09-26 11:58:05,260] {logging_mixin.py:109} INFO - [2021-09-26 11:58:05,260] {dagbag.py:496} INFO - Filling up the DagBag from /home/airflow/.local/lib/python3.6/site-packages/airflow/example_dags/example_task_group.py
[2021-09-26 11:58:05,277] {processor.py:623} INFO - DAG(s) dict_keys(['example_task_group']) retrieved from /home/airflow/.local/lib/python3.6/site-packages/airflow/example_dags/example_task_group.py
[2021-09-26 11:58:05,302] {logging_mixin.py:109} INFO - [2021-09-26 11:58:05,302] {dag.py:1834} INFO - Sync 1 DAGs
[2021-09-26 11:58:05,317] {logging_mixin.py:109} INFO - [2021-09-26 11:58:05,317] {dag.py:2287} INFO - Setting next_dagrun for example_task_group to 2021-09-24 00:00:00+00:00
[2021-09-26 11:58:05,329] {processor.py:170} INFO - Processing /home/airflow/.local/lib/python3.6/site-packages/airflow/example_dags/example_task_group.py took 0.077 seconds
[2021-09-26 11:58:35,780] {processor.py:162} INFO - Started process (PID=5463) to work on /home/airflow/.local/lib/python3.6/site-packages/airflow/example_dags/example_task_group.py
[2021-09-26 11:58:35,782] {processor.py:613} INFO - Processing file /home/airflow/.local/lib/python3.6/site-packages/airflow/example_dags/example_task_group.py for tasks to queue
[2021-09-26 11:58:35,783] {logging_mixin.py:109} INFO - [2021-09-26 11:58:35,783] {dagbag.py:496} INFO - Filling up the DagBag from /home/airflow/.local/lib/python3.6/site-packages/airflow/example_dags/example_task_group.py
[2021-09-26 11:58:35,800] {processor.py:623} INFO - DAG(s) dict_keys(['example_task_group']) retrieved from /home/airflow/.local/lib/python3.6/site-packages/airflow/example_dags/example_task_group.py
[2021-09-26 11:58:35,824] {logging_mixin.py:109} INFO - [2021-09-26 11:58:35,824] {dag.py:1834} INFO - Sync 1 DAGs
[2021-09-26 11:58:35,840] {logging_mixin.py:109} INFO - [2021-09-26 11:58:35,839] {dag.py:2287} INFO - Setting next_dagrun for example_task_group to 2021-09-24 00:00:00+00:00
[2021-09-26 11:58:35,851] {processor.py:170} INFO - Processing /home/airflow/.local/lib/python3.6/site-packages/airflow/example_dags/example_task_group.py took 0.075 seconds
[2021-09-26 11:59:06,398] {processor.py:162} INFO - Started process (PID=5520) to work on /home/airflow/.local/lib/python3.6/site-packages/airflow/example_dags/example_task_group.py
[2021-09-26 11:59:06,400] {processor.py:613} INFO - Processing file /home/airflow/.local/lib/python3.6/site-packages/airflow/example_dags/example_task_group.py for tasks to queue
[2021-09-26 11:59:06,402] {logging_mixin.py:109} INFO - [2021-09-26 11:59:06,401] {dagbag.py:496} INFO - Filling up the DagBag from /home/airflow/.local/lib/python3.6/site-packages/airflow/example_dags/example_task_group.py
[2021-09-26 11:59:06,423] {processor.py:623} INFO - DAG(s) dict_keys(['example_task_group']) retrieved from /home/airflow/.local/lib/python3.6/site-packages/airflow/example_dags/example_task_group.py
[2021-09-26 11:59:06,451] {logging_mixin.py:109} INFO - [2021-09-26 11:59:06,451] {dag.py:1834} INFO - Sync 1 DAGs
[2021-09-26 11:59:06,466] {logging_mixin.py:109} INFO - [2021-09-26 11:59:06,466] {dag.py:2287} INFO - Setting next_dagrun for example_task_group to 2021-09-24 00:00:00+00:00
[2021-09-26 11:59:06,476] {processor.py:170} INFO - Processing /home/airflow/.local/lib/python3.6/site-packages/airflow/example_dags/example_task_group.py took 0.084 seconds
[2021-09-26 11:59:37,383] {processor.py:162} INFO - Started process (PID=5585) to work on /home/airflow/.local/lib/python3.6/site-packages/airflow/example_dags/example_task_group.py
[2021-09-26 11:59:37,388] {processor.py:613} INFO - Processing file /home/airflow/.local/lib/python3.6/site-packages/airflow/example_dags/example_task_group.py for tasks to queue
[2021-09-26 11:59:37,390] {logging_mixin.py:109} INFO - [2021-09-26 11:59:37,390] {dagbag.py:496} INFO - Filling up the DagBag from /home/airflow/.local/lib/python3.6/site-packages/airflow/example_dags/example_task_group.py
[2021-09-26 11:59:37,415] {processor.py:623} INFO - DAG(s) dict_keys(['example_task_group']) retrieved from /home/airflow/.local/lib/python3.6/site-packages/airflow/example_dags/example_task_group.py
[2021-09-26 11:59:37,449] {logging_mixin.py:109} INFO - [2021-09-26 11:59:37,449] {dag.py:1834} INFO - Sync 1 DAGs
[2021-09-26 11:59:37,471] {logging_mixin.py:109} INFO - [2021-09-26 11:59:37,471] {dag.py:2287} INFO - Setting next_dagrun for example_task_group to 2021-09-24 00:00:00+00:00
[2021-09-26 11:59:37,484] {processor.py:170} INFO - Processing /home/airflow/.local/lib/python3.6/site-packages/airflow/example_dags/example_task_group.py took 0.119 seconds
[2021-09-26 12:00:08,060] {processor.py:162} INFO - Started process (PID=5654) to work on /home/airflow/.local/lib/python3.6/site-packages/airflow/example_dags/example_task_group.py
[2021-09-26 12:00:08,062] {processor.py:613} INFO - Processing file /home/airflow/.local/lib/python3.6/site-packages/airflow/example_dags/example_task_group.py for tasks to queue
[2021-09-26 12:00:08,064] {logging_mixin.py:109} INFO - [2021-09-26 12:00:08,064] {dagbag.py:496} INFO - Filling up the DagBag from /home/airflow/.local/lib/python3.6/site-packages/airflow/example_dags/example_task_group.py
[2021-09-26 12:00:08,086] {processor.py:623} INFO - DAG(s) dict_keys(['example_task_group']) retrieved from /home/airflow/.local/lib/python3.6/site-packages/airflow/example_dags/example_task_group.py
[2021-09-26 12:00:08,118] {logging_mixin.py:109} INFO - [2021-09-26 12:00:08,118] {dag.py:1834} INFO - Sync 1 DAGs
[2021-09-26 12:00:08,148] {logging_mixin.py:109} INFO - [2021-09-26 12:00:08,147] {dag.py:2287} INFO - Setting next_dagrun for example_task_group to 2021-09-24 00:00:00+00:00
[2021-09-26 12:00:08,166] {processor.py:170} INFO - Processing /home/airflow/.local/lib/python3.6/site-packages/airflow/example_dags/example_task_group.py took 0.109 seconds
[2021-09-26 12:00:38,473] {processor.py:162} INFO - Started process (PID=5711) to work on /home/airflow/.local/lib/python3.6/site-packages/airflow/example_dags/example_task_group.py
[2021-09-26 12:00:38,476] {processor.py:613} INFO - Processing file /home/airflow/.local/lib/python3.6/site-packages/airflow/example_dags/example_task_group.py for tasks to queue
[2021-09-26 12:00:38,477] {logging_mixin.py:109} INFO - [2021-09-26 12:00:38,477] {dagbag.py:496} INFO - Filling up the DagBag from /home/airflow/.local/lib/python3.6/site-packages/airflow/example_dags/example_task_group.py
[2021-09-26 12:00:38,498] {processor.py:623} INFO - DAG(s) dict_keys(['example_task_group']) retrieved from /home/airflow/.local/lib/python3.6/site-packages/airflow/example_dags/example_task_group.py
[2021-09-26 12:00:38,528] {logging_mixin.py:109} INFO - [2021-09-26 12:00:38,527] {dag.py:1834} INFO - Sync 1 DAGs
[2021-09-26 12:00:38,548] {logging_mixin.py:109} INFO - [2021-09-26 12:00:38,548] {dag.py:2287} INFO - Setting next_dagrun for example_task_group to 2021-09-24 00:00:00+00:00
[2021-09-26 12:00:38,561] {processor.py:170} INFO - Processing /home/airflow/.local/lib/python3.6/site-packages/airflow/example_dags/example_task_group.py took 0.092 seconds
[2021-09-26 12:01:08,895] {processor.py:162} INFO - Started process (PID=5780) to work on /home/airflow/.local/lib/python3.6/site-packages/airflow/example_dags/example_task_group.py
[2021-09-26 12:01:08,898] {processor.py:613} INFO - Processing file /home/airflow/.local/lib/python3.6/site-packages/airflow/example_dags/example_task_group.py for tasks to queue
[2021-09-26 12:01:08,900] {logging_mixin.py:109} INFO - [2021-09-26 12:01:08,900] {dagbag.py:496} INFO - Filling up the DagBag from /home/airflow/.local/lib/python3.6/site-packages/airflow/example_dags/example_task_group.py
[2021-09-26 12:01:08,918] {processor.py:623} INFO - DAG(s) dict_keys(['example_task_group']) retrieved from /home/airflow/.local/lib/python3.6/site-packages/airflow/example_dags/example_task_group.py
[2021-09-26 12:01:08,943] {logging_mixin.py:109} INFO - [2021-09-26 12:01:08,943] {dag.py:1834} INFO - Sync 1 DAGs
[2021-09-26 12:01:08,966] {logging_mixin.py:109} INFO - [2021-09-26 12:01:08,966] {dag.py:2287} INFO - Setting next_dagrun for example_task_group to 2021-09-24 00:00:00+00:00
[2021-09-26 12:01:08,978] {processor.py:170} INFO - Processing /home/airflow/.local/lib/python3.6/site-packages/airflow/example_dags/example_task_group.py took 0.090 seconds
[2021-09-26 12:01:39,342] {processor.py:162} INFO - Started process (PID=5848) to work on /home/airflow/.local/lib/python3.6/site-packages/airflow/example_dags/example_task_group.py
[2021-09-26 12:01:39,345] {processor.py:613} INFO - Processing file /home/airflow/.local/lib/python3.6/site-packages/airflow/example_dags/example_task_group.py for tasks to queue
[2021-09-26 12:01:39,347] {logging_mixin.py:109} INFO - [2021-09-26 12:01:39,346] {dagbag.py:496} INFO - Filling up the DagBag from /home/airflow/.local/lib/python3.6/site-packages/airflow/example_dags/example_task_group.py
[2021-09-26 12:01:39,366] {processor.py:623} INFO - DAG(s) dict_keys(['example_task_group']) retrieved from /home/airflow/.local/lib/python3.6/site-packages/airflow/example_dags/example_task_group.py
[2021-09-26 12:01:39,406] {logging_mixin.py:109} INFO - [2021-09-26 12:01:39,406] {dag.py:1834} INFO - Sync 1 DAGs
[2021-09-26 12:01:39,422] {logging_mixin.py:109} INFO - [2021-09-26 12:01:39,422] {dag.py:2287} INFO - Setting next_dagrun for example_task_group to 2021-09-24 00:00:00+00:00
[2021-09-26 12:01:39,435] {processor.py:170} INFO - Processing /home/airflow/.local/lib/python3.6/site-packages/airflow/example_dags/example_task_group.py took 0.097 seconds
[2021-09-26 12:02:10,375] {processor.py:162} INFO - Started process (PID=5906) to work on /home/airflow/.local/lib/python3.6/site-packages/airflow/example_dags/example_task_group.py
[2021-09-26 12:02:10,380] {processor.py:613} INFO - Processing file /home/airflow/.local/lib/python3.6/site-packages/airflow/example_dags/example_task_group.py for tasks to queue
[2021-09-26 12:02:10,382] {logging_mixin.py:109} INFO - [2021-09-26 12:02:10,381] {dagbag.py:496} INFO - Filling up the DagBag from /home/airflow/.local/lib/python3.6/site-packages/airflow/example_dags/example_task_group.py
[2021-09-26 12:02:10,401] {processor.py:623} INFO - DAG(s) dict_keys(['example_task_group']) retrieved from /home/airflow/.local/lib/python3.6/site-packages/airflow/example_dags/example_task_group.py
[2021-09-26 12:02:10,430] {logging_mixin.py:109} INFO - [2021-09-26 12:02:10,430] {dag.py:1834} INFO - Sync 1 DAGs
[2021-09-26 12:02:10,446] {logging_mixin.py:109} INFO - [2021-09-26 12:02:10,446] {dag.py:2287} INFO - Setting next_dagrun for example_task_group to 2021-09-24 00:00:00+00:00
[2021-09-26 12:02:10,458] {processor.py:170} INFO - Processing /home/airflow/.local/lib/python3.6/site-packages/airflow/example_dags/example_task_group.py took 0.089 seconds
[2021-09-26 12:02:41,294] {processor.py:162} INFO - Started process (PID=5972) to work on /home/airflow/.local/lib/python3.6/site-packages/airflow/example_dags/example_task_group.py
[2021-09-26 12:02:41,299] {processor.py:613} INFO - Processing file /home/airflow/.local/lib/python3.6/site-packages/airflow/example_dags/example_task_group.py for tasks to queue
[2021-09-26 12:02:41,303] {logging_mixin.py:109} INFO - [2021-09-26 12:02:41,302] {dagbag.py:496} INFO - Filling up the DagBag from /home/airflow/.local/lib/python3.6/site-packages/airflow/example_dags/example_task_group.py
[2021-09-26 12:02:41,331] {processor.py:623} INFO - DAG(s) dict_keys(['example_task_group']) retrieved from /home/airflow/.local/lib/python3.6/site-packages/airflow/example_dags/example_task_group.py
[2021-09-26 12:02:41,368] {logging_mixin.py:109} INFO - [2021-09-26 12:02:41,368] {dag.py:1834} INFO - Sync 1 DAGs
[2021-09-26 12:02:41,396] {logging_mixin.py:109} INFO - [2021-09-26 12:02:41,396] {dag.py:2287} INFO - Setting next_dagrun for example_task_group to 2021-09-24 00:00:00+00:00
[2021-09-26 12:02:41,416] {processor.py:170} INFO - Processing /home/airflow/.local/lib/python3.6/site-packages/airflow/example_dags/example_task_group.py took 0.133 seconds
[2021-09-26 12:03:11,791] {processor.py:162} INFO - Started process (PID=6030) to work on /home/airflow/.local/lib/python3.6/site-packages/airflow/example_dags/example_task_group.py
[2021-09-26 12:03:11,794] {processor.py:613} INFO - Processing file /home/airflow/.local/lib/python3.6/site-packages/airflow/example_dags/example_task_group.py for tasks to queue
[2021-09-26 12:03:11,796] {logging_mixin.py:109} INFO - [2021-09-26 12:03:11,796] {dagbag.py:496} INFO - Filling up the DagBag from /home/airflow/.local/lib/python3.6/site-packages/airflow/example_dags/example_task_group.py
[2021-09-26 12:03:11,815] {processor.py:623} INFO - DAG(s) dict_keys(['example_task_group']) retrieved from /home/airflow/.local/lib/python3.6/site-packages/airflow/example_dags/example_task_group.py
[2021-09-26 12:03:11,839] {logging_mixin.py:109} INFO - [2021-09-26 12:03:11,839] {dag.py:1834} INFO - Sync 1 DAGs
[2021-09-26 12:03:11,855] {logging_mixin.py:109} INFO - [2021-09-26 12:03:11,855] {dag.py:2287} INFO - Setting next_dagrun for example_task_group to 2021-09-24 00:00:00+00:00
[2021-09-26 12:03:11,866] {processor.py:170} INFO - Processing /home/airflow/.local/lib/python3.6/site-packages/airflow/example_dags/example_task_group.py took 0.082 seconds
[2021-09-26 12:03:42,084] {processor.py:162} INFO - Started process (PID=6099) to work on /home/airflow/.local/lib/python3.6/site-packages/airflow/example_dags/example_task_group.py
[2021-09-26 12:03:42,090] {processor.py:613} INFO - Processing file /home/airflow/.local/lib/python3.6/site-packages/airflow/example_dags/example_task_group.py for tasks to queue
[2021-09-26 12:03:42,093] {logging_mixin.py:109} INFO - [2021-09-26 12:03:42,093] {dagbag.py:496} INFO - Filling up the DagBag from /home/airflow/.local/lib/python3.6/site-packages/airflow/example_dags/example_task_group.py
[2021-09-26 12:03:42,114] {processor.py:623} INFO - DAG(s) dict_keys(['example_task_group']) retrieved from /home/airflow/.local/lib/python3.6/site-packages/airflow/example_dags/example_task_group.py
[2021-09-26 12:03:42,153] {logging_mixin.py:109} INFO - [2021-09-26 12:03:42,152] {dag.py:1834} INFO - Sync 1 DAGs
[2021-09-26 12:03:42,174] {logging_mixin.py:109} INFO - [2021-09-26 12:03:42,174] {dag.py:2287} INFO - Setting next_dagrun for example_task_group to 2021-09-24 00:00:00+00:00
[2021-09-26 12:03:42,193] {processor.py:170} INFO - Processing /home/airflow/.local/lib/python3.6/site-packages/airflow/example_dags/example_task_group.py took 0.116 seconds
[2021-09-26 12:04:12,890] {processor.py:162} INFO - Started process (PID=6168) to work on /home/airflow/.local/lib/python3.6/site-packages/airflow/example_dags/example_task_group.py
[2021-09-26 12:04:12,894] {processor.py:613} INFO - Processing file /home/airflow/.local/lib/python3.6/site-packages/airflow/example_dags/example_task_group.py for tasks to queue
[2021-09-26 12:04:12,895] {logging_mixin.py:109} INFO - [2021-09-26 12:04:12,895] {dagbag.py:496} INFO - Filling up the DagBag from /home/airflow/.local/lib/python3.6/site-packages/airflow/example_dags/example_task_group.py
[2021-09-26 12:04:12,916] {processor.py:623} INFO - DAG(s) dict_keys(['example_task_group']) retrieved from /home/airflow/.local/lib/python3.6/site-packages/airflow/example_dags/example_task_group.py
[2021-09-26 12:04:12,940] {logging_mixin.py:109} INFO - [2021-09-26 12:04:12,940] {dag.py:1834} INFO - Sync 1 DAGs
[2021-09-26 12:04:12,958] {logging_mixin.py:109} INFO - [2021-09-26 12:04:12,958] {dag.py:2287} INFO - Setting next_dagrun for example_task_group to 2021-09-24 00:00:00+00:00
[2021-09-26 12:04:12,972] {processor.py:170} INFO - Processing /home/airflow/.local/lib/python3.6/site-packages/airflow/example_dags/example_task_group.py took 0.089 seconds
[2021-09-26 12:04:43,214] {processor.py:162} INFO - Started process (PID=6225) to work on /home/airflow/.local/lib/python3.6/site-packages/airflow/example_dags/example_task_group.py
[2021-09-26 12:04:43,217] {processor.py:613} INFO - Processing file /home/airflow/.local/lib/python3.6/site-packages/airflow/example_dags/example_task_group.py for tasks to queue
[2021-09-26 12:04:43,219] {logging_mixin.py:109} INFO - [2021-09-26 12:04:43,219] {dagbag.py:496} INFO - Filling up the DagBag from /home/airflow/.local/lib/python3.6/site-packages/airflow/example_dags/example_task_group.py
[2021-09-26 12:04:43,239] {processor.py:623} INFO - DAG(s) dict_keys(['example_task_group']) retrieved from /home/airflow/.local/lib/python3.6/site-packages/airflow/example_dags/example_task_group.py
[2021-09-26 12:04:43,270] {logging_mixin.py:109} INFO - [2021-09-26 12:04:43,270] {dag.py:1834} INFO - Sync 1 DAGs
[2021-09-26 12:04:43,293] {logging_mixin.py:109} INFO - [2021-09-26 12:04:43,293] {dag.py:2287} INFO - Setting next_dagrun for example_task_group to 2021-09-24 00:00:00+00:00
[2021-09-26 12:04:43,303] {processor.py:170} INFO - Processing /home/airflow/.local/lib/python3.6/site-packages/airflow/example_dags/example_task_group.py took 0.094 seconds
[2021-09-26 12:05:13,555] {processor.py:162} INFO - Started process (PID=6295) to work on /home/airflow/.local/lib/python3.6/site-packages/airflow/example_dags/example_task_group.py
[2021-09-26 12:05:13,557] {processor.py:613} INFO - Processing file /home/airflow/.local/lib/python3.6/site-packages/airflow/example_dags/example_task_group.py for tasks to queue
[2021-09-26 12:05:13,560] {logging_mixin.py:109} INFO - [2021-09-26 12:05:13,559] {dagbag.py:496} INFO - Filling up the DagBag from /home/airflow/.local/lib/python3.6/site-packages/airflow/example_dags/example_task_group.py
[2021-09-26 12:05:13,582] {processor.py:623} INFO - DAG(s) dict_keys(['example_task_group']) retrieved from /home/airflow/.local/lib/python3.6/site-packages/airflow/example_dags/example_task_group.py
[2021-09-26 12:05:13,607] {logging_mixin.py:109} INFO - [2021-09-26 12:05:13,607] {dag.py:1834} INFO - Sync 1 DAGs
[2021-09-26 12:05:13,623] {logging_mixin.py:109} INFO - [2021-09-26 12:05:13,623] {dag.py:2287} INFO - Setting next_dagrun for example_task_group to 2021-09-24 00:00:00+00:00
[2021-09-26 12:05:13,636] {processor.py:170} INFO - Processing /home/airflow/.local/lib/python3.6/site-packages/airflow/example_dags/example_task_group.py took 0.085 seconds
[2021-09-26 12:05:43,770] {processor.py:162} INFO - Started process (PID=6353) to work on /home/airflow/.local/lib/python3.6/site-packages/airflow/example_dags/example_task_group.py
[2021-09-26 12:05:43,774] {processor.py:613} INFO - Processing file /home/airflow/.local/lib/python3.6/site-packages/airflow/example_dags/example_task_group.py for tasks to queue
[2021-09-26 12:05:43,775] {logging_mixin.py:109} INFO - [2021-09-26 12:05:43,775] {dagbag.py:496} INFO - Filling up the DagBag from /home/airflow/.local/lib/python3.6/site-packages/airflow/example_dags/example_task_group.py
[2021-09-26 12:05:43,797] {processor.py:623} INFO - DAG(s) dict_keys(['example_task_group']) retrieved from /home/airflow/.local/lib/python3.6/site-packages/airflow/example_dags/example_task_group.py
[2021-09-26 12:05:43,821] {logging_mixin.py:109} INFO - [2021-09-26 12:05:43,821] {dag.py:1834} INFO - Sync 1 DAGs
[2021-09-26 12:05:43,836] {logging_mixin.py:109} INFO - [2021-09-26 12:05:43,835] {dag.py:2287} INFO - Setting next_dagrun for example_task_group to 2021-09-24 00:00:00+00:00
[2021-09-26 12:05:43,851] {processor.py:170} INFO - Processing /home/airflow/.local/lib/python3.6/site-packages/airflow/example_dags/example_task_group.py took 0.092 seconds
