[2021-09-26 11:47:03,350] {processor.py:162} INFO - Started process (PID=4023) to work on /home/airflow/.local/lib/python3.6/site-packages/airflow/example_dags/example_latest_only_with_trigger.py
[2021-09-26 11:47:03,360] {processor.py:613} INFO - Processing file /home/airflow/.local/lib/python3.6/site-packages/airflow/example_dags/example_latest_only_with_trigger.py for tasks to queue
[2021-09-26 11:47:03,364] {logging_mixin.py:109} INFO - [2021-09-26 11:47:03,364] {dagbag.py:496} INFO - Filling up the DagBag from /home/airflow/.local/lib/python3.6/site-packages/airflow/example_dags/example_latest_only_with_trigger.py
[2021-09-26 11:47:03,384] {processor.py:623} INFO - DAG(s) dict_keys(['latest_only_with_trigger']) retrieved from /home/airflow/.local/lib/python3.6/site-packages/airflow/example_dags/example_latest_only_with_trigger.py
[2021-09-26 11:47:03,415] {logging_mixin.py:109} INFO - [2021-09-26 11:47:03,415] {dag.py:1834} INFO - Sync 1 DAGs
[2021-09-26 11:47:03,434] {logging_mixin.py:109} INFO - [2021-09-26 11:47:03,434] {dag.py:2287} INFO - Setting next_dagrun for latest_only_with_trigger to 2021-09-24 00:00:00+00:00
[2021-09-26 11:47:03,448] {processor.py:170} INFO - Processing /home/airflow/.local/lib/python3.6/site-packages/airflow/example_dags/example_latest_only_with_trigger.py took 0.109 seconds
[2021-09-26 11:47:33,861] {processor.py:162} INFO - Started process (PID=4088) to work on /home/airflow/.local/lib/python3.6/site-packages/airflow/example_dags/example_latest_only_with_trigger.py
[2021-09-26 11:47:33,864] {processor.py:613} INFO - Processing file /home/airflow/.local/lib/python3.6/site-packages/airflow/example_dags/example_latest_only_with_trigger.py for tasks to queue
[2021-09-26 11:47:33,866] {logging_mixin.py:109} INFO - [2021-09-26 11:47:33,866] {dagbag.py:496} INFO - Filling up the DagBag from /home/airflow/.local/lib/python3.6/site-packages/airflow/example_dags/example_latest_only_with_trigger.py
[2021-09-26 11:47:33,891] {processor.py:623} INFO - DAG(s) dict_keys(['latest_only_with_trigger']) retrieved from /home/airflow/.local/lib/python3.6/site-packages/airflow/example_dags/example_latest_only_with_trigger.py
[2021-09-26 11:47:33,931] {logging_mixin.py:109} INFO - [2021-09-26 11:47:33,931] {dag.py:1834} INFO - Sync 1 DAGs
[2021-09-26 11:47:33,975] {logging_mixin.py:109} INFO - [2021-09-26 11:47:33,975] {dag.py:2287} INFO - Setting next_dagrun for latest_only_with_trigger to 2021-09-24 00:00:00+00:00
[2021-09-26 11:47:33,998] {processor.py:170} INFO - Processing /home/airflow/.local/lib/python3.6/site-packages/airflow/example_dags/example_latest_only_with_trigger.py took 0.143 seconds
[2021-09-26 11:48:04,099] {processor.py:162} INFO - Started process (PID=4146) to work on /home/airflow/.local/lib/python3.6/site-packages/airflow/example_dags/example_latest_only_with_trigger.py
[2021-09-26 11:48:04,102] {processor.py:613} INFO - Processing file /home/airflow/.local/lib/python3.6/site-packages/airflow/example_dags/example_latest_only_with_trigger.py for tasks to queue
[2021-09-26 11:48:04,104] {logging_mixin.py:109} INFO - [2021-09-26 11:48:04,104] {dagbag.py:496} INFO - Filling up the DagBag from /home/airflow/.local/lib/python3.6/site-packages/airflow/example_dags/example_latest_only_with_trigger.py
[2021-09-26 11:48:04,122] {processor.py:623} INFO - DAG(s) dict_keys(['latest_only_with_trigger']) retrieved from /home/airflow/.local/lib/python3.6/site-packages/airflow/example_dags/example_latest_only_with_trigger.py
[2021-09-26 11:48:04,154] {logging_mixin.py:109} INFO - [2021-09-26 11:48:04,154] {dag.py:1834} INFO - Sync 1 DAGs
[2021-09-26 11:48:04,186] {logging_mixin.py:109} INFO - [2021-09-26 11:48:04,185] {dag.py:2287} INFO - Setting next_dagrun for latest_only_with_trigger to 2021-09-24 00:00:00+00:00
[2021-09-26 11:48:04,202] {processor.py:170} INFO - Processing /home/airflow/.local/lib/python3.6/site-packages/airflow/example_dags/example_latest_only_with_trigger.py took 0.109 seconds
[2021-09-26 11:48:34,316] {processor.py:162} INFO - Started process (PID=4205) to work on /home/airflow/.local/lib/python3.6/site-packages/airflow/example_dags/example_latest_only_with_trigger.py
[2021-09-26 11:48:34,319] {processor.py:613} INFO - Processing file /home/airflow/.local/lib/python3.6/site-packages/airflow/example_dags/example_latest_only_with_trigger.py for tasks to queue
[2021-09-26 11:48:34,321] {logging_mixin.py:109} INFO - [2021-09-26 11:48:34,321] {dagbag.py:496} INFO - Filling up the DagBag from /home/airflow/.local/lib/python3.6/site-packages/airflow/example_dags/example_latest_only_with_trigger.py
[2021-09-26 11:48:34,336] {processor.py:623} INFO - DAG(s) dict_keys(['latest_only_with_trigger']) retrieved from /home/airflow/.local/lib/python3.6/site-packages/airflow/example_dags/example_latest_only_with_trigger.py
[2021-09-26 11:48:34,364] {logging_mixin.py:109} INFO - [2021-09-26 11:48:34,364] {dag.py:1834} INFO - Sync 1 DAGs
[2021-09-26 11:48:34,382] {logging_mixin.py:109} INFO - [2021-09-26 11:48:34,382] {dag.py:2287} INFO - Setting next_dagrun for latest_only_with_trigger to 2021-09-24 00:00:00+00:00
[2021-09-26 11:48:34,396] {processor.py:170} INFO - Processing /home/airflow/.local/lib/python3.6/site-packages/airflow/example_dags/example_latest_only_with_trigger.py took 0.085 seconds
[2021-09-26 11:49:04,505] {processor.py:162} INFO - Started process (PID=4272) to work on /home/airflow/.local/lib/python3.6/site-packages/airflow/example_dags/example_latest_only_with_trigger.py
[2021-09-26 11:49:04,508] {processor.py:613} INFO - Processing file /home/airflow/.local/lib/python3.6/site-packages/airflow/example_dags/example_latest_only_with_trigger.py for tasks to queue
[2021-09-26 11:49:04,509] {logging_mixin.py:109} INFO - [2021-09-26 11:49:04,509] {dagbag.py:496} INFO - Filling up the DagBag from /home/airflow/.local/lib/python3.6/site-packages/airflow/example_dags/example_latest_only_with_trigger.py
[2021-09-26 11:49:04,524] {processor.py:623} INFO - DAG(s) dict_keys(['latest_only_with_trigger']) retrieved from /home/airflow/.local/lib/python3.6/site-packages/airflow/example_dags/example_latest_only_with_trigger.py
[2021-09-26 11:49:04,550] {logging_mixin.py:109} INFO - [2021-09-26 11:49:04,550] {dag.py:1834} INFO - Sync 1 DAGs
[2021-09-26 11:49:04,567] {logging_mixin.py:109} INFO - [2021-09-26 11:49:04,567] {dag.py:2287} INFO - Setting next_dagrun for latest_only_with_trigger to 2021-09-24 00:00:00+00:00
[2021-09-26 11:49:04,580] {processor.py:170} INFO - Processing /home/airflow/.local/lib/python3.6/site-packages/airflow/example_dags/example_latest_only_with_trigger.py took 0.079 seconds
[2021-09-26 11:49:35,050] {processor.py:162} INFO - Started process (PID=4341) to work on /home/airflow/.local/lib/python3.6/site-packages/airflow/example_dags/example_latest_only_with_trigger.py
[2021-09-26 11:49:35,052] {processor.py:613} INFO - Processing file /home/airflow/.local/lib/python3.6/site-packages/airflow/example_dags/example_latest_only_with_trigger.py for tasks to queue
[2021-09-26 11:49:35,054] {logging_mixin.py:109} INFO - [2021-09-26 11:49:35,054] {dagbag.py:496} INFO - Filling up the DagBag from /home/airflow/.local/lib/python3.6/site-packages/airflow/example_dags/example_latest_only_with_trigger.py
[2021-09-26 11:49:35,070] {processor.py:623} INFO - DAG(s) dict_keys(['latest_only_with_trigger']) retrieved from /home/airflow/.local/lib/python3.6/site-packages/airflow/example_dags/example_latest_only_with_trigger.py
[2021-09-26 11:49:35,104] {logging_mixin.py:109} INFO - [2021-09-26 11:49:35,104] {dag.py:1834} INFO - Sync 1 DAGs
[2021-09-26 11:49:35,131] {logging_mixin.py:109} INFO - [2021-09-26 11:49:35,130] {dag.py:2287} INFO - Setting next_dagrun for latest_only_with_trigger to 2021-09-24 00:00:00+00:00
[2021-09-26 11:49:35,146] {processor.py:170} INFO - Processing /home/airflow/.local/lib/python3.6/site-packages/airflow/example_dags/example_latest_only_with_trigger.py took 0.102 seconds
[2021-09-26 11:50:05,931] {processor.py:162} INFO - Started process (PID=4401) to work on /home/airflow/.local/lib/python3.6/site-packages/airflow/example_dags/example_latest_only_with_trigger.py
[2021-09-26 11:50:05,935] {processor.py:613} INFO - Processing file /home/airflow/.local/lib/python3.6/site-packages/airflow/example_dags/example_latest_only_with_trigger.py for tasks to queue
[2021-09-26 11:50:05,938] {logging_mixin.py:109} INFO - [2021-09-26 11:50:05,937] {dagbag.py:496} INFO - Filling up the DagBag from /home/airflow/.local/lib/python3.6/site-packages/airflow/example_dags/example_latest_only_with_trigger.py
[2021-09-26 11:50:05,953] {processor.py:623} INFO - DAG(s) dict_keys(['latest_only_with_trigger']) retrieved from /home/airflow/.local/lib/python3.6/site-packages/airflow/example_dags/example_latest_only_with_trigger.py
[2021-09-26 11:50:05,981] {logging_mixin.py:109} INFO - [2021-09-26 11:50:05,981] {dag.py:1834} INFO - Sync 1 DAGs
[2021-09-26 11:50:06,004] {logging_mixin.py:109} INFO - [2021-09-26 11:50:06,004] {dag.py:2287} INFO - Setting next_dagrun for latest_only_with_trigger to 2021-09-24 00:00:00+00:00
[2021-09-26 11:50:06,017] {processor.py:170} INFO - Processing /home/airflow/.local/lib/python3.6/site-packages/airflow/example_dags/example_latest_only_with_trigger.py took 0.089 seconds
[2021-09-26 11:50:36,676] {processor.py:162} INFO - Started process (PID=4468) to work on /home/airflow/.local/lib/python3.6/site-packages/airflow/example_dags/example_latest_only_with_trigger.py
[2021-09-26 11:50:36,678] {processor.py:613} INFO - Processing file /home/airflow/.local/lib/python3.6/site-packages/airflow/example_dags/example_latest_only_with_trigger.py for tasks to queue
[2021-09-26 11:50:36,680] {logging_mixin.py:109} INFO - [2021-09-26 11:50:36,680] {dagbag.py:496} INFO - Filling up the DagBag from /home/airflow/.local/lib/python3.6/site-packages/airflow/example_dags/example_latest_only_with_trigger.py
[2021-09-26 11:50:36,695] {processor.py:623} INFO - DAG(s) dict_keys(['latest_only_with_trigger']) retrieved from /home/airflow/.local/lib/python3.6/site-packages/airflow/example_dags/example_latest_only_with_trigger.py
[2021-09-26 11:50:36,718] {logging_mixin.py:109} INFO - [2021-09-26 11:50:36,718] {dag.py:1834} INFO - Sync 1 DAGs
[2021-09-26 11:50:36,733] {logging_mixin.py:109} INFO - [2021-09-26 11:50:36,733] {dag.py:2287} INFO - Setting next_dagrun for latest_only_with_trigger to 2021-09-24 00:00:00+00:00
[2021-09-26 11:50:36,744] {processor.py:170} INFO - Processing /home/airflow/.local/lib/python3.6/site-packages/airflow/example_dags/example_latest_only_with_trigger.py took 0.074 seconds
[2021-09-26 11:51:07,345] {processor.py:162} INFO - Started process (PID=4527) to work on /home/airflow/.local/lib/python3.6/site-packages/airflow/example_dags/example_latest_only_with_trigger.py
[2021-09-26 11:51:07,348] {processor.py:613} INFO - Processing file /home/airflow/.local/lib/python3.6/site-packages/airflow/example_dags/example_latest_only_with_trigger.py for tasks to queue
[2021-09-26 11:51:07,350] {logging_mixin.py:109} INFO - [2021-09-26 11:51:07,350] {dagbag.py:496} INFO - Filling up the DagBag from /home/airflow/.local/lib/python3.6/site-packages/airflow/example_dags/example_latest_only_with_trigger.py
[2021-09-26 11:51:07,368] {processor.py:623} INFO - DAG(s) dict_keys(['latest_only_with_trigger']) retrieved from /home/airflow/.local/lib/python3.6/site-packages/airflow/example_dags/example_latest_only_with_trigger.py
[2021-09-26 11:51:07,405] {logging_mixin.py:109} INFO - [2021-09-26 11:51:07,405] {dag.py:1834} INFO - Sync 1 DAGs
[2021-09-26 11:51:07,426] {logging_mixin.py:109} INFO - [2021-09-26 11:51:07,426] {dag.py:2287} INFO - Setting next_dagrun for latest_only_with_trigger to 2021-09-24 00:00:00+00:00
[2021-09-26 11:51:07,442] {processor.py:170} INFO - Processing /home/airflow/.local/lib/python3.6/site-packages/airflow/example_dags/example_latest_only_with_trigger.py took 0.102 seconds
[2021-09-26 11:51:37,753] {processor.py:162} INFO - Started process (PID=4598) to work on /home/airflow/.local/lib/python3.6/site-packages/airflow/example_dags/example_latest_only_with_trigger.py
[2021-09-26 11:51:37,758] {processor.py:613} INFO - Processing file /home/airflow/.local/lib/python3.6/site-packages/airflow/example_dags/example_latest_only_with_trigger.py for tasks to queue
[2021-09-26 11:51:37,761] {logging_mixin.py:109} INFO - [2021-09-26 11:51:37,761] {dagbag.py:496} INFO - Filling up the DagBag from /home/airflow/.local/lib/python3.6/site-packages/airflow/example_dags/example_latest_only_with_trigger.py
[2021-09-26 11:51:37,786] {processor.py:623} INFO - DAG(s) dict_keys(['latest_only_with_trigger']) retrieved from /home/airflow/.local/lib/python3.6/site-packages/airflow/example_dags/example_latest_only_with_trigger.py
[2021-09-26 11:51:37,825] {logging_mixin.py:109} INFO - [2021-09-26 11:51:37,825] {dag.py:1834} INFO - Sync 1 DAGs
[2021-09-26 11:51:37,851] {logging_mixin.py:109} INFO - [2021-09-26 11:51:37,851] {dag.py:2287} INFO - Setting next_dagrun for latest_only_with_trigger to 2021-09-24 00:00:00+00:00
[2021-09-26 11:51:37,869] {processor.py:170} INFO - Processing /home/airflow/.local/lib/python3.6/site-packages/airflow/example_dags/example_latest_only_with_trigger.py took 0.125 seconds
[2021-09-26 11:52:08,414] {processor.py:162} INFO - Started process (PID=4655) to work on /home/airflow/.local/lib/python3.6/site-packages/airflow/example_dags/example_latest_only_with_trigger.py
[2021-09-26 11:52:08,417] {processor.py:613} INFO - Processing file /home/airflow/.local/lib/python3.6/site-packages/airflow/example_dags/example_latest_only_with_trigger.py for tasks to queue
[2021-09-26 11:52:08,418] {logging_mixin.py:109} INFO - [2021-09-26 11:52:08,418] {dagbag.py:496} INFO - Filling up the DagBag from /home/airflow/.local/lib/python3.6/site-packages/airflow/example_dags/example_latest_only_with_trigger.py
[2021-09-26 11:52:08,433] {processor.py:623} INFO - DAG(s) dict_keys(['latest_only_with_trigger']) retrieved from /home/airflow/.local/lib/python3.6/site-packages/airflow/example_dags/example_latest_only_with_trigger.py
[2021-09-26 11:52:08,459] {logging_mixin.py:109} INFO - [2021-09-26 11:52:08,459] {dag.py:1834} INFO - Sync 1 DAGs
[2021-09-26 11:52:08,481] {logging_mixin.py:109} INFO - [2021-09-26 11:52:08,481] {dag.py:2287} INFO - Setting next_dagrun for latest_only_with_trigger to 2021-09-24 00:00:00+00:00
[2021-09-26 11:52:08,498] {processor.py:170} INFO - Processing /home/airflow/.local/lib/python3.6/site-packages/airflow/example_dags/example_latest_only_with_trigger.py took 0.089 seconds
[2021-09-26 11:52:38,550] {processor.py:162} INFO - Started process (PID=4723) to work on /home/airflow/.local/lib/python3.6/site-packages/airflow/example_dags/example_latest_only_with_trigger.py
[2021-09-26 11:52:38,552] {processor.py:613} INFO - Processing file /home/airflow/.local/lib/python3.6/site-packages/airflow/example_dags/example_latest_only_with_trigger.py for tasks to queue
[2021-09-26 11:52:38,553] {logging_mixin.py:109} INFO - [2021-09-26 11:52:38,553] {dagbag.py:496} INFO - Filling up the DagBag from /home/airflow/.local/lib/python3.6/site-packages/airflow/example_dags/example_latest_only_with_trigger.py
[2021-09-26 11:52:38,568] {processor.py:623} INFO - DAG(s) dict_keys(['latest_only_with_trigger']) retrieved from /home/airflow/.local/lib/python3.6/site-packages/airflow/example_dags/example_latest_only_with_trigger.py
[2021-09-26 11:52:38,594] {logging_mixin.py:109} INFO - [2021-09-26 11:52:38,594] {dag.py:1834} INFO - Sync 1 DAGs
[2021-09-26 11:52:38,611] {logging_mixin.py:109} INFO - [2021-09-26 11:52:38,611] {dag.py:2287} INFO - Setting next_dagrun for latest_only_with_trigger to 2021-09-24 00:00:00+00:00
[2021-09-26 11:52:38,623] {processor.py:170} INFO - Processing /home/airflow/.local/lib/python3.6/site-packages/airflow/example_dags/example_latest_only_with_trigger.py took 0.079 seconds
[2021-09-26 11:53:09,171] {processor.py:162} INFO - Started process (PID=4783) to work on /home/airflow/.local/lib/python3.6/site-packages/airflow/example_dags/example_latest_only_with_trigger.py
[2021-09-26 11:53:09,173] {processor.py:613} INFO - Processing file /home/airflow/.local/lib/python3.6/site-packages/airflow/example_dags/example_latest_only_with_trigger.py for tasks to queue
[2021-09-26 11:53:09,174] {logging_mixin.py:109} INFO - [2021-09-26 11:53:09,174] {dagbag.py:496} INFO - Filling up the DagBag from /home/airflow/.local/lib/python3.6/site-packages/airflow/example_dags/example_latest_only_with_trigger.py
[2021-09-26 11:53:09,189] {processor.py:623} INFO - DAG(s) dict_keys(['latest_only_with_trigger']) retrieved from /home/airflow/.local/lib/python3.6/site-packages/airflow/example_dags/example_latest_only_with_trigger.py
[2021-09-26 11:53:09,213] {logging_mixin.py:109} INFO - [2021-09-26 11:53:09,213] {dag.py:1834} INFO - Sync 1 DAGs
[2021-09-26 11:53:09,230] {logging_mixin.py:109} INFO - [2021-09-26 11:53:09,230] {dag.py:2287} INFO - Setting next_dagrun for latest_only_with_trigger to 2021-09-24 00:00:00+00:00
[2021-09-26 11:53:09,247] {processor.py:170} INFO - Processing /home/airflow/.local/lib/python3.6/site-packages/airflow/example_dags/example_latest_only_with_trigger.py took 0.081 seconds
[2021-09-26 11:53:39,956] {processor.py:162} INFO - Started process (PID=4849) to work on /home/airflow/.local/lib/python3.6/site-packages/airflow/example_dags/example_latest_only_with_trigger.py
[2021-09-26 11:53:39,960] {processor.py:613} INFO - Processing file /home/airflow/.local/lib/python3.6/site-packages/airflow/example_dags/example_latest_only_with_trigger.py for tasks to queue
[2021-09-26 11:53:39,962] {logging_mixin.py:109} INFO - [2021-09-26 11:53:39,961] {dagbag.py:496} INFO - Filling up the DagBag from /home/airflow/.local/lib/python3.6/site-packages/airflow/example_dags/example_latest_only_with_trigger.py
[2021-09-26 11:53:39,977] {processor.py:623} INFO - DAG(s) dict_keys(['latest_only_with_trigger']) retrieved from /home/airflow/.local/lib/python3.6/site-packages/airflow/example_dags/example_latest_only_with_trigger.py
[2021-09-26 11:53:40,006] {logging_mixin.py:109} INFO - [2021-09-26 11:53:40,006] {dag.py:1834} INFO - Sync 1 DAGs
[2021-09-26 11:53:40,024] {logging_mixin.py:109} INFO - [2021-09-26 11:53:40,024] {dag.py:2287} INFO - Setting next_dagrun for latest_only_with_trigger to 2021-09-24 00:00:00+00:00
[2021-09-26 11:53:40,037] {processor.py:170} INFO - Processing /home/airflow/.local/lib/python3.6/site-packages/airflow/example_dags/example_latest_only_with_trigger.py took 0.085 seconds
[2021-09-26 11:54:10,299] {processor.py:162} INFO - Started process (PID=4917) to work on /home/airflow/.local/lib/python3.6/site-packages/airflow/example_dags/example_latest_only_with_trigger.py
[2021-09-26 11:54:10,303] {processor.py:613} INFO - Processing file /home/airflow/.local/lib/python3.6/site-packages/airflow/example_dags/example_latest_only_with_trigger.py for tasks to queue
[2021-09-26 11:54:10,305] {logging_mixin.py:109} INFO - [2021-09-26 11:54:10,305] {dagbag.py:496} INFO - Filling up the DagBag from /home/airflow/.local/lib/python3.6/site-packages/airflow/example_dags/example_latest_only_with_trigger.py
[2021-09-26 11:54:10,323] {processor.py:623} INFO - DAG(s) dict_keys(['latest_only_with_trigger']) retrieved from /home/airflow/.local/lib/python3.6/site-packages/airflow/example_dags/example_latest_only_with_trigger.py
[2021-09-26 11:54:10,372] {logging_mixin.py:109} INFO - [2021-09-26 11:54:10,372] {dag.py:1834} INFO - Sync 1 DAGs
[2021-09-26 11:54:10,392] {logging_mixin.py:109} INFO - [2021-09-26 11:54:10,392] {dag.py:2287} INFO - Setting next_dagrun for latest_only_with_trigger to 2021-09-24 00:00:00+00:00
[2021-09-26 11:54:10,407] {processor.py:170} INFO - Processing /home/airflow/.local/lib/python3.6/site-packages/airflow/example_dags/example_latest_only_with_trigger.py took 0.118 seconds
[2021-09-26 11:54:40,857] {processor.py:162} INFO - Started process (PID=4973) to work on /home/airflow/.local/lib/python3.6/site-packages/airflow/example_dags/example_latest_only_with_trigger.py
[2021-09-26 11:54:40,860] {processor.py:613} INFO - Processing file /home/airflow/.local/lib/python3.6/site-packages/airflow/example_dags/example_latest_only_with_trigger.py for tasks to queue
[2021-09-26 11:54:40,861] {logging_mixin.py:109} INFO - [2021-09-26 11:54:40,861] {dagbag.py:496} INFO - Filling up the DagBag from /home/airflow/.local/lib/python3.6/site-packages/airflow/example_dags/example_latest_only_with_trigger.py
[2021-09-26 11:54:40,879] {processor.py:623} INFO - DAG(s) dict_keys(['latest_only_with_trigger']) retrieved from /home/airflow/.local/lib/python3.6/site-packages/airflow/example_dags/example_latest_only_with_trigger.py
[2021-09-26 11:54:40,910] {logging_mixin.py:109} INFO - [2021-09-26 11:54:40,910] {dag.py:1834} INFO - Sync 1 DAGs
[2021-09-26 11:54:40,937] {logging_mixin.py:109} INFO - [2021-09-26 11:54:40,936] {dag.py:2287} INFO - Setting next_dagrun for latest_only_with_trigger to 2021-09-24 00:00:00+00:00
[2021-09-26 11:54:40,952] {processor.py:170} INFO - Processing /home/airflow/.local/lib/python3.6/site-packages/airflow/example_dags/example_latest_only_with_trigger.py took 0.099 seconds
[2021-09-26 11:55:11,376] {processor.py:162} INFO - Started process (PID=5031) to work on /home/airflow/.local/lib/python3.6/site-packages/airflow/example_dags/example_latest_only_with_trigger.py
[2021-09-26 11:55:11,382] {processor.py:613} INFO - Processing file /home/airflow/.local/lib/python3.6/site-packages/airflow/example_dags/example_latest_only_with_trigger.py for tasks to queue
[2021-09-26 11:55:11,387] {logging_mixin.py:109} INFO - [2021-09-26 11:55:11,386] {dagbag.py:496} INFO - Filling up the DagBag from /home/airflow/.local/lib/python3.6/site-packages/airflow/example_dags/example_latest_only_with_trigger.py
[2021-09-26 11:55:11,407] {processor.py:623} INFO - DAG(s) dict_keys(['latest_only_with_trigger']) retrieved from /home/airflow/.local/lib/python3.6/site-packages/airflow/example_dags/example_latest_only_with_trigger.py
[2021-09-26 11:55:11,448] {logging_mixin.py:109} INFO - [2021-09-26 11:55:11,448] {dag.py:1834} INFO - Sync 1 DAGs
[2021-09-26 11:55:11,469] {logging_mixin.py:109} INFO - [2021-09-26 11:55:11,468] {dag.py:2287} INFO - Setting next_dagrun for latest_only_with_trigger to 2021-09-24 00:00:00+00:00
[2021-09-26 11:55:11,493] {processor.py:170} INFO - Processing /home/airflow/.local/lib/python3.6/site-packages/airflow/example_dags/example_latest_only_with_trigger.py took 0.128 seconds
[2021-09-26 11:55:41,627] {processor.py:162} INFO - Started process (PID=5099) to work on /home/airflow/.local/lib/python3.6/site-packages/airflow/example_dags/example_latest_only_with_trigger.py
[2021-09-26 11:55:41,630] {processor.py:613} INFO - Processing file /home/airflow/.local/lib/python3.6/site-packages/airflow/example_dags/example_latest_only_with_trigger.py for tasks to queue
[2021-09-26 11:55:41,632] {logging_mixin.py:109} INFO - [2021-09-26 11:55:41,632] {dagbag.py:496} INFO - Filling up the DagBag from /home/airflow/.local/lib/python3.6/site-packages/airflow/example_dags/example_latest_only_with_trigger.py
[2021-09-26 11:55:41,654] {processor.py:623} INFO - DAG(s) dict_keys(['latest_only_with_trigger']) retrieved from /home/airflow/.local/lib/python3.6/site-packages/airflow/example_dags/example_latest_only_with_trigger.py
[2021-09-26 11:55:41,688] {logging_mixin.py:109} INFO - [2021-09-26 11:55:41,688] {dag.py:1834} INFO - Sync 1 DAGs
[2021-09-26 11:55:41,710] {logging_mixin.py:109} INFO - [2021-09-26 11:55:41,710] {dag.py:2287} INFO - Setting next_dagrun for latest_only_with_trigger to 2021-09-24 00:00:00+00:00
[2021-09-26 11:55:41,730] {processor.py:170} INFO - Processing /home/airflow/.local/lib/python3.6/site-packages/airflow/example_dags/example_latest_only_with_trigger.py took 0.109 seconds
[2021-09-26 11:56:12,148] {processor.py:162} INFO - Started process (PID=5169) to work on /home/airflow/.local/lib/python3.6/site-packages/airflow/example_dags/example_latest_only_with_trigger.py
[2021-09-26 11:56:12,151] {processor.py:613} INFO - Processing file /home/airflow/.local/lib/python3.6/site-packages/airflow/example_dags/example_latest_only_with_trigger.py for tasks to queue
[2021-09-26 11:56:12,152] {logging_mixin.py:109} INFO - [2021-09-26 11:56:12,152] {dagbag.py:496} INFO - Filling up the DagBag from /home/airflow/.local/lib/python3.6/site-packages/airflow/example_dags/example_latest_only_with_trigger.py
[2021-09-26 11:56:12,176] {processor.py:623} INFO - DAG(s) dict_keys(['latest_only_with_trigger']) retrieved from /home/airflow/.local/lib/python3.6/site-packages/airflow/example_dags/example_latest_only_with_trigger.py
[2021-09-26 11:56:12,231] {logging_mixin.py:109} INFO - [2021-09-26 11:56:12,231] {dag.py:1834} INFO - Sync 1 DAGs
[2021-09-26 11:56:12,272] {logging_mixin.py:109} INFO - [2021-09-26 11:56:12,272] {dag.py:2287} INFO - Setting next_dagrun for latest_only_with_trigger to 2021-09-24 00:00:00+00:00
[2021-09-26 11:56:12,297] {processor.py:170} INFO - Processing /home/airflow/.local/lib/python3.6/site-packages/airflow/example_dags/example_latest_only_with_trigger.py took 0.155 seconds
[2021-09-26 11:56:42,867] {processor.py:162} INFO - Started process (PID=5225) to work on /home/airflow/.local/lib/python3.6/site-packages/airflow/example_dags/example_latest_only_with_trigger.py
[2021-09-26 11:56:42,869] {processor.py:613} INFO - Processing file /home/airflow/.local/lib/python3.6/site-packages/airflow/example_dags/example_latest_only_with_trigger.py for tasks to queue
[2021-09-26 11:56:42,870] {logging_mixin.py:109} INFO - [2021-09-26 11:56:42,870] {dagbag.py:496} INFO - Filling up the DagBag from /home/airflow/.local/lib/python3.6/site-packages/airflow/example_dags/example_latest_only_with_trigger.py
[2021-09-26 11:56:42,884] {processor.py:623} INFO - DAG(s) dict_keys(['latest_only_with_trigger']) retrieved from /home/airflow/.local/lib/python3.6/site-packages/airflow/example_dags/example_latest_only_with_trigger.py
[2021-09-26 11:56:42,907] {logging_mixin.py:109} INFO - [2021-09-26 11:56:42,907] {dag.py:1834} INFO - Sync 1 DAGs
[2021-09-26 11:56:42,921] {logging_mixin.py:109} INFO - [2021-09-26 11:56:42,921] {dag.py:2287} INFO - Setting next_dagrun for latest_only_with_trigger to 2021-09-24 00:00:00+00:00
[2021-09-26 11:56:42,933] {processor.py:170} INFO - Processing /home/airflow/.local/lib/python3.6/site-packages/airflow/example_dags/example_latest_only_with_trigger.py took 0.071 seconds
[2021-09-26 11:57:13,141] {processor.py:162} INFO - Started process (PID=5293) to work on /home/airflow/.local/lib/python3.6/site-packages/airflow/example_dags/example_latest_only_with_trigger.py
[2021-09-26 11:57:13,143] {processor.py:613} INFO - Processing file /home/airflow/.local/lib/python3.6/site-packages/airflow/example_dags/example_latest_only_with_trigger.py for tasks to queue
[2021-09-26 11:57:13,146] {logging_mixin.py:109} INFO - [2021-09-26 11:57:13,145] {dagbag.py:496} INFO - Filling up the DagBag from /home/airflow/.local/lib/python3.6/site-packages/airflow/example_dags/example_latest_only_with_trigger.py
[2021-09-26 11:57:13,164] {processor.py:623} INFO - DAG(s) dict_keys(['latest_only_with_trigger']) retrieved from /home/airflow/.local/lib/python3.6/site-packages/airflow/example_dags/example_latest_only_with_trigger.py
[2021-09-26 11:57:13,197] {logging_mixin.py:109} INFO - [2021-09-26 11:57:13,196] {dag.py:1834} INFO - Sync 1 DAGs
[2021-09-26 11:57:13,215] {logging_mixin.py:109} INFO - [2021-09-26 11:57:13,214] {dag.py:2287} INFO - Setting next_dagrun for latest_only_with_trigger to 2021-09-24 00:00:00+00:00
[2021-09-26 11:57:13,229] {processor.py:170} INFO - Processing /home/airflow/.local/lib/python3.6/site-packages/airflow/example_dags/example_latest_only_with_trigger.py took 0.096 seconds
[2021-09-26 11:57:43,628] {processor.py:162} INFO - Started process (PID=5349) to work on /home/airflow/.local/lib/python3.6/site-packages/airflow/example_dags/example_latest_only_with_trigger.py
[2021-09-26 11:57:43,631] {processor.py:613} INFO - Processing file /home/airflow/.local/lib/python3.6/site-packages/airflow/example_dags/example_latest_only_with_trigger.py for tasks to queue
[2021-09-26 11:57:43,633] {logging_mixin.py:109} INFO - [2021-09-26 11:57:43,633] {dagbag.py:496} INFO - Filling up the DagBag from /home/airflow/.local/lib/python3.6/site-packages/airflow/example_dags/example_latest_only_with_trigger.py
[2021-09-26 11:57:43,655] {processor.py:623} INFO - DAG(s) dict_keys(['latest_only_with_trigger']) retrieved from /home/airflow/.local/lib/python3.6/site-packages/airflow/example_dags/example_latest_only_with_trigger.py
[2021-09-26 11:57:43,700] {logging_mixin.py:109} INFO - [2021-09-26 11:57:43,700] {dag.py:1834} INFO - Sync 1 DAGs
[2021-09-26 11:57:43,720] {logging_mixin.py:109} INFO - [2021-09-26 11:57:43,720] {dag.py:2287} INFO - Setting next_dagrun for latest_only_with_trigger to 2021-09-24 00:00:00+00:00
[2021-09-26 11:57:43,742] {processor.py:170} INFO - Processing /home/airflow/.local/lib/python3.6/site-packages/airflow/example_dags/example_latest_only_with_trigger.py took 0.119 seconds
[2021-09-26 11:58:13,933] {processor.py:162} INFO - Started process (PID=5420) to work on /home/airflow/.local/lib/python3.6/site-packages/airflow/example_dags/example_latest_only_with_trigger.py
[2021-09-26 11:58:13,935] {processor.py:613} INFO - Processing file /home/airflow/.local/lib/python3.6/site-packages/airflow/example_dags/example_latest_only_with_trigger.py for tasks to queue
[2021-09-26 11:58:13,937] {logging_mixin.py:109} INFO - [2021-09-26 11:58:13,937] {dagbag.py:496} INFO - Filling up the DagBag from /home/airflow/.local/lib/python3.6/site-packages/airflow/example_dags/example_latest_only_with_trigger.py
[2021-09-26 11:58:13,951] {processor.py:623} INFO - DAG(s) dict_keys(['latest_only_with_trigger']) retrieved from /home/airflow/.local/lib/python3.6/site-packages/airflow/example_dags/example_latest_only_with_trigger.py
[2021-09-26 11:58:13,978] {logging_mixin.py:109} INFO - [2021-09-26 11:58:13,978] {dag.py:1834} INFO - Sync 1 DAGs
[2021-09-26 11:58:13,995] {logging_mixin.py:109} INFO - [2021-09-26 11:58:13,994] {dag.py:2287} INFO - Setting next_dagrun for latest_only_with_trigger to 2021-09-24 00:00:00+00:00
[2021-09-26 11:58:14,012] {processor.py:170} INFO - Processing /home/airflow/.local/lib/python3.6/site-packages/airflow/example_dags/example_latest_only_with_trigger.py took 0.083 seconds
[2021-09-26 11:58:44,516] {processor.py:162} INFO - Started process (PID=5488) to work on /home/airflow/.local/lib/python3.6/site-packages/airflow/example_dags/example_latest_only_with_trigger.py
[2021-09-26 11:58:44,519] {processor.py:613} INFO - Processing file /home/airflow/.local/lib/python3.6/site-packages/airflow/example_dags/example_latest_only_with_trigger.py for tasks to queue
[2021-09-26 11:58:44,521] {logging_mixin.py:109} INFO - [2021-09-26 11:58:44,521] {dagbag.py:496} INFO - Filling up the DagBag from /home/airflow/.local/lib/python3.6/site-packages/airflow/example_dags/example_latest_only_with_trigger.py
[2021-09-26 11:58:44,544] {processor.py:623} INFO - DAG(s) dict_keys(['latest_only_with_trigger']) retrieved from /home/airflow/.local/lib/python3.6/site-packages/airflow/example_dags/example_latest_only_with_trigger.py
[2021-09-26 11:58:44,584] {logging_mixin.py:109} INFO - [2021-09-26 11:58:44,584] {dag.py:1834} INFO - Sync 1 DAGs
[2021-09-26 11:58:44,606] {logging_mixin.py:109} INFO - [2021-09-26 11:58:44,606] {dag.py:2287} INFO - Setting next_dagrun for latest_only_with_trigger to 2021-09-24 00:00:00+00:00
[2021-09-26 11:58:44,621] {processor.py:170} INFO - Processing /home/airflow/.local/lib/python3.6/site-packages/airflow/example_dags/example_latest_only_with_trigger.py took 0.113 seconds
[2021-09-26 11:59:15,105] {processor.py:162} INFO - Started process (PID=5546) to work on /home/airflow/.local/lib/python3.6/site-packages/airflow/example_dags/example_latest_only_with_trigger.py
[2021-09-26 11:59:15,107] {processor.py:613} INFO - Processing file /home/airflow/.local/lib/python3.6/site-packages/airflow/example_dags/example_latest_only_with_trigger.py for tasks to queue
[2021-09-26 11:59:15,110] {logging_mixin.py:109} INFO - [2021-09-26 11:59:15,109] {dagbag.py:496} INFO - Filling up the DagBag from /home/airflow/.local/lib/python3.6/site-packages/airflow/example_dags/example_latest_only_with_trigger.py
[2021-09-26 11:59:15,125] {processor.py:623} INFO - DAG(s) dict_keys(['latest_only_with_trigger']) retrieved from /home/airflow/.local/lib/python3.6/site-packages/airflow/example_dags/example_latest_only_with_trigger.py
[2021-09-26 11:59:15,153] {logging_mixin.py:109} INFO - [2021-09-26 11:59:15,153] {dag.py:1834} INFO - Sync 1 DAGs
[2021-09-26 11:59:15,168] {logging_mixin.py:109} INFO - [2021-09-26 11:59:15,168] {dag.py:2287} INFO - Setting next_dagrun for latest_only_with_trigger to 2021-09-24 00:00:00+00:00
[2021-09-26 11:59:15,179] {processor.py:170} INFO - Processing /home/airflow/.local/lib/python3.6/site-packages/airflow/example_dags/example_latest_only_with_trigger.py took 0.078 seconds
[2021-09-26 11:59:45,315] {processor.py:162} INFO - Started process (PID=5614) to work on /home/airflow/.local/lib/python3.6/site-packages/airflow/example_dags/example_latest_only_with_trigger.py
[2021-09-26 11:59:45,318] {processor.py:613} INFO - Processing file /home/airflow/.local/lib/python3.6/site-packages/airflow/example_dags/example_latest_only_with_trigger.py for tasks to queue
[2021-09-26 11:59:45,319] {logging_mixin.py:109} INFO - [2021-09-26 11:59:45,319] {dagbag.py:496} INFO - Filling up the DagBag from /home/airflow/.local/lib/python3.6/site-packages/airflow/example_dags/example_latest_only_with_trigger.py
[2021-09-26 11:59:45,333] {processor.py:623} INFO - DAG(s) dict_keys(['latest_only_with_trigger']) retrieved from /home/airflow/.local/lib/python3.6/site-packages/airflow/example_dags/example_latest_only_with_trigger.py
[2021-09-26 11:59:45,358] {logging_mixin.py:109} INFO - [2021-09-26 11:59:45,358] {dag.py:1834} INFO - Sync 1 DAGs
[2021-09-26 11:59:45,373] {logging_mixin.py:109} INFO - [2021-09-26 11:59:45,373] {dag.py:2287} INFO - Setting next_dagrun for latest_only_with_trigger to 2021-09-24 00:00:00+00:00
[2021-09-26 11:59:45,387] {processor.py:170} INFO - Processing /home/airflow/.local/lib/python3.6/site-packages/airflow/example_dags/example_latest_only_with_trigger.py took 0.076 seconds
[2021-09-26 12:00:16,034] {processor.py:162} INFO - Started process (PID=5671) to work on /home/airflow/.local/lib/python3.6/site-packages/airflow/example_dags/example_latest_only_with_trigger.py
[2021-09-26 12:00:16,036] {processor.py:613} INFO - Processing file /home/airflow/.local/lib/python3.6/site-packages/airflow/example_dags/example_latest_only_with_trigger.py for tasks to queue
[2021-09-26 12:00:16,038] {logging_mixin.py:109} INFO - [2021-09-26 12:00:16,038] {dagbag.py:496} INFO - Filling up the DagBag from /home/airflow/.local/lib/python3.6/site-packages/airflow/example_dags/example_latest_only_with_trigger.py
[2021-09-26 12:00:16,051] {processor.py:623} INFO - DAG(s) dict_keys(['latest_only_with_trigger']) retrieved from /home/airflow/.local/lib/python3.6/site-packages/airflow/example_dags/example_latest_only_with_trigger.py
[2021-09-26 12:00:16,074] {logging_mixin.py:109} INFO - [2021-09-26 12:00:16,074] {dag.py:1834} INFO - Sync 1 DAGs
[2021-09-26 12:00:16,089] {logging_mixin.py:109} INFO - [2021-09-26 12:00:16,089] {dag.py:2287} INFO - Setting next_dagrun for latest_only_with_trigger to 2021-09-24 00:00:00+00:00
[2021-09-26 12:00:16,103] {processor.py:170} INFO - Processing /home/airflow/.local/lib/python3.6/site-packages/airflow/example_dags/example_latest_only_with_trigger.py took 0.073 seconds
[2021-09-26 12:00:46,445] {processor.py:162} INFO - Started process (PID=5740) to work on /home/airflow/.local/lib/python3.6/site-packages/airflow/example_dags/example_latest_only_with_trigger.py
[2021-09-26 12:00:46,448] {processor.py:613} INFO - Processing file /home/airflow/.local/lib/python3.6/site-packages/airflow/example_dags/example_latest_only_with_trigger.py for tasks to queue
[2021-09-26 12:00:46,449] {logging_mixin.py:109} INFO - [2021-09-26 12:00:46,449] {dagbag.py:496} INFO - Filling up the DagBag from /home/airflow/.local/lib/python3.6/site-packages/airflow/example_dags/example_latest_only_with_trigger.py
[2021-09-26 12:00:46,464] {processor.py:623} INFO - DAG(s) dict_keys(['latest_only_with_trigger']) retrieved from /home/airflow/.local/lib/python3.6/site-packages/airflow/example_dags/example_latest_only_with_trigger.py
[2021-09-26 12:00:46,495] {logging_mixin.py:109} INFO - [2021-09-26 12:00:46,495] {dag.py:1834} INFO - Sync 1 DAGs
[2021-09-26 12:00:46,512] {logging_mixin.py:109} INFO - [2021-09-26 12:00:46,511] {dag.py:2287} INFO - Setting next_dagrun for latest_only_with_trigger to 2021-09-24 00:00:00+00:00
[2021-09-26 12:00:46,524] {processor.py:170} INFO - Processing /home/airflow/.local/lib/python3.6/site-packages/airflow/example_dags/example_latest_only_with_trigger.py took 0.084 seconds
[2021-09-26 12:01:17,055] {processor.py:162} INFO - Started process (PID=5808) to work on /home/airflow/.local/lib/python3.6/site-packages/airflow/example_dags/example_latest_only_with_trigger.py
[2021-09-26 12:01:17,059] {processor.py:613} INFO - Processing file /home/airflow/.local/lib/python3.6/site-packages/airflow/example_dags/example_latest_only_with_trigger.py for tasks to queue
[2021-09-26 12:01:17,062] {logging_mixin.py:109} INFO - [2021-09-26 12:01:17,061] {dagbag.py:496} INFO - Filling up the DagBag from /home/airflow/.local/lib/python3.6/site-packages/airflow/example_dags/example_latest_only_with_trigger.py
[2021-09-26 12:01:17,076] {processor.py:623} INFO - DAG(s) dict_keys(['latest_only_with_trigger']) retrieved from /home/airflow/.local/lib/python3.6/site-packages/airflow/example_dags/example_latest_only_with_trigger.py
[2021-09-26 12:01:17,098] {logging_mixin.py:109} INFO - [2021-09-26 12:01:17,098] {dag.py:1834} INFO - Sync 1 DAGs
[2021-09-26 12:01:17,114] {logging_mixin.py:109} INFO - [2021-09-26 12:01:17,114] {dag.py:2287} INFO - Setting next_dagrun for latest_only_with_trigger to 2021-09-24 00:00:00+00:00
[2021-09-26 12:01:17,125] {processor.py:170} INFO - Processing /home/airflow/.local/lib/python3.6/site-packages/airflow/example_dags/example_latest_only_with_trigger.py took 0.075 seconds
[2021-09-26 12:01:47,637] {processor.py:162} INFO - Started process (PID=5866) to work on /home/airflow/.local/lib/python3.6/site-packages/airflow/example_dags/example_latest_only_with_trigger.py
[2021-09-26 12:01:47,639] {processor.py:613} INFO - Processing file /home/airflow/.local/lib/python3.6/site-packages/airflow/example_dags/example_latest_only_with_trigger.py for tasks to queue
[2021-09-26 12:01:47,641] {logging_mixin.py:109} INFO - [2021-09-26 12:01:47,641] {dagbag.py:496} INFO - Filling up the DagBag from /home/airflow/.local/lib/python3.6/site-packages/airflow/example_dags/example_latest_only_with_trigger.py
[2021-09-26 12:01:47,656] {processor.py:623} INFO - DAG(s) dict_keys(['latest_only_with_trigger']) retrieved from /home/airflow/.local/lib/python3.6/site-packages/airflow/example_dags/example_latest_only_with_trigger.py
[2021-09-26 12:01:47,698] {logging_mixin.py:109} INFO - [2021-09-26 12:01:47,697] {dag.py:1834} INFO - Sync 1 DAGs
[2021-09-26 12:01:47,714] {logging_mixin.py:109} INFO - [2021-09-26 12:01:47,714] {dag.py:2287} INFO - Setting next_dagrun for latest_only_with_trigger to 2021-09-24 00:00:00+00:00
[2021-09-26 12:01:47,729] {processor.py:170} INFO - Processing /home/airflow/.local/lib/python3.6/site-packages/airflow/example_dags/example_latest_only_with_trigger.py took 0.101 seconds
[2021-09-26 12:02:17,776] {processor.py:162} INFO - Started process (PID=5934) to work on /home/airflow/.local/lib/python3.6/site-packages/airflow/example_dags/example_latest_only_with_trigger.py
[2021-09-26 12:02:17,779] {processor.py:613} INFO - Processing file /home/airflow/.local/lib/python3.6/site-packages/airflow/example_dags/example_latest_only_with_trigger.py for tasks to queue
[2021-09-26 12:02:17,780] {logging_mixin.py:109} INFO - [2021-09-26 12:02:17,780] {dagbag.py:496} INFO - Filling up the DagBag from /home/airflow/.local/lib/python3.6/site-packages/airflow/example_dags/example_latest_only_with_trigger.py
[2021-09-26 12:02:17,795] {processor.py:623} INFO - DAG(s) dict_keys(['latest_only_with_trigger']) retrieved from /home/airflow/.local/lib/python3.6/site-packages/airflow/example_dags/example_latest_only_with_trigger.py
[2021-09-26 12:02:17,832] {logging_mixin.py:109} INFO - [2021-09-26 12:02:17,832] {dag.py:1834} INFO - Sync 1 DAGs
[2021-09-26 12:02:17,864] {logging_mixin.py:109} INFO - [2021-09-26 12:02:17,864] {dag.py:2287} INFO - Setting next_dagrun for latest_only_with_trigger to 2021-09-24 00:00:00+00:00
[2021-09-26 12:02:17,879] {processor.py:170} INFO - Processing /home/airflow/.local/lib/python3.6/site-packages/airflow/example_dags/example_latest_only_with_trigger.py took 0.109 seconds
[2021-09-26 12:02:48,313] {processor.py:162} INFO - Started process (PID=5990) to work on /home/airflow/.local/lib/python3.6/site-packages/airflow/example_dags/example_latest_only_with_trigger.py
[2021-09-26 12:02:48,316] {processor.py:613} INFO - Processing file /home/airflow/.local/lib/python3.6/site-packages/airflow/example_dags/example_latest_only_with_trigger.py for tasks to queue
[2021-09-26 12:02:48,318] {logging_mixin.py:109} INFO - [2021-09-26 12:02:48,318] {dagbag.py:496} INFO - Filling up the DagBag from /home/airflow/.local/lib/python3.6/site-packages/airflow/example_dags/example_latest_only_with_trigger.py
[2021-09-26 12:02:48,332] {processor.py:623} INFO - DAG(s) dict_keys(['latest_only_with_trigger']) retrieved from /home/airflow/.local/lib/python3.6/site-packages/airflow/example_dags/example_latest_only_with_trigger.py
[2021-09-26 12:02:48,356] {logging_mixin.py:109} INFO - [2021-09-26 12:02:48,356] {dag.py:1834} INFO - Sync 1 DAGs
[2021-09-26 12:02:48,373] {logging_mixin.py:109} INFO - [2021-09-26 12:02:48,373] {dag.py:2287} INFO - Setting next_dagrun for latest_only_with_trigger to 2021-09-24 00:00:00+00:00
[2021-09-26 12:02:48,385] {processor.py:170} INFO - Processing /home/airflow/.local/lib/python3.6/site-packages/airflow/example_dags/example_latest_only_with_trigger.py took 0.078 seconds
[2021-09-26 12:03:18,643] {processor.py:162} INFO - Started process (PID=6059) to work on /home/airflow/.local/lib/python3.6/site-packages/airflow/example_dags/example_latest_only_with_trigger.py
[2021-09-26 12:03:18,645] {processor.py:613} INFO - Processing file /home/airflow/.local/lib/python3.6/site-packages/airflow/example_dags/example_latest_only_with_trigger.py for tasks to queue
[2021-09-26 12:03:18,647] {logging_mixin.py:109} INFO - [2021-09-26 12:03:18,647] {dagbag.py:496} INFO - Filling up the DagBag from /home/airflow/.local/lib/python3.6/site-packages/airflow/example_dags/example_latest_only_with_trigger.py
[2021-09-26 12:03:18,663] {processor.py:623} INFO - DAG(s) dict_keys(['latest_only_with_trigger']) retrieved from /home/airflow/.local/lib/python3.6/site-packages/airflow/example_dags/example_latest_only_with_trigger.py
[2021-09-26 12:03:18,694] {logging_mixin.py:109} INFO - [2021-09-26 12:03:18,693] {dag.py:1834} INFO - Sync 1 DAGs
[2021-09-26 12:03:18,710] {logging_mixin.py:109} INFO - [2021-09-26 12:03:18,710] {dag.py:2287} INFO - Setting next_dagrun for latest_only_with_trigger to 2021-09-24 00:00:00+00:00
[2021-09-26 12:03:18,722] {processor.py:170} INFO - Processing /home/airflow/.local/lib/python3.6/site-packages/airflow/example_dags/example_latest_only_with_trigger.py took 0.083 seconds
[2021-09-26 12:03:49,141] {processor.py:162} INFO - Started process (PID=6127) to work on /home/airflow/.local/lib/python3.6/site-packages/airflow/example_dags/example_latest_only_with_trigger.py
[2021-09-26 12:03:49,144] {processor.py:613} INFO - Processing file /home/airflow/.local/lib/python3.6/site-packages/airflow/example_dags/example_latest_only_with_trigger.py for tasks to queue
[2021-09-26 12:03:49,146] {logging_mixin.py:109} INFO - [2021-09-26 12:03:49,145] {dagbag.py:496} INFO - Filling up the DagBag from /home/airflow/.local/lib/python3.6/site-packages/airflow/example_dags/example_latest_only_with_trigger.py
[2021-09-26 12:03:49,163] {processor.py:623} INFO - DAG(s) dict_keys(['latest_only_with_trigger']) retrieved from /home/airflow/.local/lib/python3.6/site-packages/airflow/example_dags/example_latest_only_with_trigger.py
[2021-09-26 12:03:49,197] {logging_mixin.py:109} INFO - [2021-09-26 12:03:49,197] {dag.py:1834} INFO - Sync 1 DAGs
[2021-09-26 12:03:49,217] {logging_mixin.py:109} INFO - [2021-09-26 12:03:49,217] {dag.py:2287} INFO - Setting next_dagrun for latest_only_with_trigger to 2021-09-24 00:00:00+00:00
[2021-09-26 12:03:49,232] {processor.py:170} INFO - Processing /home/airflow/.local/lib/python3.6/site-packages/airflow/example_dags/example_latest_only_with_trigger.py took 0.097 seconds
[2021-09-26 12:04:19,695] {processor.py:162} INFO - Started process (PID=6186) to work on /home/airflow/.local/lib/python3.6/site-packages/airflow/example_dags/example_latest_only_with_trigger.py
[2021-09-26 12:04:19,699] {processor.py:613} INFO - Processing file /home/airflow/.local/lib/python3.6/site-packages/airflow/example_dags/example_latest_only_with_trigger.py for tasks to queue
[2021-09-26 12:04:19,702] {logging_mixin.py:109} INFO - [2021-09-26 12:04:19,701] {dagbag.py:496} INFO - Filling up the DagBag from /home/airflow/.local/lib/python3.6/site-packages/airflow/example_dags/example_latest_only_with_trigger.py
[2021-09-26 12:04:19,723] {processor.py:623} INFO - DAG(s) dict_keys(['latest_only_with_trigger']) retrieved from /home/airflow/.local/lib/python3.6/site-packages/airflow/example_dags/example_latest_only_with_trigger.py
[2021-09-26 12:04:19,760] {logging_mixin.py:109} INFO - [2021-09-26 12:04:19,760] {dag.py:1834} INFO - Sync 1 DAGs
[2021-09-26 12:04:19,783] {logging_mixin.py:109} INFO - [2021-09-26 12:04:19,783] {dag.py:2287} INFO - Setting next_dagrun for latest_only_with_trigger to 2021-09-24 00:00:00+00:00
[2021-09-26 12:04:19,797] {processor.py:170} INFO - Processing /home/airflow/.local/lib/python3.6/site-packages/airflow/example_dags/example_latest_only_with_trigger.py took 0.111 seconds
[2021-09-26 12:04:50,033] {processor.py:162} INFO - Started process (PID=6254) to work on /home/airflow/.local/lib/python3.6/site-packages/airflow/example_dags/example_latest_only_with_trigger.py
[2021-09-26 12:04:50,036] {processor.py:613} INFO - Processing file /home/airflow/.local/lib/python3.6/site-packages/airflow/example_dags/example_latest_only_with_trigger.py for tasks to queue
[2021-09-26 12:04:50,038] {logging_mixin.py:109} INFO - [2021-09-26 12:04:50,037] {dagbag.py:496} INFO - Filling up the DagBag from /home/airflow/.local/lib/python3.6/site-packages/airflow/example_dags/example_latest_only_with_trigger.py
[2021-09-26 12:04:50,051] {processor.py:623} INFO - DAG(s) dict_keys(['latest_only_with_trigger']) retrieved from /home/airflow/.local/lib/python3.6/site-packages/airflow/example_dags/example_latest_only_with_trigger.py
[2021-09-26 12:04:50,074] {logging_mixin.py:109} INFO - [2021-09-26 12:04:50,074] {dag.py:1834} INFO - Sync 1 DAGs
[2021-09-26 12:04:50,090] {logging_mixin.py:109} INFO - [2021-09-26 12:04:50,090] {dag.py:2287} INFO - Setting next_dagrun for latest_only_with_trigger to 2021-09-24 00:00:00+00:00
[2021-09-26 12:04:50,102] {processor.py:170} INFO - Processing /home/airflow/.local/lib/python3.6/site-packages/airflow/example_dags/example_latest_only_with_trigger.py took 0.074 seconds
[2021-09-26 12:05:20,183] {processor.py:162} INFO - Started process (PID=6313) to work on /home/airflow/.local/lib/python3.6/site-packages/airflow/example_dags/example_latest_only_with_trigger.py
[2021-09-26 12:05:20,185] {processor.py:613} INFO - Processing file /home/airflow/.local/lib/python3.6/site-packages/airflow/example_dags/example_latest_only_with_trigger.py for tasks to queue
[2021-09-26 12:05:20,187] {logging_mixin.py:109} INFO - [2021-09-26 12:05:20,186] {dagbag.py:496} INFO - Filling up the DagBag from /home/airflow/.local/lib/python3.6/site-packages/airflow/example_dags/example_latest_only_with_trigger.py
[2021-09-26 12:05:20,202] {processor.py:623} INFO - DAG(s) dict_keys(['latest_only_with_trigger']) retrieved from /home/airflow/.local/lib/python3.6/site-packages/airflow/example_dags/example_latest_only_with_trigger.py
[2021-09-26 12:05:20,227] {logging_mixin.py:109} INFO - [2021-09-26 12:05:20,227] {dag.py:1834} INFO - Sync 1 DAGs
[2021-09-26 12:05:20,242] {logging_mixin.py:109} INFO - [2021-09-26 12:05:20,242] {dag.py:2287} INFO - Setting next_dagrun for latest_only_with_trigger to 2021-09-24 00:00:00+00:00
[2021-09-26 12:05:20,255] {processor.py:170} INFO - Processing /home/airflow/.local/lib/python3.6/site-packages/airflow/example_dags/example_latest_only_with_trigger.py took 0.078 seconds
