[2021-09-26 11:46:55,749] {processor.py:162} INFO - Started process (PID=4011) to work on /home/airflow/.local/lib/python3.6/site-packages/airflow/example_dags/example_complex.py
[2021-09-26 11:46:55,753] {processor.py:613} INFO - Processing file /home/airflow/.local/lib/python3.6/site-packages/airflow/example_dags/example_complex.py for tasks to queue
[2021-09-26 11:46:55,755] {logging_mixin.py:109} INFO - [2021-09-26 11:46:55,755] {dagbag.py:496} INFO - Filling up the DagBag from /home/airflow/.local/lib/python3.6/site-packages/airflow/example_dags/example_complex.py
[2021-09-26 11:46:55,790] {processor.py:623} INFO - DAG(s) dict_keys(['example_complex']) retrieved from /home/airflow/.local/lib/python3.6/site-packages/airflow/example_dags/example_complex.py
[2021-09-26 11:46:55,837] {logging_mixin.py:109} INFO - [2021-09-26 11:46:55,836] {dag.py:1834} INFO - Sync 1 DAGs
[2021-09-26 11:46:55,863] {logging_mixin.py:109} INFO - [2021-09-26 11:46:55,863] {dag.py:2287} INFO - Setting next_dagrun for example_complex to None
[2021-09-26 11:46:55,889] {processor.py:170} INFO - Processing /home/airflow/.local/lib/python3.6/site-packages/airflow/example_dags/example_complex.py took 0.144 seconds
[2021-09-26 11:47:26,109] {processor.py:162} INFO - Started process (PID=4069) to work on /home/airflow/.local/lib/python3.6/site-packages/airflow/example_dags/example_complex.py
[2021-09-26 11:47:26,112] {processor.py:613} INFO - Processing file /home/airflow/.local/lib/python3.6/site-packages/airflow/example_dags/example_complex.py for tasks to queue
[2021-09-26 11:47:26,113] {logging_mixin.py:109} INFO - [2021-09-26 11:47:26,113] {dagbag.py:496} INFO - Filling up the DagBag from /home/airflow/.local/lib/python3.6/site-packages/airflow/example_dags/example_complex.py
[2021-09-26 11:47:26,147] {processor.py:623} INFO - DAG(s) dict_keys(['example_complex']) retrieved from /home/airflow/.local/lib/python3.6/site-packages/airflow/example_dags/example_complex.py
[2021-09-26 11:47:26,185] {logging_mixin.py:109} INFO - [2021-09-26 11:47:26,185] {dag.py:1834} INFO - Sync 1 DAGs
[2021-09-26 11:47:26,207] {logging_mixin.py:109} INFO - [2021-09-26 11:47:26,207] {dag.py:2287} INFO - Setting next_dagrun for example_complex to None
[2021-09-26 11:47:26,226] {processor.py:170} INFO - Processing /home/airflow/.local/lib/python3.6/site-packages/airflow/example_dags/example_complex.py took 0.122 seconds
[2021-09-26 11:47:56,355] {processor.py:162} INFO - Started process (PID=4125) to work on /home/airflow/.local/lib/python3.6/site-packages/airflow/example_dags/example_complex.py
[2021-09-26 11:47:56,359] {processor.py:613} INFO - Processing file /home/airflow/.local/lib/python3.6/site-packages/airflow/example_dags/example_complex.py for tasks to queue
[2021-09-26 11:47:56,361] {logging_mixin.py:109} INFO - [2021-09-26 11:47:56,360] {dagbag.py:496} INFO - Filling up the DagBag from /home/airflow/.local/lib/python3.6/site-packages/airflow/example_dags/example_complex.py
[2021-09-26 11:47:56,395] {processor.py:623} INFO - DAG(s) dict_keys(['example_complex']) retrieved from /home/airflow/.local/lib/python3.6/site-packages/airflow/example_dags/example_complex.py
[2021-09-26 11:47:56,439] {logging_mixin.py:109} INFO - [2021-09-26 11:47:56,439] {dag.py:1834} INFO - Sync 1 DAGs
[2021-09-26 11:47:56,463] {logging_mixin.py:109} INFO - [2021-09-26 11:47:56,462] {dag.py:2287} INFO - Setting next_dagrun for example_complex to None
[2021-09-26 11:47:56,477] {processor.py:170} INFO - Processing /home/airflow/.local/lib/python3.6/site-packages/airflow/example_dags/example_complex.py took 0.137 seconds
[2021-09-26 11:48:26,542] {processor.py:162} INFO - Started process (PID=4196) to work on /home/airflow/.local/lib/python3.6/site-packages/airflow/example_dags/example_complex.py
[2021-09-26 11:48:26,546] {processor.py:613} INFO - Processing file /home/airflow/.local/lib/python3.6/site-packages/airflow/example_dags/example_complex.py for tasks to queue
[2021-09-26 11:48:26,548] {logging_mixin.py:109} INFO - [2021-09-26 11:48:26,547] {dagbag.py:496} INFO - Filling up the DagBag from /home/airflow/.local/lib/python3.6/site-packages/airflow/example_dags/example_complex.py
[2021-09-26 11:48:26,574] {processor.py:623} INFO - DAG(s) dict_keys(['example_complex']) retrieved from /home/airflow/.local/lib/python3.6/site-packages/airflow/example_dags/example_complex.py
[2021-09-26 11:48:26,614] {logging_mixin.py:109} INFO - [2021-09-26 11:48:26,614] {dag.py:1834} INFO - Sync 1 DAGs
[2021-09-26 11:48:26,632] {logging_mixin.py:109} INFO - [2021-09-26 11:48:26,632] {dag.py:2287} INFO - Setting next_dagrun for example_complex to None
[2021-09-26 11:48:26,649] {processor.py:170} INFO - Processing /home/airflow/.local/lib/python3.6/site-packages/airflow/example_dags/example_complex.py took 0.112 seconds
[2021-09-26 11:48:56,974] {processor.py:162} INFO - Started process (PID=4252) to work on /home/airflow/.local/lib/python3.6/site-packages/airflow/example_dags/example_complex.py
[2021-09-26 11:48:56,977] {processor.py:613} INFO - Processing file /home/airflow/.local/lib/python3.6/site-packages/airflow/example_dags/example_complex.py for tasks to queue
[2021-09-26 11:48:56,978] {logging_mixin.py:109} INFO - [2021-09-26 11:48:56,978] {dagbag.py:496} INFO - Filling up the DagBag from /home/airflow/.local/lib/python3.6/site-packages/airflow/example_dags/example_complex.py
[2021-09-26 11:48:57,008] {processor.py:623} INFO - DAG(s) dict_keys(['example_complex']) retrieved from /home/airflow/.local/lib/python3.6/site-packages/airflow/example_dags/example_complex.py
[2021-09-26 11:48:57,043] {logging_mixin.py:109} INFO - [2021-09-26 11:48:57,043] {dag.py:1834} INFO - Sync 1 DAGs
[2021-09-26 11:48:57,072] {logging_mixin.py:109} INFO - [2021-09-26 11:48:57,072] {dag.py:2287} INFO - Setting next_dagrun for example_complex to None
[2021-09-26 11:48:57,087] {processor.py:170} INFO - Processing /home/airflow/.local/lib/python3.6/site-packages/airflow/example_dags/example_complex.py took 0.117 seconds
[2021-09-26 11:49:27,579] {processor.py:162} INFO - Started process (PID=4321) to work on /home/airflow/.local/lib/python3.6/site-packages/airflow/example_dags/example_complex.py
[2021-09-26 11:49:27,582] {processor.py:613} INFO - Processing file /home/airflow/.local/lib/python3.6/site-packages/airflow/example_dags/example_complex.py for tasks to queue
[2021-09-26 11:49:27,583] {logging_mixin.py:109} INFO - [2021-09-26 11:49:27,583] {dagbag.py:496} INFO - Filling up the DagBag from /home/airflow/.local/lib/python3.6/site-packages/airflow/example_dags/example_complex.py
[2021-09-26 11:49:27,607] {processor.py:623} INFO - DAG(s) dict_keys(['example_complex']) retrieved from /home/airflow/.local/lib/python3.6/site-packages/airflow/example_dags/example_complex.py
[2021-09-26 11:49:27,639] {logging_mixin.py:109} INFO - [2021-09-26 11:49:27,639] {dag.py:1834} INFO - Sync 1 DAGs
[2021-09-26 11:49:27,663] {logging_mixin.py:109} INFO - [2021-09-26 11:49:27,663] {dag.py:2287} INFO - Setting next_dagrun for example_complex to None
[2021-09-26 11:49:27,678] {processor.py:170} INFO - Processing /home/airflow/.local/lib/python3.6/site-packages/airflow/example_dags/example_complex.py took 0.103 seconds
[2021-09-26 11:49:58,453] {processor.py:162} INFO - Started process (PID=4389) to work on /home/airflow/.local/lib/python3.6/site-packages/airflow/example_dags/example_complex.py
[2021-09-26 11:49:58,455] {processor.py:613} INFO - Processing file /home/airflow/.local/lib/python3.6/site-packages/airflow/example_dags/example_complex.py for tasks to queue
[2021-09-26 11:49:58,457] {logging_mixin.py:109} INFO - [2021-09-26 11:49:58,456] {dagbag.py:496} INFO - Filling up the DagBag from /home/airflow/.local/lib/python3.6/site-packages/airflow/example_dags/example_complex.py
[2021-09-26 11:49:58,485] {processor.py:623} INFO - DAG(s) dict_keys(['example_complex']) retrieved from /home/airflow/.local/lib/python3.6/site-packages/airflow/example_dags/example_complex.py
[2021-09-26 11:49:58,530] {logging_mixin.py:109} INFO - [2021-09-26 11:49:58,530] {dag.py:1834} INFO - Sync 1 DAGs
[2021-09-26 11:49:58,554] {logging_mixin.py:109} INFO - [2021-09-26 11:49:58,554] {dag.py:2287} INFO - Setting next_dagrun for example_complex to None
[2021-09-26 11:49:58,568] {processor.py:170} INFO - Processing /home/airflow/.local/lib/python3.6/site-packages/airflow/example_dags/example_complex.py took 0.119 seconds
[2021-09-26 11:50:29,327] {processor.py:162} INFO - Started process (PID=4448) to work on /home/airflow/.local/lib/python3.6/site-packages/airflow/example_dags/example_complex.py
[2021-09-26 11:50:29,330] {processor.py:613} INFO - Processing file /home/airflow/.local/lib/python3.6/site-packages/airflow/example_dags/example_complex.py for tasks to queue
[2021-09-26 11:50:29,333] {logging_mixin.py:109} INFO - [2021-09-26 11:50:29,333] {dagbag.py:496} INFO - Filling up the DagBag from /home/airflow/.local/lib/python3.6/site-packages/airflow/example_dags/example_complex.py
[2021-09-26 11:50:29,365] {processor.py:623} INFO - DAG(s) dict_keys(['example_complex']) retrieved from /home/airflow/.local/lib/python3.6/site-packages/airflow/example_dags/example_complex.py
[2021-09-26 11:50:29,405] {logging_mixin.py:109} INFO - [2021-09-26 11:50:29,405] {dag.py:1834} INFO - Sync 1 DAGs
[2021-09-26 11:50:29,424] {logging_mixin.py:109} INFO - [2021-09-26 11:50:29,424] {dag.py:2287} INFO - Setting next_dagrun for example_complex to None
[2021-09-26 11:50:29,439] {processor.py:170} INFO - Processing /home/airflow/.local/lib/python3.6/site-packages/airflow/example_dags/example_complex.py took 0.116 seconds
[2021-09-26 11:50:59,794] {processor.py:162} INFO - Started process (PID=4518) to work on /home/airflow/.local/lib/python3.6/site-packages/airflow/example_dags/example_complex.py
[2021-09-26 11:50:59,800] {processor.py:613} INFO - Processing file /home/airflow/.local/lib/python3.6/site-packages/airflow/example_dags/example_complex.py for tasks to queue
[2021-09-26 11:50:59,806] {logging_mixin.py:109} INFO - [2021-09-26 11:50:59,805] {dagbag.py:496} INFO - Filling up the DagBag from /home/airflow/.local/lib/python3.6/site-packages/airflow/example_dags/example_complex.py
[2021-09-26 11:50:59,852] {processor.py:623} INFO - DAG(s) dict_keys(['example_complex']) retrieved from /home/airflow/.local/lib/python3.6/site-packages/airflow/example_dags/example_complex.py
[2021-09-26 11:50:59,895] {logging_mixin.py:109} INFO - [2021-09-26 11:50:59,894] {dag.py:1834} INFO - Sync 1 DAGs
[2021-09-26 11:50:59,916] {logging_mixin.py:109} INFO - [2021-09-26 11:50:59,916] {dag.py:2287} INFO - Setting next_dagrun for example_complex to None
[2021-09-26 11:50:59,937] {processor.py:170} INFO - Processing /home/airflow/.local/lib/python3.6/site-packages/airflow/example_dags/example_complex.py took 0.154 seconds
[2021-09-26 11:51:30,396] {processor.py:162} INFO - Started process (PID=4577) to work on /home/airflow/.local/lib/python3.6/site-packages/airflow/example_dags/example_complex.py
[2021-09-26 11:51:30,399] {processor.py:613} INFO - Processing file /home/airflow/.local/lib/python3.6/site-packages/airflow/example_dags/example_complex.py for tasks to queue
[2021-09-26 11:51:30,401] {logging_mixin.py:109} INFO - [2021-09-26 11:51:30,400] {dagbag.py:496} INFO - Filling up the DagBag from /home/airflow/.local/lib/python3.6/site-packages/airflow/example_dags/example_complex.py
[2021-09-26 11:51:30,434] {processor.py:623} INFO - DAG(s) dict_keys(['example_complex']) retrieved from /home/airflow/.local/lib/python3.6/site-packages/airflow/example_dags/example_complex.py
[2021-09-26 11:51:30,472] {logging_mixin.py:109} INFO - [2021-09-26 11:51:30,472] {dag.py:1834} INFO - Sync 1 DAGs
[2021-09-26 11:51:30,495] {logging_mixin.py:109} INFO - [2021-09-26 11:51:30,494] {dag.py:2287} INFO - Setting next_dagrun for example_complex to None
[2021-09-26 11:51:30,520] {processor.py:170} INFO - Processing /home/airflow/.local/lib/python3.6/site-packages/airflow/example_dags/example_complex.py took 0.129 seconds
[2021-09-26 11:52:00,719] {processor.py:162} INFO - Started process (PID=4646) to work on /home/airflow/.local/lib/python3.6/site-packages/airflow/example_dags/example_complex.py
[2021-09-26 11:52:00,723] {processor.py:613} INFO - Processing file /home/airflow/.local/lib/python3.6/site-packages/airflow/example_dags/example_complex.py for tasks to queue
[2021-09-26 11:52:00,728] {logging_mixin.py:109} INFO - [2021-09-26 11:52:00,728] {dagbag.py:496} INFO - Filling up the DagBag from /home/airflow/.local/lib/python3.6/site-packages/airflow/example_dags/example_complex.py
[2021-09-26 11:52:00,794] {processor.py:623} INFO - DAG(s) dict_keys(['example_complex']) retrieved from /home/airflow/.local/lib/python3.6/site-packages/airflow/example_dags/example_complex.py
[2021-09-26 11:52:00,914] {logging_mixin.py:109} INFO - [2021-09-26 11:52:00,913] {dag.py:1834} INFO - Sync 1 DAGs
[2021-09-26 11:52:00,949] {logging_mixin.py:109} INFO - [2021-09-26 11:52:00,949] {dag.py:2287} INFO - Setting next_dagrun for example_complex to None
[2021-09-26 11:52:00,986] {processor.py:170} INFO - Processing /home/airflow/.local/lib/python3.6/site-packages/airflow/example_dags/example_complex.py took 0.274 seconds
[2021-09-26 11:52:31,074] {processor.py:162} INFO - Started process (PID=4703) to work on /home/airflow/.local/lib/python3.6/site-packages/airflow/example_dags/example_complex.py
[2021-09-26 11:52:31,077] {processor.py:613} INFO - Processing file /home/airflow/.local/lib/python3.6/site-packages/airflow/example_dags/example_complex.py for tasks to queue
[2021-09-26 11:52:31,079] {logging_mixin.py:109} INFO - [2021-09-26 11:52:31,078] {dagbag.py:496} INFO - Filling up the DagBag from /home/airflow/.local/lib/python3.6/site-packages/airflow/example_dags/example_complex.py
[2021-09-26 11:52:31,122] {processor.py:623} INFO - DAG(s) dict_keys(['example_complex']) retrieved from /home/airflow/.local/lib/python3.6/site-packages/airflow/example_dags/example_complex.py
[2021-09-26 11:52:31,163] {logging_mixin.py:109} INFO - [2021-09-26 11:52:31,163] {dag.py:1834} INFO - Sync 1 DAGs
[2021-09-26 11:52:31,181] {logging_mixin.py:109} INFO - [2021-09-26 11:52:31,181] {dag.py:2287} INFO - Setting next_dagrun for example_complex to None
[2021-09-26 11:52:31,196] {processor.py:170} INFO - Processing /home/airflow/.local/lib/python3.6/site-packages/airflow/example_dags/example_complex.py took 0.129 seconds
[2021-09-26 11:53:01,663] {processor.py:162} INFO - Started process (PID=4774) to work on /home/airflow/.local/lib/python3.6/site-packages/airflow/example_dags/example_complex.py
[2021-09-26 11:53:01,666] {processor.py:613} INFO - Processing file /home/airflow/.local/lib/python3.6/site-packages/airflow/example_dags/example_complex.py for tasks to queue
[2021-09-26 11:53:01,668] {logging_mixin.py:109} INFO - [2021-09-26 11:53:01,668] {dagbag.py:496} INFO - Filling up the DagBag from /home/airflow/.local/lib/python3.6/site-packages/airflow/example_dags/example_complex.py
[2021-09-26 11:53:01,708] {processor.py:623} INFO - DAG(s) dict_keys(['example_complex']) retrieved from /home/airflow/.local/lib/python3.6/site-packages/airflow/example_dags/example_complex.py
[2021-09-26 11:53:01,746] {logging_mixin.py:109} INFO - [2021-09-26 11:53:01,746] {dag.py:1834} INFO - Sync 1 DAGs
[2021-09-26 11:53:01,765] {logging_mixin.py:109} INFO - [2021-09-26 11:53:01,765] {dag.py:2287} INFO - Setting next_dagrun for example_complex to None
[2021-09-26 11:53:01,780] {processor.py:170} INFO - Processing /home/airflow/.local/lib/python3.6/site-packages/airflow/example_dags/example_complex.py took 0.122 seconds
[2021-09-26 11:53:32,356] {processor.py:162} INFO - Started process (PID=4830) to work on /home/airflow/.local/lib/python3.6/site-packages/airflow/example_dags/example_complex.py
[2021-09-26 11:53:32,358] {processor.py:613} INFO - Processing file /home/airflow/.local/lib/python3.6/site-packages/airflow/example_dags/example_complex.py for tasks to queue
[2021-09-26 11:53:32,359] {logging_mixin.py:109} INFO - [2021-09-26 11:53:32,359] {dagbag.py:496} INFO - Filling up the DagBag from /home/airflow/.local/lib/python3.6/site-packages/airflow/example_dags/example_complex.py
[2021-09-26 11:53:32,382] {processor.py:623} INFO - DAG(s) dict_keys(['example_complex']) retrieved from /home/airflow/.local/lib/python3.6/site-packages/airflow/example_dags/example_complex.py
[2021-09-26 11:53:32,413] {logging_mixin.py:109} INFO - [2021-09-26 11:53:32,413] {dag.py:1834} INFO - Sync 1 DAGs
[2021-09-26 11:53:32,432] {logging_mixin.py:109} INFO - [2021-09-26 11:53:32,431] {dag.py:2287} INFO - Setting next_dagrun for example_complex to None
[2021-09-26 11:53:32,445] {processor.py:170} INFO - Processing /home/airflow/.local/lib/python3.6/site-packages/airflow/example_dags/example_complex.py took 0.093 seconds
[2021-09-26 11:54:02,809] {processor.py:162} INFO - Started process (PID=4896) to work on /home/airflow/.local/lib/python3.6/site-packages/airflow/example_dags/example_complex.py
[2021-09-26 11:54:02,814] {processor.py:613} INFO - Processing file /home/airflow/.local/lib/python3.6/site-packages/airflow/example_dags/example_complex.py for tasks to queue
[2021-09-26 11:54:02,816] {logging_mixin.py:109} INFO - [2021-09-26 11:54:02,816] {dagbag.py:496} INFO - Filling up the DagBag from /home/airflow/.local/lib/python3.6/site-packages/airflow/example_dags/example_complex.py
[2021-09-26 11:54:02,846] {processor.py:623} INFO - DAG(s) dict_keys(['example_complex']) retrieved from /home/airflow/.local/lib/python3.6/site-packages/airflow/example_dags/example_complex.py
[2021-09-26 11:54:02,884] {logging_mixin.py:109} INFO - [2021-09-26 11:54:02,884] {dag.py:1834} INFO - Sync 1 DAGs
[2021-09-26 11:54:02,904] {logging_mixin.py:109} INFO - [2021-09-26 11:54:02,904] {dag.py:2287} INFO - Setting next_dagrun for example_complex to None
[2021-09-26 11:54:02,921] {processor.py:170} INFO - Processing /home/airflow/.local/lib/python3.6/site-packages/airflow/example_dags/example_complex.py took 0.117 seconds
[2021-09-26 11:54:33,241] {processor.py:162} INFO - Started process (PID=4953) to work on /home/airflow/.local/lib/python3.6/site-packages/airflow/example_dags/example_complex.py
[2021-09-26 11:54:33,245] {processor.py:613} INFO - Processing file /home/airflow/.local/lib/python3.6/site-packages/airflow/example_dags/example_complex.py for tasks to queue
[2021-09-26 11:54:33,247] {logging_mixin.py:109} INFO - [2021-09-26 11:54:33,247] {dagbag.py:496} INFO - Filling up the DagBag from /home/airflow/.local/lib/python3.6/site-packages/airflow/example_dags/example_complex.py
[2021-09-26 11:54:33,284] {processor.py:623} INFO - DAG(s) dict_keys(['example_complex']) retrieved from /home/airflow/.local/lib/python3.6/site-packages/airflow/example_dags/example_complex.py
[2021-09-26 11:54:33,340] {logging_mixin.py:109} INFO - [2021-09-26 11:54:33,340] {dag.py:1834} INFO - Sync 1 DAGs
[2021-09-26 11:54:33,361] {logging_mixin.py:109} INFO - [2021-09-26 11:54:33,361] {dag.py:2287} INFO - Setting next_dagrun for example_complex to None
[2021-09-26 11:54:33,375] {processor.py:170} INFO - Processing /home/airflow/.local/lib/python3.6/site-packages/airflow/example_dags/example_complex.py took 0.142 seconds
[2021-09-26 11:55:03,884] {processor.py:162} INFO - Started process (PID=5022) to work on /home/airflow/.local/lib/python3.6/site-packages/airflow/example_dags/example_complex.py
[2021-09-26 11:55:03,887] {processor.py:613} INFO - Processing file /home/airflow/.local/lib/python3.6/site-packages/airflow/example_dags/example_complex.py for tasks to queue
[2021-09-26 11:55:03,889] {logging_mixin.py:109} INFO - [2021-09-26 11:55:03,889] {dagbag.py:496} INFO - Filling up the DagBag from /home/airflow/.local/lib/python3.6/site-packages/airflow/example_dags/example_complex.py
[2021-09-26 11:55:03,923] {processor.py:623} INFO - DAG(s) dict_keys(['example_complex']) retrieved from /home/airflow/.local/lib/python3.6/site-packages/airflow/example_dags/example_complex.py
[2021-09-26 11:55:03,964] {logging_mixin.py:109} INFO - [2021-09-26 11:55:03,963] {dag.py:1834} INFO - Sync 1 DAGs
[2021-09-26 11:55:03,985] {logging_mixin.py:109} INFO - [2021-09-26 11:55:03,984] {dag.py:2287} INFO - Setting next_dagrun for example_complex to None
[2021-09-26 11:55:03,999] {processor.py:170} INFO - Processing /home/airflow/.local/lib/python3.6/site-packages/airflow/example_dags/example_complex.py took 0.120 seconds
[2021-09-26 11:55:34,176] {processor.py:162} INFO - Started process (PID=5080) to work on /home/airflow/.local/lib/python3.6/site-packages/airflow/example_dags/example_complex.py
[2021-09-26 11:55:34,178] {processor.py:613} INFO - Processing file /home/airflow/.local/lib/python3.6/site-packages/airflow/example_dags/example_complex.py for tasks to queue
[2021-09-26 11:55:34,180] {logging_mixin.py:109} INFO - [2021-09-26 11:55:34,180] {dagbag.py:496} INFO - Filling up the DagBag from /home/airflow/.local/lib/python3.6/site-packages/airflow/example_dags/example_complex.py
[2021-09-26 11:55:34,205] {processor.py:623} INFO - DAG(s) dict_keys(['example_complex']) retrieved from /home/airflow/.local/lib/python3.6/site-packages/airflow/example_dags/example_complex.py
[2021-09-26 11:55:34,242] {logging_mixin.py:109} INFO - [2021-09-26 11:55:34,241] {dag.py:1834} INFO - Sync 1 DAGs
[2021-09-26 11:55:34,259] {logging_mixin.py:109} INFO - [2021-09-26 11:55:34,259] {dag.py:2287} INFO - Setting next_dagrun for example_complex to None
[2021-09-26 11:55:34,273] {processor.py:170} INFO - Processing /home/airflow/.local/lib/python3.6/site-packages/airflow/example_dags/example_complex.py took 0.101 seconds
[2021-09-26 11:56:04,680] {processor.py:162} INFO - Started process (PID=5149) to work on /home/airflow/.local/lib/python3.6/site-packages/airflow/example_dags/example_complex.py
[2021-09-26 11:56:04,683] {processor.py:613} INFO - Processing file /home/airflow/.local/lib/python3.6/site-packages/airflow/example_dags/example_complex.py for tasks to queue
[2021-09-26 11:56:04,684] {logging_mixin.py:109} INFO - [2021-09-26 11:56:04,684] {dagbag.py:496} INFO - Filling up the DagBag from /home/airflow/.local/lib/python3.6/site-packages/airflow/example_dags/example_complex.py
[2021-09-26 11:56:04,706] {processor.py:623} INFO - DAG(s) dict_keys(['example_complex']) retrieved from /home/airflow/.local/lib/python3.6/site-packages/airflow/example_dags/example_complex.py
[2021-09-26 11:56:04,739] {logging_mixin.py:109} INFO - [2021-09-26 11:56:04,739] {dag.py:1834} INFO - Sync 1 DAGs
[2021-09-26 11:56:04,754] {logging_mixin.py:109} INFO - [2021-09-26 11:56:04,754] {dag.py:2287} INFO - Setting next_dagrun for example_complex to None
[2021-09-26 11:56:04,767] {processor.py:170} INFO - Processing /home/airflow/.local/lib/python3.6/site-packages/airflow/example_dags/example_complex.py took 0.090 seconds
[2021-09-26 11:56:35,377] {processor.py:162} INFO - Started process (PID=5216) to work on /home/airflow/.local/lib/python3.6/site-packages/airflow/example_dags/example_complex.py
[2021-09-26 11:56:35,379] {processor.py:613} INFO - Processing file /home/airflow/.local/lib/python3.6/site-packages/airflow/example_dags/example_complex.py for tasks to queue
[2021-09-26 11:56:35,380] {logging_mixin.py:109} INFO - [2021-09-26 11:56:35,380] {dagbag.py:496} INFO - Filling up the DagBag from /home/airflow/.local/lib/python3.6/site-packages/airflow/example_dags/example_complex.py
[2021-09-26 11:56:35,402] {processor.py:623} INFO - DAG(s) dict_keys(['example_complex']) retrieved from /home/airflow/.local/lib/python3.6/site-packages/airflow/example_dags/example_complex.py
[2021-09-26 11:56:35,431] {logging_mixin.py:109} INFO - [2021-09-26 11:56:35,431] {dag.py:1834} INFO - Sync 1 DAGs
[2021-09-26 11:56:35,445] {logging_mixin.py:109} INFO - [2021-09-26 11:56:35,445] {dag.py:2287} INFO - Setting next_dagrun for example_complex to None
[2021-09-26 11:56:35,456] {processor.py:170} INFO - Processing /home/airflow/.local/lib/python3.6/site-packages/airflow/example_dags/example_complex.py took 0.084 seconds
[2021-09-26 11:57:05,748] {processor.py:162} INFO - Started process (PID=5273) to work on /home/airflow/.local/lib/python3.6/site-packages/airflow/example_dags/example_complex.py
[2021-09-26 11:57:05,751] {processor.py:613} INFO - Processing file /home/airflow/.local/lib/python3.6/site-packages/airflow/example_dags/example_complex.py for tasks to queue
[2021-09-26 11:57:05,752] {logging_mixin.py:109} INFO - [2021-09-26 11:57:05,752] {dagbag.py:496} INFO - Filling up the DagBag from /home/airflow/.local/lib/python3.6/site-packages/airflow/example_dags/example_complex.py
[2021-09-26 11:57:05,776] {processor.py:623} INFO - DAG(s) dict_keys(['example_complex']) retrieved from /home/airflow/.local/lib/python3.6/site-packages/airflow/example_dags/example_complex.py
[2021-09-26 11:57:05,804] {logging_mixin.py:109} INFO - [2021-09-26 11:57:05,804] {dag.py:1834} INFO - Sync 1 DAGs
[2021-09-26 11:57:05,817] {logging_mixin.py:109} INFO - [2021-09-26 11:57:05,817] {dag.py:2287} INFO - Setting next_dagrun for example_complex to None
[2021-09-26 11:57:05,828] {processor.py:170} INFO - Processing /home/airflow/.local/lib/python3.6/site-packages/airflow/example_dags/example_complex.py took 0.084 seconds
[2021-09-26 11:57:36,158] {processor.py:162} INFO - Started process (PID=5340) to work on /home/airflow/.local/lib/python3.6/site-packages/airflow/example_dags/example_complex.py
[2021-09-26 11:57:36,160] {processor.py:613} INFO - Processing file /home/airflow/.local/lib/python3.6/site-packages/airflow/example_dags/example_complex.py for tasks to queue
[2021-09-26 11:57:36,161] {logging_mixin.py:109} INFO - [2021-09-26 11:57:36,161] {dagbag.py:496} INFO - Filling up the DagBag from /home/airflow/.local/lib/python3.6/site-packages/airflow/example_dags/example_complex.py
[2021-09-26 11:57:36,187] {processor.py:623} INFO - DAG(s) dict_keys(['example_complex']) retrieved from /home/airflow/.local/lib/python3.6/site-packages/airflow/example_dags/example_complex.py
[2021-09-26 11:57:36,219] {logging_mixin.py:109} INFO - [2021-09-26 11:57:36,219] {dag.py:1834} INFO - Sync 1 DAGs
[2021-09-26 11:57:36,238] {logging_mixin.py:109} INFO - [2021-09-26 11:57:36,238] {dag.py:2287} INFO - Setting next_dagrun for example_complex to None
[2021-09-26 11:57:36,252] {processor.py:170} INFO - Processing /home/airflow/.local/lib/python3.6/site-packages/airflow/example_dags/example_complex.py took 0.099 seconds
[2021-09-26 11:58:06,488] {processor.py:162} INFO - Started process (PID=5399) to work on /home/airflow/.local/lib/python3.6/site-packages/airflow/example_dags/example_complex.py
[2021-09-26 11:58:06,492] {processor.py:613} INFO - Processing file /home/airflow/.local/lib/python3.6/site-packages/airflow/example_dags/example_complex.py for tasks to queue
[2021-09-26 11:58:06,496] {logging_mixin.py:109} INFO - [2021-09-26 11:58:06,496] {dagbag.py:496} INFO - Filling up the DagBag from /home/airflow/.local/lib/python3.6/site-packages/airflow/example_dags/example_complex.py
[2021-09-26 11:58:06,525] {processor.py:623} INFO - DAG(s) dict_keys(['example_complex']) retrieved from /home/airflow/.local/lib/python3.6/site-packages/airflow/example_dags/example_complex.py
[2021-09-26 11:58:06,571] {logging_mixin.py:109} INFO - [2021-09-26 11:58:06,571] {dag.py:1834} INFO - Sync 1 DAGs
[2021-09-26 11:58:06,597] {logging_mixin.py:109} INFO - [2021-09-26 11:58:06,596] {dag.py:2287} INFO - Setting next_dagrun for example_complex to None
[2021-09-26 11:58:06,610] {processor.py:170} INFO - Processing /home/airflow/.local/lib/python3.6/site-packages/airflow/example_dags/example_complex.py took 0.128 seconds
[2021-09-26 11:58:36,998] {processor.py:162} INFO - Started process (PID=5468) to work on /home/airflow/.local/lib/python3.6/site-packages/airflow/example_dags/example_complex.py
[2021-09-26 11:58:37,000] {processor.py:613} INFO - Processing file /home/airflow/.local/lib/python3.6/site-packages/airflow/example_dags/example_complex.py for tasks to queue
[2021-09-26 11:58:37,002] {logging_mixin.py:109} INFO - [2021-09-26 11:58:37,002] {dagbag.py:496} INFO - Filling up the DagBag from /home/airflow/.local/lib/python3.6/site-packages/airflow/example_dags/example_complex.py
[2021-09-26 11:58:37,027] {processor.py:623} INFO - DAG(s) dict_keys(['example_complex']) retrieved from /home/airflow/.local/lib/python3.6/site-packages/airflow/example_dags/example_complex.py
[2021-09-26 11:58:37,063] {logging_mixin.py:109} INFO - [2021-09-26 11:58:37,063] {dag.py:1834} INFO - Sync 1 DAGs
[2021-09-26 11:58:37,082] {logging_mixin.py:109} INFO - [2021-09-26 11:58:37,082] {dag.py:2287} INFO - Setting next_dagrun for example_complex to None
[2021-09-26 11:58:37,099] {processor.py:170} INFO - Processing /home/airflow/.local/lib/python3.6/site-packages/airflow/example_dags/example_complex.py took 0.105 seconds
[2021-09-26 11:59:07,612] {processor.py:162} INFO - Started process (PID=5537) to work on /home/airflow/.local/lib/python3.6/site-packages/airflow/example_dags/example_complex.py
[2021-09-26 11:59:07,614] {processor.py:613} INFO - Processing file /home/airflow/.local/lib/python3.6/site-packages/airflow/example_dags/example_complex.py for tasks to queue
[2021-09-26 11:59:07,617] {logging_mixin.py:109} INFO - [2021-09-26 11:59:07,617] {dagbag.py:496} INFO - Filling up the DagBag from /home/airflow/.local/lib/python3.6/site-packages/airflow/example_dags/example_complex.py
[2021-09-26 11:59:07,656] {processor.py:623} INFO - DAG(s) dict_keys(['example_complex']) retrieved from /home/airflow/.local/lib/python3.6/site-packages/airflow/example_dags/example_complex.py
[2021-09-26 11:59:07,700] {logging_mixin.py:109} INFO - [2021-09-26 11:59:07,700] {dag.py:1834} INFO - Sync 1 DAGs
[2021-09-26 11:59:07,715] {logging_mixin.py:109} INFO - [2021-09-26 11:59:07,715] {dag.py:2287} INFO - Setting next_dagrun for example_complex to None
[2021-09-26 11:59:07,728] {processor.py:170} INFO - Processing /home/airflow/.local/lib/python3.6/site-packages/airflow/example_dags/example_complex.py took 0.120 seconds
[2021-09-26 11:59:37,923] {processor.py:162} INFO - Started process (PID=5593) to work on /home/airflow/.local/lib/python3.6/site-packages/airflow/example_dags/example_complex.py
[2021-09-26 11:59:37,925] {processor.py:613} INFO - Processing file /home/airflow/.local/lib/python3.6/site-packages/airflow/example_dags/example_complex.py for tasks to queue
[2021-09-26 11:59:37,927] {logging_mixin.py:109} INFO - [2021-09-26 11:59:37,926] {dagbag.py:496} INFO - Filling up the DagBag from /home/airflow/.local/lib/python3.6/site-packages/airflow/example_dags/example_complex.py
[2021-09-26 11:59:37,948] {processor.py:623} INFO - DAG(s) dict_keys(['example_complex']) retrieved from /home/airflow/.local/lib/python3.6/site-packages/airflow/example_dags/example_complex.py
[2021-09-26 11:59:37,980] {logging_mixin.py:109} INFO - [2021-09-26 11:59:37,980] {dag.py:1834} INFO - Sync 1 DAGs
[2021-09-26 11:59:37,995] {logging_mixin.py:109} INFO - [2021-09-26 11:59:37,995] {dag.py:2287} INFO - Setting next_dagrun for example_complex to None
[2021-09-26 11:59:38,007] {processor.py:170} INFO - Processing /home/airflow/.local/lib/python3.6/site-packages/airflow/example_dags/example_complex.py took 0.088 seconds
[2021-09-26 12:00:08,635] {processor.py:162} INFO - Started process (PID=5662) to work on /home/airflow/.local/lib/python3.6/site-packages/airflow/example_dags/example_complex.py
[2021-09-26 12:00:08,637] {processor.py:613} INFO - Processing file /home/airflow/.local/lib/python3.6/site-packages/airflow/example_dags/example_complex.py for tasks to queue
[2021-09-26 12:00:08,638] {logging_mixin.py:109} INFO - [2021-09-26 12:00:08,638] {dagbag.py:496} INFO - Filling up the DagBag from /home/airflow/.local/lib/python3.6/site-packages/airflow/example_dags/example_complex.py
[2021-09-26 12:00:08,663] {processor.py:623} INFO - DAG(s) dict_keys(['example_complex']) retrieved from /home/airflow/.local/lib/python3.6/site-packages/airflow/example_dags/example_complex.py
[2021-09-26 12:00:08,699] {logging_mixin.py:109} INFO - [2021-09-26 12:00:08,698] {dag.py:1834} INFO - Sync 1 DAGs
[2021-09-26 12:00:08,729] {logging_mixin.py:109} INFO - [2021-09-26 12:00:08,729] {dag.py:2287} INFO - Setting next_dagrun for example_complex to None
[2021-09-26 12:00:08,743] {processor.py:170} INFO - Processing /home/airflow/.local/lib/python3.6/site-packages/airflow/example_dags/example_complex.py took 0.113 seconds
[2021-09-26 12:00:38,979] {processor.py:162} INFO - Started process (PID=5720) to work on /home/airflow/.local/lib/python3.6/site-packages/airflow/example_dags/example_complex.py
[2021-09-26 12:00:38,981] {processor.py:613} INFO - Processing file /home/airflow/.local/lib/python3.6/site-packages/airflow/example_dags/example_complex.py for tasks to queue
[2021-09-26 12:00:38,983] {logging_mixin.py:109} INFO - [2021-09-26 12:00:38,983] {dagbag.py:496} INFO - Filling up the DagBag from /home/airflow/.local/lib/python3.6/site-packages/airflow/example_dags/example_complex.py
[2021-09-26 12:00:39,006] {processor.py:623} INFO - DAG(s) dict_keys(['example_complex']) retrieved from /home/airflow/.local/lib/python3.6/site-packages/airflow/example_dags/example_complex.py
[2021-09-26 12:00:39,041] {logging_mixin.py:109} INFO - [2021-09-26 12:00:39,040] {dag.py:1834} INFO - Sync 1 DAGs
[2021-09-26 12:00:39,068] {logging_mixin.py:109} INFO - [2021-09-26 12:00:39,067] {dag.py:2287} INFO - Setting next_dagrun for example_complex to None
[2021-09-26 12:00:39,079] {processor.py:170} INFO - Processing /home/airflow/.local/lib/python3.6/site-packages/airflow/example_dags/example_complex.py took 0.104 seconds
[2021-09-26 12:01:09,113] {processor.py:162} INFO - Started process (PID=5785) to work on /home/airflow/.local/lib/python3.6/site-packages/airflow/example_dags/example_complex.py
[2021-09-26 12:01:09,115] {processor.py:613} INFO - Processing file /home/airflow/.local/lib/python3.6/site-packages/airflow/example_dags/example_complex.py for tasks to queue
[2021-09-26 12:01:09,116] {logging_mixin.py:109} INFO - [2021-09-26 12:01:09,116] {dagbag.py:496} INFO - Filling up the DagBag from /home/airflow/.local/lib/python3.6/site-packages/airflow/example_dags/example_complex.py
[2021-09-26 12:01:09,139] {processor.py:623} INFO - DAG(s) dict_keys(['example_complex']) retrieved from /home/airflow/.local/lib/python3.6/site-packages/airflow/example_dags/example_complex.py
[2021-09-26 12:01:09,169] {logging_mixin.py:109} INFO - [2021-09-26 12:01:09,169] {dag.py:1834} INFO - Sync 1 DAGs
[2021-09-26 12:01:09,184] {logging_mixin.py:109} INFO - [2021-09-26 12:01:09,184] {dag.py:2287} INFO - Setting next_dagrun for example_complex to None
[2021-09-26 12:01:09,197] {processor.py:170} INFO - Processing /home/airflow/.local/lib/python3.6/site-packages/airflow/example_dags/example_complex.py took 0.088 seconds
[2021-09-26 12:01:39,656] {processor.py:162} INFO - Started process (PID=5853) to work on /home/airflow/.local/lib/python3.6/site-packages/airflow/example_dags/example_complex.py
[2021-09-26 12:01:39,659] {processor.py:613} INFO - Processing file /home/airflow/.local/lib/python3.6/site-packages/airflow/example_dags/example_complex.py for tasks to queue
[2021-09-26 12:01:39,662] {logging_mixin.py:109} INFO - [2021-09-26 12:01:39,662] {dagbag.py:496} INFO - Filling up the DagBag from /home/airflow/.local/lib/python3.6/site-packages/airflow/example_dags/example_complex.py
[2021-09-26 12:01:39,703] {processor.py:623} INFO - DAG(s) dict_keys(['example_complex']) retrieved from /home/airflow/.local/lib/python3.6/site-packages/airflow/example_dags/example_complex.py
[2021-09-26 12:01:39,743] {logging_mixin.py:109} INFO - [2021-09-26 12:01:39,743] {dag.py:1834} INFO - Sync 1 DAGs
[2021-09-26 12:01:39,763] {logging_mixin.py:109} INFO - [2021-09-26 12:01:39,763] {dag.py:2287} INFO - Setting next_dagrun for example_complex to None
[2021-09-26 12:01:39,779] {processor.py:170} INFO - Processing /home/airflow/.local/lib/python3.6/site-packages/airflow/example_dags/example_complex.py took 0.128 seconds
[2021-09-26 12:02:10,702] {processor.py:162} INFO - Started process (PID=5911) to work on /home/airflow/.local/lib/python3.6/site-packages/airflow/example_dags/example_complex.py
[2021-09-26 12:02:10,707] {processor.py:613} INFO - Processing file /home/airflow/.local/lib/python3.6/site-packages/airflow/example_dags/example_complex.py for tasks to queue
[2021-09-26 12:02:10,710] {logging_mixin.py:109} INFO - [2021-09-26 12:02:10,710] {dagbag.py:496} INFO - Filling up the DagBag from /home/airflow/.local/lib/python3.6/site-packages/airflow/example_dags/example_complex.py
[2021-09-26 12:02:10,757] {processor.py:623} INFO - DAG(s) dict_keys(['example_complex']) retrieved from /home/airflow/.local/lib/python3.6/site-packages/airflow/example_dags/example_complex.py
[2021-09-26 12:02:10,847] {logging_mixin.py:109} INFO - [2021-09-26 12:02:10,847] {dag.py:1834} INFO - Sync 1 DAGs
[2021-09-26 12:02:10,873] {logging_mixin.py:109} INFO - [2021-09-26 12:02:10,873] {dag.py:2287} INFO - Setting next_dagrun for example_complex to None
[2021-09-26 12:02:10,891] {processor.py:170} INFO - Processing /home/airflow/.local/lib/python3.6/site-packages/airflow/example_dags/example_complex.py took 0.196 seconds
[2021-09-26 12:02:41,568] {processor.py:162} INFO - Started process (PID=5977) to work on /home/airflow/.local/lib/python3.6/site-packages/airflow/example_dags/example_complex.py
[2021-09-26 12:02:41,571] {processor.py:613} INFO - Processing file /home/airflow/.local/lib/python3.6/site-packages/airflow/example_dags/example_complex.py for tasks to queue
[2021-09-26 12:02:41,572] {logging_mixin.py:109} INFO - [2021-09-26 12:02:41,572] {dagbag.py:496} INFO - Filling up the DagBag from /home/airflow/.local/lib/python3.6/site-packages/airflow/example_dags/example_complex.py
[2021-09-26 12:02:41,604] {processor.py:623} INFO - DAG(s) dict_keys(['example_complex']) retrieved from /home/airflow/.local/lib/python3.6/site-packages/airflow/example_dags/example_complex.py
[2021-09-26 12:02:41,645] {logging_mixin.py:109} INFO - [2021-09-26 12:02:41,645] {dag.py:1834} INFO - Sync 1 DAGs
[2021-09-26 12:02:41,666] {logging_mixin.py:109} INFO - [2021-09-26 12:02:41,666] {dag.py:2287} INFO - Setting next_dagrun for example_complex to None
[2021-09-26 12:02:41,694] {processor.py:170} INFO - Processing /home/airflow/.local/lib/python3.6/site-packages/airflow/example_dags/example_complex.py took 0.130 seconds
[2021-09-26 12:03:12,102] {processor.py:162} INFO - Started process (PID=6035) to work on /home/airflow/.local/lib/python3.6/site-packages/airflow/example_dags/example_complex.py
[2021-09-26 12:03:12,104] {processor.py:613} INFO - Processing file /home/airflow/.local/lib/python3.6/site-packages/airflow/example_dags/example_complex.py for tasks to queue
[2021-09-26 12:03:12,106] {logging_mixin.py:109} INFO - [2021-09-26 12:03:12,106] {dagbag.py:496} INFO - Filling up the DagBag from /home/airflow/.local/lib/python3.6/site-packages/airflow/example_dags/example_complex.py
[2021-09-26 12:03:12,128] {processor.py:623} INFO - DAG(s) dict_keys(['example_complex']) retrieved from /home/airflow/.local/lib/python3.6/site-packages/airflow/example_dags/example_complex.py
[2021-09-26 12:03:12,158] {logging_mixin.py:109} INFO - [2021-09-26 12:03:12,158] {dag.py:1834} INFO - Sync 1 DAGs
[2021-09-26 12:03:12,186] {logging_mixin.py:109} INFO - [2021-09-26 12:03:12,186] {dag.py:2287} INFO - Setting next_dagrun for example_complex to None
[2021-09-26 12:03:12,200] {processor.py:170} INFO - Processing /home/airflow/.local/lib/python3.6/site-packages/airflow/example_dags/example_complex.py took 0.105 seconds
[2021-09-26 12:03:42,450] {processor.py:162} INFO - Started process (PID=6104) to work on /home/airflow/.local/lib/python3.6/site-packages/airflow/example_dags/example_complex.py
[2021-09-26 12:03:42,453] {processor.py:613} INFO - Processing file /home/airflow/.local/lib/python3.6/site-packages/airflow/example_dags/example_complex.py for tasks to queue
[2021-09-26 12:03:42,454] {logging_mixin.py:109} INFO - [2021-09-26 12:03:42,454] {dagbag.py:496} INFO - Filling up the DagBag from /home/airflow/.local/lib/python3.6/site-packages/airflow/example_dags/example_complex.py
[2021-09-26 12:03:42,486] {processor.py:623} INFO - DAG(s) dict_keys(['example_complex']) retrieved from /home/airflow/.local/lib/python3.6/site-packages/airflow/example_dags/example_complex.py
[2021-09-26 12:03:42,556] {logging_mixin.py:109} INFO - [2021-09-26 12:03:42,556] {dag.py:1834} INFO - Sync 1 DAGs
[2021-09-26 12:03:42,588] {logging_mixin.py:109} INFO - [2021-09-26 12:03:42,588] {dag.py:2287} INFO - Setting next_dagrun for example_complex to None
[2021-09-26 12:03:42,604] {processor.py:170} INFO - Processing /home/airflow/.local/lib/python3.6/site-packages/airflow/example_dags/example_complex.py took 0.159 seconds
[2021-09-26 12:04:13,146] {processor.py:162} INFO - Started process (PID=6173) to work on /home/airflow/.local/lib/python3.6/site-packages/airflow/example_dags/example_complex.py
[2021-09-26 12:04:13,149] {processor.py:613} INFO - Processing file /home/airflow/.local/lib/python3.6/site-packages/airflow/example_dags/example_complex.py for tasks to queue
[2021-09-26 12:04:13,150] {logging_mixin.py:109} INFO - [2021-09-26 12:04:13,150] {dagbag.py:496} INFO - Filling up the DagBag from /home/airflow/.local/lib/python3.6/site-packages/airflow/example_dags/example_complex.py
[2021-09-26 12:04:13,182] {processor.py:623} INFO - DAG(s) dict_keys(['example_complex']) retrieved from /home/airflow/.local/lib/python3.6/site-packages/airflow/example_dags/example_complex.py
[2021-09-26 12:04:13,220] {logging_mixin.py:109} INFO - [2021-09-26 12:04:13,220] {dag.py:1834} INFO - Sync 1 DAGs
[2021-09-26 12:04:13,237] {logging_mixin.py:109} INFO - [2021-09-26 12:04:13,237] {dag.py:2287} INFO - Setting next_dagrun for example_complex to None
[2021-09-26 12:04:13,253] {processor.py:170} INFO - Processing /home/airflow/.local/lib/python3.6/site-packages/airflow/example_dags/example_complex.py took 0.111 seconds
[2021-09-26 12:04:43,544] {processor.py:162} INFO - Started process (PID=6230) to work on /home/airflow/.local/lib/python3.6/site-packages/airflow/example_dags/example_complex.py
[2021-09-26 12:04:43,547] {processor.py:613} INFO - Processing file /home/airflow/.local/lib/python3.6/site-packages/airflow/example_dags/example_complex.py for tasks to queue
[2021-09-26 12:04:43,548] {logging_mixin.py:109} INFO - [2021-09-26 12:04:43,548] {dagbag.py:496} INFO - Filling up the DagBag from /home/airflow/.local/lib/python3.6/site-packages/airflow/example_dags/example_complex.py
[2021-09-26 12:04:43,570] {processor.py:623} INFO - DAG(s) dict_keys(['example_complex']) retrieved from /home/airflow/.local/lib/python3.6/site-packages/airflow/example_dags/example_complex.py
[2021-09-26 12:04:43,601] {logging_mixin.py:109} INFO - [2021-09-26 12:04:43,601] {dag.py:1834} INFO - Sync 1 DAGs
[2021-09-26 12:04:43,618] {logging_mixin.py:109} INFO - [2021-09-26 12:04:43,618] {dag.py:2287} INFO - Setting next_dagrun for example_complex to None
[2021-09-26 12:04:43,630] {processor.py:170} INFO - Processing /home/airflow/.local/lib/python3.6/site-packages/airflow/example_dags/example_complex.py took 0.090 seconds
[2021-09-26 12:05:13,793] {processor.py:162} INFO - Started process (PID=6300) to work on /home/airflow/.local/lib/python3.6/site-packages/airflow/example_dags/example_complex.py
[2021-09-26 12:05:13,795] {processor.py:613} INFO - Processing file /home/airflow/.local/lib/python3.6/site-packages/airflow/example_dags/example_complex.py for tasks to queue
[2021-09-26 12:05:13,797] {logging_mixin.py:109} INFO - [2021-09-26 12:05:13,797] {dagbag.py:496} INFO - Filling up the DagBag from /home/airflow/.local/lib/python3.6/site-packages/airflow/example_dags/example_complex.py
[2021-09-26 12:05:13,821] {processor.py:623} INFO - DAG(s) dict_keys(['example_complex']) retrieved from /home/airflow/.local/lib/python3.6/site-packages/airflow/example_dags/example_complex.py
[2021-09-26 12:05:13,854] {logging_mixin.py:109} INFO - [2021-09-26 12:05:13,854] {dag.py:1834} INFO - Sync 1 DAGs
[2021-09-26 12:05:13,871] {logging_mixin.py:109} INFO - [2021-09-26 12:05:13,871] {dag.py:2287} INFO - Setting next_dagrun for example_complex to None
[2021-09-26 12:05:13,887] {processor.py:170} INFO - Processing /home/airflow/.local/lib/python3.6/site-packages/airflow/example_dags/example_complex.py took 0.098 seconds
[2021-09-26 12:05:44,140] {processor.py:162} INFO - Started process (PID=6358) to work on /home/airflow/.local/lib/python3.6/site-packages/airflow/example_dags/example_complex.py
[2021-09-26 12:05:44,142] {processor.py:613} INFO - Processing file /home/airflow/.local/lib/python3.6/site-packages/airflow/example_dags/example_complex.py for tasks to queue
[2021-09-26 12:05:44,143] {logging_mixin.py:109} INFO - [2021-09-26 12:05:44,143] {dagbag.py:496} INFO - Filling up the DagBag from /home/airflow/.local/lib/python3.6/site-packages/airflow/example_dags/example_complex.py
[2021-09-26 12:05:44,171] {processor.py:623} INFO - DAG(s) dict_keys(['example_complex']) retrieved from /home/airflow/.local/lib/python3.6/site-packages/airflow/example_dags/example_complex.py
[2021-09-26 12:05:44,206] {logging_mixin.py:109} INFO - [2021-09-26 12:05:44,205] {dag.py:1834} INFO - Sync 1 DAGs
[2021-09-26 12:05:44,222] {logging_mixin.py:109} INFO - [2021-09-26 12:05:44,222] {dag.py:2287} INFO - Setting next_dagrun for example_complex to None
[2021-09-26 12:05:44,235] {processor.py:170} INFO - Processing /home/airflow/.local/lib/python3.6/site-packages/airflow/example_dags/example_complex.py took 0.100 seconds
