[2021-09-26 11:47:02,351] {processor.py:162} INFO - Started process (PID=4022) to work on /home/airflow/.local/lib/python3.6/site-packages/airflow/example_dags/example_branch_day_of_week_operator.py
[2021-09-26 11:47:02,359] {processor.py:613} INFO - Processing file /home/airflow/.local/lib/python3.6/site-packages/airflow/example_dags/example_branch_day_of_week_operator.py for tasks to queue
[2021-09-26 11:47:02,367] {logging_mixin.py:109} INFO - [2021-09-26 11:47:02,365] {dagbag.py:496} INFO - Filling up the DagBag from /home/airflow/.local/lib/python3.6/site-packages/airflow/example_dags/example_branch_day_of_week_operator.py
[2021-09-26 11:47:02,400] {processor.py:623} INFO - DAG(s) dict_keys(['example_weekday_branch_operator']) retrieved from /home/airflow/.local/lib/python3.6/site-packages/airflow/example_dags/example_branch_day_of_week_operator.py
[2021-09-26 11:47:02,465] {logging_mixin.py:109} INFO - [2021-09-26 11:47:02,464] {dag.py:1834} INFO - Sync 1 DAGs
[2021-09-26 11:47:02,514] {logging_mixin.py:109} INFO - [2021-09-26 11:47:02,513] {dag.py:2287} INFO - Setting next_dagrun for example_weekday_branch_operator to 2021-09-24 00:00:00+00:00
[2021-09-26 11:47:02,534] {processor.py:170} INFO - Processing /home/airflow/.local/lib/python3.6/site-packages/airflow/example_dags/example_branch_day_of_week_operator.py took 0.190 seconds
[2021-09-26 11:47:32,818] {processor.py:162} INFO - Started process (PID=4086) to work on /home/airflow/.local/lib/python3.6/site-packages/airflow/example_dags/example_branch_day_of_week_operator.py
[2021-09-26 11:47:32,822] {processor.py:613} INFO - Processing file /home/airflow/.local/lib/python3.6/site-packages/airflow/example_dags/example_branch_day_of_week_operator.py for tasks to queue
[2021-09-26 11:47:32,825] {logging_mixin.py:109} INFO - [2021-09-26 11:47:32,824] {dagbag.py:496} INFO - Filling up the DagBag from /home/airflow/.local/lib/python3.6/site-packages/airflow/example_dags/example_branch_day_of_week_operator.py
[2021-09-26 11:47:32,848] {processor.py:623} INFO - DAG(s) dict_keys(['example_weekday_branch_operator']) retrieved from /home/airflow/.local/lib/python3.6/site-packages/airflow/example_dags/example_branch_day_of_week_operator.py
[2021-09-26 11:47:32,914] {logging_mixin.py:109} INFO - [2021-09-26 11:47:32,914] {dag.py:1834} INFO - Sync 1 DAGs
[2021-09-26 11:47:32,963] {logging_mixin.py:109} INFO - [2021-09-26 11:47:32,963] {dag.py:2287} INFO - Setting next_dagrun for example_weekday_branch_operator to 2021-09-24 00:00:00+00:00
[2021-09-26 11:47:33,012] {processor.py:170} INFO - Processing /home/airflow/.local/lib/python3.6/site-packages/airflow/example_dags/example_branch_day_of_week_operator.py took 0.199 seconds
[2021-09-26 11:48:03,971] {processor.py:162} INFO - Started process (PID=4145) to work on /home/airflow/.local/lib/python3.6/site-packages/airflow/example_dags/example_branch_day_of_week_operator.py
[2021-09-26 11:48:03,974] {processor.py:613} INFO - Processing file /home/airflow/.local/lib/python3.6/site-packages/airflow/example_dags/example_branch_day_of_week_operator.py for tasks to queue
[2021-09-26 11:48:03,976] {logging_mixin.py:109} INFO - [2021-09-26 11:48:03,976] {dagbag.py:496} INFO - Filling up the DagBag from /home/airflow/.local/lib/python3.6/site-packages/airflow/example_dags/example_branch_day_of_week_operator.py
[2021-09-26 11:48:03,993] {processor.py:623} INFO - DAG(s) dict_keys(['example_weekday_branch_operator']) retrieved from /home/airflow/.local/lib/python3.6/site-packages/airflow/example_dags/example_branch_day_of_week_operator.py
[2021-09-26 11:48:04,026] {logging_mixin.py:109} INFO - [2021-09-26 11:48:04,025] {dag.py:1834} INFO - Sync 1 DAGs
[2021-09-26 11:48:04,054] {logging_mixin.py:109} INFO - [2021-09-26 11:48:04,054] {dag.py:2287} INFO - Setting next_dagrun for example_weekday_branch_operator to 2021-09-24 00:00:00+00:00
[2021-09-26 11:48:04,069] {processor.py:170} INFO - Processing /home/airflow/.local/lib/python3.6/site-packages/airflow/example_dags/example_branch_day_of_week_operator.py took 0.103 seconds
[2021-09-26 11:48:34,200] {processor.py:162} INFO - Started process (PID=4204) to work on /home/airflow/.local/lib/python3.6/site-packages/airflow/example_dags/example_branch_day_of_week_operator.py
[2021-09-26 11:48:34,204] {processor.py:613} INFO - Processing file /home/airflow/.local/lib/python3.6/site-packages/airflow/example_dags/example_branch_day_of_week_operator.py for tasks to queue
[2021-09-26 11:48:34,206] {logging_mixin.py:109} INFO - [2021-09-26 11:48:34,206] {dagbag.py:496} INFO - Filling up the DagBag from /home/airflow/.local/lib/python3.6/site-packages/airflow/example_dags/example_branch_day_of_week_operator.py
[2021-09-26 11:48:34,222] {processor.py:623} INFO - DAG(s) dict_keys(['example_weekday_branch_operator']) retrieved from /home/airflow/.local/lib/python3.6/site-packages/airflow/example_dags/example_branch_day_of_week_operator.py
[2021-09-26 11:48:34,251] {logging_mixin.py:109} INFO - [2021-09-26 11:48:34,251] {dag.py:1834} INFO - Sync 1 DAGs
[2021-09-26 11:48:34,274] {logging_mixin.py:109} INFO - [2021-09-26 11:48:34,273] {dag.py:2287} INFO - Setting next_dagrun for example_weekday_branch_operator to 2021-09-24 00:00:00+00:00
[2021-09-26 11:48:34,287] {processor.py:170} INFO - Processing /home/airflow/.local/lib/python3.6/site-packages/airflow/example_dags/example_branch_day_of_week_operator.py took 0.090 seconds
[2021-09-26 11:49:04,391] {processor.py:162} INFO - Started process (PID=4271) to work on /home/airflow/.local/lib/python3.6/site-packages/airflow/example_dags/example_branch_day_of_week_operator.py
[2021-09-26 11:49:04,394] {processor.py:613} INFO - Processing file /home/airflow/.local/lib/python3.6/site-packages/airflow/example_dags/example_branch_day_of_week_operator.py for tasks to queue
[2021-09-26 11:49:04,396] {logging_mixin.py:109} INFO - [2021-09-26 11:49:04,396] {dagbag.py:496} INFO - Filling up the DagBag from /home/airflow/.local/lib/python3.6/site-packages/airflow/example_dags/example_branch_day_of_week_operator.py
[2021-09-26 11:49:04,414] {processor.py:623} INFO - DAG(s) dict_keys(['example_weekday_branch_operator']) retrieved from /home/airflow/.local/lib/python3.6/site-packages/airflow/example_dags/example_branch_day_of_week_operator.py
[2021-09-26 11:49:04,445] {logging_mixin.py:109} INFO - [2021-09-26 11:49:04,445] {dag.py:1834} INFO - Sync 1 DAGs
[2021-09-26 11:49:04,467] {logging_mixin.py:109} INFO - [2021-09-26 11:49:04,467] {dag.py:2287} INFO - Setting next_dagrun for example_weekday_branch_operator to 2021-09-24 00:00:00+00:00
[2021-09-26 11:49:04,480] {processor.py:170} INFO - Processing /home/airflow/.local/lib/python3.6/site-packages/airflow/example_dags/example_branch_day_of_week_operator.py took 0.096 seconds
[2021-09-26 11:49:35,039] {processor.py:162} INFO - Started process (PID=4340) to work on /home/airflow/.local/lib/python3.6/site-packages/airflow/example_dags/example_branch_day_of_week_operator.py
[2021-09-26 11:49:35,041] {processor.py:613} INFO - Processing file /home/airflow/.local/lib/python3.6/site-packages/airflow/example_dags/example_branch_day_of_week_operator.py for tasks to queue
[2021-09-26 11:49:35,043] {logging_mixin.py:109} INFO - [2021-09-26 11:49:35,043] {dagbag.py:496} INFO - Filling up the DagBag from /home/airflow/.local/lib/python3.6/site-packages/airflow/example_dags/example_branch_day_of_week_operator.py
[2021-09-26 11:49:35,058] {processor.py:623} INFO - DAG(s) dict_keys(['example_weekday_branch_operator']) retrieved from /home/airflow/.local/lib/python3.6/site-packages/airflow/example_dags/example_branch_day_of_week_operator.py
[2021-09-26 11:49:35,088] {logging_mixin.py:109} INFO - [2021-09-26 11:49:35,088] {dag.py:1834} INFO - Sync 1 DAGs
[2021-09-26 11:49:35,108] {logging_mixin.py:109} INFO - [2021-09-26 11:49:35,108] {dag.py:2287} INFO - Setting next_dagrun for example_weekday_branch_operator to 2021-09-24 00:00:00+00:00
[2021-09-26 11:49:35,121] {processor.py:170} INFO - Processing /home/airflow/.local/lib/python3.6/site-packages/airflow/example_dags/example_branch_day_of_week_operator.py took 0.087 seconds
[2021-09-26 11:50:05,928] {processor.py:162} INFO - Started process (PID=4400) to work on /home/airflow/.local/lib/python3.6/site-packages/airflow/example_dags/example_branch_day_of_week_operator.py
[2021-09-26 11:50:05,938] {processor.py:613} INFO - Processing file /home/airflow/.local/lib/python3.6/site-packages/airflow/example_dags/example_branch_day_of_week_operator.py for tasks to queue
[2021-09-26 11:50:05,940] {logging_mixin.py:109} INFO - [2021-09-26 11:50:05,940] {dagbag.py:496} INFO - Filling up the DagBag from /home/airflow/.local/lib/python3.6/site-packages/airflow/example_dags/example_branch_day_of_week_operator.py
[2021-09-26 11:50:05,963] {processor.py:623} INFO - DAG(s) dict_keys(['example_weekday_branch_operator']) retrieved from /home/airflow/.local/lib/python3.6/site-packages/airflow/example_dags/example_branch_day_of_week_operator.py
[2021-09-26 11:50:06,001] {logging_mixin.py:109} INFO - [2021-09-26 11:50:06,001] {dag.py:1834} INFO - Sync 1 DAGs
[2021-09-26 11:50:06,043] {logging_mixin.py:109} INFO - [2021-09-26 11:50:06,043] {dag.py:2287} INFO - Setting next_dagrun for example_weekday_branch_operator to 2021-09-24 00:00:00+00:00
[2021-09-26 11:50:06,056] {processor.py:170} INFO - Processing /home/airflow/.local/lib/python3.6/site-packages/airflow/example_dags/example_branch_day_of_week_operator.py took 0.134 seconds
[2021-09-26 11:50:36,672] {processor.py:162} INFO - Started process (PID=4467) to work on /home/airflow/.local/lib/python3.6/site-packages/airflow/example_dags/example_branch_day_of_week_operator.py
[2021-09-26 11:50:36,674] {processor.py:613} INFO - Processing file /home/airflow/.local/lib/python3.6/site-packages/airflow/example_dags/example_branch_day_of_week_operator.py for tasks to queue
[2021-09-26 11:50:36,676] {logging_mixin.py:109} INFO - [2021-09-26 11:50:36,675] {dagbag.py:496} INFO - Filling up the DagBag from /home/airflow/.local/lib/python3.6/site-packages/airflow/example_dags/example_branch_day_of_week_operator.py
[2021-09-26 11:50:36,690] {processor.py:623} INFO - DAG(s) dict_keys(['example_weekday_branch_operator']) retrieved from /home/airflow/.local/lib/python3.6/site-packages/airflow/example_dags/example_branch_day_of_week_operator.py
[2021-09-26 11:50:36,717] {logging_mixin.py:109} INFO - [2021-09-26 11:50:36,716] {dag.py:1834} INFO - Sync 1 DAGs
[2021-09-26 11:50:36,743] {logging_mixin.py:109} INFO - [2021-09-26 11:50:36,743] {dag.py:2287} INFO - Setting next_dagrun for example_weekday_branch_operator to 2021-09-24 00:00:00+00:00
[2021-09-26 11:50:36,758] {processor.py:170} INFO - Processing /home/airflow/.local/lib/python3.6/site-packages/airflow/example_dags/example_branch_day_of_week_operator.py took 0.092 seconds
[2021-09-26 11:51:07,347] {processor.py:162} INFO - Started process (PID=4526) to work on /home/airflow/.local/lib/python3.6/site-packages/airflow/example_dags/example_branch_day_of_week_operator.py
[2021-09-26 11:51:07,352] {processor.py:613} INFO - Processing file /home/airflow/.local/lib/python3.6/site-packages/airflow/example_dags/example_branch_day_of_week_operator.py for tasks to queue
[2021-09-26 11:51:07,356] {logging_mixin.py:109} INFO - [2021-09-26 11:51:07,355] {dagbag.py:496} INFO - Filling up the DagBag from /home/airflow/.local/lib/python3.6/site-packages/airflow/example_dags/example_branch_day_of_week_operator.py
[2021-09-26 11:51:07,380] {processor.py:623} INFO - DAG(s) dict_keys(['example_weekday_branch_operator']) retrieved from /home/airflow/.local/lib/python3.6/site-packages/airflow/example_dags/example_branch_day_of_week_operator.py
[2021-09-26 11:51:07,413] {logging_mixin.py:109} INFO - [2021-09-26 11:51:07,413] {dag.py:1834} INFO - Sync 1 DAGs
[2021-09-26 11:51:07,437] {logging_mixin.py:109} INFO - [2021-09-26 11:51:07,437] {dag.py:2287} INFO - Setting next_dagrun for example_weekday_branch_operator to 2021-09-24 00:00:00+00:00
[2021-09-26 11:51:07,450] {processor.py:170} INFO - Processing /home/airflow/.local/lib/python3.6/site-packages/airflow/example_dags/example_branch_day_of_week_operator.py took 0.116 seconds
[2021-09-26 11:51:37,744] {processor.py:162} INFO - Started process (PID=4597) to work on /home/airflow/.local/lib/python3.6/site-packages/airflow/example_dags/example_branch_day_of_week_operator.py
[2021-09-26 11:51:37,748] {processor.py:613} INFO - Processing file /home/airflow/.local/lib/python3.6/site-packages/airflow/example_dags/example_branch_day_of_week_operator.py for tasks to queue
[2021-09-26 11:51:37,749] {logging_mixin.py:109} INFO - [2021-09-26 11:51:37,749] {dagbag.py:496} INFO - Filling up the DagBag from /home/airflow/.local/lib/python3.6/site-packages/airflow/example_dags/example_branch_day_of_week_operator.py
[2021-09-26 11:51:37,769] {processor.py:623} INFO - DAG(s) dict_keys(['example_weekday_branch_operator']) retrieved from /home/airflow/.local/lib/python3.6/site-packages/airflow/example_dags/example_branch_day_of_week_operator.py
[2021-09-26 11:51:37,819] {logging_mixin.py:109} INFO - [2021-09-26 11:51:37,818] {dag.py:1834} INFO - Sync 1 DAGs
[2021-09-26 11:51:37,855] {logging_mixin.py:109} INFO - [2021-09-26 11:51:37,855] {dag.py:2287} INFO - Setting next_dagrun for example_weekday_branch_operator to 2021-09-24 00:00:00+00:00
[2021-09-26 11:51:37,881] {processor.py:170} INFO - Processing /home/airflow/.local/lib/python3.6/site-packages/airflow/example_dags/example_branch_day_of_week_operator.py took 0.144 seconds
[2021-09-26 11:52:08,408] {processor.py:162} INFO - Started process (PID=4654) to work on /home/airflow/.local/lib/python3.6/site-packages/airflow/example_dags/example_branch_day_of_week_operator.py
[2021-09-26 11:52:08,412] {processor.py:613} INFO - Processing file /home/airflow/.local/lib/python3.6/site-packages/airflow/example_dags/example_branch_day_of_week_operator.py for tasks to queue
[2021-09-26 11:52:08,414] {logging_mixin.py:109} INFO - [2021-09-26 11:52:08,414] {dagbag.py:496} INFO - Filling up the DagBag from /home/airflow/.local/lib/python3.6/site-packages/airflow/example_dags/example_branch_day_of_week_operator.py
[2021-09-26 11:52:08,430] {processor.py:623} INFO - DAG(s) dict_keys(['example_weekday_branch_operator']) retrieved from /home/airflow/.local/lib/python3.6/site-packages/airflow/example_dags/example_branch_day_of_week_operator.py
[2021-09-26 11:52:08,459] {logging_mixin.py:109} INFO - [2021-09-26 11:52:08,459] {dag.py:1834} INFO - Sync 1 DAGs
[2021-09-26 11:52:08,479] {logging_mixin.py:109} INFO - [2021-09-26 11:52:08,479] {dag.py:2287} INFO - Setting next_dagrun for example_weekday_branch_operator to 2021-09-24 00:00:00+00:00
[2021-09-26 11:52:08,492] {processor.py:170} INFO - Processing /home/airflow/.local/lib/python3.6/site-packages/airflow/example_dags/example_branch_day_of_week_operator.py took 0.090 seconds
[2021-09-26 11:52:38,541] {processor.py:162} INFO - Started process (PID=4722) to work on /home/airflow/.local/lib/python3.6/site-packages/airflow/example_dags/example_branch_day_of_week_operator.py
[2021-09-26 11:52:38,544] {processor.py:613} INFO - Processing file /home/airflow/.local/lib/python3.6/site-packages/airflow/example_dags/example_branch_day_of_week_operator.py for tasks to queue
[2021-09-26 11:52:38,546] {logging_mixin.py:109} INFO - [2021-09-26 11:52:38,546] {dagbag.py:496} INFO - Filling up the DagBag from /home/airflow/.local/lib/python3.6/site-packages/airflow/example_dags/example_branch_day_of_week_operator.py
[2021-09-26 11:52:38,562] {processor.py:623} INFO - DAG(s) dict_keys(['example_weekday_branch_operator']) retrieved from /home/airflow/.local/lib/python3.6/site-packages/airflow/example_dags/example_branch_day_of_week_operator.py
[2021-09-26 11:52:38,587] {logging_mixin.py:109} INFO - [2021-09-26 11:52:38,587] {dag.py:1834} INFO - Sync 1 DAGs
[2021-09-26 11:52:38,606] {logging_mixin.py:109} INFO - [2021-09-26 11:52:38,605] {dag.py:2287} INFO - Setting next_dagrun for example_weekday_branch_operator to 2021-09-24 00:00:00+00:00
[2021-09-26 11:52:38,617] {processor.py:170} INFO - Processing /home/airflow/.local/lib/python3.6/site-packages/airflow/example_dags/example_branch_day_of_week_operator.py took 0.081 seconds
[2021-09-26 11:53:09,168] {processor.py:162} INFO - Started process (PID=4782) to work on /home/airflow/.local/lib/python3.6/site-packages/airflow/example_dags/example_branch_day_of_week_operator.py
[2021-09-26 11:53:09,171] {processor.py:613} INFO - Processing file /home/airflow/.local/lib/python3.6/site-packages/airflow/example_dags/example_branch_day_of_week_operator.py for tasks to queue
[2021-09-26 11:53:09,173] {logging_mixin.py:109} INFO - [2021-09-26 11:53:09,173] {dagbag.py:496} INFO - Filling up the DagBag from /home/airflow/.local/lib/python3.6/site-packages/airflow/example_dags/example_branch_day_of_week_operator.py
[2021-09-26 11:53:09,188] {processor.py:623} INFO - DAG(s) dict_keys(['example_weekday_branch_operator']) retrieved from /home/airflow/.local/lib/python3.6/site-packages/airflow/example_dags/example_branch_day_of_week_operator.py
[2021-09-26 11:53:09,214] {logging_mixin.py:109} INFO - [2021-09-26 11:53:09,213] {dag.py:1834} INFO - Sync 1 DAGs
[2021-09-26 11:53:09,233] {logging_mixin.py:109} INFO - [2021-09-26 11:53:09,233] {dag.py:2287} INFO - Setting next_dagrun for example_weekday_branch_operator to 2021-09-24 00:00:00+00:00
[2021-09-26 11:53:09,247] {processor.py:170} INFO - Processing /home/airflow/.local/lib/python3.6/site-packages/airflow/example_dags/example_branch_day_of_week_operator.py took 0.083 seconds
[2021-09-26 11:53:39,954] {processor.py:162} INFO - Started process (PID=4848) to work on /home/airflow/.local/lib/python3.6/site-packages/airflow/example_dags/example_branch_day_of_week_operator.py
[2021-09-26 11:53:39,960] {processor.py:613} INFO - Processing file /home/airflow/.local/lib/python3.6/site-packages/airflow/example_dags/example_branch_day_of_week_operator.py for tasks to queue
[2021-09-26 11:53:39,962] {logging_mixin.py:109} INFO - [2021-09-26 11:53:39,961] {dagbag.py:496} INFO - Filling up the DagBag from /home/airflow/.local/lib/python3.6/site-packages/airflow/example_dags/example_branch_day_of_week_operator.py
[2021-09-26 11:53:39,976] {processor.py:623} INFO - DAG(s) dict_keys(['example_weekday_branch_operator']) retrieved from /home/airflow/.local/lib/python3.6/site-packages/airflow/example_dags/example_branch_day_of_week_operator.py
[2021-09-26 11:53:40,004] {logging_mixin.py:109} INFO - [2021-09-26 11:53:40,004] {dag.py:1834} INFO - Sync 1 DAGs
[2021-09-26 11:53:40,030] {logging_mixin.py:109} INFO - [2021-09-26 11:53:40,030] {dag.py:2287} INFO - Setting next_dagrun for example_weekday_branch_operator to 2021-09-24 00:00:00+00:00
[2021-09-26 11:53:40,044] {processor.py:170} INFO - Processing /home/airflow/.local/lib/python3.6/site-packages/airflow/example_dags/example_branch_day_of_week_operator.py took 0.096 seconds
[2021-09-26 11:54:10,286] {processor.py:162} INFO - Started process (PID=4916) to work on /home/airflow/.local/lib/python3.6/site-packages/airflow/example_dags/example_branch_day_of_week_operator.py
[2021-09-26 11:54:10,290] {processor.py:613} INFO - Processing file /home/airflow/.local/lib/python3.6/site-packages/airflow/example_dags/example_branch_day_of_week_operator.py for tasks to queue
[2021-09-26 11:54:10,292] {logging_mixin.py:109} INFO - [2021-09-26 11:54:10,291] {dagbag.py:496} INFO - Filling up the DagBag from /home/airflow/.local/lib/python3.6/site-packages/airflow/example_dags/example_branch_day_of_week_operator.py
[2021-09-26 11:54:10,313] {processor.py:623} INFO - DAG(s) dict_keys(['example_weekday_branch_operator']) retrieved from /home/airflow/.local/lib/python3.6/site-packages/airflow/example_dags/example_branch_day_of_week_operator.py
[2021-09-26 11:54:10,351] {logging_mixin.py:109} INFO - [2021-09-26 11:54:10,351] {dag.py:1834} INFO - Sync 1 DAGs
[2021-09-26 11:54:10,377] {logging_mixin.py:109} INFO - [2021-09-26 11:54:10,376] {dag.py:2287} INFO - Setting next_dagrun for example_weekday_branch_operator to 2021-09-24 00:00:00+00:00
[2021-09-26 11:54:10,390] {processor.py:170} INFO - Processing /home/airflow/.local/lib/python3.6/site-packages/airflow/example_dags/example_branch_day_of_week_operator.py took 0.112 seconds
[2021-09-26 11:54:40,855] {processor.py:162} INFO - Started process (PID=4972) to work on /home/airflow/.local/lib/python3.6/site-packages/airflow/example_dags/example_branch_day_of_week_operator.py
[2021-09-26 11:54:40,858] {processor.py:613} INFO - Processing file /home/airflow/.local/lib/python3.6/site-packages/airflow/example_dags/example_branch_day_of_week_operator.py for tasks to queue
[2021-09-26 11:54:40,860] {logging_mixin.py:109} INFO - [2021-09-26 11:54:40,860] {dagbag.py:496} INFO - Filling up the DagBag from /home/airflow/.local/lib/python3.6/site-packages/airflow/example_dags/example_branch_day_of_week_operator.py
[2021-09-26 11:54:40,879] {processor.py:623} INFO - DAG(s) dict_keys(['example_weekday_branch_operator']) retrieved from /home/airflow/.local/lib/python3.6/site-packages/airflow/example_dags/example_branch_day_of_week_operator.py
[2021-09-26 11:54:40,910] {logging_mixin.py:109} INFO - [2021-09-26 11:54:40,910] {dag.py:1834} INFO - Sync 1 DAGs
[2021-09-26 11:54:40,934] {logging_mixin.py:109} INFO - [2021-09-26 11:54:40,934] {dag.py:2287} INFO - Setting next_dagrun for example_weekday_branch_operator to 2021-09-24 00:00:00+00:00
[2021-09-26 11:54:40,949] {processor.py:170} INFO - Processing /home/airflow/.local/lib/python3.6/site-packages/airflow/example_dags/example_branch_day_of_week_operator.py took 0.101 seconds
[2021-09-26 11:55:11,365] {processor.py:162} INFO - Started process (PID=5030) to work on /home/airflow/.local/lib/python3.6/site-packages/airflow/example_dags/example_branch_day_of_week_operator.py
[2021-09-26 11:55:11,368] {processor.py:613} INFO - Processing file /home/airflow/.local/lib/python3.6/site-packages/airflow/example_dags/example_branch_day_of_week_operator.py for tasks to queue
[2021-09-26 11:55:11,370] {logging_mixin.py:109} INFO - [2021-09-26 11:55:11,369] {dagbag.py:496} INFO - Filling up the DagBag from /home/airflow/.local/lib/python3.6/site-packages/airflow/example_dags/example_branch_day_of_week_operator.py
[2021-09-26 11:55:11,402] {processor.py:623} INFO - DAG(s) dict_keys(['example_weekday_branch_operator']) retrieved from /home/airflow/.local/lib/python3.6/site-packages/airflow/example_dags/example_branch_day_of_week_operator.py
[2021-09-26 11:55:11,441] {logging_mixin.py:109} INFO - [2021-09-26 11:55:11,441] {dag.py:1834} INFO - Sync 1 DAGs
[2021-09-26 11:55:11,476] {logging_mixin.py:109} INFO - [2021-09-26 11:55:11,475] {dag.py:2287} INFO - Setting next_dagrun for example_weekday_branch_operator to 2021-09-24 00:00:00+00:00
[2021-09-26 11:55:11,500] {processor.py:170} INFO - Processing /home/airflow/.local/lib/python3.6/site-packages/airflow/example_dags/example_branch_day_of_week_operator.py took 0.142 seconds
[2021-09-26 11:55:41,620] {processor.py:162} INFO - Started process (PID=5098) to work on /home/airflow/.local/lib/python3.6/site-packages/airflow/example_dags/example_branch_day_of_week_operator.py
[2021-09-26 11:55:41,624] {processor.py:613} INFO - Processing file /home/airflow/.local/lib/python3.6/site-packages/airflow/example_dags/example_branch_day_of_week_operator.py for tasks to queue
[2021-09-26 11:55:41,626] {logging_mixin.py:109} INFO - [2021-09-26 11:55:41,626] {dagbag.py:496} INFO - Filling up the DagBag from /home/airflow/.local/lib/python3.6/site-packages/airflow/example_dags/example_branch_day_of_week_operator.py
[2021-09-26 11:55:41,652] {processor.py:623} INFO - DAG(s) dict_keys(['example_weekday_branch_operator']) retrieved from /home/airflow/.local/lib/python3.6/site-packages/airflow/example_dags/example_branch_day_of_week_operator.py
[2021-09-26 11:55:41,691] {logging_mixin.py:109} INFO - [2021-09-26 11:55:41,691] {dag.py:1834} INFO - Sync 1 DAGs
[2021-09-26 11:55:41,717] {logging_mixin.py:109} INFO - [2021-09-26 11:55:41,717] {dag.py:2287} INFO - Setting next_dagrun for example_weekday_branch_operator to 2021-09-24 00:00:00+00:00
[2021-09-26 11:55:41,746] {processor.py:170} INFO - Processing /home/airflow/.local/lib/python3.6/site-packages/airflow/example_dags/example_branch_day_of_week_operator.py took 0.132 seconds
[2021-09-26 11:56:12,138] {processor.py:162} INFO - Started process (PID=5168) to work on /home/airflow/.local/lib/python3.6/site-packages/airflow/example_dags/example_branch_day_of_week_operator.py
[2021-09-26 11:56:12,144] {processor.py:613} INFO - Processing file /home/airflow/.local/lib/python3.6/site-packages/airflow/example_dags/example_branch_day_of_week_operator.py for tasks to queue
[2021-09-26 11:56:12,146] {logging_mixin.py:109} INFO - [2021-09-26 11:56:12,146] {dagbag.py:496} INFO - Filling up the DagBag from /home/airflow/.local/lib/python3.6/site-packages/airflow/example_dags/example_branch_day_of_week_operator.py
[2021-09-26 11:56:12,167] {processor.py:623} INFO - DAG(s) dict_keys(['example_weekday_branch_operator']) retrieved from /home/airflow/.local/lib/python3.6/site-packages/airflow/example_dags/example_branch_day_of_week_operator.py
[2021-09-26 11:56:12,220] {logging_mixin.py:109} INFO - [2021-09-26 11:56:12,220] {dag.py:1834} INFO - Sync 1 DAGs
[2021-09-26 11:56:12,264] {logging_mixin.py:109} INFO - [2021-09-26 11:56:12,264] {dag.py:2287} INFO - Setting next_dagrun for example_weekday_branch_operator to 2021-09-24 00:00:00+00:00
[2021-09-26 11:56:12,281] {processor.py:170} INFO - Processing /home/airflow/.local/lib/python3.6/site-packages/airflow/example_dags/example_branch_day_of_week_operator.py took 0.149 seconds
[2021-09-26 11:56:42,861] {processor.py:162} INFO - Started process (PID=5224) to work on /home/airflow/.local/lib/python3.6/site-packages/airflow/example_dags/example_branch_day_of_week_operator.py
[2021-09-26 11:56:42,864] {processor.py:613} INFO - Processing file /home/airflow/.local/lib/python3.6/site-packages/airflow/example_dags/example_branch_day_of_week_operator.py for tasks to queue
[2021-09-26 11:56:42,865] {logging_mixin.py:109} INFO - [2021-09-26 11:56:42,865] {dagbag.py:496} INFO - Filling up the DagBag from /home/airflow/.local/lib/python3.6/site-packages/airflow/example_dags/example_branch_day_of_week_operator.py
[2021-09-26 11:56:42,881] {processor.py:623} INFO - DAG(s) dict_keys(['example_weekday_branch_operator']) retrieved from /home/airflow/.local/lib/python3.6/site-packages/airflow/example_dags/example_branch_day_of_week_operator.py
[2021-09-26 11:56:42,907] {logging_mixin.py:109} INFO - [2021-09-26 11:56:42,907] {dag.py:1834} INFO - Sync 1 DAGs
[2021-09-26 11:56:42,924] {logging_mixin.py:109} INFO - [2021-09-26 11:56:42,924] {dag.py:2287} INFO - Setting next_dagrun for example_weekday_branch_operator to 2021-09-24 00:00:00+00:00
[2021-09-26 11:56:42,936] {processor.py:170} INFO - Processing /home/airflow/.local/lib/python3.6/site-packages/airflow/example_dags/example_branch_day_of_week_operator.py took 0.081 seconds
[2021-09-26 11:57:13,125] {processor.py:162} INFO - Started process (PID=5292) to work on /home/airflow/.local/lib/python3.6/site-packages/airflow/example_dags/example_branch_day_of_week_operator.py
[2021-09-26 11:57:13,129] {processor.py:613} INFO - Processing file /home/airflow/.local/lib/python3.6/site-packages/airflow/example_dags/example_branch_day_of_week_operator.py for tasks to queue
[2021-09-26 11:57:13,132] {logging_mixin.py:109} INFO - [2021-09-26 11:57:13,132] {dagbag.py:496} INFO - Filling up the DagBag from /home/airflow/.local/lib/python3.6/site-packages/airflow/example_dags/example_branch_day_of_week_operator.py
[2021-09-26 11:57:13,148] {processor.py:623} INFO - DAG(s) dict_keys(['example_weekday_branch_operator']) retrieved from /home/airflow/.local/lib/python3.6/site-packages/airflow/example_dags/example_branch_day_of_week_operator.py
[2021-09-26 11:57:13,174] {logging_mixin.py:109} INFO - [2021-09-26 11:57:13,173] {dag.py:1834} INFO - Sync 1 DAGs
[2021-09-26 11:57:13,191] {logging_mixin.py:109} INFO - [2021-09-26 11:57:13,191] {dag.py:2287} INFO - Setting next_dagrun for example_weekday_branch_operator to 2021-09-24 00:00:00+00:00
[2021-09-26 11:57:13,203] {processor.py:170} INFO - Processing /home/airflow/.local/lib/python3.6/site-packages/airflow/example_dags/example_branch_day_of_week_operator.py took 0.083 seconds
[2021-09-26 11:57:43,604] {processor.py:162} INFO - Started process (PID=5348) to work on /home/airflow/.local/lib/python3.6/site-packages/airflow/example_dags/example_branch_day_of_week_operator.py
[2021-09-26 11:57:43,607] {processor.py:613} INFO - Processing file /home/airflow/.local/lib/python3.6/site-packages/airflow/example_dags/example_branch_day_of_week_operator.py for tasks to queue
[2021-09-26 11:57:43,609] {logging_mixin.py:109} INFO - [2021-09-26 11:57:43,608] {dagbag.py:496} INFO - Filling up the DagBag from /home/airflow/.local/lib/python3.6/site-packages/airflow/example_dags/example_branch_day_of_week_operator.py
[2021-09-26 11:57:43,636] {processor.py:623} INFO - DAG(s) dict_keys(['example_weekday_branch_operator']) retrieved from /home/airflow/.local/lib/python3.6/site-packages/airflow/example_dags/example_branch_day_of_week_operator.py
[2021-09-26 11:57:43,684] {logging_mixin.py:109} INFO - [2021-09-26 11:57:43,684] {dag.py:1834} INFO - Sync 1 DAGs
[2021-09-26 11:57:43,725] {logging_mixin.py:109} INFO - [2021-09-26 11:57:43,724] {dag.py:2287} INFO - Setting next_dagrun for example_weekday_branch_operator to 2021-09-24 00:00:00+00:00
[2021-09-26 11:57:43,749] {processor.py:170} INFO - Processing /home/airflow/.local/lib/python3.6/site-packages/airflow/example_dags/example_branch_day_of_week_operator.py took 0.149 seconds
[2021-09-26 11:58:13,929] {processor.py:162} INFO - Started process (PID=5419) to work on /home/airflow/.local/lib/python3.6/site-packages/airflow/example_dags/example_branch_day_of_week_operator.py
[2021-09-26 11:58:13,931] {processor.py:613} INFO - Processing file /home/airflow/.local/lib/python3.6/site-packages/airflow/example_dags/example_branch_day_of_week_operator.py for tasks to queue
[2021-09-26 11:58:13,933] {logging_mixin.py:109} INFO - [2021-09-26 11:58:13,933] {dagbag.py:496} INFO - Filling up the DagBag from /home/airflow/.local/lib/python3.6/site-packages/airflow/example_dags/example_branch_day_of_week_operator.py
[2021-09-26 11:58:13,948] {processor.py:623} INFO - DAG(s) dict_keys(['example_weekday_branch_operator']) retrieved from /home/airflow/.local/lib/python3.6/site-packages/airflow/example_dags/example_branch_day_of_week_operator.py
[2021-09-26 11:58:13,974] {logging_mixin.py:109} INFO - [2021-09-26 11:58:13,974] {dag.py:1834} INFO - Sync 1 DAGs
[2021-09-26 11:58:13,992] {logging_mixin.py:109} INFO - [2021-09-26 11:58:13,992] {dag.py:2287} INFO - Setting next_dagrun for example_weekday_branch_operator to 2021-09-24 00:00:00+00:00
[2021-09-26 11:58:14,004] {processor.py:170} INFO - Processing /home/airflow/.local/lib/python3.6/site-packages/airflow/example_dags/example_branch_day_of_week_operator.py took 0.081 seconds
[2021-09-26 11:58:44,504] {processor.py:162} INFO - Started process (PID=5487) to work on /home/airflow/.local/lib/python3.6/site-packages/airflow/example_dags/example_branch_day_of_week_operator.py
[2021-09-26 11:58:44,507] {processor.py:613} INFO - Processing file /home/airflow/.local/lib/python3.6/site-packages/airflow/example_dags/example_branch_day_of_week_operator.py for tasks to queue
[2021-09-26 11:58:44,509] {logging_mixin.py:109} INFO - [2021-09-26 11:58:44,509] {dagbag.py:496} INFO - Filling up the DagBag from /home/airflow/.local/lib/python3.6/site-packages/airflow/example_dags/example_branch_day_of_week_operator.py
[2021-09-26 11:58:44,526] {processor.py:623} INFO - DAG(s) dict_keys(['example_weekday_branch_operator']) retrieved from /home/airflow/.local/lib/python3.6/site-packages/airflow/example_dags/example_branch_day_of_week_operator.py
[2021-09-26 11:58:44,554] {logging_mixin.py:109} INFO - [2021-09-26 11:58:44,554] {dag.py:1834} INFO - Sync 1 DAGs
[2021-09-26 11:58:44,574] {logging_mixin.py:109} INFO - [2021-09-26 11:58:44,574] {dag.py:2287} INFO - Setting next_dagrun for example_weekday_branch_operator to 2021-09-24 00:00:00+00:00
[2021-09-26 11:58:44,588] {processor.py:170} INFO - Processing /home/airflow/.local/lib/python3.6/site-packages/airflow/example_dags/example_branch_day_of_week_operator.py took 0.089 seconds
[2021-09-26 11:59:15,102] {processor.py:162} INFO - Started process (PID=5545) to work on /home/airflow/.local/lib/python3.6/site-packages/airflow/example_dags/example_branch_day_of_week_operator.py
[2021-09-26 11:59:15,106] {processor.py:613} INFO - Processing file /home/airflow/.local/lib/python3.6/site-packages/airflow/example_dags/example_branch_day_of_week_operator.py for tasks to queue
[2021-09-26 11:59:15,108] {logging_mixin.py:109} INFO - [2021-09-26 11:59:15,107] {dagbag.py:496} INFO - Filling up the DagBag from /home/airflow/.local/lib/python3.6/site-packages/airflow/example_dags/example_branch_day_of_week_operator.py
[2021-09-26 11:59:15,123] {processor.py:623} INFO - DAG(s) dict_keys(['example_weekday_branch_operator']) retrieved from /home/airflow/.local/lib/python3.6/site-packages/airflow/example_dags/example_branch_day_of_week_operator.py
[2021-09-26 11:59:15,153] {logging_mixin.py:109} INFO - [2021-09-26 11:59:15,153] {dag.py:1834} INFO - Sync 1 DAGs
[2021-09-26 11:59:15,171] {logging_mixin.py:109} INFO - [2021-09-26 11:59:15,170] {dag.py:2287} INFO - Setting next_dagrun for example_weekday_branch_operator to 2021-09-24 00:00:00+00:00
[2021-09-26 11:59:15,183] {processor.py:170} INFO - Processing /home/airflow/.local/lib/python3.6/site-packages/airflow/example_dags/example_branch_day_of_week_operator.py took 0.087 seconds
[2021-09-26 11:59:45,313] {processor.py:162} INFO - Started process (PID=5613) to work on /home/airflow/.local/lib/python3.6/site-packages/airflow/example_dags/example_branch_day_of_week_operator.py
[2021-09-26 11:59:45,316] {processor.py:613} INFO - Processing file /home/airflow/.local/lib/python3.6/site-packages/airflow/example_dags/example_branch_day_of_week_operator.py for tasks to queue
[2021-09-26 11:59:45,318] {logging_mixin.py:109} INFO - [2021-09-26 11:59:45,318] {dagbag.py:496} INFO - Filling up the DagBag from /home/airflow/.local/lib/python3.6/site-packages/airflow/example_dags/example_branch_day_of_week_operator.py
[2021-09-26 11:59:45,333] {processor.py:623} INFO - DAG(s) dict_keys(['example_weekday_branch_operator']) retrieved from /home/airflow/.local/lib/python3.6/site-packages/airflow/example_dags/example_branch_day_of_week_operator.py
[2021-09-26 11:59:45,359] {logging_mixin.py:109} INFO - [2021-09-26 11:59:45,359] {dag.py:1834} INFO - Sync 1 DAGs
[2021-09-26 11:59:45,380] {logging_mixin.py:109} INFO - [2021-09-26 11:59:45,380] {dag.py:2287} INFO - Setting next_dagrun for example_weekday_branch_operator to 2021-09-24 00:00:00+00:00
[2021-09-26 11:59:45,392] {processor.py:170} INFO - Processing /home/airflow/.local/lib/python3.6/site-packages/airflow/example_dags/example_branch_day_of_week_operator.py took 0.086 seconds
[2021-09-26 12:00:16,030] {processor.py:162} INFO - Started process (PID=5670) to work on /home/airflow/.local/lib/python3.6/site-packages/airflow/example_dags/example_branch_day_of_week_operator.py
[2021-09-26 12:00:16,032] {processor.py:613} INFO - Processing file /home/airflow/.local/lib/python3.6/site-packages/airflow/example_dags/example_branch_day_of_week_operator.py for tasks to queue
[2021-09-26 12:00:16,034] {logging_mixin.py:109} INFO - [2021-09-26 12:00:16,034] {dagbag.py:496} INFO - Filling up the DagBag from /home/airflow/.local/lib/python3.6/site-packages/airflow/example_dags/example_branch_day_of_week_operator.py
[2021-09-26 12:00:16,048] {processor.py:623} INFO - DAG(s) dict_keys(['example_weekday_branch_operator']) retrieved from /home/airflow/.local/lib/python3.6/site-packages/airflow/example_dags/example_branch_day_of_week_operator.py
[2021-09-26 12:00:16,076] {logging_mixin.py:109} INFO - [2021-09-26 12:00:16,076] {dag.py:1834} INFO - Sync 1 DAGs
[2021-09-26 12:00:16,096] {logging_mixin.py:109} INFO - [2021-09-26 12:00:16,096] {dag.py:2287} INFO - Setting next_dagrun for example_weekday_branch_operator to 2021-09-24 00:00:00+00:00
[2021-09-26 12:00:16,110] {processor.py:170} INFO - Processing /home/airflow/.local/lib/python3.6/site-packages/airflow/example_dags/example_branch_day_of_week_operator.py took 0.086 seconds
[2021-09-26 12:00:46,441] {processor.py:162} INFO - Started process (PID=5739) to work on /home/airflow/.local/lib/python3.6/site-packages/airflow/example_dags/example_branch_day_of_week_operator.py
[2021-09-26 12:00:46,444] {processor.py:613} INFO - Processing file /home/airflow/.local/lib/python3.6/site-packages/airflow/example_dags/example_branch_day_of_week_operator.py for tasks to queue
[2021-09-26 12:00:46,447] {logging_mixin.py:109} INFO - [2021-09-26 12:00:46,446] {dagbag.py:496} INFO - Filling up the DagBag from /home/airflow/.local/lib/python3.6/site-packages/airflow/example_dags/example_branch_day_of_week_operator.py
[2021-09-26 12:00:46,463] {processor.py:623} INFO - DAG(s) dict_keys(['example_weekday_branch_operator']) retrieved from /home/airflow/.local/lib/python3.6/site-packages/airflow/example_dags/example_branch_day_of_week_operator.py
[2021-09-26 12:00:46,490] {logging_mixin.py:109} INFO - [2021-09-26 12:00:46,490] {dag.py:1834} INFO - Sync 1 DAGs
[2021-09-26 12:00:46,514] {logging_mixin.py:109} INFO - [2021-09-26 12:00:46,514] {dag.py:2287} INFO - Setting next_dagrun for example_weekday_branch_operator to 2021-09-24 00:00:00+00:00
[2021-09-26 12:00:46,525] {processor.py:170} INFO - Processing /home/airflow/.local/lib/python3.6/site-packages/airflow/example_dags/example_branch_day_of_week_operator.py took 0.090 seconds
[2021-09-26 12:01:17,047] {processor.py:162} INFO - Started process (PID=5807) to work on /home/airflow/.local/lib/python3.6/site-packages/airflow/example_dags/example_branch_day_of_week_operator.py
[2021-09-26 12:01:17,052] {processor.py:613} INFO - Processing file /home/airflow/.local/lib/python3.6/site-packages/airflow/example_dags/example_branch_day_of_week_operator.py for tasks to queue
[2021-09-26 12:01:17,057] {logging_mixin.py:109} INFO - [2021-09-26 12:01:17,057] {dagbag.py:496} INFO - Filling up the DagBag from /home/airflow/.local/lib/python3.6/site-packages/airflow/example_dags/example_branch_day_of_week_operator.py
[2021-09-26 12:01:17,076] {processor.py:623} INFO - DAG(s) dict_keys(['example_weekday_branch_operator']) retrieved from /home/airflow/.local/lib/python3.6/site-packages/airflow/example_dags/example_branch_day_of_week_operator.py
[2021-09-26 12:01:17,100] {logging_mixin.py:109} INFO - [2021-09-26 12:01:17,100] {dag.py:1834} INFO - Sync 1 DAGs
[2021-09-26 12:01:17,118] {logging_mixin.py:109} INFO - [2021-09-26 12:01:17,118] {dag.py:2287} INFO - Setting next_dagrun for example_weekday_branch_operator to 2021-09-24 00:00:00+00:00
[2021-09-26 12:01:17,129] {processor.py:170} INFO - Processing /home/airflow/.local/lib/python3.6/site-packages/airflow/example_dags/example_branch_day_of_week_operator.py took 0.087 seconds
[2021-09-26 12:01:47,631] {processor.py:162} INFO - Started process (PID=5865) to work on /home/airflow/.local/lib/python3.6/site-packages/airflow/example_dags/example_branch_day_of_week_operator.py
[2021-09-26 12:01:47,634] {processor.py:613} INFO - Processing file /home/airflow/.local/lib/python3.6/site-packages/airflow/example_dags/example_branch_day_of_week_operator.py for tasks to queue
[2021-09-26 12:01:47,636] {logging_mixin.py:109} INFO - [2021-09-26 12:01:47,636] {dagbag.py:496} INFO - Filling up the DagBag from /home/airflow/.local/lib/python3.6/site-packages/airflow/example_dags/example_branch_day_of_week_operator.py
[2021-09-26 12:01:47,653] {processor.py:623} INFO - DAG(s) dict_keys(['example_weekday_branch_operator']) retrieved from /home/airflow/.local/lib/python3.6/site-packages/airflow/example_dags/example_branch_day_of_week_operator.py
[2021-09-26 12:01:47,696] {logging_mixin.py:109} INFO - [2021-09-26 12:01:47,696] {dag.py:1834} INFO - Sync 1 DAGs
[2021-09-26 12:01:47,718] {logging_mixin.py:109} INFO - [2021-09-26 12:01:47,717] {dag.py:2287} INFO - Setting next_dagrun for example_weekday_branch_operator to 2021-09-24 00:00:00+00:00
[2021-09-26 12:01:47,736] {processor.py:170} INFO - Processing /home/airflow/.local/lib/python3.6/site-packages/airflow/example_dags/example_branch_day_of_week_operator.py took 0.112 seconds
[2021-09-26 12:02:17,770] {processor.py:162} INFO - Started process (PID=5933) to work on /home/airflow/.local/lib/python3.6/site-packages/airflow/example_dags/example_branch_day_of_week_operator.py
[2021-09-26 12:02:17,774] {processor.py:613} INFO - Processing file /home/airflow/.local/lib/python3.6/site-packages/airflow/example_dags/example_branch_day_of_week_operator.py for tasks to queue
[2021-09-26 12:02:17,776] {logging_mixin.py:109} INFO - [2021-09-26 12:02:17,776] {dagbag.py:496} INFO - Filling up the DagBag from /home/airflow/.local/lib/python3.6/site-packages/airflow/example_dags/example_branch_day_of_week_operator.py
[2021-09-26 12:02:17,791] {processor.py:623} INFO - DAG(s) dict_keys(['example_weekday_branch_operator']) retrieved from /home/airflow/.local/lib/python3.6/site-packages/airflow/example_dags/example_branch_day_of_week_operator.py
[2021-09-26 12:02:17,821] {logging_mixin.py:109} INFO - [2021-09-26 12:02:17,821] {dag.py:1834} INFO - Sync 1 DAGs
[2021-09-26 12:02:17,842] {logging_mixin.py:109} INFO - [2021-09-26 12:02:17,842] {dag.py:2287} INFO - Setting next_dagrun for example_weekday_branch_operator to 2021-09-24 00:00:00+00:00
[2021-09-26 12:02:17,854] {processor.py:170} INFO - Processing /home/airflow/.local/lib/python3.6/site-packages/airflow/example_dags/example_branch_day_of_week_operator.py took 0.088 seconds
[2021-09-26 12:02:48,304] {processor.py:162} INFO - Started process (PID=5989) to work on /home/airflow/.local/lib/python3.6/site-packages/airflow/example_dags/example_branch_day_of_week_operator.py
[2021-09-26 12:02:48,308] {processor.py:613} INFO - Processing file /home/airflow/.local/lib/python3.6/site-packages/airflow/example_dags/example_branch_day_of_week_operator.py for tasks to queue
[2021-09-26 12:02:48,310] {logging_mixin.py:109} INFO - [2021-09-26 12:02:48,310] {dagbag.py:496} INFO - Filling up the DagBag from /home/airflow/.local/lib/python3.6/site-packages/airflow/example_dags/example_branch_day_of_week_operator.py
[2021-09-26 12:02:48,328] {processor.py:623} INFO - DAG(s) dict_keys(['example_weekday_branch_operator']) retrieved from /home/airflow/.local/lib/python3.6/site-packages/airflow/example_dags/example_branch_day_of_week_operator.py
[2021-09-26 12:02:48,352] {logging_mixin.py:109} INFO - [2021-09-26 12:02:48,352] {dag.py:1834} INFO - Sync 1 DAGs
[2021-09-26 12:02:48,381] {logging_mixin.py:109} INFO - [2021-09-26 12:02:48,381] {dag.py:2287} INFO - Setting next_dagrun for example_weekday_branch_operator to 2021-09-24 00:00:00+00:00
[2021-09-26 12:02:48,398] {processor.py:170} INFO - Processing /home/airflow/.local/lib/python3.6/site-packages/airflow/example_dags/example_branch_day_of_week_operator.py took 0.102 seconds
[2021-09-26 12:03:18,619] {processor.py:162} INFO - Started process (PID=6058) to work on /home/airflow/.local/lib/python3.6/site-packages/airflow/example_dags/example_branch_day_of_week_operator.py
[2021-09-26 12:03:18,622] {processor.py:613} INFO - Processing file /home/airflow/.local/lib/python3.6/site-packages/airflow/example_dags/example_branch_day_of_week_operator.py for tasks to queue
[2021-09-26 12:03:18,624] {logging_mixin.py:109} INFO - [2021-09-26 12:03:18,623] {dagbag.py:496} INFO - Filling up the DagBag from /home/airflow/.local/lib/python3.6/site-packages/airflow/example_dags/example_branch_day_of_week_operator.py
[2021-09-26 12:03:18,640] {processor.py:623} INFO - DAG(s) dict_keys(['example_weekday_branch_operator']) retrieved from /home/airflow/.local/lib/python3.6/site-packages/airflow/example_dags/example_branch_day_of_week_operator.py
[2021-09-26 12:03:18,686] {logging_mixin.py:109} INFO - [2021-09-26 12:03:18,686] {dag.py:1834} INFO - Sync 1 DAGs
[2021-09-26 12:03:18,710] {logging_mixin.py:109} INFO - [2021-09-26 12:03:18,710] {dag.py:2287} INFO - Setting next_dagrun for example_weekday_branch_operator to 2021-09-24 00:00:00+00:00
[2021-09-26 12:03:18,728] {processor.py:170} INFO - Processing /home/airflow/.local/lib/python3.6/site-packages/airflow/example_dags/example_branch_day_of_week_operator.py took 0.113 seconds
[2021-09-26 12:03:49,136] {processor.py:162} INFO - Started process (PID=6126) to work on /home/airflow/.local/lib/python3.6/site-packages/airflow/example_dags/example_branch_day_of_week_operator.py
[2021-09-26 12:03:49,140] {processor.py:613} INFO - Processing file /home/airflow/.local/lib/python3.6/site-packages/airflow/example_dags/example_branch_day_of_week_operator.py for tasks to queue
[2021-09-26 12:03:49,141] {logging_mixin.py:109} INFO - [2021-09-26 12:03:49,141] {dagbag.py:496} INFO - Filling up the DagBag from /home/airflow/.local/lib/python3.6/site-packages/airflow/example_dags/example_branch_day_of_week_operator.py
[2021-09-26 12:03:49,159] {processor.py:623} INFO - DAG(s) dict_keys(['example_weekday_branch_operator']) retrieved from /home/airflow/.local/lib/python3.6/site-packages/airflow/example_dags/example_branch_day_of_week_operator.py
[2021-09-26 12:03:49,187] {logging_mixin.py:109} INFO - [2021-09-26 12:03:49,187] {dag.py:1834} INFO - Sync 1 DAGs
[2021-09-26 12:03:49,208] {logging_mixin.py:109} INFO - [2021-09-26 12:03:49,208] {dag.py:2287} INFO - Setting next_dagrun for example_weekday_branch_operator to 2021-09-24 00:00:00+00:00
[2021-09-26 12:03:49,220] {processor.py:170} INFO - Processing /home/airflow/.local/lib/python3.6/site-packages/airflow/example_dags/example_branch_day_of_week_operator.py took 0.092 seconds
[2021-09-26 12:04:19,680] {processor.py:162} INFO - Started process (PID=6185) to work on /home/airflow/.local/lib/python3.6/site-packages/airflow/example_dags/example_branch_day_of_week_operator.py
[2021-09-26 12:04:19,684] {processor.py:613} INFO - Processing file /home/airflow/.local/lib/python3.6/site-packages/airflow/example_dags/example_branch_day_of_week_operator.py for tasks to queue
[2021-09-26 12:04:19,687] {logging_mixin.py:109} INFO - [2021-09-26 12:04:19,687] {dagbag.py:496} INFO - Filling up the DagBag from /home/airflow/.local/lib/python3.6/site-packages/airflow/example_dags/example_branch_day_of_week_operator.py
[2021-09-26 12:04:19,708] {processor.py:623} INFO - DAG(s) dict_keys(['example_weekday_branch_operator']) retrieved from /home/airflow/.local/lib/python3.6/site-packages/airflow/example_dags/example_branch_day_of_week_operator.py
[2021-09-26 12:04:19,746] {logging_mixin.py:109} INFO - [2021-09-26 12:04:19,746] {dag.py:1834} INFO - Sync 1 DAGs
[2021-09-26 12:04:19,775] {logging_mixin.py:109} INFO - [2021-09-26 12:04:19,775] {dag.py:2287} INFO - Setting next_dagrun for example_weekday_branch_operator to 2021-09-24 00:00:00+00:00
[2021-09-26 12:04:19,792] {processor.py:170} INFO - Processing /home/airflow/.local/lib/python3.6/site-packages/airflow/example_dags/example_branch_day_of_week_operator.py took 0.116 seconds
[2021-09-26 12:04:50,027] {processor.py:162} INFO - Started process (PID=6253) to work on /home/airflow/.local/lib/python3.6/site-packages/airflow/example_dags/example_branch_day_of_week_operator.py
[2021-09-26 12:04:50,032] {processor.py:613} INFO - Processing file /home/airflow/.local/lib/python3.6/site-packages/airflow/example_dags/example_branch_day_of_week_operator.py for tasks to queue
[2021-09-26 12:04:50,035] {logging_mixin.py:109} INFO - [2021-09-26 12:04:50,035] {dagbag.py:496} INFO - Filling up the DagBag from /home/airflow/.local/lib/python3.6/site-packages/airflow/example_dags/example_branch_day_of_week_operator.py
[2021-09-26 12:04:50,050] {processor.py:623} INFO - DAG(s) dict_keys(['example_weekday_branch_operator']) retrieved from /home/airflow/.local/lib/python3.6/site-packages/airflow/example_dags/example_branch_day_of_week_operator.py
[2021-09-26 12:04:50,077] {logging_mixin.py:109} INFO - [2021-09-26 12:04:50,077] {dag.py:1834} INFO - Sync 1 DAGs
[2021-09-26 12:04:50,096] {logging_mixin.py:109} INFO - [2021-09-26 12:04:50,096] {dag.py:2287} INFO - Setting next_dagrun for example_weekday_branch_operator to 2021-09-24 00:00:00+00:00
[2021-09-26 12:04:50,107] {processor.py:170} INFO - Processing /home/airflow/.local/lib/python3.6/site-packages/airflow/example_dags/example_branch_day_of_week_operator.py took 0.086 seconds
[2021-09-26 12:05:20,179] {processor.py:162} INFO - Started process (PID=6312) to work on /home/airflow/.local/lib/python3.6/site-packages/airflow/example_dags/example_branch_day_of_week_operator.py
[2021-09-26 12:05:20,182] {processor.py:613} INFO - Processing file /home/airflow/.local/lib/python3.6/site-packages/airflow/example_dags/example_branch_day_of_week_operator.py for tasks to queue
[2021-09-26 12:05:20,184] {logging_mixin.py:109} INFO - [2021-09-26 12:05:20,184] {dagbag.py:496} INFO - Filling up the DagBag from /home/airflow/.local/lib/python3.6/site-packages/airflow/example_dags/example_branch_day_of_week_operator.py
[2021-09-26 12:05:20,200] {processor.py:623} INFO - DAG(s) dict_keys(['example_weekday_branch_operator']) retrieved from /home/airflow/.local/lib/python3.6/site-packages/airflow/example_dags/example_branch_day_of_week_operator.py
[2021-09-26 12:05:20,225] {logging_mixin.py:109} INFO - [2021-09-26 12:05:20,225] {dag.py:1834} INFO - Sync 1 DAGs
[2021-09-26 12:05:20,246] {logging_mixin.py:109} INFO - [2021-09-26 12:05:20,245] {dag.py:2287} INFO - Setting next_dagrun for example_weekday_branch_operator to 2021-09-24 00:00:00+00:00
[2021-09-26 12:05:20,260] {processor.py:170} INFO - Processing /home/airflow/.local/lib/python3.6/site-packages/airflow/example_dags/example_branch_day_of_week_operator.py took 0.089 seconds
