[2021-09-26 11:46:59,123] {processor.py:162} INFO - Started process (PID=4019) to work on /home/airflow/.local/lib/python3.6/site-packages/airflow/example_dags/example_branch_datetime_operator.py
[2021-09-26 11:46:59,125] {processor.py:613} INFO - Processing file /home/airflow/.local/lib/python3.6/site-packages/airflow/example_dags/example_branch_datetime_operator.py for tasks to queue
[2021-09-26 11:46:59,127] {logging_mixin.py:109} INFO - [2021-09-26 11:46:59,127] {dagbag.py:496} INFO - Filling up the DagBag from /home/airflow/.local/lib/python3.6/site-packages/airflow/example_dags/example_branch_datetime_operator.py
[2021-09-26 11:46:59,144] {processor.py:623} INFO - DAG(s) dict_keys(['example_branch_datetime_operator_2']) retrieved from /home/airflow/.local/lib/python3.6/site-packages/airflow/example_dags/example_branch_datetime_operator.py
[2021-09-26 11:46:59,175] {logging_mixin.py:109} INFO - [2021-09-26 11:46:59,175] {dag.py:1834} INFO - Sync 1 DAGs
[2021-09-26 11:46:59,199] {logging_mixin.py:109} INFO - [2021-09-26 11:46:59,199] {dag.py:2287} INFO - Setting next_dagrun for example_branch_datetime_operator_2 to 2021-09-24 00:00:00+00:00
[2021-09-26 11:46:59,213] {processor.py:170} INFO - Processing /home/airflow/.local/lib/python3.6/site-packages/airflow/example_dags/example_branch_datetime_operator.py took 0.096 seconds
[2021-09-26 11:47:29,489] {processor.py:162} INFO - Started process (PID=4074) to work on /home/airflow/.local/lib/python3.6/site-packages/airflow/example_dags/example_branch_datetime_operator.py
[2021-09-26 11:47:29,494] {processor.py:613} INFO - Processing file /home/airflow/.local/lib/python3.6/site-packages/airflow/example_dags/example_branch_datetime_operator.py for tasks to queue
[2021-09-26 11:47:29,497] {logging_mixin.py:109} INFO - [2021-09-26 11:47:29,497] {dagbag.py:496} INFO - Filling up the DagBag from /home/airflow/.local/lib/python3.6/site-packages/airflow/example_dags/example_branch_datetime_operator.py
[2021-09-26 11:47:29,520] {processor.py:623} INFO - DAG(s) dict_keys(['example_branch_datetime_operator_2']) retrieved from /home/airflow/.local/lib/python3.6/site-packages/airflow/example_dags/example_branch_datetime_operator.py
[2021-09-26 11:47:29,558] {logging_mixin.py:109} INFO - [2021-09-26 11:47:29,558] {dag.py:1834} INFO - Sync 1 DAGs
[2021-09-26 11:47:29,592] {logging_mixin.py:109} INFO - [2021-09-26 11:47:29,592] {dag.py:2287} INFO - Setting next_dagrun for example_branch_datetime_operator_2 to 2021-09-24 00:00:00+00:00
[2021-09-26 11:47:29,613] {processor.py:170} INFO - Processing /home/airflow/.local/lib/python3.6/site-packages/airflow/example_dags/example_branch_datetime_operator.py took 0.134 seconds
[2021-09-26 11:47:59,697] {processor.py:162} INFO - Started process (PID=4142) to work on /home/airflow/.local/lib/python3.6/site-packages/airflow/example_dags/example_branch_datetime_operator.py
[2021-09-26 11:47:59,703] {processor.py:613} INFO - Processing file /home/airflow/.local/lib/python3.6/site-packages/airflow/example_dags/example_branch_datetime_operator.py for tasks to queue
[2021-09-26 11:47:59,707] {logging_mixin.py:109} INFO - [2021-09-26 11:47:59,706] {dagbag.py:496} INFO - Filling up the DagBag from /home/airflow/.local/lib/python3.6/site-packages/airflow/example_dags/example_branch_datetime_operator.py
[2021-09-26 11:47:59,731] {processor.py:623} INFO - DAG(s) dict_keys(['example_branch_datetime_operator_2']) retrieved from /home/airflow/.local/lib/python3.6/site-packages/airflow/example_dags/example_branch_datetime_operator.py
[2021-09-26 11:47:59,791] {logging_mixin.py:109} INFO - [2021-09-26 11:47:59,791] {dag.py:1834} INFO - Sync 1 DAGs
[2021-09-26 11:47:59,821] {logging_mixin.py:109} INFO - [2021-09-26 11:47:59,821] {dag.py:2287} INFO - Setting next_dagrun for example_branch_datetime_operator_2 to 2021-09-24 00:00:00+00:00
[2021-09-26 11:47:59,847] {processor.py:170} INFO - Processing /home/airflow/.local/lib/python3.6/site-packages/airflow/example_dags/example_branch_datetime_operator.py took 0.160 seconds
[2021-09-26 11:48:30,019] {processor.py:162} INFO - Started process (PID=4201) to work on /home/airflow/.local/lib/python3.6/site-packages/airflow/example_dags/example_branch_datetime_operator.py
[2021-09-26 11:48:30,023] {processor.py:613} INFO - Processing file /home/airflow/.local/lib/python3.6/site-packages/airflow/example_dags/example_branch_datetime_operator.py for tasks to queue
[2021-09-26 11:48:30,024] {logging_mixin.py:109} INFO - [2021-09-26 11:48:30,024] {dagbag.py:496} INFO - Filling up the DagBag from /home/airflow/.local/lib/python3.6/site-packages/airflow/example_dags/example_branch_datetime_operator.py
[2021-09-26 11:48:30,041] {processor.py:623} INFO - DAG(s) dict_keys(['example_branch_datetime_operator_2']) retrieved from /home/airflow/.local/lib/python3.6/site-packages/airflow/example_dags/example_branch_datetime_operator.py
[2021-09-26 11:48:30,080] {logging_mixin.py:109} INFO - [2021-09-26 11:48:30,080] {dag.py:1834} INFO - Sync 1 DAGs
[2021-09-26 11:48:30,107] {logging_mixin.py:109} INFO - [2021-09-26 11:48:30,107] {dag.py:2287} INFO - Setting next_dagrun for example_branch_datetime_operator_2 to 2021-09-24 00:00:00+00:00
[2021-09-26 11:48:30,122] {processor.py:170} INFO - Processing /home/airflow/.local/lib/python3.6/site-packages/airflow/example_dags/example_branch_datetime_operator.py took 0.107 seconds
[2021-09-26 11:49:00,155] {processor.py:162} INFO - Started process (PID=4268) to work on /home/airflow/.local/lib/python3.6/site-packages/airflow/example_dags/example_branch_datetime_operator.py
[2021-09-26 11:49:00,159] {processor.py:613} INFO - Processing file /home/airflow/.local/lib/python3.6/site-packages/airflow/example_dags/example_branch_datetime_operator.py for tasks to queue
[2021-09-26 11:49:00,160] {logging_mixin.py:109} INFO - [2021-09-26 11:49:00,160] {dagbag.py:496} INFO - Filling up the DagBag from /home/airflow/.local/lib/python3.6/site-packages/airflow/example_dags/example_branch_datetime_operator.py
[2021-09-26 11:49:00,176] {processor.py:623} INFO - DAG(s) dict_keys(['example_branch_datetime_operator_2']) retrieved from /home/airflow/.local/lib/python3.6/site-packages/airflow/example_dags/example_branch_datetime_operator.py
[2021-09-26 11:49:00,203] {logging_mixin.py:109} INFO - [2021-09-26 11:49:00,203] {dag.py:1834} INFO - Sync 1 DAGs
[2021-09-26 11:49:00,221] {logging_mixin.py:109} INFO - [2021-09-26 11:49:00,221] {dag.py:2287} INFO - Setting next_dagrun for example_branch_datetime_operator_2 to 2021-09-24 00:00:00+00:00
[2021-09-26 11:49:00,234] {processor.py:170} INFO - Processing /home/airflow/.local/lib/python3.6/site-packages/airflow/example_dags/example_branch_datetime_operator.py took 0.083 seconds
[2021-09-26 11:49:30,899] {processor.py:162} INFO - Started process (PID=4326) to work on /home/airflow/.local/lib/python3.6/site-packages/airflow/example_dags/example_branch_datetime_operator.py
[2021-09-26 11:49:30,901] {processor.py:613} INFO - Processing file /home/airflow/.local/lib/python3.6/site-packages/airflow/example_dags/example_branch_datetime_operator.py for tasks to queue
[2021-09-26 11:49:30,903] {logging_mixin.py:109} INFO - [2021-09-26 11:49:30,903] {dagbag.py:496} INFO - Filling up the DagBag from /home/airflow/.local/lib/python3.6/site-packages/airflow/example_dags/example_branch_datetime_operator.py
[2021-09-26 11:49:30,917] {processor.py:623} INFO - DAG(s) dict_keys(['example_branch_datetime_operator_2']) retrieved from /home/airflow/.local/lib/python3.6/site-packages/airflow/example_dags/example_branch_datetime_operator.py
[2021-09-26 11:49:30,942] {logging_mixin.py:109} INFO - [2021-09-26 11:49:30,941] {dag.py:1834} INFO - Sync 1 DAGs
[2021-09-26 11:49:30,960] {logging_mixin.py:109} INFO - [2021-09-26 11:49:30,960] {dag.py:2287} INFO - Setting next_dagrun for example_branch_datetime_operator_2 to 2021-09-24 00:00:00+00:00
[2021-09-26 11:49:30,972] {processor.py:170} INFO - Processing /home/airflow/.local/lib/python3.6/site-packages/airflow/example_dags/example_branch_datetime_operator.py took 0.077 seconds
[2021-09-26 11:50:01,788] {processor.py:162} INFO - Started process (PID=4397) to work on /home/airflow/.local/lib/python3.6/site-packages/airflow/example_dags/example_branch_datetime_operator.py
[2021-09-26 11:50:01,791] {processor.py:613} INFO - Processing file /home/airflow/.local/lib/python3.6/site-packages/airflow/example_dags/example_branch_datetime_operator.py for tasks to queue
[2021-09-26 11:50:01,793] {logging_mixin.py:109} INFO - [2021-09-26 11:50:01,792] {dagbag.py:496} INFO - Filling up the DagBag from /home/airflow/.local/lib/python3.6/site-packages/airflow/example_dags/example_branch_datetime_operator.py
[2021-09-26 11:50:01,810] {processor.py:623} INFO - DAG(s) dict_keys(['example_branch_datetime_operator_2']) retrieved from /home/airflow/.local/lib/python3.6/site-packages/airflow/example_dags/example_branch_datetime_operator.py
[2021-09-26 11:50:01,842] {logging_mixin.py:109} INFO - [2021-09-26 11:50:01,842] {dag.py:1834} INFO - Sync 1 DAGs
[2021-09-26 11:50:01,876] {logging_mixin.py:109} INFO - [2021-09-26 11:50:01,876] {dag.py:2287} INFO - Setting next_dagrun for example_branch_datetime_operator_2 to 2021-09-24 00:00:00+00:00
[2021-09-26 11:50:01,891] {processor.py:170} INFO - Processing /home/airflow/.local/lib/python3.6/site-packages/airflow/example_dags/example_branch_datetime_operator.py took 0.108 seconds
[2021-09-26 11:50:32,519] {processor.py:162} INFO - Started process (PID=4453) to work on /home/airflow/.local/lib/python3.6/site-packages/airflow/example_dags/example_branch_datetime_operator.py
[2021-09-26 11:50:32,522] {processor.py:613} INFO - Processing file /home/airflow/.local/lib/python3.6/site-packages/airflow/example_dags/example_branch_datetime_operator.py for tasks to queue
[2021-09-26 11:50:32,523] {logging_mixin.py:109} INFO - [2021-09-26 11:50:32,523] {dagbag.py:496} INFO - Filling up the DagBag from /home/airflow/.local/lib/python3.6/site-packages/airflow/example_dags/example_branch_datetime_operator.py
[2021-09-26 11:50:32,538] {processor.py:623} INFO - DAG(s) dict_keys(['example_branch_datetime_operator_2']) retrieved from /home/airflow/.local/lib/python3.6/site-packages/airflow/example_dags/example_branch_datetime_operator.py
[2021-09-26 11:50:32,562] {logging_mixin.py:109} INFO - [2021-09-26 11:50:32,562] {dag.py:1834} INFO - Sync 1 DAGs
[2021-09-26 11:50:32,579] {logging_mixin.py:109} INFO - [2021-09-26 11:50:32,579] {dag.py:2287} INFO - Setting next_dagrun for example_branch_datetime_operator_2 to 2021-09-24 00:00:00+00:00
[2021-09-26 11:50:32,590] {processor.py:170} INFO - Processing /home/airflow/.local/lib/python3.6/site-packages/airflow/example_dags/example_branch_datetime_operator.py took 0.076 seconds
[2021-09-26 11:51:03,150] {processor.py:162} INFO - Started process (PID=4523) to work on /home/airflow/.local/lib/python3.6/site-packages/airflow/example_dags/example_branch_datetime_operator.py
[2021-09-26 11:51:03,153] {processor.py:613} INFO - Processing file /home/airflow/.local/lib/python3.6/site-packages/airflow/example_dags/example_branch_datetime_operator.py for tasks to queue
[2021-09-26 11:51:03,154] {logging_mixin.py:109} INFO - [2021-09-26 11:51:03,154] {dagbag.py:496} INFO - Filling up the DagBag from /home/airflow/.local/lib/python3.6/site-packages/airflow/example_dags/example_branch_datetime_operator.py
[2021-09-26 11:51:03,170] {processor.py:623} INFO - DAG(s) dict_keys(['example_branch_datetime_operator_2']) retrieved from /home/airflow/.local/lib/python3.6/site-packages/airflow/example_dags/example_branch_datetime_operator.py
[2021-09-26 11:51:03,200] {logging_mixin.py:109} INFO - [2021-09-26 11:51:03,199] {dag.py:1834} INFO - Sync 1 DAGs
[2021-09-26 11:51:03,226] {logging_mixin.py:109} INFO - [2021-09-26 11:51:03,225] {dag.py:2287} INFO - Setting next_dagrun for example_branch_datetime_operator_2 to 2021-09-24 00:00:00+00:00
[2021-09-26 11:51:03,239] {processor.py:170} INFO - Processing /home/airflow/.local/lib/python3.6/site-packages/airflow/example_dags/example_branch_datetime_operator.py took 0.093 seconds
[2021-09-26 11:51:33,711] {processor.py:162} INFO - Started process (PID=4582) to work on /home/airflow/.local/lib/python3.6/site-packages/airflow/example_dags/example_branch_datetime_operator.py
[2021-09-26 11:51:33,714] {processor.py:613} INFO - Processing file /home/airflow/.local/lib/python3.6/site-packages/airflow/example_dags/example_branch_datetime_operator.py for tasks to queue
[2021-09-26 11:51:33,716] {logging_mixin.py:109} INFO - [2021-09-26 11:51:33,716] {dagbag.py:496} INFO - Filling up the DagBag from /home/airflow/.local/lib/python3.6/site-packages/airflow/example_dags/example_branch_datetime_operator.py
[2021-09-26 11:51:33,735] {processor.py:623} INFO - DAG(s) dict_keys(['example_branch_datetime_operator_2']) retrieved from /home/airflow/.local/lib/python3.6/site-packages/airflow/example_dags/example_branch_datetime_operator.py
[2021-09-26 11:51:33,780] {logging_mixin.py:109} INFO - [2021-09-26 11:51:33,779] {dag.py:1834} INFO - Sync 1 DAGs
[2021-09-26 11:51:33,802] {logging_mixin.py:109} INFO - [2021-09-26 11:51:33,802] {dag.py:2287} INFO - Setting next_dagrun for example_branch_datetime_operator_2 to 2021-09-24 00:00:00+00:00
[2021-09-26 11:51:33,816] {processor.py:170} INFO - Processing /home/airflow/.local/lib/python3.6/site-packages/airflow/example_dags/example_branch_datetime_operator.py took 0.110 seconds
[2021-09-26 11:52:04,200] {processor.py:162} INFO - Started process (PID=4651) to work on /home/airflow/.local/lib/python3.6/site-packages/airflow/example_dags/example_branch_datetime_operator.py
[2021-09-26 11:52:04,203] {processor.py:613} INFO - Processing file /home/airflow/.local/lib/python3.6/site-packages/airflow/example_dags/example_branch_datetime_operator.py for tasks to queue
[2021-09-26 11:52:04,205] {logging_mixin.py:109} INFO - [2021-09-26 11:52:04,205] {dagbag.py:496} INFO - Filling up the DagBag from /home/airflow/.local/lib/python3.6/site-packages/airflow/example_dags/example_branch_datetime_operator.py
[2021-09-26 11:52:04,220] {processor.py:623} INFO - DAG(s) dict_keys(['example_branch_datetime_operator_2']) retrieved from /home/airflow/.local/lib/python3.6/site-packages/airflow/example_dags/example_branch_datetime_operator.py
[2021-09-26 11:52:04,249] {logging_mixin.py:109} INFO - [2021-09-26 11:52:04,248] {dag.py:1834} INFO - Sync 1 DAGs
[2021-09-26 11:52:04,270] {logging_mixin.py:109} INFO - [2021-09-26 11:52:04,270] {dag.py:2287} INFO - Setting next_dagrun for example_branch_datetime_operator_2 to 2021-09-24 00:00:00+00:00
[2021-09-26 11:52:04,285] {processor.py:170} INFO - Processing /home/airflow/.local/lib/python3.6/site-packages/airflow/example_dags/example_branch_datetime_operator.py took 0.089 seconds
[2021-09-26 11:52:34,373] {processor.py:162} INFO - Started process (PID=4708) to work on /home/airflow/.local/lib/python3.6/site-packages/airflow/example_dags/example_branch_datetime_operator.py
[2021-09-26 11:52:34,375] {processor.py:613} INFO - Processing file /home/airflow/.local/lib/python3.6/site-packages/airflow/example_dags/example_branch_datetime_operator.py for tasks to queue
[2021-09-26 11:52:34,377] {logging_mixin.py:109} INFO - [2021-09-26 11:52:34,377] {dagbag.py:496} INFO - Filling up the DagBag from /home/airflow/.local/lib/python3.6/site-packages/airflow/example_dags/example_branch_datetime_operator.py
[2021-09-26 11:52:34,392] {processor.py:623} INFO - DAG(s) dict_keys(['example_branch_datetime_operator_2']) retrieved from /home/airflow/.local/lib/python3.6/site-packages/airflow/example_dags/example_branch_datetime_operator.py
[2021-09-26 11:52:34,417] {logging_mixin.py:109} INFO - [2021-09-26 11:52:34,417] {dag.py:1834} INFO - Sync 1 DAGs
[2021-09-26 11:52:34,440] {logging_mixin.py:109} INFO - [2021-09-26 11:52:34,440] {dag.py:2287} INFO - Setting next_dagrun for example_branch_datetime_operator_2 to 2021-09-24 00:00:00+00:00
[2021-09-26 11:52:34,452] {processor.py:170} INFO - Processing /home/airflow/.local/lib/python3.6/site-packages/airflow/example_dags/example_branch_datetime_operator.py took 0.084 seconds
[2021-09-26 11:53:04,996] {processor.py:162} INFO - Started process (PID=4779) to work on /home/airflow/.local/lib/python3.6/site-packages/airflow/example_dags/example_branch_datetime_operator.py
[2021-09-26 11:53:04,999] {processor.py:613} INFO - Processing file /home/airflow/.local/lib/python3.6/site-packages/airflow/example_dags/example_branch_datetime_operator.py for tasks to queue
[2021-09-26 11:53:05,000] {logging_mixin.py:109} INFO - [2021-09-26 11:53:05,000] {dagbag.py:496} INFO - Filling up the DagBag from /home/airflow/.local/lib/python3.6/site-packages/airflow/example_dags/example_branch_datetime_operator.py
[2021-09-26 11:53:05,015] {processor.py:623} INFO - DAG(s) dict_keys(['example_branch_datetime_operator_2']) retrieved from /home/airflow/.local/lib/python3.6/site-packages/airflow/example_dags/example_branch_datetime_operator.py
[2021-09-26 11:53:05,044] {logging_mixin.py:109} INFO - [2021-09-26 11:53:05,044] {dag.py:1834} INFO - Sync 1 DAGs
[2021-09-26 11:53:05,067] {logging_mixin.py:109} INFO - [2021-09-26 11:53:05,067] {dag.py:2287} INFO - Setting next_dagrun for example_branch_datetime_operator_2 to 2021-09-24 00:00:00+00:00
[2021-09-26 11:53:05,080] {processor.py:170} INFO - Processing /home/airflow/.local/lib/python3.6/site-packages/airflow/example_dags/example_branch_datetime_operator.py took 0.087 seconds
[2021-09-26 11:53:35,749] {processor.py:162} INFO - Started process (PID=4845) to work on /home/airflow/.local/lib/python3.6/site-packages/airflow/example_dags/example_branch_datetime_operator.py
[2021-09-26 11:53:35,752] {processor.py:613} INFO - Processing file /home/airflow/.local/lib/python3.6/site-packages/airflow/example_dags/example_branch_datetime_operator.py for tasks to queue
[2021-09-26 11:53:35,754] {logging_mixin.py:109} INFO - [2021-09-26 11:53:35,754] {dagbag.py:496} INFO - Filling up the DagBag from /home/airflow/.local/lib/python3.6/site-packages/airflow/example_dags/example_branch_datetime_operator.py
[2021-09-26 11:53:35,770] {processor.py:623} INFO - DAG(s) dict_keys(['example_branch_datetime_operator_2']) retrieved from /home/airflow/.local/lib/python3.6/site-packages/airflow/example_dags/example_branch_datetime_operator.py
[2021-09-26 11:53:35,800] {logging_mixin.py:109} INFO - [2021-09-26 11:53:35,800] {dag.py:1834} INFO - Sync 1 DAGs
[2021-09-26 11:53:35,821] {logging_mixin.py:109} INFO - [2021-09-26 11:53:35,821] {dag.py:2287} INFO - Setting next_dagrun for example_branch_datetime_operator_2 to 2021-09-24 00:00:00+00:00
[2021-09-26 11:53:35,836] {processor.py:170} INFO - Processing /home/airflow/.local/lib/python3.6/site-packages/airflow/example_dags/example_branch_datetime_operator.py took 0.091 seconds
[2021-09-26 11:54:06,106] {processor.py:162} INFO - Started process (PID=4901) to work on /home/airflow/.local/lib/python3.6/site-packages/airflow/example_dags/example_branch_datetime_operator.py
[2021-09-26 11:54:06,108] {processor.py:613} INFO - Processing file /home/airflow/.local/lib/python3.6/site-packages/airflow/example_dags/example_branch_datetime_operator.py for tasks to queue
[2021-09-26 11:54:06,110] {logging_mixin.py:109} INFO - [2021-09-26 11:54:06,110] {dagbag.py:496} INFO - Filling up the DagBag from /home/airflow/.local/lib/python3.6/site-packages/airflow/example_dags/example_branch_datetime_operator.py
[2021-09-26 11:54:06,126] {processor.py:623} INFO - DAG(s) dict_keys(['example_branch_datetime_operator_2']) retrieved from /home/airflow/.local/lib/python3.6/site-packages/airflow/example_dags/example_branch_datetime_operator.py
[2021-09-26 11:54:06,162] {logging_mixin.py:109} INFO - [2021-09-26 11:54:06,161] {dag.py:1834} INFO - Sync 1 DAGs
[2021-09-26 11:54:06,184] {logging_mixin.py:109} INFO - [2021-09-26 11:54:06,184] {dag.py:2287} INFO - Setting next_dagrun for example_branch_datetime_operator_2 to 2021-09-24 00:00:00+00:00
[2021-09-26 11:54:06,198] {processor.py:170} INFO - Processing /home/airflow/.local/lib/python3.6/site-packages/airflow/example_dags/example_branch_datetime_operator.py took 0.097 seconds
[2021-09-26 11:54:36,714] {processor.py:162} INFO - Started process (PID=4969) to work on /home/airflow/.local/lib/python3.6/site-packages/airflow/example_dags/example_branch_datetime_operator.py
[2021-09-26 11:54:36,717] {processor.py:613} INFO - Processing file /home/airflow/.local/lib/python3.6/site-packages/airflow/example_dags/example_branch_datetime_operator.py for tasks to queue
[2021-09-26 11:54:36,719] {logging_mixin.py:109} INFO - [2021-09-26 11:54:36,719] {dagbag.py:496} INFO - Filling up the DagBag from /home/airflow/.local/lib/python3.6/site-packages/airflow/example_dags/example_branch_datetime_operator.py
[2021-09-26 11:54:36,736] {processor.py:623} INFO - DAG(s) dict_keys(['example_branch_datetime_operator_2']) retrieved from /home/airflow/.local/lib/python3.6/site-packages/airflow/example_dags/example_branch_datetime_operator.py
[2021-09-26 11:54:36,765] {logging_mixin.py:109} INFO - [2021-09-26 11:54:36,764] {dag.py:1834} INFO - Sync 1 DAGs
[2021-09-26 11:54:36,786] {logging_mixin.py:109} INFO - [2021-09-26 11:54:36,786] {dag.py:2287} INFO - Setting next_dagrun for example_branch_datetime_operator_2 to 2021-09-24 00:00:00+00:00
[2021-09-26 11:54:36,801] {processor.py:170} INFO - Processing /home/airflow/.local/lib/python3.6/site-packages/airflow/example_dags/example_branch_datetime_operator.py took 0.092 seconds
[2021-09-26 11:55:07,201] {processor.py:162} INFO - Started process (PID=5027) to work on /home/airflow/.local/lib/python3.6/site-packages/airflow/example_dags/example_branch_datetime_operator.py
[2021-09-26 11:55:07,203] {processor.py:613} INFO - Processing file /home/airflow/.local/lib/python3.6/site-packages/airflow/example_dags/example_branch_datetime_operator.py for tasks to queue
[2021-09-26 11:55:07,204] {logging_mixin.py:109} INFO - [2021-09-26 11:55:07,204] {dagbag.py:496} INFO - Filling up the DagBag from /home/airflow/.local/lib/python3.6/site-packages/airflow/example_dags/example_branch_datetime_operator.py
[2021-09-26 11:55:07,221] {processor.py:623} INFO - DAG(s) dict_keys(['example_branch_datetime_operator_2']) retrieved from /home/airflow/.local/lib/python3.6/site-packages/airflow/example_dags/example_branch_datetime_operator.py
[2021-09-26 11:55:07,250] {logging_mixin.py:109} INFO - [2021-09-26 11:55:07,249] {dag.py:1834} INFO - Sync 1 DAGs
[2021-09-26 11:55:07,272] {logging_mixin.py:109} INFO - [2021-09-26 11:55:07,272] {dag.py:2287} INFO - Setting next_dagrun for example_branch_datetime_operator_2 to 2021-09-24 00:00:00+00:00
[2021-09-26 11:55:07,287] {processor.py:170} INFO - Processing /home/airflow/.local/lib/python3.6/site-packages/airflow/example_dags/example_branch_datetime_operator.py took 0.091 seconds
[2021-09-26 11:55:37,478] {processor.py:162} INFO - Started process (PID=5095) to work on /home/airflow/.local/lib/python3.6/site-packages/airflow/example_dags/example_branch_datetime_operator.py
[2021-09-26 11:55:37,481] {processor.py:613} INFO - Processing file /home/airflow/.local/lib/python3.6/site-packages/airflow/example_dags/example_branch_datetime_operator.py for tasks to queue
[2021-09-26 11:55:37,482] {logging_mixin.py:109} INFO - [2021-09-26 11:55:37,482] {dagbag.py:496} INFO - Filling up the DagBag from /home/airflow/.local/lib/python3.6/site-packages/airflow/example_dags/example_branch_datetime_operator.py
[2021-09-26 11:55:37,497] {processor.py:623} INFO - DAG(s) dict_keys(['example_branch_datetime_operator_2']) retrieved from /home/airflow/.local/lib/python3.6/site-packages/airflow/example_dags/example_branch_datetime_operator.py
[2021-09-26 11:55:37,523] {logging_mixin.py:109} INFO - [2021-09-26 11:55:37,523] {dag.py:1834} INFO - Sync 1 DAGs
[2021-09-26 11:55:37,542] {logging_mixin.py:109} INFO - [2021-09-26 11:55:37,542] {dag.py:2287} INFO - Setting next_dagrun for example_branch_datetime_operator_2 to 2021-09-24 00:00:00+00:00
[2021-09-26 11:55:37,554] {processor.py:170} INFO - Processing /home/airflow/.local/lib/python3.6/site-packages/airflow/example_dags/example_branch_datetime_operator.py took 0.079 seconds
[2021-09-26 11:56:07,980] {processor.py:162} INFO - Started process (PID=5154) to work on /home/airflow/.local/lib/python3.6/site-packages/airflow/example_dags/example_branch_datetime_operator.py
[2021-09-26 11:56:07,983] {processor.py:613} INFO - Processing file /home/airflow/.local/lib/python3.6/site-packages/airflow/example_dags/example_branch_datetime_operator.py for tasks to queue
[2021-09-26 11:56:07,985] {logging_mixin.py:109} INFO - [2021-09-26 11:56:07,985] {dagbag.py:496} INFO - Filling up the DagBag from /home/airflow/.local/lib/python3.6/site-packages/airflow/example_dags/example_branch_datetime_operator.py
[2021-09-26 11:56:08,006] {processor.py:623} INFO - DAG(s) dict_keys(['example_branch_datetime_operator_2']) retrieved from /home/airflow/.local/lib/python3.6/site-packages/airflow/example_dags/example_branch_datetime_operator.py
[2021-09-26 11:56:08,033] {logging_mixin.py:109} INFO - [2021-09-26 11:56:08,033] {dag.py:1834} INFO - Sync 1 DAGs
[2021-09-26 11:56:08,051] {logging_mixin.py:109} INFO - [2021-09-26 11:56:08,051] {dag.py:2287} INFO - Setting next_dagrun for example_branch_datetime_operator_2 to 2021-09-24 00:00:00+00:00
[2021-09-26 11:56:08,065] {processor.py:170} INFO - Processing /home/airflow/.local/lib/python3.6/site-packages/airflow/example_dags/example_branch_datetime_operator.py took 0.088 seconds
[2021-09-26 11:56:38,721] {processor.py:162} INFO - Started process (PID=5221) to work on /home/airflow/.local/lib/python3.6/site-packages/airflow/example_dags/example_branch_datetime_operator.py
[2021-09-26 11:56:38,724] {processor.py:613} INFO - Processing file /home/airflow/.local/lib/python3.6/site-packages/airflow/example_dags/example_branch_datetime_operator.py for tasks to queue
[2021-09-26 11:56:38,726] {logging_mixin.py:109} INFO - [2021-09-26 11:56:38,725] {dagbag.py:496} INFO - Filling up the DagBag from /home/airflow/.local/lib/python3.6/site-packages/airflow/example_dags/example_branch_datetime_operator.py
[2021-09-26 11:56:38,739] {processor.py:623} INFO - DAG(s) dict_keys(['example_branch_datetime_operator_2']) retrieved from /home/airflow/.local/lib/python3.6/site-packages/airflow/example_dags/example_branch_datetime_operator.py
[2021-09-26 11:56:38,762] {logging_mixin.py:109} INFO - [2021-09-26 11:56:38,762] {dag.py:1834} INFO - Sync 1 DAGs
[2021-09-26 11:56:38,780] {logging_mixin.py:109} INFO - [2021-09-26 11:56:38,779] {dag.py:2287} INFO - Setting next_dagrun for example_branch_datetime_operator_2 to 2021-09-24 00:00:00+00:00
[2021-09-26 11:56:38,791] {processor.py:170} INFO - Processing /home/airflow/.local/lib/python3.6/site-packages/airflow/example_dags/example_branch_datetime_operator.py took 0.074 seconds
[2021-09-26 11:57:08,980] {processor.py:162} INFO - Started process (PID=5278) to work on /home/airflow/.local/lib/python3.6/site-packages/airflow/example_dags/example_branch_datetime_operator.py
[2021-09-26 11:57:08,984] {processor.py:613} INFO - Processing file /home/airflow/.local/lib/python3.6/site-packages/airflow/example_dags/example_branch_datetime_operator.py for tasks to queue
[2021-09-26 11:57:08,985] {logging_mixin.py:109} INFO - [2021-09-26 11:57:08,985] {dagbag.py:496} INFO - Filling up the DagBag from /home/airflow/.local/lib/python3.6/site-packages/airflow/example_dags/example_branch_datetime_operator.py
[2021-09-26 11:57:09,000] {processor.py:623} INFO - DAG(s) dict_keys(['example_branch_datetime_operator_2']) retrieved from /home/airflow/.local/lib/python3.6/site-packages/airflow/example_dags/example_branch_datetime_operator.py
[2021-09-26 11:57:09,023] {logging_mixin.py:109} INFO - [2021-09-26 11:57:09,022] {dag.py:1834} INFO - Sync 1 DAGs
[2021-09-26 11:57:09,040] {logging_mixin.py:109} INFO - [2021-09-26 11:57:09,040] {dag.py:2287} INFO - Setting next_dagrun for example_branch_datetime_operator_2 to 2021-09-24 00:00:00+00:00
[2021-09-26 11:57:09,050] {processor.py:170} INFO - Processing /home/airflow/.local/lib/python3.6/site-packages/airflow/example_dags/example_branch_datetime_operator.py took 0.074 seconds
[2021-09-26 11:57:39,422] {processor.py:162} INFO - Started process (PID=5345) to work on /home/airflow/.local/lib/python3.6/site-packages/airflow/example_dags/example_branch_datetime_operator.py
[2021-09-26 11:57:39,424] {processor.py:613} INFO - Processing file /home/airflow/.local/lib/python3.6/site-packages/airflow/example_dags/example_branch_datetime_operator.py for tasks to queue
[2021-09-26 11:57:39,427] {logging_mixin.py:109} INFO - [2021-09-26 11:57:39,427] {dagbag.py:496} INFO - Filling up the DagBag from /home/airflow/.local/lib/python3.6/site-packages/airflow/example_dags/example_branch_datetime_operator.py
[2021-09-26 11:57:39,442] {processor.py:623} INFO - DAG(s) dict_keys(['example_branch_datetime_operator_2']) retrieved from /home/airflow/.local/lib/python3.6/site-packages/airflow/example_dags/example_branch_datetime_operator.py
[2021-09-26 11:57:39,468] {logging_mixin.py:109} INFO - [2021-09-26 11:57:39,468] {dag.py:1834} INFO - Sync 1 DAGs
[2021-09-26 11:57:39,486] {logging_mixin.py:109} INFO - [2021-09-26 11:57:39,486] {dag.py:2287} INFO - Setting next_dagrun for example_branch_datetime_operator_2 to 2021-09-24 00:00:00+00:00
[2021-09-26 11:57:39,498] {processor.py:170} INFO - Processing /home/airflow/.local/lib/python3.6/site-packages/airflow/example_dags/example_branch_datetime_operator.py took 0.081 seconds
[2021-09-26 11:58:09,771] {processor.py:162} INFO - Started process (PID=5416) to work on /home/airflow/.local/lib/python3.6/site-packages/airflow/example_dags/example_branch_datetime_operator.py
[2021-09-26 11:58:09,775] {processor.py:613} INFO - Processing file /home/airflow/.local/lib/python3.6/site-packages/airflow/example_dags/example_branch_datetime_operator.py for tasks to queue
[2021-09-26 11:58:09,778] {logging_mixin.py:109} INFO - [2021-09-26 11:58:09,778] {dagbag.py:496} INFO - Filling up the DagBag from /home/airflow/.local/lib/python3.6/site-packages/airflow/example_dags/example_branch_datetime_operator.py
[2021-09-26 11:58:09,797] {processor.py:623} INFO - DAG(s) dict_keys(['example_branch_datetime_operator_2']) retrieved from /home/airflow/.local/lib/python3.6/site-packages/airflow/example_dags/example_branch_datetime_operator.py
[2021-09-26 11:58:09,828] {logging_mixin.py:109} INFO - [2021-09-26 11:58:09,828] {dag.py:1834} INFO - Sync 1 DAGs
[2021-09-26 11:58:09,852] {logging_mixin.py:109} INFO - [2021-09-26 11:58:09,852] {dag.py:2287} INFO - Setting next_dagrun for example_branch_datetime_operator_2 to 2021-09-24 00:00:00+00:00
[2021-09-26 11:58:09,870] {processor.py:170} INFO - Processing /home/airflow/.local/lib/python3.6/site-packages/airflow/example_dags/example_branch_datetime_operator.py took 0.108 seconds
[2021-09-26 11:58:40,353] {processor.py:162} INFO - Started process (PID=5473) to work on /home/airflow/.local/lib/python3.6/site-packages/airflow/example_dags/example_branch_datetime_operator.py
[2021-09-26 11:58:40,355] {processor.py:613} INFO - Processing file /home/airflow/.local/lib/python3.6/site-packages/airflow/example_dags/example_branch_datetime_operator.py for tasks to queue
[2021-09-26 11:58:40,357] {logging_mixin.py:109} INFO - [2021-09-26 11:58:40,356] {dagbag.py:496} INFO - Filling up the DagBag from /home/airflow/.local/lib/python3.6/site-packages/airflow/example_dags/example_branch_datetime_operator.py
[2021-09-26 11:58:40,372] {processor.py:623} INFO - DAG(s) dict_keys(['example_branch_datetime_operator_2']) retrieved from /home/airflow/.local/lib/python3.6/site-packages/airflow/example_dags/example_branch_datetime_operator.py
[2021-09-26 11:58:40,395] {logging_mixin.py:109} INFO - [2021-09-26 11:58:40,395] {dag.py:1834} INFO - Sync 1 DAGs
[2021-09-26 11:58:40,412] {logging_mixin.py:109} INFO - [2021-09-26 11:58:40,412] {dag.py:2287} INFO - Setting next_dagrun for example_branch_datetime_operator_2 to 2021-09-24 00:00:00+00:00
[2021-09-26 11:58:40,423] {processor.py:170} INFO - Processing /home/airflow/.local/lib/python3.6/site-packages/airflow/example_dags/example_branch_datetime_operator.py took 0.075 seconds
[2021-09-26 11:59:10,960] {processor.py:162} INFO - Started process (PID=5542) to work on /home/airflow/.local/lib/python3.6/site-packages/airflow/example_dags/example_branch_datetime_operator.py
[2021-09-26 11:59:10,962] {processor.py:613} INFO - Processing file /home/airflow/.local/lib/python3.6/site-packages/airflow/example_dags/example_branch_datetime_operator.py for tasks to queue
[2021-09-26 11:59:10,964] {logging_mixin.py:109} INFO - [2021-09-26 11:59:10,964] {dagbag.py:496} INFO - Filling up the DagBag from /home/airflow/.local/lib/python3.6/site-packages/airflow/example_dags/example_branch_datetime_operator.py
[2021-09-26 11:59:10,978] {processor.py:623} INFO - DAG(s) dict_keys(['example_branch_datetime_operator_2']) retrieved from /home/airflow/.local/lib/python3.6/site-packages/airflow/example_dags/example_branch_datetime_operator.py
[2021-09-26 11:59:11,004] {logging_mixin.py:109} INFO - [2021-09-26 11:59:11,004] {dag.py:1834} INFO - Sync 1 DAGs
[2021-09-26 11:59:11,022] {logging_mixin.py:109} INFO - [2021-09-26 11:59:11,022] {dag.py:2287} INFO - Setting next_dagrun for example_branch_datetime_operator_2 to 2021-09-24 00:00:00+00:00
[2021-09-26 11:59:11,033] {processor.py:170} INFO - Processing /home/airflow/.local/lib/python3.6/site-packages/airflow/example_dags/example_branch_datetime_operator.py took 0.077 seconds
[2021-09-26 11:59:41,199] {processor.py:162} INFO - Started process (PID=5598) to work on /home/airflow/.local/lib/python3.6/site-packages/airflow/example_dags/example_branch_datetime_operator.py
[2021-09-26 11:59:41,201] {processor.py:613} INFO - Processing file /home/airflow/.local/lib/python3.6/site-packages/airflow/example_dags/example_branch_datetime_operator.py for tasks to queue
[2021-09-26 11:59:41,203] {logging_mixin.py:109} INFO - [2021-09-26 11:59:41,203] {dagbag.py:496} INFO - Filling up the DagBag from /home/airflow/.local/lib/python3.6/site-packages/airflow/example_dags/example_branch_datetime_operator.py
[2021-09-26 11:59:41,218] {processor.py:623} INFO - DAG(s) dict_keys(['example_branch_datetime_operator_2']) retrieved from /home/airflow/.local/lib/python3.6/site-packages/airflow/example_dags/example_branch_datetime_operator.py
[2021-09-26 11:59:41,245] {logging_mixin.py:109} INFO - [2021-09-26 11:59:41,245] {dag.py:1834} INFO - Sync 1 DAGs
[2021-09-26 11:59:41,263] {logging_mixin.py:109} INFO - [2021-09-26 11:59:41,263] {dag.py:2287} INFO - Setting next_dagrun for example_branch_datetime_operator_2 to 2021-09-24 00:00:00+00:00
[2021-09-26 11:59:41,275] {processor.py:170} INFO - Processing /home/airflow/.local/lib/python3.6/site-packages/airflow/example_dags/example_branch_datetime_operator.py took 0.081 seconds
[2021-09-26 12:00:11,930] {processor.py:162} INFO - Started process (PID=5667) to work on /home/airflow/.local/lib/python3.6/site-packages/airflow/example_dags/example_branch_datetime_operator.py
[2021-09-26 12:00:11,935] {processor.py:613} INFO - Processing file /home/airflow/.local/lib/python3.6/site-packages/airflow/example_dags/example_branch_datetime_operator.py for tasks to queue
[2021-09-26 12:00:11,937] {logging_mixin.py:109} INFO - [2021-09-26 12:00:11,937] {dagbag.py:496} INFO - Filling up the DagBag from /home/airflow/.local/lib/python3.6/site-packages/airflow/example_dags/example_branch_datetime_operator.py
[2021-09-26 12:00:11,952] {processor.py:623} INFO - DAG(s) dict_keys(['example_branch_datetime_operator_2']) retrieved from /home/airflow/.local/lib/python3.6/site-packages/airflow/example_dags/example_branch_datetime_operator.py
[2021-09-26 12:00:11,976] {logging_mixin.py:109} INFO - [2021-09-26 12:00:11,976] {dag.py:1834} INFO - Sync 1 DAGs
[2021-09-26 12:00:12,008] {logging_mixin.py:109} INFO - [2021-09-26 12:00:12,008] {dag.py:2287} INFO - Setting next_dagrun for example_branch_datetime_operator_2 to 2021-09-24 00:00:00+00:00
[2021-09-26 12:00:12,023] {processor.py:170} INFO - Processing /home/airflow/.local/lib/python3.6/site-packages/airflow/example_dags/example_branch_datetime_operator.py took 0.097 seconds
[2021-09-26 12:00:42,338] {processor.py:162} INFO - Started process (PID=5736) to work on /home/airflow/.local/lib/python3.6/site-packages/airflow/example_dags/example_branch_datetime_operator.py
[2021-09-26 12:00:42,341] {processor.py:613} INFO - Processing file /home/airflow/.local/lib/python3.6/site-packages/airflow/example_dags/example_branch_datetime_operator.py for tasks to queue
[2021-09-26 12:00:42,343] {logging_mixin.py:109} INFO - [2021-09-26 12:00:42,343] {dagbag.py:496} INFO - Filling up the DagBag from /home/airflow/.local/lib/python3.6/site-packages/airflow/example_dags/example_branch_datetime_operator.py
[2021-09-26 12:00:42,358] {processor.py:623} INFO - DAG(s) dict_keys(['example_branch_datetime_operator_2']) retrieved from /home/airflow/.local/lib/python3.6/site-packages/airflow/example_dags/example_branch_datetime_operator.py
[2021-09-26 12:00:42,382] {logging_mixin.py:109} INFO - [2021-09-26 12:00:42,382] {dag.py:1834} INFO - Sync 1 DAGs
[2021-09-26 12:00:42,401] {logging_mixin.py:109} INFO - [2021-09-26 12:00:42,400] {dag.py:2287} INFO - Setting next_dagrun for example_branch_datetime_operator_2 to 2021-09-24 00:00:00+00:00
[2021-09-26 12:00:42,412] {processor.py:170} INFO - Processing /home/airflow/.local/lib/python3.6/site-packages/airflow/example_dags/example_branch_datetime_operator.py took 0.079 seconds
[2021-09-26 12:01:12,951] {processor.py:162} INFO - Started process (PID=5794) to work on /home/airflow/.local/lib/python3.6/site-packages/airflow/example_dags/example_branch_datetime_operator.py
[2021-09-26 12:01:12,954] {processor.py:613} INFO - Processing file /home/airflow/.local/lib/python3.6/site-packages/airflow/example_dags/example_branch_datetime_operator.py for tasks to queue
[2021-09-26 12:01:12,956] {logging_mixin.py:109} INFO - [2021-09-26 12:01:12,955] {dagbag.py:496} INFO - Filling up the DagBag from /home/airflow/.local/lib/python3.6/site-packages/airflow/example_dags/example_branch_datetime_operator.py
[2021-09-26 12:01:12,970] {processor.py:623} INFO - DAG(s) dict_keys(['example_branch_datetime_operator_2']) retrieved from /home/airflow/.local/lib/python3.6/site-packages/airflow/example_dags/example_branch_datetime_operator.py
[2021-09-26 12:01:12,994] {logging_mixin.py:109} INFO - [2021-09-26 12:01:12,994] {dag.py:1834} INFO - Sync 1 DAGs
[2021-09-26 12:01:13,012] {logging_mixin.py:109} INFO - [2021-09-26 12:01:13,012] {dag.py:2287} INFO - Setting next_dagrun for example_branch_datetime_operator_2 to 2021-09-24 00:00:00+00:00
[2021-09-26 12:01:13,023] {processor.py:170} INFO - Processing /home/airflow/.local/lib/python3.6/site-packages/airflow/example_dags/example_branch_datetime_operator.py took 0.079 seconds
[2021-09-26 12:01:43,520] {processor.py:162} INFO - Started process (PID=5862) to work on /home/airflow/.local/lib/python3.6/site-packages/airflow/example_dags/example_branch_datetime_operator.py
[2021-09-26 12:01:43,522] {processor.py:613} INFO - Processing file /home/airflow/.local/lib/python3.6/site-packages/airflow/example_dags/example_branch_datetime_operator.py for tasks to queue
[2021-09-26 12:01:43,524] {logging_mixin.py:109} INFO - [2021-09-26 12:01:43,524] {dagbag.py:496} INFO - Filling up the DagBag from /home/airflow/.local/lib/python3.6/site-packages/airflow/example_dags/example_branch_datetime_operator.py
[2021-09-26 12:01:43,539] {processor.py:623} INFO - DAG(s) dict_keys(['example_branch_datetime_operator_2']) retrieved from /home/airflow/.local/lib/python3.6/site-packages/airflow/example_dags/example_branch_datetime_operator.py
[2021-09-26 12:01:43,562] {logging_mixin.py:109} INFO - [2021-09-26 12:01:43,562] {dag.py:1834} INFO - Sync 1 DAGs
[2021-09-26 12:01:43,579] {logging_mixin.py:109} INFO - [2021-09-26 12:01:43,579] {dag.py:2287} INFO - Setting next_dagrun for example_branch_datetime_operator_2 to 2021-09-24 00:00:00+00:00
[2021-09-26 12:01:43,589] {processor.py:170} INFO - Processing /home/airflow/.local/lib/python3.6/site-packages/airflow/example_dags/example_branch_datetime_operator.py took 0.074 seconds
[2021-09-26 12:02:13,656] {processor.py:162} INFO - Started process (PID=5920) to work on /home/airflow/.local/lib/python3.6/site-packages/airflow/example_dags/example_branch_datetime_operator.py
[2021-09-26 12:02:13,660] {processor.py:613} INFO - Processing file /home/airflow/.local/lib/python3.6/site-packages/airflow/example_dags/example_branch_datetime_operator.py for tasks to queue
[2021-09-26 12:02:13,662] {logging_mixin.py:109} INFO - [2021-09-26 12:02:13,662] {dagbag.py:496} INFO - Filling up the DagBag from /home/airflow/.local/lib/python3.6/site-packages/airflow/example_dags/example_branch_datetime_operator.py
[2021-09-26 12:02:13,677] {processor.py:623} INFO - DAG(s) dict_keys(['example_branch_datetime_operator_2']) retrieved from /home/airflow/.local/lib/python3.6/site-packages/airflow/example_dags/example_branch_datetime_operator.py
[2021-09-26 12:02:13,705] {logging_mixin.py:109} INFO - [2021-09-26 12:02:13,704] {dag.py:1834} INFO - Sync 1 DAGs
[2021-09-26 12:02:13,733] {logging_mixin.py:109} INFO - [2021-09-26 12:02:13,733] {dag.py:2287} INFO - Setting next_dagrun for example_branch_datetime_operator_2 to 2021-09-24 00:00:00+00:00
[2021-09-26 12:02:13,749] {processor.py:170} INFO - Processing /home/airflow/.local/lib/python3.6/site-packages/airflow/example_dags/example_branch_datetime_operator.py took 0.098 seconds
[2021-09-26 12:02:44,191] {processor.py:162} INFO - Started process (PID=5986) to work on /home/airflow/.local/lib/python3.6/site-packages/airflow/example_dags/example_branch_datetime_operator.py
[2021-09-26 12:02:44,199] {processor.py:613} INFO - Processing file /home/airflow/.local/lib/python3.6/site-packages/airflow/example_dags/example_branch_datetime_operator.py for tasks to queue
[2021-09-26 12:02:44,201] {logging_mixin.py:109} INFO - [2021-09-26 12:02:44,201] {dagbag.py:496} INFO - Filling up the DagBag from /home/airflow/.local/lib/python3.6/site-packages/airflow/example_dags/example_branch_datetime_operator.py
[2021-09-26 12:02:44,224] {processor.py:623} INFO - DAG(s) dict_keys(['example_branch_datetime_operator_2']) retrieved from /home/airflow/.local/lib/python3.6/site-packages/airflow/example_dags/example_branch_datetime_operator.py
[2021-09-26 12:02:44,254] {logging_mixin.py:109} INFO - [2021-09-26 12:02:44,254] {dag.py:1834} INFO - Sync 1 DAGs
[2021-09-26 12:02:44,290] {logging_mixin.py:109} INFO - [2021-09-26 12:02:44,289] {dag.py:2287} INFO - Setting next_dagrun for example_branch_datetime_operator_2 to 2021-09-24 00:00:00+00:00
[2021-09-26 12:02:44,328] {processor.py:170} INFO - Processing /home/airflow/.local/lib/python3.6/site-packages/airflow/example_dags/example_branch_datetime_operator.py took 0.142 seconds
[2021-09-26 12:03:14,518] {processor.py:162} INFO - Started process (PID=6055) to work on /home/airflow/.local/lib/python3.6/site-packages/airflow/example_dags/example_branch_datetime_operator.py
[2021-09-26 12:03:14,523] {processor.py:613} INFO - Processing file /home/airflow/.local/lib/python3.6/site-packages/airflow/example_dags/example_branch_datetime_operator.py for tasks to queue
[2021-09-26 12:03:14,524] {logging_mixin.py:109} INFO - [2021-09-26 12:03:14,524] {dagbag.py:496} INFO - Filling up the DagBag from /home/airflow/.local/lib/python3.6/site-packages/airflow/example_dags/example_branch_datetime_operator.py
[2021-09-26 12:03:14,538] {processor.py:623} INFO - DAG(s) dict_keys(['example_branch_datetime_operator_2']) retrieved from /home/airflow/.local/lib/python3.6/site-packages/airflow/example_dags/example_branch_datetime_operator.py
[2021-09-26 12:03:14,562] {logging_mixin.py:109} INFO - [2021-09-26 12:03:14,562] {dag.py:1834} INFO - Sync 1 DAGs
[2021-09-26 12:03:14,580] {logging_mixin.py:109} INFO - [2021-09-26 12:03:14,580] {dag.py:2287} INFO - Setting next_dagrun for example_branch_datetime_operator_2 to 2021-09-24 00:00:00+00:00
[2021-09-26 12:03:14,592] {processor.py:170} INFO - Processing /home/airflow/.local/lib/python3.6/site-packages/airflow/example_dags/example_branch_datetime_operator.py took 0.077 seconds
[2021-09-26 12:03:44,815] {processor.py:162} INFO - Started process (PID=6110) to work on /home/airflow/.local/lib/python3.6/site-packages/airflow/example_dags/example_branch_datetime_operator.py
[2021-09-26 12:03:44,819] {processor.py:613} INFO - Processing file /home/airflow/.local/lib/python3.6/site-packages/airflow/example_dags/example_branch_datetime_operator.py for tasks to queue
[2021-09-26 12:03:44,822] {logging_mixin.py:109} INFO - [2021-09-26 12:03:44,822] {dagbag.py:496} INFO - Filling up the DagBag from /home/airflow/.local/lib/python3.6/site-packages/airflow/example_dags/example_branch_datetime_operator.py
[2021-09-26 12:03:44,839] {processor.py:623} INFO - DAG(s) dict_keys(['example_branch_datetime_operator_2']) retrieved from /home/airflow/.local/lib/python3.6/site-packages/airflow/example_dags/example_branch_datetime_operator.py
[2021-09-26 12:03:44,876] {logging_mixin.py:109} INFO - [2021-09-26 12:03:44,876] {dag.py:1834} INFO - Sync 1 DAGs
[2021-09-26 12:03:44,913] {logging_mixin.py:109} INFO - [2021-09-26 12:03:44,913] {dag.py:2287} INFO - Setting next_dagrun for example_branch_datetime_operator_2 to 2021-09-24 00:00:00+00:00
[2021-09-26 12:03:44,936] {processor.py:170} INFO - Processing /home/airflow/.local/lib/python3.6/site-packages/airflow/example_dags/example_branch_datetime_operator.py took 0.127 seconds
[2021-09-26 12:04:15,403] {processor.py:162} INFO - Started process (PID=6178) to work on /home/airflow/.local/lib/python3.6/site-packages/airflow/example_dags/example_branch_datetime_operator.py
[2021-09-26 12:04:15,405] {processor.py:613} INFO - Processing file /home/airflow/.local/lib/python3.6/site-packages/airflow/example_dags/example_branch_datetime_operator.py for tasks to queue
[2021-09-26 12:04:15,407] {logging_mixin.py:109} INFO - [2021-09-26 12:04:15,407] {dagbag.py:496} INFO - Filling up the DagBag from /home/airflow/.local/lib/python3.6/site-packages/airflow/example_dags/example_branch_datetime_operator.py
[2021-09-26 12:04:15,421] {processor.py:623} INFO - DAG(s) dict_keys(['example_branch_datetime_operator_2']) retrieved from /home/airflow/.local/lib/python3.6/site-packages/airflow/example_dags/example_branch_datetime_operator.py
[2021-09-26 12:04:15,445] {logging_mixin.py:109} INFO - [2021-09-26 12:04:15,445] {dag.py:1834} INFO - Sync 1 DAGs
[2021-09-26 12:04:15,463] {logging_mixin.py:109} INFO - [2021-09-26 12:04:15,463] {dag.py:2287} INFO - Setting next_dagrun for example_branch_datetime_operator_2 to 2021-09-24 00:00:00+00:00
[2021-09-26 12:04:15,479] {processor.py:170} INFO - Processing /home/airflow/.local/lib/python3.6/site-packages/airflow/example_dags/example_branch_datetime_operator.py took 0.081 seconds
[2021-09-26 12:04:45,763] {processor.py:162} INFO - Started process (PID=6235) to work on /home/airflow/.local/lib/python3.6/site-packages/airflow/example_dags/example_branch_datetime_operator.py
[2021-09-26 12:04:45,765] {processor.py:613} INFO - Processing file /home/airflow/.local/lib/python3.6/site-packages/airflow/example_dags/example_branch_datetime_operator.py for tasks to queue
[2021-09-26 12:04:45,768] {logging_mixin.py:109} INFO - [2021-09-26 12:04:45,767] {dagbag.py:496} INFO - Filling up the DagBag from /home/airflow/.local/lib/python3.6/site-packages/airflow/example_dags/example_branch_datetime_operator.py
[2021-09-26 12:04:45,786] {processor.py:623} INFO - DAG(s) dict_keys(['example_branch_datetime_operator_2']) retrieved from /home/airflow/.local/lib/python3.6/site-packages/airflow/example_dags/example_branch_datetime_operator.py
[2021-09-26 12:04:45,814] {logging_mixin.py:109} INFO - [2021-09-26 12:04:45,814] {dag.py:1834} INFO - Sync 1 DAGs
[2021-09-26 12:04:45,839] {logging_mixin.py:109} INFO - [2021-09-26 12:04:45,839] {dag.py:2287} INFO - Setting next_dagrun for example_branch_datetime_operator_2 to 2021-09-24 00:00:00+00:00
[2021-09-26 12:04:45,856] {processor.py:170} INFO - Processing /home/airflow/.local/lib/python3.6/site-packages/airflow/example_dags/example_branch_datetime_operator.py took 0.099 seconds
[2021-09-26 12:05:16,034] {processor.py:162} INFO - Started process (PID=6305) to work on /home/airflow/.local/lib/python3.6/site-packages/airflow/example_dags/example_branch_datetime_operator.py
[2021-09-26 12:05:16,037] {processor.py:613} INFO - Processing file /home/airflow/.local/lib/python3.6/site-packages/airflow/example_dags/example_branch_datetime_operator.py for tasks to queue
[2021-09-26 12:05:16,038] {logging_mixin.py:109} INFO - [2021-09-26 12:05:16,038] {dagbag.py:496} INFO - Filling up the DagBag from /home/airflow/.local/lib/python3.6/site-packages/airflow/example_dags/example_branch_datetime_operator.py
[2021-09-26 12:05:16,053] {processor.py:623} INFO - DAG(s) dict_keys(['example_branch_datetime_operator_2']) retrieved from /home/airflow/.local/lib/python3.6/site-packages/airflow/example_dags/example_branch_datetime_operator.py
[2021-09-26 12:05:16,078] {logging_mixin.py:109} INFO - [2021-09-26 12:05:16,077] {dag.py:1834} INFO - Sync 1 DAGs
[2021-09-26 12:05:16,095] {logging_mixin.py:109} INFO - [2021-09-26 12:05:16,095] {dag.py:2287} INFO - Setting next_dagrun for example_branch_datetime_operator_2 to 2021-09-24 00:00:00+00:00
[2021-09-26 12:05:16,106] {processor.py:170} INFO - Processing /home/airflow/.local/lib/python3.6/site-packages/airflow/example_dags/example_branch_datetime_operator.py took 0.077 seconds
