[2021-09-26 11:46:37,559] {processor.py:162} INFO - Started process (PID=3976) to work on /home/airflow/.local/lib/python3.6/site-packages/airflow/example_dags/example_branch_python_dop_operator_3.py
[2021-09-26 11:46:37,562] {processor.py:613} INFO - Processing file /home/airflow/.local/lib/python3.6/site-packages/airflow/example_dags/example_branch_python_dop_operator_3.py for tasks to queue
[2021-09-26 11:46:37,563] {logging_mixin.py:109} INFO - [2021-09-26 11:46:37,563] {dagbag.py:496} INFO - Filling up the DagBag from /home/airflow/.local/lib/python3.6/site-packages/airflow/example_dags/example_branch_python_dop_operator_3.py
[2021-09-26 11:46:37,580] {processor.py:623} INFO - DAG(s) dict_keys(['example_branch_dop_operator_v3']) retrieved from /home/airflow/.local/lib/python3.6/site-packages/airflow/example_dags/example_branch_python_dop_operator_3.py
[2021-09-26 11:46:37,607] {logging_mixin.py:109} INFO - [2021-09-26 11:46:37,606] {dag.py:1834} INFO - Sync 1 DAGs
[2021-09-26 11:46:37,633] {logging_mixin.py:109} INFO - [2021-09-26 11:46:37,633] {dag.py:2287} INFO - Setting next_dagrun for example_branch_dop_operator_v3 to 2021-09-24 00:00:00+00:00
[2021-09-26 11:46:37,645] {processor.py:170} INFO - Processing /home/airflow/.local/lib/python3.6/site-packages/airflow/example_dags/example_branch_python_dop_operator_3.py took 0.089 seconds
[2021-09-26 11:47:08,037] {processor.py:162} INFO - Started process (PID=4041) to work on /home/airflow/.local/lib/python3.6/site-packages/airflow/example_dags/example_branch_python_dop_operator_3.py
[2021-09-26 11:47:08,039] {processor.py:613} INFO - Processing file /home/airflow/.local/lib/python3.6/site-packages/airflow/example_dags/example_branch_python_dop_operator_3.py for tasks to queue
[2021-09-26 11:47:08,041] {logging_mixin.py:109} INFO - [2021-09-26 11:47:08,041] {dagbag.py:496} INFO - Filling up the DagBag from /home/airflow/.local/lib/python3.6/site-packages/airflow/example_dags/example_branch_python_dop_operator_3.py
[2021-09-26 11:47:08,058] {processor.py:623} INFO - DAG(s) dict_keys(['example_branch_dop_operator_v3']) retrieved from /home/airflow/.local/lib/python3.6/site-packages/airflow/example_dags/example_branch_python_dop_operator_3.py
[2021-09-26 11:47:08,087] {logging_mixin.py:109} INFO - [2021-09-26 11:47:08,087] {dag.py:1834} INFO - Sync 1 DAGs
[2021-09-26 11:47:08,116] {logging_mixin.py:109} INFO - [2021-09-26 11:47:08,115] {dag.py:2287} INFO - Setting next_dagrun for example_branch_dop_operator_v3 to 2021-09-24 00:00:00+00:00
[2021-09-26 11:47:08,130] {processor.py:170} INFO - Processing /home/airflow/.local/lib/python3.6/site-packages/airflow/example_dags/example_branch_python_dop_operator_3.py took 0.098 seconds
[2021-09-26 11:47:38,577] {processor.py:162} INFO - Started process (PID=4097) to work on /home/airflow/.local/lib/python3.6/site-packages/airflow/example_dags/example_branch_python_dop_operator_3.py
[2021-09-26 11:47:38,582] {processor.py:613} INFO - Processing file /home/airflow/.local/lib/python3.6/site-packages/airflow/example_dags/example_branch_python_dop_operator_3.py for tasks to queue
[2021-09-26 11:47:38,584] {logging_mixin.py:109} INFO - [2021-09-26 11:47:38,584] {dagbag.py:496} INFO - Filling up the DagBag from /home/airflow/.local/lib/python3.6/site-packages/airflow/example_dags/example_branch_python_dop_operator_3.py
[2021-09-26 11:47:38,608] {processor.py:623} INFO - DAG(s) dict_keys(['example_branch_dop_operator_v3']) retrieved from /home/airflow/.local/lib/python3.6/site-packages/airflow/example_dags/example_branch_python_dop_operator_3.py
[2021-09-26 11:47:38,662] {logging_mixin.py:109} INFO - [2021-09-26 11:47:38,662] {dag.py:1834} INFO - Sync 1 DAGs
[2021-09-26 11:47:38,696] {logging_mixin.py:109} INFO - [2021-09-26 11:47:38,696] {dag.py:2287} INFO - Setting next_dagrun for example_branch_dop_operator_v3 to 2021-09-24 00:00:00+00:00
[2021-09-26 11:47:38,712] {processor.py:170} INFO - Processing /home/airflow/.local/lib/python3.6/site-packages/airflow/example_dags/example_branch_python_dop_operator_3.py took 0.148 seconds
[2021-09-26 11:48:08,966] {processor.py:162} INFO - Started process (PID=4155) to work on /home/airflow/.local/lib/python3.6/site-packages/airflow/example_dags/example_branch_python_dop_operator_3.py
[2021-09-26 11:48:08,970] {processor.py:613} INFO - Processing file /home/airflow/.local/lib/python3.6/site-packages/airflow/example_dags/example_branch_python_dop_operator_3.py for tasks to queue
[2021-09-26 11:48:08,974] {logging_mixin.py:109} INFO - [2021-09-26 11:48:08,974] {dagbag.py:496} INFO - Filling up the DagBag from /home/airflow/.local/lib/python3.6/site-packages/airflow/example_dags/example_branch_python_dop_operator_3.py
[2021-09-26 11:48:09,000] {processor.py:623} INFO - DAG(s) dict_keys(['example_branch_dop_operator_v3']) retrieved from /home/airflow/.local/lib/python3.6/site-packages/airflow/example_dags/example_branch_python_dop_operator_3.py
[2021-09-26 11:48:09,045] {logging_mixin.py:109} INFO - [2021-09-26 11:48:09,045] {dag.py:1834} INFO - Sync 1 DAGs
[2021-09-26 11:48:09,082] {logging_mixin.py:109} INFO - [2021-09-26 11:48:09,082] {dag.py:2287} INFO - Setting next_dagrun for example_branch_dop_operator_v3 to 2021-09-24 00:00:00+00:00
[2021-09-26 11:48:09,099] {processor.py:170} INFO - Processing /home/airflow/.local/lib/python3.6/site-packages/airflow/example_dags/example_branch_python_dop_operator_3.py took 0.139 seconds
[2021-09-26 11:48:39,234] {processor.py:162} INFO - Started process (PID=4225) to work on /home/airflow/.local/lib/python3.6/site-packages/airflow/example_dags/example_branch_python_dop_operator_3.py
[2021-09-26 11:48:39,237] {processor.py:613} INFO - Processing file /home/airflow/.local/lib/python3.6/site-packages/airflow/example_dags/example_branch_python_dop_operator_3.py for tasks to queue
[2021-09-26 11:48:39,238] {logging_mixin.py:109} INFO - [2021-09-26 11:48:39,238] {dagbag.py:496} INFO - Filling up the DagBag from /home/airflow/.local/lib/python3.6/site-packages/airflow/example_dags/example_branch_python_dop_operator_3.py
[2021-09-26 11:48:39,259] {processor.py:623} INFO - DAG(s) dict_keys(['example_branch_dop_operator_v3']) retrieved from /home/airflow/.local/lib/python3.6/site-packages/airflow/example_dags/example_branch_python_dop_operator_3.py
[2021-09-26 11:48:39,293] {logging_mixin.py:109} INFO - [2021-09-26 11:48:39,292] {dag.py:1834} INFO - Sync 1 DAGs
[2021-09-26 11:48:39,324] {logging_mixin.py:109} INFO - [2021-09-26 11:48:39,324] {dag.py:2287} INFO - Setting next_dagrun for example_branch_dop_operator_v3 to 2021-09-24 00:00:00+00:00
[2021-09-26 11:48:39,336] {processor.py:170} INFO - Processing /home/airflow/.local/lib/python3.6/site-packages/airflow/example_dags/example_branch_python_dop_operator_3.py took 0.106 seconds
[2021-09-26 11:49:10,143] {processor.py:162} INFO - Started process (PID=4281) to work on /home/airflow/.local/lib/python3.6/site-packages/airflow/example_dags/example_branch_python_dop_operator_3.py
[2021-09-26 11:49:10,149] {processor.py:613} INFO - Processing file /home/airflow/.local/lib/python3.6/site-packages/airflow/example_dags/example_branch_python_dop_operator_3.py for tasks to queue
[2021-09-26 11:49:10,151] {logging_mixin.py:109} INFO - [2021-09-26 11:49:10,151] {dagbag.py:496} INFO - Filling up the DagBag from /home/airflow/.local/lib/python3.6/site-packages/airflow/example_dags/example_branch_python_dop_operator_3.py
[2021-09-26 11:49:10,178] {processor.py:623} INFO - DAG(s) dict_keys(['example_branch_dop_operator_v3']) retrieved from /home/airflow/.local/lib/python3.6/site-packages/airflow/example_dags/example_branch_python_dop_operator_3.py
[2021-09-26 11:49:10,226] {logging_mixin.py:109} INFO - [2021-09-26 11:49:10,225] {dag.py:1834} INFO - Sync 1 DAGs
[2021-09-26 11:49:10,264] {logging_mixin.py:109} INFO - [2021-09-26 11:49:10,264] {dag.py:2287} INFO - Setting next_dagrun for example_branch_dop_operator_v3 to 2021-09-24 00:00:00+00:00
[2021-09-26 11:49:10,287] {processor.py:170} INFO - Processing /home/airflow/.local/lib/python3.6/site-packages/airflow/example_dags/example_branch_python_dop_operator_3.py took 0.149 seconds
[2021-09-26 11:49:40,732] {processor.py:162} INFO - Started process (PID=4351) to work on /home/airflow/.local/lib/python3.6/site-packages/airflow/example_dags/example_branch_python_dop_operator_3.py
[2021-09-26 11:49:40,737] {processor.py:613} INFO - Processing file /home/airflow/.local/lib/python3.6/site-packages/airflow/example_dags/example_branch_python_dop_operator_3.py for tasks to queue
[2021-09-26 11:49:40,740] {logging_mixin.py:109} INFO - [2021-09-26 11:49:40,739] {dagbag.py:496} INFO - Filling up the DagBag from /home/airflow/.local/lib/python3.6/site-packages/airflow/example_dags/example_branch_python_dop_operator_3.py
[2021-09-26 11:49:40,761] {processor.py:623} INFO - DAG(s) dict_keys(['example_branch_dop_operator_v3']) retrieved from /home/airflow/.local/lib/python3.6/site-packages/airflow/example_dags/example_branch_python_dop_operator_3.py
[2021-09-26 11:49:40,809] {logging_mixin.py:109} INFO - [2021-09-26 11:49:40,809] {dag.py:1834} INFO - Sync 1 DAGs
[2021-09-26 11:49:40,846] {logging_mixin.py:109} INFO - [2021-09-26 11:49:40,845] {dag.py:2287} INFO - Setting next_dagrun for example_branch_dop_operator_v3 to 2021-09-24 00:00:00+00:00
[2021-09-26 11:49:40,858] {processor.py:170} INFO - Processing /home/airflow/.local/lib/python3.6/site-packages/airflow/example_dags/example_branch_python_dop_operator_3.py took 0.134 seconds
[2021-09-26 11:50:11,526] {processor.py:162} INFO - Started process (PID=4420) to work on /home/airflow/.local/lib/python3.6/site-packages/airflow/example_dags/example_branch_python_dop_operator_3.py
[2021-09-26 11:50:11,528] {processor.py:613} INFO - Processing file /home/airflow/.local/lib/python3.6/site-packages/airflow/example_dags/example_branch_python_dop_operator_3.py for tasks to queue
[2021-09-26 11:50:11,529] {logging_mixin.py:109} INFO - [2021-09-26 11:50:11,529] {dagbag.py:496} INFO - Filling up the DagBag from /home/airflow/.local/lib/python3.6/site-packages/airflow/example_dags/example_branch_python_dop_operator_3.py
[2021-09-26 11:50:11,545] {processor.py:623} INFO - DAG(s) dict_keys(['example_branch_dop_operator_v3']) retrieved from /home/airflow/.local/lib/python3.6/site-packages/airflow/example_dags/example_branch_python_dop_operator_3.py
[2021-09-26 11:50:11,578] {logging_mixin.py:109} INFO - [2021-09-26 11:50:11,578] {dag.py:1834} INFO - Sync 1 DAGs
[2021-09-26 11:50:11,610] {logging_mixin.py:109} INFO - [2021-09-26 11:50:11,610] {dag.py:2287} INFO - Setting next_dagrun for example_branch_dop_operator_v3 to 2021-09-24 00:00:00+00:00
[2021-09-26 11:50:11,622] {processor.py:170} INFO - Processing /home/airflow/.local/lib/python3.6/site-packages/airflow/example_dags/example_branch_python_dop_operator_3.py took 0.100 seconds
[2021-09-26 11:50:42,371] {processor.py:162} INFO - Started process (PID=4477) to work on /home/airflow/.local/lib/python3.6/site-packages/airflow/example_dags/example_branch_python_dop_operator_3.py
[2021-09-26 11:50:42,374] {processor.py:613} INFO - Processing file /home/airflow/.local/lib/python3.6/site-packages/airflow/example_dags/example_branch_python_dop_operator_3.py for tasks to queue
[2021-09-26 11:50:42,376] {logging_mixin.py:109} INFO - [2021-09-26 11:50:42,376] {dagbag.py:496} INFO - Filling up the DagBag from /home/airflow/.local/lib/python3.6/site-packages/airflow/example_dags/example_branch_python_dop_operator_3.py
[2021-09-26 11:50:42,403] {processor.py:623} INFO - DAG(s) dict_keys(['example_branch_dop_operator_v3']) retrieved from /home/airflow/.local/lib/python3.6/site-packages/airflow/example_dags/example_branch_python_dop_operator_3.py
[2021-09-26 11:50:42,440] {logging_mixin.py:109} INFO - [2021-09-26 11:50:42,439] {dag.py:1834} INFO - Sync 1 DAGs
[2021-09-26 11:50:42,489] {logging_mixin.py:109} INFO - [2021-09-26 11:50:42,489] {dag.py:2287} INFO - Setting next_dagrun for example_branch_dop_operator_v3 to 2021-09-24 00:00:00+00:00
[2021-09-26 11:50:42,512] {processor.py:170} INFO - Processing /home/airflow/.local/lib/python3.6/site-packages/airflow/example_dags/example_branch_python_dop_operator_3.py took 0.147 seconds
[2021-09-26 11:51:13,138] {processor.py:162} INFO - Started process (PID=4548) to work on /home/airflow/.local/lib/python3.6/site-packages/airflow/example_dags/example_branch_python_dop_operator_3.py
[2021-09-26 11:51:13,142] {processor.py:613} INFO - Processing file /home/airflow/.local/lib/python3.6/site-packages/airflow/example_dags/example_branch_python_dop_operator_3.py for tasks to queue
[2021-09-26 11:51:13,144] {logging_mixin.py:109} INFO - [2021-09-26 11:51:13,143] {dagbag.py:496} INFO - Filling up the DagBag from /home/airflow/.local/lib/python3.6/site-packages/airflow/example_dags/example_branch_python_dop_operator_3.py
[2021-09-26 11:51:13,163] {processor.py:623} INFO - DAG(s) dict_keys(['example_branch_dop_operator_v3']) retrieved from /home/airflow/.local/lib/python3.6/site-packages/airflow/example_dags/example_branch_python_dop_operator_3.py
[2021-09-26 11:51:13,227] {logging_mixin.py:109} INFO - [2021-09-26 11:51:13,227] {dag.py:1834} INFO - Sync 1 DAGs
[2021-09-26 11:51:13,270] {logging_mixin.py:109} INFO - [2021-09-26 11:51:13,270] {dag.py:2287} INFO - Setting next_dagrun for example_branch_dop_operator_v3 to 2021-09-24 00:00:00+00:00
[2021-09-26 11:51:13,294] {processor.py:170} INFO - Processing /home/airflow/.local/lib/python3.6/site-packages/airflow/example_dags/example_branch_python_dop_operator_3.py took 0.162 seconds
[2021-09-26 11:51:43,451] {processor.py:162} INFO - Started process (PID=4607) to work on /home/airflow/.local/lib/python3.6/site-packages/airflow/example_dags/example_branch_python_dop_operator_3.py
[2021-09-26 11:51:43,454] {processor.py:613} INFO - Processing file /home/airflow/.local/lib/python3.6/site-packages/airflow/example_dags/example_branch_python_dop_operator_3.py for tasks to queue
[2021-09-26 11:51:43,456] {logging_mixin.py:109} INFO - [2021-09-26 11:51:43,455] {dagbag.py:496} INFO - Filling up the DagBag from /home/airflow/.local/lib/python3.6/site-packages/airflow/example_dags/example_branch_python_dop_operator_3.py
[2021-09-26 11:51:43,476] {processor.py:623} INFO - DAG(s) dict_keys(['example_branch_dop_operator_v3']) retrieved from /home/airflow/.local/lib/python3.6/site-packages/airflow/example_dags/example_branch_python_dop_operator_3.py
[2021-09-26 11:51:43,509] {logging_mixin.py:109} INFO - [2021-09-26 11:51:43,508] {dag.py:1834} INFO - Sync 1 DAGs
[2021-09-26 11:51:43,541] {logging_mixin.py:109} INFO - [2021-09-26 11:51:43,541] {dag.py:2287} INFO - Setting next_dagrun for example_branch_dop_operator_v3 to 2021-09-24 00:00:00+00:00
[2021-09-26 11:51:43,559] {processor.py:170} INFO - Processing /home/airflow/.local/lib/python3.6/site-packages/airflow/example_dags/example_branch_python_dop_operator_3.py took 0.114 seconds
[2021-09-26 11:52:14,154] {processor.py:162} INFO - Started process (PID=4676) to work on /home/airflow/.local/lib/python3.6/site-packages/airflow/example_dags/example_branch_python_dop_operator_3.py
[2021-09-26 11:52:14,157] {processor.py:613} INFO - Processing file /home/airflow/.local/lib/python3.6/site-packages/airflow/example_dags/example_branch_python_dop_operator_3.py for tasks to queue
[2021-09-26 11:52:14,159] {logging_mixin.py:109} INFO - [2021-09-26 11:52:14,158] {dagbag.py:496} INFO - Filling up the DagBag from /home/airflow/.local/lib/python3.6/site-packages/airflow/example_dags/example_branch_python_dop_operator_3.py
[2021-09-26 11:52:14,175] {processor.py:623} INFO - DAG(s) dict_keys(['example_branch_dop_operator_v3']) retrieved from /home/airflow/.local/lib/python3.6/site-packages/airflow/example_dags/example_branch_python_dop_operator_3.py
[2021-09-26 11:52:14,203] {logging_mixin.py:109} INFO - [2021-09-26 11:52:14,203] {dag.py:1834} INFO - Sync 1 DAGs
[2021-09-26 11:52:14,237] {logging_mixin.py:109} INFO - [2021-09-26 11:52:14,237] {dag.py:2287} INFO - Setting next_dagrun for example_branch_dop_operator_v3 to 2021-09-24 00:00:00+00:00
[2021-09-26 11:52:14,252] {processor.py:170} INFO - Processing /home/airflow/.local/lib/python3.6/site-packages/airflow/example_dags/example_branch_python_dop_operator_3.py took 0.105 seconds
[2021-09-26 11:52:45,149] {processor.py:162} INFO - Started process (PID=4732) to work on /home/airflow/.local/lib/python3.6/site-packages/airflow/example_dags/example_branch_python_dop_operator_3.py
[2021-09-26 11:52:45,158] {processor.py:613} INFO - Processing file /home/airflow/.local/lib/python3.6/site-packages/airflow/example_dags/example_branch_python_dop_operator_3.py for tasks to queue
[2021-09-26 11:52:45,161] {logging_mixin.py:109} INFO - [2021-09-26 11:52:45,161] {dagbag.py:496} INFO - Filling up the DagBag from /home/airflow/.local/lib/python3.6/site-packages/airflow/example_dags/example_branch_python_dop_operator_3.py
[2021-09-26 11:52:45,188] {processor.py:623} INFO - DAG(s) dict_keys(['example_branch_dop_operator_v3']) retrieved from /home/airflow/.local/lib/python3.6/site-packages/airflow/example_dags/example_branch_python_dop_operator_3.py
[2021-09-26 11:52:45,215] {logging_mixin.py:109} INFO - [2021-09-26 11:52:45,215] {dag.py:1834} INFO - Sync 1 DAGs
[2021-09-26 11:52:45,244] {logging_mixin.py:109} INFO - [2021-09-26 11:52:45,244] {dag.py:2287} INFO - Setting next_dagrun for example_branch_dop_operator_v3 to 2021-09-24 00:00:00+00:00
[2021-09-26 11:52:45,257] {processor.py:170} INFO - Processing /home/airflow/.local/lib/python3.6/site-packages/airflow/example_dags/example_branch_python_dop_operator_3.py took 0.112 seconds
[2021-09-26 11:53:15,669] {processor.py:162} INFO - Started process (PID=4802) to work on /home/airflow/.local/lib/python3.6/site-packages/airflow/example_dags/example_branch_python_dop_operator_3.py
[2021-09-26 11:53:15,672] {processor.py:613} INFO - Processing file /home/airflow/.local/lib/python3.6/site-packages/airflow/example_dags/example_branch_python_dop_operator_3.py for tasks to queue
[2021-09-26 11:53:15,674] {logging_mixin.py:109} INFO - [2021-09-26 11:53:15,674] {dagbag.py:496} INFO - Filling up the DagBag from /home/airflow/.local/lib/python3.6/site-packages/airflow/example_dags/example_branch_python_dop_operator_3.py
[2021-09-26 11:53:15,697] {processor.py:623} INFO - DAG(s) dict_keys(['example_branch_dop_operator_v3']) retrieved from /home/airflow/.local/lib/python3.6/site-packages/airflow/example_dags/example_branch_python_dop_operator_3.py
[2021-09-26 11:53:15,741] {logging_mixin.py:109} INFO - [2021-09-26 11:53:15,741] {dag.py:1834} INFO - Sync 1 DAGs
[2021-09-26 11:53:15,767] {logging_mixin.py:109} INFO - [2021-09-26 11:53:15,766] {dag.py:2287} INFO - Setting next_dagrun for example_branch_dop_operator_v3 to 2021-09-24 00:00:00+00:00
[2021-09-26 11:53:15,779] {processor.py:170} INFO - Processing /home/airflow/.local/lib/python3.6/site-packages/airflow/example_dags/example_branch_python_dop_operator_3.py took 0.119 seconds
[2021-09-26 11:53:46,669] {processor.py:162} INFO - Started process (PID=4869) to work on /home/airflow/.local/lib/python3.6/site-packages/airflow/example_dags/example_branch_python_dop_operator_3.py
[2021-09-26 11:53:46,672] {processor.py:613} INFO - Processing file /home/airflow/.local/lib/python3.6/site-packages/airflow/example_dags/example_branch_python_dop_operator_3.py for tasks to queue
[2021-09-26 11:53:46,674] {logging_mixin.py:109} INFO - [2021-09-26 11:53:46,674] {dagbag.py:496} INFO - Filling up the DagBag from /home/airflow/.local/lib/python3.6/site-packages/airflow/example_dags/example_branch_python_dop_operator_3.py
[2021-09-26 11:53:46,696] {processor.py:623} INFO - DAG(s) dict_keys(['example_branch_dop_operator_v3']) retrieved from /home/airflow/.local/lib/python3.6/site-packages/airflow/example_dags/example_branch_python_dop_operator_3.py
[2021-09-26 11:53:46,729] {logging_mixin.py:109} INFO - [2021-09-26 11:53:46,729] {dag.py:1834} INFO - Sync 1 DAGs
[2021-09-26 11:53:46,764] {logging_mixin.py:109} INFO - [2021-09-26 11:53:46,763] {dag.py:2287} INFO - Setting next_dagrun for example_branch_dop_operator_v3 to 2021-09-24 00:00:00+00:00
[2021-09-26 11:53:46,789] {processor.py:170} INFO - Processing /home/airflow/.local/lib/python3.6/site-packages/airflow/example_dags/example_branch_python_dop_operator_3.py took 0.126 seconds
[2021-09-26 11:54:17,076] {processor.py:162} INFO - Started process (PID=4926) to work on /home/airflow/.local/lib/python3.6/site-packages/airflow/example_dags/example_branch_python_dop_operator_3.py
[2021-09-26 11:54:17,085] {processor.py:613} INFO - Processing file /home/airflow/.local/lib/python3.6/site-packages/airflow/example_dags/example_branch_python_dop_operator_3.py for tasks to queue
[2021-09-26 11:54:17,087] {logging_mixin.py:109} INFO - [2021-09-26 11:54:17,087] {dagbag.py:496} INFO - Filling up the DagBag from /home/airflow/.local/lib/python3.6/site-packages/airflow/example_dags/example_branch_python_dop_operator_3.py
[2021-09-26 11:54:17,111] {processor.py:623} INFO - DAG(s) dict_keys(['example_branch_dop_operator_v3']) retrieved from /home/airflow/.local/lib/python3.6/site-packages/airflow/example_dags/example_branch_python_dop_operator_3.py
[2021-09-26 11:54:17,151] {logging_mixin.py:109} INFO - [2021-09-26 11:54:17,151] {dag.py:1834} INFO - Sync 1 DAGs
[2021-09-26 11:54:17,197] {logging_mixin.py:109} INFO - [2021-09-26 11:54:17,197] {dag.py:2287} INFO - Setting next_dagrun for example_branch_dop_operator_v3 to 2021-09-24 00:00:00+00:00
[2021-09-26 11:54:17,215] {processor.py:170} INFO - Processing /home/airflow/.local/lib/python3.6/site-packages/airflow/example_dags/example_branch_python_dop_operator_3.py took 0.157 seconds
[2021-09-26 11:54:47,850] {processor.py:162} INFO - Started process (PID=4993) to work on /home/airflow/.local/lib/python3.6/site-packages/airflow/example_dags/example_branch_python_dop_operator_3.py
[2021-09-26 11:54:47,856] {processor.py:613} INFO - Processing file /home/airflow/.local/lib/python3.6/site-packages/airflow/example_dags/example_branch_python_dop_operator_3.py for tasks to queue
[2021-09-26 11:54:47,859] {logging_mixin.py:109} INFO - [2021-09-26 11:54:47,859] {dagbag.py:496} INFO - Filling up the DagBag from /home/airflow/.local/lib/python3.6/site-packages/airflow/example_dags/example_branch_python_dop_operator_3.py
[2021-09-26 11:54:47,894] {processor.py:623} INFO - DAG(s) dict_keys(['example_branch_dop_operator_v3']) retrieved from /home/airflow/.local/lib/python3.6/site-packages/airflow/example_dags/example_branch_python_dop_operator_3.py
[2021-09-26 11:54:47,945] {logging_mixin.py:109} INFO - [2021-09-26 11:54:47,945] {dag.py:1834} INFO - Sync 1 DAGs
[2021-09-26 11:54:48,017] {logging_mixin.py:109} INFO - [2021-09-26 11:54:48,017] {dag.py:2287} INFO - Setting next_dagrun for example_branch_dop_operator_v3 to 2021-09-24 00:00:00+00:00
[2021-09-26 11:54:48,070] {processor.py:170} INFO - Processing /home/airflow/.local/lib/python3.6/site-packages/airflow/example_dags/example_branch_python_dop_operator_3.py took 0.232 seconds
[2021-09-26 11:55:18,194] {processor.py:162} INFO - Started process (PID=5051) to work on /home/airflow/.local/lib/python3.6/site-packages/airflow/example_dags/example_branch_python_dop_operator_3.py
[2021-09-26 11:55:18,197] {processor.py:613} INFO - Processing file /home/airflow/.local/lib/python3.6/site-packages/airflow/example_dags/example_branch_python_dop_operator_3.py for tasks to queue
[2021-09-26 11:55:18,200] {logging_mixin.py:109} INFO - [2021-09-26 11:55:18,199] {dagbag.py:496} INFO - Filling up the DagBag from /home/airflow/.local/lib/python3.6/site-packages/airflow/example_dags/example_branch_python_dop_operator_3.py
[2021-09-26 11:55:18,220] {processor.py:623} INFO - DAG(s) dict_keys(['example_branch_dop_operator_v3']) retrieved from /home/airflow/.local/lib/python3.6/site-packages/airflow/example_dags/example_branch_python_dop_operator_3.py
[2021-09-26 11:55:18,255] {logging_mixin.py:109} INFO - [2021-09-26 11:55:18,255] {dag.py:1834} INFO - Sync 1 DAGs
[2021-09-26 11:55:18,290] {logging_mixin.py:109} INFO - [2021-09-26 11:55:18,290] {dag.py:2287} INFO - Setting next_dagrun for example_branch_dop_operator_v3 to 2021-09-24 00:00:00+00:00
[2021-09-26 11:55:18,332] {processor.py:170} INFO - Processing /home/airflow/.local/lib/python3.6/site-packages/airflow/example_dags/example_branch_python_dop_operator_3.py took 0.144 seconds
[2021-09-26 11:55:48,423] {processor.py:162} INFO - Started process (PID=5120) to work on /home/airflow/.local/lib/python3.6/site-packages/airflow/example_dags/example_branch_python_dop_operator_3.py
[2021-09-26 11:55:48,427] {processor.py:613} INFO - Processing file /home/airflow/.local/lib/python3.6/site-packages/airflow/example_dags/example_branch_python_dop_operator_3.py for tasks to queue
[2021-09-26 11:55:48,429] {logging_mixin.py:109} INFO - [2021-09-26 11:55:48,429] {dagbag.py:496} INFO - Filling up the DagBag from /home/airflow/.local/lib/python3.6/site-packages/airflow/example_dags/example_branch_python_dop_operator_3.py
[2021-09-26 11:55:48,446] {processor.py:623} INFO - DAG(s) dict_keys(['example_branch_dop_operator_v3']) retrieved from /home/airflow/.local/lib/python3.6/site-packages/airflow/example_dags/example_branch_python_dop_operator_3.py
[2021-09-26 11:55:48,476] {logging_mixin.py:109} INFO - [2021-09-26 11:55:48,476] {dag.py:1834} INFO - Sync 1 DAGs
[2021-09-26 11:55:48,501] {logging_mixin.py:109} INFO - [2021-09-26 11:55:48,501] {dag.py:2287} INFO - Setting next_dagrun for example_branch_dop_operator_v3 to 2021-09-24 00:00:00+00:00
[2021-09-26 11:55:48,513] {processor.py:170} INFO - Processing /home/airflow/.local/lib/python3.6/site-packages/airflow/example_dags/example_branch_python_dop_operator_3.py took 0.094 seconds
[2021-09-26 11:56:18,738] {processor.py:162} INFO - Started process (PID=5178) to work on /home/airflow/.local/lib/python3.6/site-packages/airflow/example_dags/example_branch_python_dop_operator_3.py
[2021-09-26 11:56:18,742] {processor.py:613} INFO - Processing file /home/airflow/.local/lib/python3.6/site-packages/airflow/example_dags/example_branch_python_dop_operator_3.py for tasks to queue
[2021-09-26 11:56:18,745] {logging_mixin.py:109} INFO - [2021-09-26 11:56:18,745] {dagbag.py:496} INFO - Filling up the DagBag from /home/airflow/.local/lib/python3.6/site-packages/airflow/example_dags/example_branch_python_dop_operator_3.py
[2021-09-26 11:56:18,764] {processor.py:623} INFO - DAG(s) dict_keys(['example_branch_dop_operator_v3']) retrieved from /home/airflow/.local/lib/python3.6/site-packages/airflow/example_dags/example_branch_python_dop_operator_3.py
[2021-09-26 11:56:18,794] {logging_mixin.py:109} INFO - [2021-09-26 11:56:18,793] {dag.py:1834} INFO - Sync 1 DAGs
[2021-09-26 11:56:18,825] {logging_mixin.py:109} INFO - [2021-09-26 11:56:18,825] {dag.py:2287} INFO - Setting next_dagrun for example_branch_dop_operator_v3 to 2021-09-24 00:00:00+00:00
[2021-09-26 11:56:18,837] {processor.py:170} INFO - Processing /home/airflow/.local/lib/python3.6/site-packages/airflow/example_dags/example_branch_python_dop_operator_3.py took 0.107 seconds
[2021-09-26 11:56:49,221] {processor.py:162} INFO - Started process (PID=5245) to work on /home/airflow/.local/lib/python3.6/site-packages/airflow/example_dags/example_branch_python_dop_operator_3.py
[2021-09-26 11:56:49,223] {processor.py:613} INFO - Processing file /home/airflow/.local/lib/python3.6/site-packages/airflow/example_dags/example_branch_python_dop_operator_3.py for tasks to queue
[2021-09-26 11:56:49,225] {logging_mixin.py:109} INFO - [2021-09-26 11:56:49,225] {dagbag.py:496} INFO - Filling up the DagBag from /home/airflow/.local/lib/python3.6/site-packages/airflow/example_dags/example_branch_python_dop_operator_3.py
[2021-09-26 11:56:49,242] {processor.py:623} INFO - DAG(s) dict_keys(['example_branch_dop_operator_v3']) retrieved from /home/airflow/.local/lib/python3.6/site-packages/airflow/example_dags/example_branch_python_dop_operator_3.py
[2021-09-26 11:56:49,268] {logging_mixin.py:109} INFO - [2021-09-26 11:56:49,268] {dag.py:1834} INFO - Sync 1 DAGs
[2021-09-26 11:56:49,301] {logging_mixin.py:109} INFO - [2021-09-26 11:56:49,300] {dag.py:2287} INFO - Setting next_dagrun for example_branch_dop_operator_v3 to 2021-09-24 00:00:00+00:00
[2021-09-26 11:56:49,321] {processor.py:170} INFO - Processing /home/airflow/.local/lib/python3.6/site-packages/airflow/example_dags/example_branch_python_dop_operator_3.py took 0.105 seconds
[2021-09-26 11:57:19,701] {processor.py:162} INFO - Started process (PID=5302) to work on /home/airflow/.local/lib/python3.6/site-packages/airflow/example_dags/example_branch_python_dop_operator_3.py
[2021-09-26 11:57:19,706] {processor.py:613} INFO - Processing file /home/airflow/.local/lib/python3.6/site-packages/airflow/example_dags/example_branch_python_dop_operator_3.py for tasks to queue
[2021-09-26 11:57:19,708] {logging_mixin.py:109} INFO - [2021-09-26 11:57:19,708] {dagbag.py:496} INFO - Filling up the DagBag from /home/airflow/.local/lib/python3.6/site-packages/airflow/example_dags/example_branch_python_dop_operator_3.py
[2021-09-26 11:57:19,744] {processor.py:623} INFO - DAG(s) dict_keys(['example_branch_dop_operator_v3']) retrieved from /home/airflow/.local/lib/python3.6/site-packages/airflow/example_dags/example_branch_python_dop_operator_3.py
[2021-09-26 11:57:19,788] {logging_mixin.py:109} INFO - [2021-09-26 11:57:19,788] {dag.py:1834} INFO - Sync 1 DAGs
[2021-09-26 11:57:19,817] {logging_mixin.py:109} INFO - [2021-09-26 11:57:19,816] {dag.py:2287} INFO - Setting next_dagrun for example_branch_dop_operator_v3 to 2021-09-24 00:00:00+00:00
[2021-09-26 11:57:19,829] {processor.py:170} INFO - Processing /home/airflow/.local/lib/python3.6/site-packages/airflow/example_dags/example_branch_python_dop_operator_3.py took 0.132 seconds
[2021-09-26 11:57:50,337] {processor.py:162} INFO - Started process (PID=5369) to work on /home/airflow/.local/lib/python3.6/site-packages/airflow/example_dags/example_branch_python_dop_operator_3.py
[2021-09-26 11:57:50,340] {processor.py:613} INFO - Processing file /home/airflow/.local/lib/python3.6/site-packages/airflow/example_dags/example_branch_python_dop_operator_3.py for tasks to queue
[2021-09-26 11:57:50,341] {logging_mixin.py:109} INFO - [2021-09-26 11:57:50,341] {dagbag.py:496} INFO - Filling up the DagBag from /home/airflow/.local/lib/python3.6/site-packages/airflow/example_dags/example_branch_python_dop_operator_3.py
[2021-09-26 11:57:50,358] {processor.py:623} INFO - DAG(s) dict_keys(['example_branch_dop_operator_v3']) retrieved from /home/airflow/.local/lib/python3.6/site-packages/airflow/example_dags/example_branch_python_dop_operator_3.py
[2021-09-26 11:57:50,384] {logging_mixin.py:109} INFO - [2021-09-26 11:57:50,384] {dag.py:1834} INFO - Sync 1 DAGs
[2021-09-26 11:57:50,417] {logging_mixin.py:109} INFO - [2021-09-26 11:57:50,417] {dag.py:2287} INFO - Setting next_dagrun for example_branch_dop_operator_v3 to 2021-09-24 00:00:00+00:00
[2021-09-26 11:57:50,429] {processor.py:170} INFO - Processing /home/airflow/.local/lib/python3.6/site-packages/airflow/example_dags/example_branch_python_dop_operator_3.py took 0.098 seconds
[2021-09-26 11:58:20,606] {processor.py:162} INFO - Started process (PID=5439) to work on /home/airflow/.local/lib/python3.6/site-packages/airflow/example_dags/example_branch_python_dop_operator_3.py
[2021-09-26 11:58:20,610] {processor.py:613} INFO - Processing file /home/airflow/.local/lib/python3.6/site-packages/airflow/example_dags/example_branch_python_dop_operator_3.py for tasks to queue
[2021-09-26 11:58:20,613] {logging_mixin.py:109} INFO - [2021-09-26 11:58:20,613] {dagbag.py:496} INFO - Filling up the DagBag from /home/airflow/.local/lib/python3.6/site-packages/airflow/example_dags/example_branch_python_dop_operator_3.py
[2021-09-26 11:58:20,637] {processor.py:623} INFO - DAG(s) dict_keys(['example_branch_dop_operator_v3']) retrieved from /home/airflow/.local/lib/python3.6/site-packages/airflow/example_dags/example_branch_python_dop_operator_3.py
[2021-09-26 11:58:20,674] {logging_mixin.py:109} INFO - [2021-09-26 11:58:20,674] {dag.py:1834} INFO - Sync 1 DAGs
[2021-09-26 11:58:20,720] {logging_mixin.py:109} INFO - [2021-09-26 11:58:20,720] {dag.py:2287} INFO - Setting next_dagrun for example_branch_dop_operator_v3 to 2021-09-24 00:00:00+00:00
[2021-09-26 11:58:20,740] {processor.py:170} INFO - Processing /home/airflow/.local/lib/python3.6/site-packages/airflow/example_dags/example_branch_python_dop_operator_3.py took 0.139 seconds
[2021-09-26 11:58:50,921] {processor.py:162} INFO - Started process (PID=5497) to work on /home/airflow/.local/lib/python3.6/site-packages/airflow/example_dags/example_branch_python_dop_operator_3.py
[2021-09-26 11:58:50,924] {processor.py:613} INFO - Processing file /home/airflow/.local/lib/python3.6/site-packages/airflow/example_dags/example_branch_python_dop_operator_3.py for tasks to queue
[2021-09-26 11:58:50,926] {logging_mixin.py:109} INFO - [2021-09-26 11:58:50,926] {dagbag.py:496} INFO - Filling up the DagBag from /home/airflow/.local/lib/python3.6/site-packages/airflow/example_dags/example_branch_python_dop_operator_3.py
[2021-09-26 11:58:50,947] {processor.py:623} INFO - DAG(s) dict_keys(['example_branch_dop_operator_v3']) retrieved from /home/airflow/.local/lib/python3.6/site-packages/airflow/example_dags/example_branch_python_dop_operator_3.py
[2021-09-26 11:58:50,973] {logging_mixin.py:109} INFO - [2021-09-26 11:58:50,973] {dag.py:1834} INFO - Sync 1 DAGs
[2021-09-26 11:58:51,005] {logging_mixin.py:109} INFO - [2021-09-26 11:58:51,005] {dag.py:2287} INFO - Setting next_dagrun for example_branch_dop_operator_v3 to 2021-09-24 00:00:00+00:00
[2021-09-26 11:58:51,019] {processor.py:170} INFO - Processing /home/airflow/.local/lib/python3.6/site-packages/airflow/example_dags/example_branch_python_dop_operator_3.py took 0.103 seconds
[2021-09-26 11:59:21,606] {processor.py:162} INFO - Started process (PID=5566) to work on /home/airflow/.local/lib/python3.6/site-packages/airflow/example_dags/example_branch_python_dop_operator_3.py
[2021-09-26 11:59:21,609] {processor.py:613} INFO - Processing file /home/airflow/.local/lib/python3.6/site-packages/airflow/example_dags/example_branch_python_dop_operator_3.py for tasks to queue
[2021-09-26 11:59:21,611] {logging_mixin.py:109} INFO - [2021-09-26 11:59:21,611] {dagbag.py:496} INFO - Filling up the DagBag from /home/airflow/.local/lib/python3.6/site-packages/airflow/example_dags/example_branch_python_dop_operator_3.py
[2021-09-26 11:59:21,629] {processor.py:623} INFO - DAG(s) dict_keys(['example_branch_dop_operator_v3']) retrieved from /home/airflow/.local/lib/python3.6/site-packages/airflow/example_dags/example_branch_python_dop_operator_3.py
[2021-09-26 11:59:21,660] {logging_mixin.py:109} INFO - [2021-09-26 11:59:21,660] {dag.py:1834} INFO - Sync 1 DAGs
[2021-09-26 11:59:21,686] {logging_mixin.py:109} INFO - [2021-09-26 11:59:21,686] {dag.py:2287} INFO - Setting next_dagrun for example_branch_dop_operator_v3 to 2021-09-24 00:00:00+00:00
[2021-09-26 11:59:21,699] {processor.py:170} INFO - Processing /home/airflow/.local/lib/python3.6/site-packages/airflow/example_dags/example_branch_python_dop_operator_3.py took 0.098 seconds
[2021-09-26 11:59:51,945] {processor.py:162} INFO - Started process (PID=5623) to work on /home/airflow/.local/lib/python3.6/site-packages/airflow/example_dags/example_branch_python_dop_operator_3.py
[2021-09-26 11:59:51,947] {processor.py:613} INFO - Processing file /home/airflow/.local/lib/python3.6/site-packages/airflow/example_dags/example_branch_python_dop_operator_3.py for tasks to queue
[2021-09-26 11:59:51,949] {logging_mixin.py:109} INFO - [2021-09-26 11:59:51,949] {dagbag.py:496} INFO - Filling up the DagBag from /home/airflow/.local/lib/python3.6/site-packages/airflow/example_dags/example_branch_python_dop_operator_3.py
[2021-09-26 11:59:51,966] {processor.py:623} INFO - DAG(s) dict_keys(['example_branch_dop_operator_v3']) retrieved from /home/airflow/.local/lib/python3.6/site-packages/airflow/example_dags/example_branch_python_dop_operator_3.py
[2021-09-26 11:59:51,998] {logging_mixin.py:109} INFO - [2021-09-26 11:59:51,997] {dag.py:1834} INFO - Sync 1 DAGs
[2021-09-26 11:59:52,025] {logging_mixin.py:109} INFO - [2021-09-26 11:59:52,024] {dag.py:2287} INFO - Setting next_dagrun for example_branch_dop_operator_v3 to 2021-09-24 00:00:00+00:00
[2021-09-26 11:59:52,042] {processor.py:170} INFO - Processing /home/airflow/.local/lib/python3.6/site-packages/airflow/example_dags/example_branch_python_dop_operator_3.py took 0.103 seconds
[2021-09-26 12:00:22,606] {processor.py:162} INFO - Started process (PID=5692) to work on /home/airflow/.local/lib/python3.6/site-packages/airflow/example_dags/example_branch_python_dop_operator_3.py
[2021-09-26 12:00:22,609] {processor.py:613} INFO - Processing file /home/airflow/.local/lib/python3.6/site-packages/airflow/example_dags/example_branch_python_dop_operator_3.py for tasks to queue
[2021-09-26 12:00:22,611] {logging_mixin.py:109} INFO - [2021-09-26 12:00:22,611] {dagbag.py:496} INFO - Filling up the DagBag from /home/airflow/.local/lib/python3.6/site-packages/airflow/example_dags/example_branch_python_dop_operator_3.py
[2021-09-26 12:00:22,626] {processor.py:623} INFO - DAG(s) dict_keys(['example_branch_dop_operator_v3']) retrieved from /home/airflow/.local/lib/python3.6/site-packages/airflow/example_dags/example_branch_python_dop_operator_3.py
[2021-09-26 12:00:22,652] {logging_mixin.py:109} INFO - [2021-09-26 12:00:22,652] {dag.py:1834} INFO - Sync 1 DAGs
[2021-09-26 12:00:22,678] {logging_mixin.py:109} INFO - [2021-09-26 12:00:22,678] {dag.py:2287} INFO - Setting next_dagrun for example_branch_dop_operator_v3 to 2021-09-24 00:00:00+00:00
[2021-09-26 12:00:22,691] {processor.py:170} INFO - Processing /home/airflow/.local/lib/python3.6/site-packages/airflow/example_dags/example_branch_python_dop_operator_3.py took 0.091 seconds
[2021-09-26 12:00:52,970] {processor.py:162} INFO - Started process (PID=5760) to work on /home/airflow/.local/lib/python3.6/site-packages/airflow/example_dags/example_branch_python_dop_operator_3.py
[2021-09-26 12:00:52,973] {processor.py:613} INFO - Processing file /home/airflow/.local/lib/python3.6/site-packages/airflow/example_dags/example_branch_python_dop_operator_3.py for tasks to queue
[2021-09-26 12:00:52,974] {logging_mixin.py:109} INFO - [2021-09-26 12:00:52,974] {dagbag.py:496} INFO - Filling up the DagBag from /home/airflow/.local/lib/python3.6/site-packages/airflow/example_dags/example_branch_python_dop_operator_3.py
[2021-09-26 12:00:52,994] {processor.py:623} INFO - DAG(s) dict_keys(['example_branch_dop_operator_v3']) retrieved from /home/airflow/.local/lib/python3.6/site-packages/airflow/example_dags/example_branch_python_dop_operator_3.py
[2021-09-26 12:00:53,026] {logging_mixin.py:109} INFO - [2021-09-26 12:00:53,025] {dag.py:1834} INFO - Sync 1 DAGs
[2021-09-26 12:00:53,057] {logging_mixin.py:109} INFO - [2021-09-26 12:00:53,057] {dag.py:2287} INFO - Setting next_dagrun for example_branch_dop_operator_v3 to 2021-09-24 00:00:00+00:00
[2021-09-26 12:00:53,071] {processor.py:170} INFO - Processing /home/airflow/.local/lib/python3.6/site-packages/airflow/example_dags/example_branch_python_dop_operator_3.py took 0.105 seconds
[2021-09-26 12:01:23,450] {processor.py:162} INFO - Started process (PID=5817) to work on /home/airflow/.local/lib/python3.6/site-packages/airflow/example_dags/example_branch_python_dop_operator_3.py
[2021-09-26 12:01:23,452] {processor.py:613} INFO - Processing file /home/airflow/.local/lib/python3.6/site-packages/airflow/example_dags/example_branch_python_dop_operator_3.py for tasks to queue
[2021-09-26 12:01:23,454] {logging_mixin.py:109} INFO - [2021-09-26 12:01:23,454] {dagbag.py:496} INFO - Filling up the DagBag from /home/airflow/.local/lib/python3.6/site-packages/airflow/example_dags/example_branch_python_dop_operator_3.py
[2021-09-26 12:01:23,470] {processor.py:623} INFO - DAG(s) dict_keys(['example_branch_dop_operator_v3']) retrieved from /home/airflow/.local/lib/python3.6/site-packages/airflow/example_dags/example_branch_python_dop_operator_3.py
[2021-09-26 12:01:23,493] {logging_mixin.py:109} INFO - [2021-09-26 12:01:23,493] {dag.py:1834} INFO - Sync 1 DAGs
[2021-09-26 12:01:23,516] {logging_mixin.py:109} INFO - [2021-09-26 12:01:23,516] {dag.py:2287} INFO - Setting next_dagrun for example_branch_dop_operator_v3 to 2021-09-24 00:00:00+00:00
[2021-09-26 12:01:23,529] {processor.py:170} INFO - Processing /home/airflow/.local/lib/python3.6/site-packages/airflow/example_dags/example_branch_python_dop_operator_3.py took 0.084 seconds
[2021-09-26 12:01:54,445] {processor.py:162} INFO - Started process (PID=5887) to work on /home/airflow/.local/lib/python3.6/site-packages/airflow/example_dags/example_branch_python_dop_operator_3.py
[2021-09-26 12:01:54,449] {processor.py:613} INFO - Processing file /home/airflow/.local/lib/python3.6/site-packages/airflow/example_dags/example_branch_python_dop_operator_3.py for tasks to queue
[2021-09-26 12:01:54,451] {logging_mixin.py:109} INFO - [2021-09-26 12:01:54,451] {dagbag.py:496} INFO - Filling up the DagBag from /home/airflow/.local/lib/python3.6/site-packages/airflow/example_dags/example_branch_python_dop_operator_3.py
[2021-09-26 12:01:54,466] {processor.py:623} INFO - DAG(s) dict_keys(['example_branch_dop_operator_v3']) retrieved from /home/airflow/.local/lib/python3.6/site-packages/airflow/example_dags/example_branch_python_dop_operator_3.py
[2021-09-26 12:01:54,489] {logging_mixin.py:109} INFO - [2021-09-26 12:01:54,489] {dag.py:1834} INFO - Sync 1 DAGs
[2021-09-26 12:01:54,513] {logging_mixin.py:109} INFO - [2021-09-26 12:01:54,513] {dag.py:2287} INFO - Setting next_dagrun for example_branch_dop_operator_v3 to 2021-09-24 00:00:00+00:00
[2021-09-26 12:01:54,528] {processor.py:170} INFO - Processing /home/airflow/.local/lib/python3.6/site-packages/airflow/example_dags/example_branch_python_dop_operator_3.py took 0.088 seconds
[2021-09-26 12:02:25,461] {processor.py:162} INFO - Started process (PID=5943) to work on /home/airflow/.local/lib/python3.6/site-packages/airflow/example_dags/example_branch_python_dop_operator_3.py
[2021-09-26 12:02:25,463] {processor.py:613} INFO - Processing file /home/airflow/.local/lib/python3.6/site-packages/airflow/example_dags/example_branch_python_dop_operator_3.py for tasks to queue
[2021-09-26 12:02:25,465] {logging_mixin.py:109} INFO - [2021-09-26 12:02:25,465] {dagbag.py:496} INFO - Filling up the DagBag from /home/airflow/.local/lib/python3.6/site-packages/airflow/example_dags/example_branch_python_dop_operator_3.py
[2021-09-26 12:02:25,481] {processor.py:623} INFO - DAG(s) dict_keys(['example_branch_dop_operator_v3']) retrieved from /home/airflow/.local/lib/python3.6/site-packages/airflow/example_dags/example_branch_python_dop_operator_3.py
[2021-09-26 12:02:25,507] {logging_mixin.py:109} INFO - [2021-09-26 12:02:25,507] {dag.py:1834} INFO - Sync 1 DAGs
[2021-09-26 12:02:25,553] {logging_mixin.py:109} INFO - [2021-09-26 12:02:25,553] {dag.py:2287} INFO - Setting next_dagrun for example_branch_dop_operator_v3 to 2021-09-24 00:00:00+00:00
[2021-09-26 12:02:25,573] {processor.py:170} INFO - Processing /home/airflow/.local/lib/python3.6/site-packages/airflow/example_dags/example_branch_python_dop_operator_3.py took 0.117 seconds
[2021-09-26 12:02:55,926] {processor.py:162} INFO - Started process (PID=6012) to work on /home/airflow/.local/lib/python3.6/site-packages/airflow/example_dags/example_branch_python_dop_operator_3.py
[2021-09-26 12:02:55,928] {processor.py:613} INFO - Processing file /home/airflow/.local/lib/python3.6/site-packages/airflow/example_dags/example_branch_python_dop_operator_3.py for tasks to queue
[2021-09-26 12:02:55,930] {logging_mixin.py:109} INFO - [2021-09-26 12:02:55,930] {dagbag.py:496} INFO - Filling up the DagBag from /home/airflow/.local/lib/python3.6/site-packages/airflow/example_dags/example_branch_python_dop_operator_3.py
[2021-09-26 12:02:55,946] {processor.py:623} INFO - DAG(s) dict_keys(['example_branch_dop_operator_v3']) retrieved from /home/airflow/.local/lib/python3.6/site-packages/airflow/example_dags/example_branch_python_dop_operator_3.py
[2021-09-26 12:02:55,979] {logging_mixin.py:109} INFO - [2021-09-26 12:02:55,979] {dag.py:1834} INFO - Sync 1 DAGs
[2021-09-26 12:02:56,005] {logging_mixin.py:109} INFO - [2021-09-26 12:02:56,005] {dag.py:2287} INFO - Setting next_dagrun for example_branch_dop_operator_v3 to 2021-09-24 00:00:00+00:00
[2021-09-26 12:02:56,020] {processor.py:170} INFO - Processing /home/airflow/.local/lib/python3.6/site-packages/airflow/example_dags/example_branch_python_dop_operator_3.py took 0.099 seconds
[2021-09-26 12:03:26,255] {processor.py:162} INFO - Started process (PID=6079) to work on /home/airflow/.local/lib/python3.6/site-packages/airflow/example_dags/example_branch_python_dop_operator_3.py
[2021-09-26 12:03:26,259] {processor.py:613} INFO - Processing file /home/airflow/.local/lib/python3.6/site-packages/airflow/example_dags/example_branch_python_dop_operator_3.py for tasks to queue
[2021-09-26 12:03:26,262] {logging_mixin.py:109} INFO - [2021-09-26 12:03:26,261] {dagbag.py:496} INFO - Filling up the DagBag from /home/airflow/.local/lib/python3.6/site-packages/airflow/example_dags/example_branch_python_dop_operator_3.py
[2021-09-26 12:03:26,290] {processor.py:623} INFO - DAG(s) dict_keys(['example_branch_dop_operator_v3']) retrieved from /home/airflow/.local/lib/python3.6/site-packages/airflow/example_dags/example_branch_python_dop_operator_3.py
[2021-09-26 12:03:26,341] {logging_mixin.py:109} INFO - [2021-09-26 12:03:26,341] {dag.py:1834} INFO - Sync 1 DAGs
[2021-09-26 12:03:26,388] {logging_mixin.py:109} INFO - [2021-09-26 12:03:26,388] {dag.py:2287} INFO - Setting next_dagrun for example_branch_dop_operator_v3 to 2021-09-24 00:00:00+00:00
[2021-09-26 12:03:26,400] {processor.py:170} INFO - Processing /home/airflow/.local/lib/python3.6/site-packages/airflow/example_dags/example_branch_python_dop_operator_3.py took 0.157 seconds
[2021-09-26 12:03:56,837] {processor.py:162} INFO - Started process (PID=6136) to work on /home/airflow/.local/lib/python3.6/site-packages/airflow/example_dags/example_branch_python_dop_operator_3.py
[2021-09-26 12:03:56,839] {processor.py:613} INFO - Processing file /home/airflow/.local/lib/python3.6/site-packages/airflow/example_dags/example_branch_python_dop_operator_3.py for tasks to queue
[2021-09-26 12:03:56,841] {logging_mixin.py:109} INFO - [2021-09-26 12:03:56,841] {dagbag.py:496} INFO - Filling up the DagBag from /home/airflow/.local/lib/python3.6/site-packages/airflow/example_dags/example_branch_python_dop_operator_3.py
[2021-09-26 12:03:56,858] {processor.py:623} INFO - DAG(s) dict_keys(['example_branch_dop_operator_v3']) retrieved from /home/airflow/.local/lib/python3.6/site-packages/airflow/example_dags/example_branch_python_dop_operator_3.py
[2021-09-26 12:03:56,901] {logging_mixin.py:109} INFO - [2021-09-26 12:03:56,901] {dag.py:1834} INFO - Sync 1 DAGs
[2021-09-26 12:03:56,936] {logging_mixin.py:109} INFO - [2021-09-26 12:03:56,936] {dag.py:2287} INFO - Setting next_dagrun for example_branch_dop_operator_v3 to 2021-09-24 00:00:00+00:00
[2021-09-26 12:03:56,949] {processor.py:170} INFO - Processing /home/airflow/.local/lib/python3.6/site-packages/airflow/example_dags/example_branch_python_dop_operator_3.py took 0.117 seconds
[2021-09-26 12:04:27,303] {processor.py:162} INFO - Started process (PID=6206) to work on /home/airflow/.local/lib/python3.6/site-packages/airflow/example_dags/example_branch_python_dop_operator_3.py
[2021-09-26 12:04:27,305] {processor.py:613} INFO - Processing file /home/airflow/.local/lib/python3.6/site-packages/airflow/example_dags/example_branch_python_dop_operator_3.py for tasks to queue
[2021-09-26 12:04:27,307] {logging_mixin.py:109} INFO - [2021-09-26 12:04:27,306] {dagbag.py:496} INFO - Filling up the DagBag from /home/airflow/.local/lib/python3.6/site-packages/airflow/example_dags/example_branch_python_dop_operator_3.py
[2021-09-26 12:04:27,324] {processor.py:623} INFO - DAG(s) dict_keys(['example_branch_dop_operator_v3']) retrieved from /home/airflow/.local/lib/python3.6/site-packages/airflow/example_dags/example_branch_python_dop_operator_3.py
[2021-09-26 12:04:27,354] {logging_mixin.py:109} INFO - [2021-09-26 12:04:27,354] {dag.py:1834} INFO - Sync 1 DAGs
[2021-09-26 12:04:27,383] {logging_mixin.py:109} INFO - [2021-09-26 12:04:27,383] {dag.py:2287} INFO - Setting next_dagrun for example_branch_dop_operator_v3 to 2021-09-24 00:00:00+00:00
[2021-09-26 12:04:27,395] {processor.py:170} INFO - Processing /home/airflow/.local/lib/python3.6/site-packages/airflow/example_dags/example_branch_python_dop_operator_3.py took 0.097 seconds
[2021-09-26 12:04:57,625] {processor.py:162} INFO - Started process (PID=6263) to work on /home/airflow/.local/lib/python3.6/site-packages/airflow/example_dags/example_branch_python_dop_operator_3.py
[2021-09-26 12:04:57,627] {processor.py:613} INFO - Processing file /home/airflow/.local/lib/python3.6/site-packages/airflow/example_dags/example_branch_python_dop_operator_3.py for tasks to queue
[2021-09-26 12:04:57,633] {logging_mixin.py:109} INFO - [2021-09-26 12:04:57,632] {dagbag.py:496} INFO - Filling up the DagBag from /home/airflow/.local/lib/python3.6/site-packages/airflow/example_dags/example_branch_python_dop_operator_3.py
[2021-09-26 12:04:57,662] {processor.py:623} INFO - DAG(s) dict_keys(['example_branch_dop_operator_v3']) retrieved from /home/airflow/.local/lib/python3.6/site-packages/airflow/example_dags/example_branch_python_dop_operator_3.py
[2021-09-26 12:04:57,709] {logging_mixin.py:109} INFO - [2021-09-26 12:04:57,709] {dag.py:1834} INFO - Sync 1 DAGs
[2021-09-26 12:04:57,759] {logging_mixin.py:109} INFO - [2021-09-26 12:04:57,759] {dag.py:2287} INFO - Setting next_dagrun for example_branch_dop_operator_v3 to 2021-09-24 00:00:00+00:00
[2021-09-26 12:04:57,774] {processor.py:170} INFO - Processing /home/airflow/.local/lib/python3.6/site-packages/airflow/example_dags/example_branch_python_dop_operator_3.py took 0.153 seconds
[2021-09-26 12:05:27,876] {processor.py:162} INFO - Started process (PID=6334) to work on /home/airflow/.local/lib/python3.6/site-packages/airflow/example_dags/example_branch_python_dop_operator_3.py
[2021-09-26 12:05:27,878] {processor.py:613} INFO - Processing file /home/airflow/.local/lib/python3.6/site-packages/airflow/example_dags/example_branch_python_dop_operator_3.py for tasks to queue
[2021-09-26 12:05:27,880] {logging_mixin.py:109} INFO - [2021-09-26 12:05:27,880] {dagbag.py:496} INFO - Filling up the DagBag from /home/airflow/.local/lib/python3.6/site-packages/airflow/example_dags/example_branch_python_dop_operator_3.py
[2021-09-26 12:05:27,894] {processor.py:623} INFO - DAG(s) dict_keys(['example_branch_dop_operator_v3']) retrieved from /home/airflow/.local/lib/python3.6/site-packages/airflow/example_dags/example_branch_python_dop_operator_3.py
[2021-09-26 12:05:27,917] {logging_mixin.py:109} INFO - [2021-09-26 12:05:27,917] {dag.py:1834} INFO - Sync 1 DAGs
[2021-09-26 12:05:27,942] {logging_mixin.py:109} INFO - [2021-09-26 12:05:27,942] {dag.py:2287} INFO - Setting next_dagrun for example_branch_dop_operator_v3 to 2021-09-24 00:00:00+00:00
[2021-09-26 12:05:27,953] {processor.py:170} INFO - Processing /home/airflow/.local/lib/python3.6/site-packages/airflow/example_dags/example_branch_python_dop_operator_3.py took 0.080 seconds
