[2021-09-26 11:46:53,190] {processor.py:162} INFO - Started process (PID=3999) to work on /home/airflow/.local/lib/python3.6/site-packages/airflow/example_dags/example_bash_operator.py
[2021-09-26 11:46:53,194] {processor.py:613} INFO - Processing file /home/airflow/.local/lib/python3.6/site-packages/airflow/example_dags/example_bash_operator.py for tasks to queue
[2021-09-26 11:46:53,195] {logging_mixin.py:109} INFO - [2021-09-26 11:46:53,195] {dagbag.py:496} INFO - Filling up the DagBag from /home/airflow/.local/lib/python3.6/site-packages/airflow/example_dags/example_bash_operator.py
[2021-09-26 11:46:53,218] {processor.py:623} INFO - DAG(s) dict_keys(['example_bash_operator']) retrieved from /home/airflow/.local/lib/python3.6/site-packages/airflow/example_dags/example_bash_operator.py
[2021-09-26 11:46:53,252] {logging_mixin.py:109} INFO - [2021-09-26 11:46:53,252] {dag.py:1834} INFO - Sync 1 DAGs
[2021-09-26 11:46:53,279] {logging_mixin.py:109} INFO - [2021-09-26 11:46:53,278] {dag.py:2287} INFO - Setting next_dagrun for example_bash_operator to 2021-09-24 00:00:00+00:00
[2021-09-26 11:46:53,294] {processor.py:170} INFO - Processing /home/airflow/.local/lib/python3.6/site-packages/airflow/example_dags/example_bash_operator.py took 0.110 seconds
[2021-09-26 11:47:23,556] {processor.py:162} INFO - Started process (PID=4063) to work on /home/airflow/.local/lib/python3.6/site-packages/airflow/example_dags/example_bash_operator.py
[2021-09-26 11:47:23,561] {processor.py:613} INFO - Processing file /home/airflow/.local/lib/python3.6/site-packages/airflow/example_dags/example_bash_operator.py for tasks to queue
[2021-09-26 11:47:23,564] {logging_mixin.py:109} INFO - [2021-09-26 11:47:23,563] {dagbag.py:496} INFO - Filling up the DagBag from /home/airflow/.local/lib/python3.6/site-packages/airflow/example_dags/example_bash_operator.py
[2021-09-26 11:47:23,586] {processor.py:623} INFO - DAG(s) dict_keys(['example_bash_operator']) retrieved from /home/airflow/.local/lib/python3.6/site-packages/airflow/example_dags/example_bash_operator.py
[2021-09-26 11:47:23,620] {logging_mixin.py:109} INFO - [2021-09-26 11:47:23,620] {dag.py:1834} INFO - Sync 1 DAGs
[2021-09-26 11:47:23,646] {logging_mixin.py:109} INFO - [2021-09-26 11:47:23,646] {dag.py:2287} INFO - Setting next_dagrun for example_bash_operator to 2021-09-24 00:00:00+00:00
[2021-09-26 11:47:23,662] {processor.py:170} INFO - Processing /home/airflow/.local/lib/python3.6/site-packages/airflow/example_dags/example_bash_operator.py took 0.117 seconds
[2021-09-26 11:47:53,737] {processor.py:162} INFO - Started process (PID=4119) to work on /home/airflow/.local/lib/python3.6/site-packages/airflow/example_dags/example_bash_operator.py
[2021-09-26 11:47:53,746] {processor.py:613} INFO - Processing file /home/airflow/.local/lib/python3.6/site-packages/airflow/example_dags/example_bash_operator.py for tasks to queue
[2021-09-26 11:47:53,750] {logging_mixin.py:109} INFO - [2021-09-26 11:47:53,750] {dagbag.py:496} INFO - Filling up the DagBag from /home/airflow/.local/lib/python3.6/site-packages/airflow/example_dags/example_bash_operator.py
[2021-09-26 11:47:53,777] {processor.py:623} INFO - DAG(s) dict_keys(['example_bash_operator']) retrieved from /home/airflow/.local/lib/python3.6/site-packages/airflow/example_dags/example_bash_operator.py
[2021-09-26 11:47:53,828] {logging_mixin.py:109} INFO - [2021-09-26 11:47:53,828] {dag.py:1834} INFO - Sync 1 DAGs
[2021-09-26 11:47:53,864] {logging_mixin.py:109} INFO - [2021-09-26 11:47:53,864] {dag.py:2287} INFO - Setting next_dagrun for example_bash_operator to 2021-09-24 00:00:00+00:00
[2021-09-26 11:47:53,893] {processor.py:170} INFO - Processing /home/airflow/.local/lib/python3.6/site-packages/airflow/example_dags/example_bash_operator.py took 0.165 seconds
[2021-09-26 11:48:23,976] {processor.py:162} INFO - Started process (PID=4190) to work on /home/airflow/.local/lib/python3.6/site-packages/airflow/example_dags/example_bash_operator.py
[2021-09-26 11:48:23,979] {processor.py:613} INFO - Processing file /home/airflow/.local/lib/python3.6/site-packages/airflow/example_dags/example_bash_operator.py for tasks to queue
[2021-09-26 11:48:23,982] {logging_mixin.py:109} INFO - [2021-09-26 11:48:23,981] {dagbag.py:496} INFO - Filling up the DagBag from /home/airflow/.local/lib/python3.6/site-packages/airflow/example_dags/example_bash_operator.py
[2021-09-26 11:48:24,005] {processor.py:623} INFO - DAG(s) dict_keys(['example_bash_operator']) retrieved from /home/airflow/.local/lib/python3.6/site-packages/airflow/example_dags/example_bash_operator.py
[2021-09-26 11:48:24,040] {logging_mixin.py:109} INFO - [2021-09-26 11:48:24,039] {dag.py:1834} INFO - Sync 1 DAGs
[2021-09-26 11:48:24,066] {logging_mixin.py:109} INFO - [2021-09-26 11:48:24,066] {dag.py:2287} INFO - Setting next_dagrun for example_bash_operator to 2021-09-24 00:00:00+00:00
[2021-09-26 11:48:24,087] {processor.py:170} INFO - Processing /home/airflow/.local/lib/python3.6/site-packages/airflow/example_dags/example_bash_operator.py took 0.117 seconds
[2021-09-26 11:48:54,590] {processor.py:162} INFO - Started process (PID=4246) to work on /home/airflow/.local/lib/python3.6/site-packages/airflow/example_dags/example_bash_operator.py
[2021-09-26 11:48:54,592] {processor.py:613} INFO - Processing file /home/airflow/.local/lib/python3.6/site-packages/airflow/example_dags/example_bash_operator.py for tasks to queue
[2021-09-26 11:48:54,594] {logging_mixin.py:109} INFO - [2021-09-26 11:48:54,594] {dagbag.py:496} INFO - Filling up the DagBag from /home/airflow/.local/lib/python3.6/site-packages/airflow/example_dags/example_bash_operator.py
[2021-09-26 11:48:54,614] {processor.py:623} INFO - DAG(s) dict_keys(['example_bash_operator']) retrieved from /home/airflow/.local/lib/python3.6/site-packages/airflow/example_dags/example_bash_operator.py
[2021-09-26 11:48:54,654] {logging_mixin.py:109} INFO - [2021-09-26 11:48:54,654] {dag.py:1834} INFO - Sync 1 DAGs
[2021-09-26 11:48:54,688] {logging_mixin.py:109} INFO - [2021-09-26 11:48:54,688] {dag.py:2287} INFO - Setting next_dagrun for example_bash_operator to 2021-09-24 00:00:00+00:00
[2021-09-26 11:48:54,702] {processor.py:170} INFO - Processing /home/airflow/.local/lib/python3.6/site-packages/airflow/example_dags/example_bash_operator.py took 0.117 seconds
[2021-09-26 11:49:25,250] {processor.py:162} INFO - Started process (PID=4315) to work on /home/airflow/.local/lib/python3.6/site-packages/airflow/example_dags/example_bash_operator.py
[2021-09-26 11:49:25,252] {processor.py:613} INFO - Processing file /home/airflow/.local/lib/python3.6/site-packages/airflow/example_dags/example_bash_operator.py for tasks to queue
[2021-09-26 11:49:25,254] {logging_mixin.py:109} INFO - [2021-09-26 11:49:25,254] {dagbag.py:496} INFO - Filling up the DagBag from /home/airflow/.local/lib/python3.6/site-packages/airflow/example_dags/example_bash_operator.py
[2021-09-26 11:49:25,272] {processor.py:623} INFO - DAG(s) dict_keys(['example_bash_operator']) retrieved from /home/airflow/.local/lib/python3.6/site-packages/airflow/example_dags/example_bash_operator.py
[2021-09-26 11:49:25,300] {logging_mixin.py:109} INFO - [2021-09-26 11:49:25,300] {dag.py:1834} INFO - Sync 1 DAGs
[2021-09-26 11:49:25,318] {logging_mixin.py:109} INFO - [2021-09-26 11:49:25,318] {dag.py:2287} INFO - Setting next_dagrun for example_bash_operator to 2021-09-24 00:00:00+00:00
[2021-09-26 11:49:25,330] {processor.py:170} INFO - Processing /home/airflow/.local/lib/python3.6/site-packages/airflow/example_dags/example_bash_operator.py took 0.086 seconds
[2021-09-26 11:49:56,078] {processor.py:162} INFO - Started process (PID=4373) to work on /home/airflow/.local/lib/python3.6/site-packages/airflow/example_dags/example_bash_operator.py
[2021-09-26 11:49:56,081] {processor.py:613} INFO - Processing file /home/airflow/.local/lib/python3.6/site-packages/airflow/example_dags/example_bash_operator.py for tasks to queue
[2021-09-26 11:49:56,083] {logging_mixin.py:109} INFO - [2021-09-26 11:49:56,083] {dagbag.py:496} INFO - Filling up the DagBag from /home/airflow/.local/lib/python3.6/site-packages/airflow/example_dags/example_bash_operator.py
[2021-09-26 11:49:56,101] {processor.py:623} INFO - DAG(s) dict_keys(['example_bash_operator']) retrieved from /home/airflow/.local/lib/python3.6/site-packages/airflow/example_dags/example_bash_operator.py
[2021-09-26 11:49:56,127] {logging_mixin.py:109} INFO - [2021-09-26 11:49:56,127] {dag.py:1834} INFO - Sync 1 DAGs
[2021-09-26 11:49:56,145] {logging_mixin.py:109} INFO - [2021-09-26 11:49:56,145] {dag.py:2287} INFO - Setting next_dagrun for example_bash_operator to 2021-09-24 00:00:00+00:00
[2021-09-26 11:49:56,157] {processor.py:170} INFO - Processing /home/airflow/.local/lib/python3.6/site-packages/airflow/example_dags/example_bash_operator.py took 0.084 seconds
[2021-09-26 11:50:26,932] {processor.py:162} INFO - Started process (PID=4442) to work on /home/airflow/.local/lib/python3.6/site-packages/airflow/example_dags/example_bash_operator.py
[2021-09-26 11:50:26,935] {processor.py:613} INFO - Processing file /home/airflow/.local/lib/python3.6/site-packages/airflow/example_dags/example_bash_operator.py for tasks to queue
[2021-09-26 11:50:26,937] {logging_mixin.py:109} INFO - [2021-09-26 11:50:26,937] {dagbag.py:496} INFO - Filling up the DagBag from /home/airflow/.local/lib/python3.6/site-packages/airflow/example_dags/example_bash_operator.py
[2021-09-26 11:50:26,954] {processor.py:623} INFO - DAG(s) dict_keys(['example_bash_operator']) retrieved from /home/airflow/.local/lib/python3.6/site-packages/airflow/example_dags/example_bash_operator.py
[2021-09-26 11:50:26,977] {logging_mixin.py:109} INFO - [2021-09-26 11:50:26,977] {dag.py:1834} INFO - Sync 1 DAGs
[2021-09-26 11:50:27,009] {logging_mixin.py:109} INFO - [2021-09-26 11:50:27,009] {dag.py:2287} INFO - Setting next_dagrun for example_bash_operator to 2021-09-24 00:00:00+00:00
[2021-09-26 11:50:27,019] {processor.py:170} INFO - Processing /home/airflow/.local/lib/python3.6/site-packages/airflow/example_dags/example_bash_operator.py took 0.093 seconds
[2021-09-26 11:50:57,428] {processor.py:162} INFO - Started process (PID=4511) to work on /home/airflow/.local/lib/python3.6/site-packages/airflow/example_dags/example_bash_operator.py
[2021-09-26 11:50:57,436] {processor.py:613} INFO - Processing file /home/airflow/.local/lib/python3.6/site-packages/airflow/example_dags/example_bash_operator.py for tasks to queue
[2021-09-26 11:50:57,446] {logging_mixin.py:109} INFO - [2021-09-26 11:50:57,445] {dagbag.py:496} INFO - Filling up the DagBag from /home/airflow/.local/lib/python3.6/site-packages/airflow/example_dags/example_bash_operator.py
[2021-09-26 11:50:57,514] {processor.py:623} INFO - DAG(s) dict_keys(['example_bash_operator']) retrieved from /home/airflow/.local/lib/python3.6/site-packages/airflow/example_dags/example_bash_operator.py
[2021-09-26 11:50:57,572] {logging_mixin.py:109} INFO - [2021-09-26 11:50:57,572] {dag.py:1834} INFO - Sync 1 DAGs
[2021-09-26 11:50:57,619] {logging_mixin.py:109} INFO - [2021-09-26 11:50:57,619] {dag.py:2287} INFO - Setting next_dagrun for example_bash_operator to 2021-09-24 00:00:00+00:00
[2021-09-26 11:50:57,639] {processor.py:170} INFO - Processing /home/airflow/.local/lib/python3.6/site-packages/airflow/example_dags/example_bash_operator.py took 0.227 seconds
[2021-09-26 11:51:27,793] {processor.py:162} INFO - Started process (PID=4571) to work on /home/airflow/.local/lib/python3.6/site-packages/airflow/example_dags/example_bash_operator.py
[2021-09-26 11:51:27,795] {processor.py:613} INFO - Processing file /home/airflow/.local/lib/python3.6/site-packages/airflow/example_dags/example_bash_operator.py for tasks to queue
[2021-09-26 11:51:27,797] {logging_mixin.py:109} INFO - [2021-09-26 11:51:27,797] {dagbag.py:496} INFO - Filling up the DagBag from /home/airflow/.local/lib/python3.6/site-packages/airflow/example_dags/example_bash_operator.py
[2021-09-26 11:51:27,825] {processor.py:623} INFO - DAG(s) dict_keys(['example_bash_operator']) retrieved from /home/airflow/.local/lib/python3.6/site-packages/airflow/example_dags/example_bash_operator.py
[2021-09-26 11:51:27,861] {logging_mixin.py:109} INFO - [2021-09-26 11:51:27,860] {dag.py:1834} INFO - Sync 1 DAGs
[2021-09-26 11:51:27,889] {logging_mixin.py:109} INFO - [2021-09-26 11:51:27,889] {dag.py:2287} INFO - Setting next_dagrun for example_bash_operator to 2021-09-24 00:00:00+00:00
[2021-09-26 11:51:27,901] {processor.py:170} INFO - Processing /home/airflow/.local/lib/python3.6/site-packages/airflow/example_dags/example_bash_operator.py took 0.114 seconds
[2021-09-26 11:51:58,169] {processor.py:162} INFO - Started process (PID=4629) to work on /home/airflow/.local/lib/python3.6/site-packages/airflow/example_dags/example_bash_operator.py
[2021-09-26 11:51:58,172] {processor.py:613} INFO - Processing file /home/airflow/.local/lib/python3.6/site-packages/airflow/example_dags/example_bash_operator.py for tasks to queue
[2021-09-26 11:51:58,174] {logging_mixin.py:109} INFO - [2021-09-26 11:51:58,174] {dagbag.py:496} INFO - Filling up the DagBag from /home/airflow/.local/lib/python3.6/site-packages/airflow/example_dags/example_bash_operator.py
[2021-09-26 11:51:58,193] {processor.py:623} INFO - DAG(s) dict_keys(['example_bash_operator']) retrieved from /home/airflow/.local/lib/python3.6/site-packages/airflow/example_dags/example_bash_operator.py
[2021-09-26 11:51:58,223] {logging_mixin.py:109} INFO - [2021-09-26 11:51:58,222] {dag.py:1834} INFO - Sync 1 DAGs
[2021-09-26 11:51:58,245] {logging_mixin.py:109} INFO - [2021-09-26 11:51:58,245] {dag.py:2287} INFO - Setting next_dagrun for example_bash_operator to 2021-09-24 00:00:00+00:00
[2021-09-26 11:51:58,258] {processor.py:170} INFO - Processing /home/airflow/.local/lib/python3.6/site-packages/airflow/example_dags/example_bash_operator.py took 0.095 seconds
[2021-09-26 11:52:28,579] {processor.py:162} INFO - Started process (PID=4697) to work on /home/airflow/.local/lib/python3.6/site-packages/airflow/example_dags/example_bash_operator.py
[2021-09-26 11:52:28,584] {processor.py:613} INFO - Processing file /home/airflow/.local/lib/python3.6/site-packages/airflow/example_dags/example_bash_operator.py for tasks to queue
[2021-09-26 11:52:28,586] {logging_mixin.py:109} INFO - [2021-09-26 11:52:28,586] {dagbag.py:496} INFO - Filling up the DagBag from /home/airflow/.local/lib/python3.6/site-packages/airflow/example_dags/example_bash_operator.py
[2021-09-26 11:52:28,605] {processor.py:623} INFO - DAG(s) dict_keys(['example_bash_operator']) retrieved from /home/airflow/.local/lib/python3.6/site-packages/airflow/example_dags/example_bash_operator.py
[2021-09-26 11:52:28,642] {logging_mixin.py:109} INFO - [2021-09-26 11:52:28,642] {dag.py:1834} INFO - Sync 1 DAGs
[2021-09-26 11:52:28,673] {logging_mixin.py:109} INFO - [2021-09-26 11:52:28,673] {dag.py:2287} INFO - Setting next_dagrun for example_bash_operator to 2021-09-24 00:00:00+00:00
[2021-09-26 11:52:28,690] {processor.py:170} INFO - Processing /home/airflow/.local/lib/python3.6/site-packages/airflow/example_dags/example_bash_operator.py took 0.115 seconds
[2021-09-26 11:52:59,267] {processor.py:162} INFO - Started process (PID=4768) to work on /home/airflow/.local/lib/python3.6/site-packages/airflow/example_dags/example_bash_operator.py
[2021-09-26 11:52:59,271] {processor.py:613} INFO - Processing file /home/airflow/.local/lib/python3.6/site-packages/airflow/example_dags/example_bash_operator.py for tasks to queue
[2021-09-26 11:52:59,273] {logging_mixin.py:109} INFO - [2021-09-26 11:52:59,272] {dagbag.py:496} INFO - Filling up the DagBag from /home/airflow/.local/lib/python3.6/site-packages/airflow/example_dags/example_bash_operator.py
[2021-09-26 11:52:59,293] {processor.py:623} INFO - DAG(s) dict_keys(['example_bash_operator']) retrieved from /home/airflow/.local/lib/python3.6/site-packages/airflow/example_dags/example_bash_operator.py
[2021-09-26 11:52:59,327] {logging_mixin.py:109} INFO - [2021-09-26 11:52:59,327] {dag.py:1834} INFO - Sync 1 DAGs
[2021-09-26 11:52:59,347] {logging_mixin.py:109} INFO - [2021-09-26 11:52:59,347] {dag.py:2287} INFO - Setting next_dagrun for example_bash_operator to 2021-09-24 00:00:00+00:00
[2021-09-26 11:52:59,362] {processor.py:170} INFO - Processing /home/airflow/.local/lib/python3.6/site-packages/airflow/example_dags/example_bash_operator.py took 0.099 seconds
[2021-09-26 11:53:29,983] {processor.py:162} INFO - Started process (PID=4824) to work on /home/airflow/.local/lib/python3.6/site-packages/airflow/example_dags/example_bash_operator.py
[2021-09-26 11:53:29,986] {processor.py:613} INFO - Processing file /home/airflow/.local/lib/python3.6/site-packages/airflow/example_dags/example_bash_operator.py for tasks to queue
[2021-09-26 11:53:29,988] {logging_mixin.py:109} INFO - [2021-09-26 11:53:29,988] {dagbag.py:496} INFO - Filling up the DagBag from /home/airflow/.local/lib/python3.6/site-packages/airflow/example_dags/example_bash_operator.py
[2021-09-26 11:53:30,009] {processor.py:623} INFO - DAG(s) dict_keys(['example_bash_operator']) retrieved from /home/airflow/.local/lib/python3.6/site-packages/airflow/example_dags/example_bash_operator.py
[2021-09-26 11:53:30,050] {logging_mixin.py:109} INFO - [2021-09-26 11:53:30,050] {dag.py:1834} INFO - Sync 1 DAGs
[2021-09-26 11:53:30,078] {logging_mixin.py:109} INFO - [2021-09-26 11:53:30,078] {dag.py:2287} INFO - Setting next_dagrun for example_bash_operator to 2021-09-24 00:00:00+00:00
[2021-09-26 11:53:30,094] {processor.py:170} INFO - Processing /home/airflow/.local/lib/python3.6/site-packages/airflow/example_dags/example_bash_operator.py took 0.117 seconds
[2021-09-26 11:54:00,331] {processor.py:162} INFO - Started process (PID=4890) to work on /home/airflow/.local/lib/python3.6/site-packages/airflow/example_dags/example_bash_operator.py
[2021-09-26 11:54:00,334] {processor.py:613} INFO - Processing file /home/airflow/.local/lib/python3.6/site-packages/airflow/example_dags/example_bash_operator.py for tasks to queue
[2021-09-26 11:54:00,336] {logging_mixin.py:109} INFO - [2021-09-26 11:54:00,336] {dagbag.py:496} INFO - Filling up the DagBag from /home/airflow/.local/lib/python3.6/site-packages/airflow/example_dags/example_bash_operator.py
[2021-09-26 11:54:00,358] {processor.py:623} INFO - DAG(s) dict_keys(['example_bash_operator']) retrieved from /home/airflow/.local/lib/python3.6/site-packages/airflow/example_dags/example_bash_operator.py
[2021-09-26 11:54:00,393] {logging_mixin.py:109} INFO - [2021-09-26 11:54:00,393] {dag.py:1834} INFO - Sync 1 DAGs
[2021-09-26 11:54:00,418] {logging_mixin.py:109} INFO - [2021-09-26 11:54:00,418] {dag.py:2287} INFO - Setting next_dagrun for example_bash_operator to 2021-09-24 00:00:00+00:00
[2021-09-26 11:54:00,440] {processor.py:170} INFO - Processing /home/airflow/.local/lib/python3.6/site-packages/airflow/example_dags/example_bash_operator.py took 0.116 seconds
[2021-09-26 11:54:30,708] {processor.py:162} INFO - Started process (PID=4947) to work on /home/airflow/.local/lib/python3.6/site-packages/airflow/example_dags/example_bash_operator.py
[2021-09-26 11:54:30,712] {processor.py:613} INFO - Processing file /home/airflow/.local/lib/python3.6/site-packages/airflow/example_dags/example_bash_operator.py for tasks to queue
[2021-09-26 11:54:30,713] {logging_mixin.py:109} INFO - [2021-09-26 11:54:30,713] {dagbag.py:496} INFO - Filling up the DagBag from /home/airflow/.local/lib/python3.6/site-packages/airflow/example_dags/example_bash_operator.py
[2021-09-26 11:54:30,736] {processor.py:623} INFO - DAG(s) dict_keys(['example_bash_operator']) retrieved from /home/airflow/.local/lib/python3.6/site-packages/airflow/example_dags/example_bash_operator.py
[2021-09-26 11:54:30,781] {logging_mixin.py:109} INFO - [2021-09-26 11:54:30,781] {dag.py:1834} INFO - Sync 1 DAGs
[2021-09-26 11:54:30,806] {logging_mixin.py:109} INFO - [2021-09-26 11:54:30,806] {dag.py:2287} INFO - Setting next_dagrun for example_bash_operator to 2021-09-24 00:00:00+00:00
[2021-09-26 11:54:30,822] {processor.py:170} INFO - Processing /home/airflow/.local/lib/python3.6/site-packages/airflow/example_dags/example_bash_operator.py took 0.120 seconds
[2021-09-26 11:55:01,373] {processor.py:162} INFO - Started process (PID=5016) to work on /home/airflow/.local/lib/python3.6/site-packages/airflow/example_dags/example_bash_operator.py
[2021-09-26 11:55:01,385] {processor.py:613} INFO - Processing file /home/airflow/.local/lib/python3.6/site-packages/airflow/example_dags/example_bash_operator.py for tasks to queue
[2021-09-26 11:55:01,389] {logging_mixin.py:109} INFO - [2021-09-26 11:55:01,388] {dagbag.py:496} INFO - Filling up the DagBag from /home/airflow/.local/lib/python3.6/site-packages/airflow/example_dags/example_bash_operator.py
[2021-09-26 11:55:01,431] {processor.py:623} INFO - DAG(s) dict_keys(['example_bash_operator']) retrieved from /home/airflow/.local/lib/python3.6/site-packages/airflow/example_dags/example_bash_operator.py
[2021-09-26 11:55:01,496] {logging_mixin.py:109} INFO - [2021-09-26 11:55:01,496] {dag.py:1834} INFO - Sync 1 DAGs
[2021-09-26 11:55:01,536] {logging_mixin.py:109} INFO - [2021-09-26 11:55:01,536] {dag.py:2287} INFO - Setting next_dagrun for example_bash_operator to 2021-09-24 00:00:00+00:00
[2021-09-26 11:55:01,585] {processor.py:170} INFO - Processing /home/airflow/.local/lib/python3.6/site-packages/airflow/example_dags/example_bash_operator.py took 0.231 seconds
[2021-09-26 11:55:31,827] {processor.py:162} INFO - Started process (PID=5074) to work on /home/airflow/.local/lib/python3.6/site-packages/airflow/example_dags/example_bash_operator.py
[2021-09-26 11:55:31,830] {processor.py:613} INFO - Processing file /home/airflow/.local/lib/python3.6/site-packages/airflow/example_dags/example_bash_operator.py for tasks to queue
[2021-09-26 11:55:31,831] {logging_mixin.py:109} INFO - [2021-09-26 11:55:31,831] {dagbag.py:496} INFO - Filling up the DagBag from /home/airflow/.local/lib/python3.6/site-packages/airflow/example_dags/example_bash_operator.py
[2021-09-26 11:55:31,851] {processor.py:623} INFO - DAG(s) dict_keys(['example_bash_operator']) retrieved from /home/airflow/.local/lib/python3.6/site-packages/airflow/example_dags/example_bash_operator.py
[2021-09-26 11:55:31,883] {logging_mixin.py:109} INFO - [2021-09-26 11:55:31,883] {dag.py:1834} INFO - Sync 1 DAGs
[2021-09-26 11:55:31,904] {logging_mixin.py:109} INFO - [2021-09-26 11:55:31,904] {dag.py:2287} INFO - Setting next_dagrun for example_bash_operator to 2021-09-24 00:00:00+00:00
[2021-09-26 11:55:31,926] {processor.py:170} INFO - Processing /home/airflow/.local/lib/python3.6/site-packages/airflow/example_dags/example_bash_operator.py took 0.104 seconds
[2021-09-26 11:56:02,313] {processor.py:162} INFO - Started process (PID=5143) to work on /home/airflow/.local/lib/python3.6/site-packages/airflow/example_dags/example_bash_operator.py
[2021-09-26 11:56:02,321] {processor.py:613} INFO - Processing file /home/airflow/.local/lib/python3.6/site-packages/airflow/example_dags/example_bash_operator.py for tasks to queue
[2021-09-26 11:56:02,323] {logging_mixin.py:109} INFO - [2021-09-26 11:56:02,323] {dagbag.py:496} INFO - Filling up the DagBag from /home/airflow/.local/lib/python3.6/site-packages/airflow/example_dags/example_bash_operator.py
[2021-09-26 11:56:02,339] {processor.py:623} INFO - DAG(s) dict_keys(['example_bash_operator']) retrieved from /home/airflow/.local/lib/python3.6/site-packages/airflow/example_dags/example_bash_operator.py
[2021-09-26 11:56:02,363] {logging_mixin.py:109} INFO - [2021-09-26 11:56:02,363] {dag.py:1834} INFO - Sync 1 DAGs
[2021-09-26 11:56:02,381] {logging_mixin.py:109} INFO - [2021-09-26 11:56:02,381] {dag.py:2287} INFO - Setting next_dagrun for example_bash_operator to 2021-09-24 00:00:00+00:00
[2021-09-26 11:56:02,392] {processor.py:170} INFO - Processing /home/airflow/.local/lib/python3.6/site-packages/airflow/example_dags/example_bash_operator.py took 0.085 seconds
[2021-09-26 11:56:33,011] {processor.py:162} INFO - Started process (PID=5199) to work on /home/airflow/.local/lib/python3.6/site-packages/airflow/example_dags/example_bash_operator.py
[2021-09-26 11:56:33,015] {processor.py:613} INFO - Processing file /home/airflow/.local/lib/python3.6/site-packages/airflow/example_dags/example_bash_operator.py for tasks to queue
[2021-09-26 11:56:33,017] {logging_mixin.py:109} INFO - [2021-09-26 11:56:33,017] {dagbag.py:496} INFO - Filling up the DagBag from /home/airflow/.local/lib/python3.6/site-packages/airflow/example_dags/example_bash_operator.py
[2021-09-26 11:56:33,035] {processor.py:623} INFO - DAG(s) dict_keys(['example_bash_operator']) retrieved from /home/airflow/.local/lib/python3.6/site-packages/airflow/example_dags/example_bash_operator.py
[2021-09-26 11:56:33,060] {logging_mixin.py:109} INFO - [2021-09-26 11:56:33,059] {dag.py:1834} INFO - Sync 1 DAGs
[2021-09-26 11:56:33,080] {logging_mixin.py:109} INFO - [2021-09-26 11:56:33,080] {dag.py:2287} INFO - Setting next_dagrun for example_bash_operator to 2021-09-24 00:00:00+00:00
[2021-09-26 11:56:33,092] {processor.py:170} INFO - Processing /home/airflow/.local/lib/python3.6/site-packages/airflow/example_dags/example_bash_operator.py took 0.085 seconds
[2021-09-26 11:57:03,405] {processor.py:162} INFO - Started process (PID=5267) to work on /home/airflow/.local/lib/python3.6/site-packages/airflow/example_dags/example_bash_operator.py
[2021-09-26 11:57:03,409] {processor.py:613} INFO - Processing file /home/airflow/.local/lib/python3.6/site-packages/airflow/example_dags/example_bash_operator.py for tasks to queue
[2021-09-26 11:57:03,411] {logging_mixin.py:109} INFO - [2021-09-26 11:57:03,410] {dagbag.py:496} INFO - Filling up the DagBag from /home/airflow/.local/lib/python3.6/site-packages/airflow/example_dags/example_bash_operator.py
[2021-09-26 11:57:03,427] {processor.py:623} INFO - DAG(s) dict_keys(['example_bash_operator']) retrieved from /home/airflow/.local/lib/python3.6/site-packages/airflow/example_dags/example_bash_operator.py
[2021-09-26 11:57:03,451] {logging_mixin.py:109} INFO - [2021-09-26 11:57:03,451] {dag.py:1834} INFO - Sync 1 DAGs
[2021-09-26 11:57:03,469] {logging_mixin.py:109} INFO - [2021-09-26 11:57:03,468] {dag.py:2287} INFO - Setting next_dagrun for example_bash_operator to 2021-09-24 00:00:00+00:00
[2021-09-26 11:57:03,480] {processor.py:170} INFO - Processing /home/airflow/.local/lib/python3.6/site-packages/airflow/example_dags/example_bash_operator.py took 0.079 seconds
[2021-09-26 11:57:33,756] {processor.py:162} INFO - Started process (PID=5334) to work on /home/airflow/.local/lib/python3.6/site-packages/airflow/example_dags/example_bash_operator.py
[2021-09-26 11:57:33,760] {processor.py:613} INFO - Processing file /home/airflow/.local/lib/python3.6/site-packages/airflow/example_dags/example_bash_operator.py for tasks to queue
[2021-09-26 11:57:33,762] {logging_mixin.py:109} INFO - [2021-09-26 11:57:33,762] {dagbag.py:496} INFO - Filling up the DagBag from /home/airflow/.local/lib/python3.6/site-packages/airflow/example_dags/example_bash_operator.py
[2021-09-26 11:57:33,789] {processor.py:623} INFO - DAG(s) dict_keys(['example_bash_operator']) retrieved from /home/airflow/.local/lib/python3.6/site-packages/airflow/example_dags/example_bash_operator.py
[2021-09-26 11:57:33,827] {logging_mixin.py:109} INFO - [2021-09-26 11:57:33,827] {dag.py:1834} INFO - Sync 1 DAGs
[2021-09-26 11:57:33,854] {logging_mixin.py:109} INFO - [2021-09-26 11:57:33,853] {dag.py:2287} INFO - Setting next_dagrun for example_bash_operator to 2021-09-24 00:00:00+00:00
[2021-09-26 11:57:33,869] {processor.py:170} INFO - Processing /home/airflow/.local/lib/python3.6/site-packages/airflow/example_dags/example_bash_operator.py took 0.122 seconds
[2021-09-26 11:58:04,148] {processor.py:162} INFO - Started process (PID=5393) to work on /home/airflow/.local/lib/python3.6/site-packages/airflow/example_dags/example_bash_operator.py
[2021-09-26 11:58:04,151] {processor.py:613} INFO - Processing file /home/airflow/.local/lib/python3.6/site-packages/airflow/example_dags/example_bash_operator.py for tasks to queue
[2021-09-26 11:58:04,152] {logging_mixin.py:109} INFO - [2021-09-26 11:58:04,152] {dagbag.py:496} INFO - Filling up the DagBag from /home/airflow/.local/lib/python3.6/site-packages/airflow/example_dags/example_bash_operator.py
[2021-09-26 11:58:04,169] {processor.py:623} INFO - DAG(s) dict_keys(['example_bash_operator']) retrieved from /home/airflow/.local/lib/python3.6/site-packages/airflow/example_dags/example_bash_operator.py
[2021-09-26 11:58:04,197] {logging_mixin.py:109} INFO - [2021-09-26 11:58:04,197] {dag.py:1834} INFO - Sync 1 DAGs
[2021-09-26 11:58:04,214] {logging_mixin.py:109} INFO - [2021-09-26 11:58:04,214] {dag.py:2287} INFO - Setting next_dagrun for example_bash_operator to 2021-09-24 00:00:00+00:00
[2021-09-26 11:58:04,226] {processor.py:170} INFO - Processing /home/airflow/.local/lib/python3.6/site-packages/airflow/example_dags/example_bash_operator.py took 0.082 seconds
[2021-09-26 11:58:35,162] {processor.py:162} INFO - Started process (PID=5459) to work on /home/airflow/.local/lib/python3.6/site-packages/airflow/example_dags/example_bash_operator.py
[2021-09-26 11:58:35,164] {processor.py:613} INFO - Processing file /home/airflow/.local/lib/python3.6/site-packages/airflow/example_dags/example_bash_operator.py for tasks to queue
[2021-09-26 11:58:35,165] {logging_mixin.py:109} INFO - [2021-09-26 11:58:35,165] {dagbag.py:496} INFO - Filling up the DagBag from /home/airflow/.local/lib/python3.6/site-packages/airflow/example_dags/example_bash_operator.py
[2021-09-26 11:58:35,187] {processor.py:623} INFO - DAG(s) dict_keys(['example_bash_operator']) retrieved from /home/airflow/.local/lib/python3.6/site-packages/airflow/example_dags/example_bash_operator.py
[2021-09-26 11:58:35,236] {logging_mixin.py:109} INFO - [2021-09-26 11:58:35,235] {dag.py:1834} INFO - Sync 1 DAGs
[2021-09-26 11:58:35,275] {logging_mixin.py:109} INFO - [2021-09-26 11:58:35,274] {dag.py:2287} INFO - Setting next_dagrun for example_bash_operator to 2021-09-24 00:00:00+00:00
[2021-09-26 11:58:35,308] {processor.py:170} INFO - Processing /home/airflow/.local/lib/python3.6/site-packages/airflow/example_dags/example_bash_operator.py took 0.151 seconds
[2021-09-26 11:59:05,752] {processor.py:162} INFO - Started process (PID=5515) to work on /home/airflow/.local/lib/python3.6/site-packages/airflow/example_dags/example_bash_operator.py
[2021-09-26 11:59:05,754] {processor.py:613} INFO - Processing file /home/airflow/.local/lib/python3.6/site-packages/airflow/example_dags/example_bash_operator.py for tasks to queue
[2021-09-26 11:59:05,756] {logging_mixin.py:109} INFO - [2021-09-26 11:59:05,756] {dagbag.py:496} INFO - Filling up the DagBag from /home/airflow/.local/lib/python3.6/site-packages/airflow/example_dags/example_bash_operator.py
[2021-09-26 11:59:05,772] {processor.py:623} INFO - DAG(s) dict_keys(['example_bash_operator']) retrieved from /home/airflow/.local/lib/python3.6/site-packages/airflow/example_dags/example_bash_operator.py
[2021-09-26 11:59:05,795] {logging_mixin.py:109} INFO - [2021-09-26 11:59:05,795] {dag.py:1834} INFO - Sync 1 DAGs
[2021-09-26 11:59:05,813] {logging_mixin.py:109} INFO - [2021-09-26 11:59:05,813] {dag.py:2287} INFO - Setting next_dagrun for example_bash_operator to 2021-09-24 00:00:00+00:00
[2021-09-26 11:59:05,824] {processor.py:170} INFO - Processing /home/airflow/.local/lib/python3.6/site-packages/airflow/example_dags/example_bash_operator.py took 0.076 seconds
[2021-09-26 11:59:36,230] {processor.py:162} INFO - Started process (PID=5583) to work on /home/airflow/.local/lib/python3.6/site-packages/airflow/example_dags/example_bash_operator.py
[2021-09-26 11:59:36,232] {processor.py:613} INFO - Processing file /home/airflow/.local/lib/python3.6/site-packages/airflow/example_dags/example_bash_operator.py for tasks to queue
[2021-09-26 11:59:36,234] {logging_mixin.py:109} INFO - [2021-09-26 11:59:36,234] {dagbag.py:496} INFO - Filling up the DagBag from /home/airflow/.local/lib/python3.6/site-packages/airflow/example_dags/example_bash_operator.py
[2021-09-26 11:59:36,259] {processor.py:623} INFO - DAG(s) dict_keys(['example_bash_operator']) retrieved from /home/airflow/.local/lib/python3.6/site-packages/airflow/example_dags/example_bash_operator.py
[2021-09-26 11:59:36,291] {logging_mixin.py:109} INFO - [2021-09-26 11:59:36,291] {dag.py:1834} INFO - Sync 1 DAGs
[2021-09-26 11:59:36,318] {logging_mixin.py:109} INFO - [2021-09-26 11:59:36,317] {dag.py:2287} INFO - Setting next_dagrun for example_bash_operator to 2021-09-24 00:00:00+00:00
[2021-09-26 11:59:36,333] {processor.py:170} INFO - Processing /home/airflow/.local/lib/python3.6/site-packages/airflow/example_dags/example_bash_operator.py took 0.109 seconds
[2021-09-26 12:00:06,942] {processor.py:162} INFO - Started process (PID=5652) to work on /home/airflow/.local/lib/python3.6/site-packages/airflow/example_dags/example_bash_operator.py
[2021-09-26 12:00:06,949] {processor.py:613} INFO - Processing file /home/airflow/.local/lib/python3.6/site-packages/airflow/example_dags/example_bash_operator.py for tasks to queue
[2021-09-26 12:00:06,953] {logging_mixin.py:109} INFO - [2021-09-26 12:00:06,952] {dagbag.py:496} INFO - Filling up the DagBag from /home/airflow/.local/lib/python3.6/site-packages/airflow/example_dags/example_bash_operator.py
[2021-09-26 12:00:06,981] {processor.py:623} INFO - DAG(s) dict_keys(['example_bash_operator']) retrieved from /home/airflow/.local/lib/python3.6/site-packages/airflow/example_dags/example_bash_operator.py
[2021-09-26 12:00:07,012] {logging_mixin.py:109} INFO - [2021-09-26 12:00:07,012] {dag.py:1834} INFO - Sync 1 DAGs
[2021-09-26 12:00:07,046] {logging_mixin.py:109} INFO - [2021-09-26 12:00:07,046] {dag.py:2287} INFO - Setting next_dagrun for example_bash_operator to 2021-09-24 00:00:00+00:00
[2021-09-26 12:00:07,058] {processor.py:170} INFO - Processing /home/airflow/.local/lib/python3.6/site-packages/airflow/example_dags/example_bash_operator.py took 0.127 seconds
[2021-09-26 12:00:37,456] {processor.py:162} INFO - Started process (PID=5710) to work on /home/airflow/.local/lib/python3.6/site-packages/airflow/example_dags/example_bash_operator.py
[2021-09-26 12:00:37,458] {processor.py:613} INFO - Processing file /home/airflow/.local/lib/python3.6/site-packages/airflow/example_dags/example_bash_operator.py for tasks to queue
[2021-09-26 12:00:37,460] {logging_mixin.py:109} INFO - [2021-09-26 12:00:37,459] {dagbag.py:496} INFO - Filling up the DagBag from /home/airflow/.local/lib/python3.6/site-packages/airflow/example_dags/example_bash_operator.py
[2021-09-26 12:00:37,476] {processor.py:623} INFO - DAG(s) dict_keys(['example_bash_operator']) retrieved from /home/airflow/.local/lib/python3.6/site-packages/airflow/example_dags/example_bash_operator.py
[2021-09-26 12:00:37,499] {logging_mixin.py:109} INFO - [2021-09-26 12:00:37,499] {dag.py:1834} INFO - Sync 1 DAGs
[2021-09-26 12:00:37,517] {logging_mixin.py:109} INFO - [2021-09-26 12:00:37,517] {dag.py:2287} INFO - Setting next_dagrun for example_bash_operator to 2021-09-24 00:00:00+00:00
[2021-09-26 12:00:37,529] {processor.py:170} INFO - Processing /home/airflow/.local/lib/python3.6/site-packages/airflow/example_dags/example_bash_operator.py took 0.076 seconds
[2021-09-26 12:01:07,877] {processor.py:162} INFO - Started process (PID=5779) to work on /home/airflow/.local/lib/python3.6/site-packages/airflow/example_dags/example_bash_operator.py
[2021-09-26 12:01:07,880] {processor.py:613} INFO - Processing file /home/airflow/.local/lib/python3.6/site-packages/airflow/example_dags/example_bash_operator.py for tasks to queue
[2021-09-26 12:01:07,882] {logging_mixin.py:109} INFO - [2021-09-26 12:01:07,881] {dagbag.py:496} INFO - Filling up the DagBag from /home/airflow/.local/lib/python3.6/site-packages/airflow/example_dags/example_bash_operator.py
[2021-09-26 12:01:07,899] {processor.py:623} INFO - DAG(s) dict_keys(['example_bash_operator']) retrieved from /home/airflow/.local/lib/python3.6/site-packages/airflow/example_dags/example_bash_operator.py
[2021-09-26 12:01:07,923] {logging_mixin.py:109} INFO - [2021-09-26 12:01:07,923] {dag.py:1834} INFO - Sync 1 DAGs
[2021-09-26 12:01:07,940] {logging_mixin.py:109} INFO - [2021-09-26 12:01:07,940] {dag.py:2287} INFO - Setting next_dagrun for example_bash_operator to 2021-09-24 00:00:00+00:00
[2021-09-26 12:01:07,950] {processor.py:170} INFO - Processing /home/airflow/.local/lib/python3.6/site-packages/airflow/example_dags/example_bash_operator.py took 0.078 seconds
[2021-09-26 12:01:38,262] {processor.py:162} INFO - Started process (PID=5836) to work on /home/airflow/.local/lib/python3.6/site-packages/airflow/example_dags/example_bash_operator.py
[2021-09-26 12:01:38,265] {processor.py:613} INFO - Processing file /home/airflow/.local/lib/python3.6/site-packages/airflow/example_dags/example_bash_operator.py for tasks to queue
[2021-09-26 12:01:38,267] {logging_mixin.py:109} INFO - [2021-09-26 12:01:38,267] {dagbag.py:496} INFO - Filling up the DagBag from /home/airflow/.local/lib/python3.6/site-packages/airflow/example_dags/example_bash_operator.py
[2021-09-26 12:01:38,286] {processor.py:623} INFO - DAG(s) dict_keys(['example_bash_operator']) retrieved from /home/airflow/.local/lib/python3.6/site-packages/airflow/example_dags/example_bash_operator.py
[2021-09-26 12:01:38,312] {logging_mixin.py:109} INFO - [2021-09-26 12:01:38,312] {dag.py:1834} INFO - Sync 1 DAGs
[2021-09-26 12:01:38,332] {logging_mixin.py:109} INFO - [2021-09-26 12:01:38,332] {dag.py:2287} INFO - Setting next_dagrun for example_bash_operator to 2021-09-24 00:00:00+00:00
[2021-09-26 12:01:38,342] {processor.py:170} INFO - Processing /home/airflow/.local/lib/python3.6/site-packages/airflow/example_dags/example_bash_operator.py took 0.086 seconds
[2021-09-26 12:02:09,251] {processor.py:162} INFO - Started process (PID=5905) to work on /home/airflow/.local/lib/python3.6/site-packages/airflow/example_dags/example_bash_operator.py
[2021-09-26 12:02:09,255] {processor.py:613} INFO - Processing file /home/airflow/.local/lib/python3.6/site-packages/airflow/example_dags/example_bash_operator.py for tasks to queue
[2021-09-26 12:02:09,257] {logging_mixin.py:109} INFO - [2021-09-26 12:02:09,256] {dagbag.py:496} INFO - Filling up the DagBag from /home/airflow/.local/lib/python3.6/site-packages/airflow/example_dags/example_bash_operator.py
[2021-09-26 12:02:09,276] {processor.py:623} INFO - DAG(s) dict_keys(['example_bash_operator']) retrieved from /home/airflow/.local/lib/python3.6/site-packages/airflow/example_dags/example_bash_operator.py
[2021-09-26 12:02:09,304] {logging_mixin.py:109} INFO - [2021-09-26 12:02:09,304] {dag.py:1834} INFO - Sync 1 DAGs
[2021-09-26 12:02:09,327] {logging_mixin.py:109} INFO - [2021-09-26 12:02:09,327] {dag.py:2287} INFO - Setting next_dagrun for example_bash_operator to 2021-09-24 00:00:00+00:00
[2021-09-26 12:02:09,339] {processor.py:170} INFO - Processing /home/airflow/.local/lib/python3.6/site-packages/airflow/example_dags/example_bash_operator.py took 0.093 seconds
[2021-09-26 12:02:40,217] {processor.py:162} INFO - Started process (PID=5971) to work on /home/airflow/.local/lib/python3.6/site-packages/airflow/example_dags/example_bash_operator.py
[2021-09-26 12:02:40,220] {processor.py:613} INFO - Processing file /home/airflow/.local/lib/python3.6/site-packages/airflow/example_dags/example_bash_operator.py for tasks to queue
[2021-09-26 12:02:40,221] {logging_mixin.py:109} INFO - [2021-09-26 12:02:40,221] {dagbag.py:496} INFO - Filling up the DagBag from /home/airflow/.local/lib/python3.6/site-packages/airflow/example_dags/example_bash_operator.py
[2021-09-26 12:02:40,239] {processor.py:623} INFO - DAG(s) dict_keys(['example_bash_operator']) retrieved from /home/airflow/.local/lib/python3.6/site-packages/airflow/example_dags/example_bash_operator.py
[2021-09-26 12:02:40,277] {logging_mixin.py:109} INFO - [2021-09-26 12:02:40,277] {dag.py:1834} INFO - Sync 1 DAGs
[2021-09-26 12:02:40,303] {logging_mixin.py:109} INFO - [2021-09-26 12:02:40,303] {dag.py:2287} INFO - Setting next_dagrun for example_bash_operator to 2021-09-24 00:00:00+00:00
[2021-09-26 12:02:40,324] {processor.py:170} INFO - Processing /home/airflow/.local/lib/python3.6/site-packages/airflow/example_dags/example_bash_operator.py took 0.111 seconds
[2021-09-26 12:03:10,651] {processor.py:162} INFO - Started process (PID=6029) to work on /home/airflow/.local/lib/python3.6/site-packages/airflow/example_dags/example_bash_operator.py
[2021-09-26 12:03:10,654] {processor.py:613} INFO - Processing file /home/airflow/.local/lib/python3.6/site-packages/airflow/example_dags/example_bash_operator.py for tasks to queue
[2021-09-26 12:03:10,657] {logging_mixin.py:109} INFO - [2021-09-26 12:03:10,656] {dagbag.py:496} INFO - Filling up the DagBag from /home/airflow/.local/lib/python3.6/site-packages/airflow/example_dags/example_bash_operator.py
[2021-09-26 12:03:10,675] {processor.py:623} INFO - DAG(s) dict_keys(['example_bash_operator']) retrieved from /home/airflow/.local/lib/python3.6/site-packages/airflow/example_dags/example_bash_operator.py
[2021-09-26 12:03:10,711] {logging_mixin.py:109} INFO - [2021-09-26 12:03:10,710] {dag.py:1834} INFO - Sync 1 DAGs
[2021-09-26 12:03:10,731] {logging_mixin.py:109} INFO - [2021-09-26 12:03:10,731] {dag.py:2287} INFO - Setting next_dagrun for example_bash_operator to 2021-09-24 00:00:00+00:00
[2021-09-26 12:03:10,748] {processor.py:170} INFO - Processing /home/airflow/.local/lib/python3.6/site-packages/airflow/example_dags/example_bash_operator.py took 0.103 seconds
[2021-09-26 12:03:40,987] {processor.py:162} INFO - Started process (PID=6098) to work on /home/airflow/.local/lib/python3.6/site-packages/airflow/example_dags/example_bash_operator.py
[2021-09-26 12:03:40,989] {processor.py:613} INFO - Processing file /home/airflow/.local/lib/python3.6/site-packages/airflow/example_dags/example_bash_operator.py for tasks to queue
[2021-09-26 12:03:40,991] {logging_mixin.py:109} INFO - [2021-09-26 12:03:40,991] {dagbag.py:496} INFO - Filling up the DagBag from /home/airflow/.local/lib/python3.6/site-packages/airflow/example_dags/example_bash_operator.py
[2021-09-26 12:03:41,010] {processor.py:623} INFO - DAG(s) dict_keys(['example_bash_operator']) retrieved from /home/airflow/.local/lib/python3.6/site-packages/airflow/example_dags/example_bash_operator.py
[2021-09-26 12:03:41,038] {logging_mixin.py:109} INFO - [2021-09-26 12:03:41,038] {dag.py:1834} INFO - Sync 1 DAGs
[2021-09-26 12:03:41,057] {logging_mixin.py:109} INFO - [2021-09-26 12:03:41,057] {dag.py:2287} INFO - Setting next_dagrun for example_bash_operator to 2021-09-24 00:00:00+00:00
[2021-09-26 12:03:41,070] {processor.py:170} INFO - Processing /home/airflow/.local/lib/python3.6/site-packages/airflow/example_dags/example_bash_operator.py took 0.089 seconds
[2021-09-26 12:04:11,817] {processor.py:162} INFO - Started process (PID=6154) to work on /home/airflow/.local/lib/python3.6/site-packages/airflow/example_dags/example_bash_operator.py
[2021-09-26 12:04:11,820] {processor.py:613} INFO - Processing file /home/airflow/.local/lib/python3.6/site-packages/airflow/example_dags/example_bash_operator.py for tasks to queue
[2021-09-26 12:04:11,821] {logging_mixin.py:109} INFO - [2021-09-26 12:04:11,821] {dagbag.py:496} INFO - Filling up the DagBag from /home/airflow/.local/lib/python3.6/site-packages/airflow/example_dags/example_bash_operator.py
[2021-09-26 12:04:11,839] {processor.py:623} INFO - DAG(s) dict_keys(['example_bash_operator']) retrieved from /home/airflow/.local/lib/python3.6/site-packages/airflow/example_dags/example_bash_operator.py
[2021-09-26 12:04:11,864] {logging_mixin.py:109} INFO - [2021-09-26 12:04:11,864] {dag.py:1834} INFO - Sync 1 DAGs
[2021-09-26 12:04:11,882] {logging_mixin.py:109} INFO - [2021-09-26 12:04:11,882] {dag.py:2287} INFO - Setting next_dagrun for example_bash_operator to 2021-09-24 00:00:00+00:00
[2021-09-26 12:04:11,893] {processor.py:170} INFO - Processing /home/airflow/.local/lib/python3.6/site-packages/airflow/example_dags/example_bash_operator.py took 0.082 seconds
[2021-09-26 12:04:42,105] {processor.py:162} INFO - Started process (PID=6224) to work on /home/airflow/.local/lib/python3.6/site-packages/airflow/example_dags/example_bash_operator.py
[2021-09-26 12:04:42,107] {processor.py:613} INFO - Processing file /home/airflow/.local/lib/python3.6/site-packages/airflow/example_dags/example_bash_operator.py for tasks to queue
[2021-09-26 12:04:42,109] {logging_mixin.py:109} INFO - [2021-09-26 12:04:42,109] {dagbag.py:496} INFO - Filling up the DagBag from /home/airflow/.local/lib/python3.6/site-packages/airflow/example_dags/example_bash_operator.py
[2021-09-26 12:04:42,127] {processor.py:623} INFO - DAG(s) dict_keys(['example_bash_operator']) retrieved from /home/airflow/.local/lib/python3.6/site-packages/airflow/example_dags/example_bash_operator.py
[2021-09-26 12:04:42,152] {logging_mixin.py:109} INFO - [2021-09-26 12:04:42,152] {dag.py:1834} INFO - Sync 1 DAGs
[2021-09-26 12:04:42,169] {logging_mixin.py:109} INFO - [2021-09-26 12:04:42,169] {dag.py:2287} INFO - Setting next_dagrun for example_bash_operator to 2021-09-24 00:00:00+00:00
[2021-09-26 12:04:42,181] {processor.py:170} INFO - Processing /home/airflow/.local/lib/python3.6/site-packages/airflow/example_dags/example_bash_operator.py took 0.081 seconds
[2021-09-26 12:05:12,468] {processor.py:162} INFO - Started process (PID=6294) to work on /home/airflow/.local/lib/python3.6/site-packages/airflow/example_dags/example_bash_operator.py
[2021-09-26 12:05:12,470] {processor.py:613} INFO - Processing file /home/airflow/.local/lib/python3.6/site-packages/airflow/example_dags/example_bash_operator.py for tasks to queue
[2021-09-26 12:05:12,472] {logging_mixin.py:109} INFO - [2021-09-26 12:05:12,472] {dagbag.py:496} INFO - Filling up the DagBag from /home/airflow/.local/lib/python3.6/site-packages/airflow/example_dags/example_bash_operator.py
[2021-09-26 12:05:12,497] {processor.py:623} INFO - DAG(s) dict_keys(['example_bash_operator']) retrieved from /home/airflow/.local/lib/python3.6/site-packages/airflow/example_dags/example_bash_operator.py
[2021-09-26 12:05:12,523] {logging_mixin.py:109} INFO - [2021-09-26 12:05:12,523] {dag.py:1834} INFO - Sync 1 DAGs
[2021-09-26 12:05:12,547] {logging_mixin.py:109} INFO - [2021-09-26 12:05:12,547] {dag.py:2287} INFO - Setting next_dagrun for example_bash_operator to 2021-09-24 00:00:00+00:00
[2021-09-26 12:05:12,560] {processor.py:170} INFO - Processing /home/airflow/.local/lib/python3.6/site-packages/airflow/example_dags/example_bash_operator.py took 0.097 seconds
[2021-09-26 12:05:42,662] {processor.py:162} INFO - Started process (PID=6352) to work on /home/airflow/.local/lib/python3.6/site-packages/airflow/example_dags/example_bash_operator.py
[2021-09-26 12:05:42,664] {processor.py:613} INFO - Processing file /home/airflow/.local/lib/python3.6/site-packages/airflow/example_dags/example_bash_operator.py for tasks to queue
[2021-09-26 12:05:42,666] {logging_mixin.py:109} INFO - [2021-09-26 12:05:42,666] {dagbag.py:496} INFO - Filling up the DagBag from /home/airflow/.local/lib/python3.6/site-packages/airflow/example_dags/example_bash_operator.py
[2021-09-26 12:05:42,682] {processor.py:623} INFO - DAG(s) dict_keys(['example_bash_operator']) retrieved from /home/airflow/.local/lib/python3.6/site-packages/airflow/example_dags/example_bash_operator.py
[2021-09-26 12:05:42,706] {logging_mixin.py:109} INFO - [2021-09-26 12:05:42,705] {dag.py:1834} INFO - Sync 1 DAGs
[2021-09-26 12:05:42,724] {logging_mixin.py:109} INFO - [2021-09-26 12:05:42,723] {dag.py:2287} INFO - Setting next_dagrun for example_bash_operator to 2021-09-24 00:00:00+00:00
[2021-09-26 12:05:42,734] {processor.py:170} INFO - Processing /home/airflow/.local/lib/python3.6/site-packages/airflow/example_dags/example_bash_operator.py took 0.077 seconds
[2021-09-26 12:06:13,299] {processor.py:162} INFO - Started process (PID=6421) to work on /home/airflow/.local/lib/python3.6/site-packages/airflow/example_dags/example_bash_operator.py
[2021-09-26 12:06:13,301] {processor.py:613} INFO - Processing file /home/airflow/.local/lib/python3.6/site-packages/airflow/example_dags/example_bash_operator.py for tasks to queue
[2021-09-26 12:06:13,303] {logging_mixin.py:109} INFO - [2021-09-26 12:06:13,303] {dagbag.py:496} INFO - Filling up the DagBag from /home/airflow/.local/lib/python3.6/site-packages/airflow/example_dags/example_bash_operator.py
[2021-09-26 12:06:13,321] {processor.py:623} INFO - DAG(s) dict_keys(['example_bash_operator']) retrieved from /home/airflow/.local/lib/python3.6/site-packages/airflow/example_dags/example_bash_operator.py
[2021-09-26 12:06:13,345] {logging_mixin.py:109} INFO - [2021-09-26 12:06:13,344] {dag.py:1834} INFO - Sync 1 DAGs
[2021-09-26 12:06:13,363] {logging_mixin.py:109} INFO - [2021-09-26 12:06:13,363] {dag.py:2287} INFO - Setting next_dagrun for example_bash_operator to 2021-09-24 00:00:00+00:00
[2021-09-26 12:06:13,375] {processor.py:170} INFO - Processing /home/airflow/.local/lib/python3.6/site-packages/airflow/example_dags/example_bash_operator.py took 0.081 seconds
