[2021-09-26 11:46:55,615] {processor.py:162} INFO - Started process (PID=4010) to work on /home/airflow/.local/lib/python3.6/site-packages/airflow/example_dags/example_xcom.py
[2021-09-26 11:46:55,619] {processor.py:613} INFO - Processing file /home/airflow/.local/lib/python3.6/site-packages/airflow/example_dags/example_xcom.py for tasks to queue
[2021-09-26 11:46:55,620] {logging_mixin.py:109} INFO - [2021-09-26 11:46:55,620] {dagbag.py:496} INFO - Filling up the DagBag from /home/airflow/.local/lib/python3.6/site-packages/airflow/example_dags/example_xcom.py
[2021-09-26 11:46:55,640] {processor.py:623} INFO - DAG(s) dict_keys(['example_xcom']) retrieved from /home/airflow/.local/lib/python3.6/site-packages/airflow/example_dags/example_xcom.py
[2021-09-26 11:46:55,672] {logging_mixin.py:109} INFO - [2021-09-26 11:46:55,672] {dag.py:1834} INFO - Sync 1 DAGs
[2021-09-26 11:46:55,691] {logging_mixin.py:109} INFO - [2021-09-26 11:46:55,691] {dag.py:2287} INFO - Setting next_dagrun for example_xcom to 2021-09-24 00:00:00+00:00
[2021-09-26 11:46:55,705] {processor.py:170} INFO - Processing /home/airflow/.local/lib/python3.6/site-packages/airflow/example_dags/example_xcom.py took 0.099 seconds
[2021-09-26 11:47:25,995] {processor.py:162} INFO - Started process (PID=4068) to work on /home/airflow/.local/lib/python3.6/site-packages/airflow/example_dags/example_xcom.py
[2021-09-26 11:47:25,997] {processor.py:613} INFO - Processing file /home/airflow/.local/lib/python3.6/site-packages/airflow/example_dags/example_xcom.py for tasks to queue
[2021-09-26 11:47:25,999] {logging_mixin.py:109} INFO - [2021-09-26 11:47:25,999] {dagbag.py:496} INFO - Filling up the DagBag from /home/airflow/.local/lib/python3.6/site-packages/airflow/example_dags/example_xcom.py
[2021-09-26 11:47:26,016] {processor.py:623} INFO - DAG(s) dict_keys(['example_xcom']) retrieved from /home/airflow/.local/lib/python3.6/site-packages/airflow/example_dags/example_xcom.py
[2021-09-26 11:47:26,047] {logging_mixin.py:109} INFO - [2021-09-26 11:47:26,047] {dag.py:1834} INFO - Sync 1 DAGs
[2021-09-26 11:47:26,067] {logging_mixin.py:109} INFO - [2021-09-26 11:47:26,066] {dag.py:2287} INFO - Setting next_dagrun for example_xcom to 2021-09-24 00:00:00+00:00
[2021-09-26 11:47:26,080] {processor.py:170} INFO - Processing /home/airflow/.local/lib/python3.6/site-packages/airflow/example_dags/example_xcom.py took 0.090 seconds
[2021-09-26 11:47:56,216] {processor.py:162} INFO - Started process (PID=4124) to work on /home/airflow/.local/lib/python3.6/site-packages/airflow/example_dags/example_xcom.py
[2021-09-26 11:47:56,219] {processor.py:613} INFO - Processing file /home/airflow/.local/lib/python3.6/site-packages/airflow/example_dags/example_xcom.py for tasks to queue
[2021-09-26 11:47:56,221] {logging_mixin.py:109} INFO - [2021-09-26 11:47:56,220] {dagbag.py:496} INFO - Filling up the DagBag from /home/airflow/.local/lib/python3.6/site-packages/airflow/example_dags/example_xcom.py
[2021-09-26 11:47:56,238] {processor.py:623} INFO - DAG(s) dict_keys(['example_xcom']) retrieved from /home/airflow/.local/lib/python3.6/site-packages/airflow/example_dags/example_xcom.py
[2021-09-26 11:47:56,275] {logging_mixin.py:109} INFO - [2021-09-26 11:47:56,275] {dag.py:1834} INFO - Sync 1 DAGs
[2021-09-26 11:47:56,295] {logging_mixin.py:109} INFO - [2021-09-26 11:47:56,295] {dag.py:2287} INFO - Setting next_dagrun for example_xcom to 2021-09-24 00:00:00+00:00
[2021-09-26 11:47:56,310] {processor.py:170} INFO - Processing /home/airflow/.local/lib/python3.6/site-packages/airflow/example_dags/example_xcom.py took 0.099 seconds
[2021-09-26 11:48:26,433] {processor.py:162} INFO - Started process (PID=4195) to work on /home/airflow/.local/lib/python3.6/site-packages/airflow/example_dags/example_xcom.py
[2021-09-26 11:48:26,436] {processor.py:613} INFO - Processing file /home/airflow/.local/lib/python3.6/site-packages/airflow/example_dags/example_xcom.py for tasks to queue
[2021-09-26 11:48:26,437] {logging_mixin.py:109} INFO - [2021-09-26 11:48:26,437] {dagbag.py:496} INFO - Filling up the DagBag from /home/airflow/.local/lib/python3.6/site-packages/airflow/example_dags/example_xcom.py
[2021-09-26 11:48:26,454] {processor.py:623} INFO - DAG(s) dict_keys(['example_xcom']) retrieved from /home/airflow/.local/lib/python3.6/site-packages/airflow/example_dags/example_xcom.py
[2021-09-26 11:48:26,481] {logging_mixin.py:109} INFO - [2021-09-26 11:48:26,481] {dag.py:1834} INFO - Sync 1 DAGs
[2021-09-26 11:48:26,499] {logging_mixin.py:109} INFO - [2021-09-26 11:48:26,499] {dag.py:2287} INFO - Setting next_dagrun for example_xcom to 2021-09-24 00:00:00+00:00
[2021-09-26 11:48:26,515] {processor.py:170} INFO - Processing /home/airflow/.local/lib/python3.6/site-packages/airflow/example_dags/example_xcom.py took 0.087 seconds
[2021-09-26 11:48:56,883] {processor.py:162} INFO - Started process (PID=4251) to work on /home/airflow/.local/lib/python3.6/site-packages/airflow/example_dags/example_xcom.py
[2021-09-26 11:48:56,886] {processor.py:613} INFO - Processing file /home/airflow/.local/lib/python3.6/site-packages/airflow/example_dags/example_xcom.py for tasks to queue
[2021-09-26 11:48:56,888] {logging_mixin.py:109} INFO - [2021-09-26 11:48:56,888] {dagbag.py:496} INFO - Filling up the DagBag from /home/airflow/.local/lib/python3.6/site-packages/airflow/example_dags/example_xcom.py
[2021-09-26 11:48:56,903] {processor.py:623} INFO - DAG(s) dict_keys(['example_xcom']) retrieved from /home/airflow/.local/lib/python3.6/site-packages/airflow/example_dags/example_xcom.py
[2021-09-26 11:48:56,930] {logging_mixin.py:109} INFO - [2021-09-26 11:48:56,930] {dag.py:1834} INFO - Sync 1 DAGs
[2021-09-26 11:48:56,947] {logging_mixin.py:109} INFO - [2021-09-26 11:48:56,947] {dag.py:2287} INFO - Setting next_dagrun for example_xcom to 2021-09-24 00:00:00+00:00
[2021-09-26 11:48:56,959] {processor.py:170} INFO - Processing /home/airflow/.local/lib/python3.6/site-packages/airflow/example_dags/example_xcom.py took 0.085 seconds
[2021-09-26 11:49:27,573] {processor.py:162} INFO - Started process (PID=4320) to work on /home/airflow/.local/lib/python3.6/site-packages/airflow/example_dags/example_xcom.py
[2021-09-26 11:49:27,576] {processor.py:613} INFO - Processing file /home/airflow/.local/lib/python3.6/site-packages/airflow/example_dags/example_xcom.py for tasks to queue
[2021-09-26 11:49:27,577] {logging_mixin.py:109} INFO - [2021-09-26 11:49:27,577] {dagbag.py:496} INFO - Filling up the DagBag from /home/airflow/.local/lib/python3.6/site-packages/airflow/example_dags/example_xcom.py
[2021-09-26 11:49:27,593] {processor.py:623} INFO - DAG(s) dict_keys(['example_xcom']) retrieved from /home/airflow/.local/lib/python3.6/site-packages/airflow/example_dags/example_xcom.py
[2021-09-26 11:49:27,620] {logging_mixin.py:109} INFO - [2021-09-26 11:49:27,620] {dag.py:1834} INFO - Sync 1 DAGs
[2021-09-26 11:49:27,636] {logging_mixin.py:109} INFO - [2021-09-26 11:49:27,636] {dag.py:2287} INFO - Setting next_dagrun for example_xcom to 2021-09-24 00:00:00+00:00
[2021-09-26 11:49:27,648] {processor.py:170} INFO - Processing /home/airflow/.local/lib/python3.6/site-packages/airflow/example_dags/example_xcom.py took 0.080 seconds
[2021-09-26 11:49:58,351] {processor.py:162} INFO - Started process (PID=4378) to work on /home/airflow/.local/lib/python3.6/site-packages/airflow/example_dags/example_xcom.py
[2021-09-26 11:49:58,354] {processor.py:613} INFO - Processing file /home/airflow/.local/lib/python3.6/site-packages/airflow/example_dags/example_xcom.py for tasks to queue
[2021-09-26 11:49:58,356] {logging_mixin.py:109} INFO - [2021-09-26 11:49:58,356] {dagbag.py:496} INFO - Filling up the DagBag from /home/airflow/.local/lib/python3.6/site-packages/airflow/example_dags/example_xcom.py
[2021-09-26 11:49:58,371] {processor.py:623} INFO - DAG(s) dict_keys(['example_xcom']) retrieved from /home/airflow/.local/lib/python3.6/site-packages/airflow/example_dags/example_xcom.py
[2021-09-26 11:49:58,405] {logging_mixin.py:109} INFO - [2021-09-26 11:49:58,405] {dag.py:1834} INFO - Sync 1 DAGs
[2021-09-26 11:49:58,425] {logging_mixin.py:109} INFO - [2021-09-26 11:49:58,425] {dag.py:2287} INFO - Setting next_dagrun for example_xcom to 2021-09-24 00:00:00+00:00
[2021-09-26 11:49:58,436] {processor.py:170} INFO - Processing /home/airflow/.local/lib/python3.6/site-packages/airflow/example_dags/example_xcom.py took 0.089 seconds
[2021-09-26 11:50:29,227] {processor.py:162} INFO - Started process (PID=4447) to work on /home/airflow/.local/lib/python3.6/site-packages/airflow/example_dags/example_xcom.py
[2021-09-26 11:50:29,229] {processor.py:613} INFO - Processing file /home/airflow/.local/lib/python3.6/site-packages/airflow/example_dags/example_xcom.py for tasks to queue
[2021-09-26 11:50:29,230] {logging_mixin.py:109} INFO - [2021-09-26 11:50:29,230] {dagbag.py:496} INFO - Filling up the DagBag from /home/airflow/.local/lib/python3.6/site-packages/airflow/example_dags/example_xcom.py
[2021-09-26 11:50:29,248] {processor.py:623} INFO - DAG(s) dict_keys(['example_xcom']) retrieved from /home/airflow/.local/lib/python3.6/site-packages/airflow/example_dags/example_xcom.py
[2021-09-26 11:50:29,282] {logging_mixin.py:109} INFO - [2021-09-26 11:50:29,282] {dag.py:1834} INFO - Sync 1 DAGs
[2021-09-26 11:50:29,302] {logging_mixin.py:109} INFO - [2021-09-26 11:50:29,301] {dag.py:2287} INFO - Setting next_dagrun for example_xcom to 2021-09-24 00:00:00+00:00
[2021-09-26 11:50:29,327] {processor.py:170} INFO - Processing /home/airflow/.local/lib/python3.6/site-packages/airflow/example_dags/example_xcom.py took 0.104 seconds
[2021-09-26 11:50:59,623] {processor.py:162} INFO - Started process (PID=4517) to work on /home/airflow/.local/lib/python3.6/site-packages/airflow/example_dags/example_xcom.py
[2021-09-26 11:50:59,630] {processor.py:613} INFO - Processing file /home/airflow/.local/lib/python3.6/site-packages/airflow/example_dags/example_xcom.py for tasks to queue
[2021-09-26 11:50:59,635] {logging_mixin.py:109} INFO - [2021-09-26 11:50:59,633] {dagbag.py:496} INFO - Filling up the DagBag from /home/airflow/.local/lib/python3.6/site-packages/airflow/example_dags/example_xcom.py
[2021-09-26 11:50:59,658] {processor.py:623} INFO - DAG(s) dict_keys(['example_xcom']) retrieved from /home/airflow/.local/lib/python3.6/site-packages/airflow/example_dags/example_xcom.py
[2021-09-26 11:50:59,711] {logging_mixin.py:109} INFO - [2021-09-26 11:50:59,710] {dag.py:1834} INFO - Sync 1 DAGs
[2021-09-26 11:50:59,738] {logging_mixin.py:109} INFO - [2021-09-26 11:50:59,738] {dag.py:2287} INFO - Setting next_dagrun for example_xcom to 2021-09-24 00:00:00+00:00
[2021-09-26 11:50:59,759] {processor.py:170} INFO - Processing /home/airflow/.local/lib/python3.6/site-packages/airflow/example_dags/example_xcom.py took 0.144 seconds
[2021-09-26 11:51:30,271] {processor.py:162} INFO - Started process (PID=4576) to work on /home/airflow/.local/lib/python3.6/site-packages/airflow/example_dags/example_xcom.py
[2021-09-26 11:51:30,274] {processor.py:613} INFO - Processing file /home/airflow/.local/lib/python3.6/site-packages/airflow/example_dags/example_xcom.py for tasks to queue
[2021-09-26 11:51:30,276] {logging_mixin.py:109} INFO - [2021-09-26 11:51:30,276] {dagbag.py:496} INFO - Filling up the DagBag from /home/airflow/.local/lib/python3.6/site-packages/airflow/example_dags/example_xcom.py
[2021-09-26 11:51:30,292] {processor.py:623} INFO - DAG(s) dict_keys(['example_xcom']) retrieved from /home/airflow/.local/lib/python3.6/site-packages/airflow/example_dags/example_xcom.py
[2021-09-26 11:51:30,325] {logging_mixin.py:109} INFO - [2021-09-26 11:51:30,325] {dag.py:1834} INFO - Sync 1 DAGs
[2021-09-26 11:51:30,343] {logging_mixin.py:109} INFO - [2021-09-26 11:51:30,343] {dag.py:2287} INFO - Setting next_dagrun for example_xcom to 2021-09-24 00:00:00+00:00
[2021-09-26 11:51:30,362] {processor.py:170} INFO - Processing /home/airflow/.local/lib/python3.6/site-packages/airflow/example_dags/example_xcom.py took 0.096 seconds
[2021-09-26 11:52:00,571] {processor.py:162} INFO - Started process (PID=4645) to work on /home/airflow/.local/lib/python3.6/site-packages/airflow/example_dags/example_xcom.py
[2021-09-26 11:52:00,574] {processor.py:613} INFO - Processing file /home/airflow/.local/lib/python3.6/site-packages/airflow/example_dags/example_xcom.py for tasks to queue
[2021-09-26 11:52:00,577] {logging_mixin.py:109} INFO - [2021-09-26 11:52:00,577] {dagbag.py:496} INFO - Filling up the DagBag from /home/airflow/.local/lib/python3.6/site-packages/airflow/example_dags/example_xcom.py
[2021-09-26 11:52:00,596] {processor.py:623} INFO - DAG(s) dict_keys(['example_xcom']) retrieved from /home/airflow/.local/lib/python3.6/site-packages/airflow/example_dags/example_xcom.py
[2021-09-26 11:52:00,688] {logging_mixin.py:109} INFO - [2021-09-26 11:52:00,687] {dag.py:1834} INFO - Sync 1 DAGs
[2021-09-26 11:52:00,744] {logging_mixin.py:109} INFO - [2021-09-26 11:52:00,743] {dag.py:2287} INFO - Setting next_dagrun for example_xcom to 2021-09-24 00:00:00+00:00
[2021-09-26 11:52:00,791] {processor.py:170} INFO - Processing /home/airflow/.local/lib/python3.6/site-packages/airflow/example_dags/example_xcom.py took 0.224 seconds
[2021-09-26 11:52:30,979] {processor.py:162} INFO - Started process (PID=4702) to work on /home/airflow/.local/lib/python3.6/site-packages/airflow/example_dags/example_xcom.py
[2021-09-26 11:52:30,983] {processor.py:613} INFO - Processing file /home/airflow/.local/lib/python3.6/site-packages/airflow/example_dags/example_xcom.py for tasks to queue
[2021-09-26 11:52:30,985] {logging_mixin.py:109} INFO - [2021-09-26 11:52:30,985] {dagbag.py:496} INFO - Filling up the DagBag from /home/airflow/.local/lib/python3.6/site-packages/airflow/example_dags/example_xcom.py
[2021-09-26 11:52:31,008] {processor.py:623} INFO - DAG(s) dict_keys(['example_xcom']) retrieved from /home/airflow/.local/lib/python3.6/site-packages/airflow/example_dags/example_xcom.py
[2021-09-26 11:52:31,048] {logging_mixin.py:109} INFO - [2021-09-26 11:52:31,048] {dag.py:1834} INFO - Sync 1 DAGs
[2021-09-26 11:52:31,070] {logging_mixin.py:109} INFO - [2021-09-26 11:52:31,070] {dag.py:2287} INFO - Setting next_dagrun for example_xcom to 2021-09-24 00:00:00+00:00
[2021-09-26 11:52:31,083] {processor.py:170} INFO - Processing /home/airflow/.local/lib/python3.6/site-packages/airflow/example_dags/example_xcom.py took 0.109 seconds
[2021-09-26 11:53:01,578] {processor.py:162} INFO - Started process (PID=4773) to work on /home/airflow/.local/lib/python3.6/site-packages/airflow/example_dags/example_xcom.py
[2021-09-26 11:53:01,581] {processor.py:613} INFO - Processing file /home/airflow/.local/lib/python3.6/site-packages/airflow/example_dags/example_xcom.py for tasks to queue
[2021-09-26 11:53:01,582] {logging_mixin.py:109} INFO - [2021-09-26 11:53:01,582] {dagbag.py:496} INFO - Filling up the DagBag from /home/airflow/.local/lib/python3.6/site-packages/airflow/example_dags/example_xcom.py
[2021-09-26 11:53:01,597] {processor.py:623} INFO - DAG(s) dict_keys(['example_xcom']) retrieved from /home/airflow/.local/lib/python3.6/site-packages/airflow/example_dags/example_xcom.py
[2021-09-26 11:53:01,632] {logging_mixin.py:109} INFO - [2021-09-26 11:53:01,632] {dag.py:1834} INFO - Sync 1 DAGs
[2021-09-26 11:53:01,663] {logging_mixin.py:109} INFO - [2021-09-26 11:53:01,663] {dag.py:2287} INFO - Setting next_dagrun for example_xcom to 2021-09-24 00:00:00+00:00
[2021-09-26 11:53:01,680] {processor.py:170} INFO - Processing /home/airflow/.local/lib/python3.6/site-packages/airflow/example_dags/example_xcom.py took 0.107 seconds
[2021-09-26 11:53:32,258] {processor.py:162} INFO - Started process (PID=4829) to work on /home/airflow/.local/lib/python3.6/site-packages/airflow/example_dags/example_xcom.py
[2021-09-26 11:53:32,260] {processor.py:613} INFO - Processing file /home/airflow/.local/lib/python3.6/site-packages/airflow/example_dags/example_xcom.py for tasks to queue
[2021-09-26 11:53:32,262] {logging_mixin.py:109} INFO - [2021-09-26 11:53:32,262] {dagbag.py:496} INFO - Filling up the DagBag from /home/airflow/.local/lib/python3.6/site-packages/airflow/example_dags/example_xcom.py
[2021-09-26 11:53:32,281] {processor.py:623} INFO - DAG(s) dict_keys(['example_xcom']) retrieved from /home/airflow/.local/lib/python3.6/site-packages/airflow/example_dags/example_xcom.py
[2021-09-26 11:53:32,306] {logging_mixin.py:109} INFO - [2021-09-26 11:53:32,306] {dag.py:1834} INFO - Sync 1 DAGs
[2021-09-26 11:53:32,322] {logging_mixin.py:109} INFO - [2021-09-26 11:53:32,322] {dag.py:2287} INFO - Setting next_dagrun for example_xcom to 2021-09-24 00:00:00+00:00
[2021-09-26 11:53:32,332] {processor.py:170} INFO - Processing /home/airflow/.local/lib/python3.6/site-packages/airflow/example_dags/example_xcom.py took 0.078 seconds
[2021-09-26 11:54:02,683] {processor.py:162} INFO - Started process (PID=4895) to work on /home/airflow/.local/lib/python3.6/site-packages/airflow/example_dags/example_xcom.py
[2021-09-26 11:54:02,686] {processor.py:613} INFO - Processing file /home/airflow/.local/lib/python3.6/site-packages/airflow/example_dags/example_xcom.py for tasks to queue
[2021-09-26 11:54:02,688] {logging_mixin.py:109} INFO - [2021-09-26 11:54:02,688] {dagbag.py:496} INFO - Filling up the DagBag from /home/airflow/.local/lib/python3.6/site-packages/airflow/example_dags/example_xcom.py
[2021-09-26 11:54:02,706] {processor.py:623} INFO - DAG(s) dict_keys(['example_xcom']) retrieved from /home/airflow/.local/lib/python3.6/site-packages/airflow/example_dags/example_xcom.py
[2021-09-26 11:54:02,740] {logging_mixin.py:109} INFO - [2021-09-26 11:54:02,740] {dag.py:1834} INFO - Sync 1 DAGs
[2021-09-26 11:54:02,761] {logging_mixin.py:109} INFO - [2021-09-26 11:54:02,761] {dag.py:2287} INFO - Setting next_dagrun for example_xcom to 2021-09-24 00:00:00+00:00
[2021-09-26 11:54:02,779] {processor.py:170} INFO - Processing /home/airflow/.local/lib/python3.6/site-packages/airflow/example_dags/example_xcom.py took 0.101 seconds
[2021-09-26 11:54:33,153] {processor.py:162} INFO - Started process (PID=4952) to work on /home/airflow/.local/lib/python3.6/site-packages/airflow/example_dags/example_xcom.py
[2021-09-26 11:54:33,159] {processor.py:613} INFO - Processing file /home/airflow/.local/lib/python3.6/site-packages/airflow/example_dags/example_xcom.py for tasks to queue
[2021-09-26 11:54:33,162] {logging_mixin.py:109} INFO - [2021-09-26 11:54:33,162] {dagbag.py:496} INFO - Filling up the DagBag from /home/airflow/.local/lib/python3.6/site-packages/airflow/example_dags/example_xcom.py
[2021-09-26 11:54:33,206] {processor.py:623} INFO - DAG(s) dict_keys(['example_xcom']) retrieved from /home/airflow/.local/lib/python3.6/site-packages/airflow/example_dags/example_xcom.py
[2021-09-26 11:54:33,265] {logging_mixin.py:109} INFO - [2021-09-26 11:54:33,265] {dag.py:1834} INFO - Sync 1 DAGs
[2021-09-26 11:54:33,288] {logging_mixin.py:109} INFO - [2021-09-26 11:54:33,288] {dag.py:2287} INFO - Setting next_dagrun for example_xcom to 2021-09-24 00:00:00+00:00
[2021-09-26 11:54:33,303] {processor.py:170} INFO - Processing /home/airflow/.local/lib/python3.6/site-packages/airflow/example_dags/example_xcom.py took 0.163 seconds
[2021-09-26 11:55:03,784] {processor.py:162} INFO - Started process (PID=5021) to work on /home/airflow/.local/lib/python3.6/site-packages/airflow/example_dags/example_xcom.py
[2021-09-26 11:55:03,787] {processor.py:613} INFO - Processing file /home/airflow/.local/lib/python3.6/site-packages/airflow/example_dags/example_xcom.py for tasks to queue
[2021-09-26 11:55:03,789] {logging_mixin.py:109} INFO - [2021-09-26 11:55:03,789] {dagbag.py:496} INFO - Filling up the DagBag from /home/airflow/.local/lib/python3.6/site-packages/airflow/example_dags/example_xcom.py
[2021-09-26 11:55:03,805] {processor.py:623} INFO - DAG(s) dict_keys(['example_xcom']) retrieved from /home/airflow/.local/lib/python3.6/site-packages/airflow/example_dags/example_xcom.py
[2021-09-26 11:55:03,856] {logging_mixin.py:109} INFO - [2021-09-26 11:55:03,856] {dag.py:1834} INFO - Sync 1 DAGs
[2021-09-26 11:55:03,879] {logging_mixin.py:109} INFO - [2021-09-26 11:55:03,879] {dag.py:2287} INFO - Setting next_dagrun for example_xcom to 2021-09-24 00:00:00+00:00
[2021-09-26 11:55:03,894] {processor.py:170} INFO - Processing /home/airflow/.local/lib/python3.6/site-packages/airflow/example_dags/example_xcom.py took 0.114 seconds
[2021-09-26 11:55:34,092] {processor.py:162} INFO - Started process (PID=5079) to work on /home/airflow/.local/lib/python3.6/site-packages/airflow/example_dags/example_xcom.py
[2021-09-26 11:55:34,094] {processor.py:613} INFO - Processing file /home/airflow/.local/lib/python3.6/site-packages/airflow/example_dags/example_xcom.py for tasks to queue
[2021-09-26 11:55:34,095] {logging_mixin.py:109} INFO - [2021-09-26 11:55:34,095] {dagbag.py:496} INFO - Filling up the DagBag from /home/airflow/.local/lib/python3.6/site-packages/airflow/example_dags/example_xcom.py
[2021-09-26 11:55:34,110] {processor.py:623} INFO - DAG(s) dict_keys(['example_xcom']) retrieved from /home/airflow/.local/lib/python3.6/site-packages/airflow/example_dags/example_xcom.py
[2021-09-26 11:55:34,139] {logging_mixin.py:109} INFO - [2021-09-26 11:55:34,139] {dag.py:1834} INFO - Sync 1 DAGs
[2021-09-26 11:55:34,155] {logging_mixin.py:109} INFO - [2021-09-26 11:55:34,155] {dag.py:2287} INFO - Setting next_dagrun for example_xcom to 2021-09-24 00:00:00+00:00
[2021-09-26 11:55:34,170] {processor.py:170} INFO - Processing /home/airflow/.local/lib/python3.6/site-packages/airflow/example_dags/example_xcom.py took 0.082 seconds
[2021-09-26 11:56:04,592] {processor.py:162} INFO - Started process (PID=5148) to work on /home/airflow/.local/lib/python3.6/site-packages/airflow/example_dags/example_xcom.py
[2021-09-26 11:56:04,596] {processor.py:613} INFO - Processing file /home/airflow/.local/lib/python3.6/site-packages/airflow/example_dags/example_xcom.py for tasks to queue
[2021-09-26 11:56:04,600] {logging_mixin.py:109} INFO - [2021-09-26 11:56:04,599] {dagbag.py:496} INFO - Filling up the DagBag from /home/airflow/.local/lib/python3.6/site-packages/airflow/example_dags/example_xcom.py
[2021-09-26 11:56:04,621] {processor.py:623} INFO - DAG(s) dict_keys(['example_xcom']) retrieved from /home/airflow/.local/lib/python3.6/site-packages/airflow/example_dags/example_xcom.py
[2021-09-26 11:56:04,657] {logging_mixin.py:109} INFO - [2021-09-26 11:56:04,657] {dag.py:1834} INFO - Sync 1 DAGs
[2021-09-26 11:56:04,685] {logging_mixin.py:109} INFO - [2021-09-26 11:56:04,685] {dag.py:2287} INFO - Setting next_dagrun for example_xcom to 2021-09-24 00:00:00+00:00
[2021-09-26 11:56:04,700] {processor.py:170} INFO - Processing /home/airflow/.local/lib/python3.6/site-packages/airflow/example_dags/example_xcom.py took 0.116 seconds
[2021-09-26 11:56:35,272] {processor.py:162} INFO - Started process (PID=5215) to work on /home/airflow/.local/lib/python3.6/site-packages/airflow/example_dags/example_xcom.py
[2021-09-26 11:56:35,274] {processor.py:613} INFO - Processing file /home/airflow/.local/lib/python3.6/site-packages/airflow/example_dags/example_xcom.py for tasks to queue
[2021-09-26 11:56:35,276] {logging_mixin.py:109} INFO - [2021-09-26 11:56:35,276] {dagbag.py:496} INFO - Filling up the DagBag from /home/airflow/.local/lib/python3.6/site-packages/airflow/example_dags/example_xcom.py
[2021-09-26 11:56:35,291] {processor.py:623} INFO - DAG(s) dict_keys(['example_xcom']) retrieved from /home/airflow/.local/lib/python3.6/site-packages/airflow/example_dags/example_xcom.py
[2021-09-26 11:56:35,316] {logging_mixin.py:109} INFO - [2021-09-26 11:56:35,316] {dag.py:1834} INFO - Sync 1 DAGs
[2021-09-26 11:56:35,331] {logging_mixin.py:109} INFO - [2021-09-26 11:56:35,331] {dag.py:2287} INFO - Setting next_dagrun for example_xcom to 2021-09-24 00:00:00+00:00
[2021-09-26 11:56:35,347] {processor.py:170} INFO - Processing /home/airflow/.local/lib/python3.6/site-packages/airflow/example_dags/example_xcom.py took 0.080 seconds
[2021-09-26 11:57:05,655] {processor.py:162} INFO - Started process (PID=5272) to work on /home/airflow/.local/lib/python3.6/site-packages/airflow/example_dags/example_xcom.py
[2021-09-26 11:57:05,657] {processor.py:613} INFO - Processing file /home/airflow/.local/lib/python3.6/site-packages/airflow/example_dags/example_xcom.py for tasks to queue
[2021-09-26 11:57:05,659] {logging_mixin.py:109} INFO - [2021-09-26 11:57:05,659] {dagbag.py:496} INFO - Filling up the DagBag from /home/airflow/.local/lib/python3.6/site-packages/airflow/example_dags/example_xcom.py
[2021-09-26 11:57:05,675] {processor.py:623} INFO - DAG(s) dict_keys(['example_xcom']) retrieved from /home/airflow/.local/lib/python3.6/site-packages/airflow/example_dags/example_xcom.py
[2021-09-26 11:57:05,699] {logging_mixin.py:109} INFO - [2021-09-26 11:57:05,699] {dag.py:1834} INFO - Sync 1 DAGs
[2021-09-26 11:57:05,714] {logging_mixin.py:109} INFO - [2021-09-26 11:57:05,713] {dag.py:2287} INFO - Setting next_dagrun for example_xcom to 2021-09-24 00:00:00+00:00
[2021-09-26 11:57:05,725] {processor.py:170} INFO - Processing /home/airflow/.local/lib/python3.6/site-packages/airflow/example_dags/example_xcom.py took 0.074 seconds
[2021-09-26 11:57:36,056] {processor.py:162} INFO - Started process (PID=5339) to work on /home/airflow/.local/lib/python3.6/site-packages/airflow/example_dags/example_xcom.py
[2021-09-26 11:57:36,059] {processor.py:613} INFO - Processing file /home/airflow/.local/lib/python3.6/site-packages/airflow/example_dags/example_xcom.py for tasks to queue
[2021-09-26 11:57:36,060] {logging_mixin.py:109} INFO - [2021-09-26 11:57:36,060] {dagbag.py:496} INFO - Filling up the DagBag from /home/airflow/.local/lib/python3.6/site-packages/airflow/example_dags/example_xcom.py
[2021-09-26 11:57:36,074] {processor.py:623} INFO - DAG(s) dict_keys(['example_xcom']) retrieved from /home/airflow/.local/lib/python3.6/site-packages/airflow/example_dags/example_xcom.py
[2021-09-26 11:57:36,110] {logging_mixin.py:109} INFO - [2021-09-26 11:57:36,110] {dag.py:1834} INFO - Sync 1 DAGs
[2021-09-26 11:57:36,127] {logging_mixin.py:109} INFO - [2021-09-26 11:57:36,127] {dag.py:2287} INFO - Setting next_dagrun for example_xcom to 2021-09-24 00:00:00+00:00
[2021-09-26 11:57:36,145] {processor.py:170} INFO - Processing /home/airflow/.local/lib/python3.6/site-packages/airflow/example_dags/example_xcom.py took 0.093 seconds
[2021-09-26 11:58:06,386] {processor.py:162} INFO - Started process (PID=5398) to work on /home/airflow/.local/lib/python3.6/site-packages/airflow/example_dags/example_xcom.py
[2021-09-26 11:58:06,388] {processor.py:613} INFO - Processing file /home/airflow/.local/lib/python3.6/site-packages/airflow/example_dags/example_xcom.py for tasks to queue
[2021-09-26 11:58:06,390] {logging_mixin.py:109} INFO - [2021-09-26 11:58:06,389] {dagbag.py:496} INFO - Filling up the DagBag from /home/airflow/.local/lib/python3.6/site-packages/airflow/example_dags/example_xcom.py
[2021-09-26 11:58:06,403] {processor.py:623} INFO - DAG(s) dict_keys(['example_xcom']) retrieved from /home/airflow/.local/lib/python3.6/site-packages/airflow/example_dags/example_xcom.py
[2021-09-26 11:58:06,431] {logging_mixin.py:109} INFO - [2021-09-26 11:58:06,430] {dag.py:1834} INFO - Sync 1 DAGs
[2021-09-26 11:58:06,448] {logging_mixin.py:109} INFO - [2021-09-26 11:58:06,448] {dag.py:2287} INFO - Setting next_dagrun for example_xcom to 2021-09-24 00:00:00+00:00
[2021-09-26 11:58:06,461] {processor.py:170} INFO - Processing /home/airflow/.local/lib/python3.6/site-packages/airflow/example_dags/example_xcom.py took 0.079 seconds
[2021-09-26 11:58:36,995] {processor.py:162} INFO - Started process (PID=5467) to work on /home/airflow/.local/lib/python3.6/site-packages/airflow/example_dags/example_xcom.py
[2021-09-26 11:58:36,996] {processor.py:613} INFO - Processing file /home/airflow/.local/lib/python3.6/site-packages/airflow/example_dags/example_xcom.py for tasks to queue
[2021-09-26 11:58:36,998] {logging_mixin.py:109} INFO - [2021-09-26 11:58:36,997] {dagbag.py:496} INFO - Filling up the DagBag from /home/airflow/.local/lib/python3.6/site-packages/airflow/example_dags/example_xcom.py
[2021-09-26 11:58:37,011] {processor.py:623} INFO - DAG(s) dict_keys(['example_xcom']) retrieved from /home/airflow/.local/lib/python3.6/site-packages/airflow/example_dags/example_xcom.py
[2021-09-26 11:58:37,044] {logging_mixin.py:109} INFO - [2021-09-26 11:58:37,044] {dag.py:1834} INFO - Sync 1 DAGs
[2021-09-26 11:58:37,062] {logging_mixin.py:109} INFO - [2021-09-26 11:58:37,062] {dag.py:2287} INFO - Setting next_dagrun for example_xcom to 2021-09-24 00:00:00+00:00
[2021-09-26 11:58:37,079] {processor.py:170} INFO - Processing /home/airflow/.local/lib/python3.6/site-packages/airflow/example_dags/example_xcom.py took 0.090 seconds
[2021-09-26 11:59:07,579] {processor.py:162} INFO - Started process (PID=5536) to work on /home/airflow/.local/lib/python3.6/site-packages/airflow/example_dags/example_xcom.py
[2021-09-26 11:59:07,582] {processor.py:613} INFO - Processing file /home/airflow/.local/lib/python3.6/site-packages/airflow/example_dags/example_xcom.py for tasks to queue
[2021-09-26 11:59:07,587] {logging_mixin.py:109} INFO - [2021-09-26 11:59:07,586] {dagbag.py:496} INFO - Filling up the DagBag from /home/airflow/.local/lib/python3.6/site-packages/airflow/example_dags/example_xcom.py
[2021-09-26 11:59:07,609] {processor.py:623} INFO - DAG(s) dict_keys(['example_xcom']) retrieved from /home/airflow/.local/lib/python3.6/site-packages/airflow/example_dags/example_xcom.py
[2021-09-26 11:59:07,640] {logging_mixin.py:109} INFO - [2021-09-26 11:59:07,640] {dag.py:1834} INFO - Sync 1 DAGs
[2021-09-26 11:59:07,668] {logging_mixin.py:109} INFO - [2021-09-26 11:59:07,668] {dag.py:2287} INFO - Setting next_dagrun for example_xcom to 2021-09-24 00:00:00+00:00
[2021-09-26 11:59:07,697] {processor.py:170} INFO - Processing /home/airflow/.local/lib/python3.6/site-packages/airflow/example_dags/example_xcom.py took 0.129 seconds
[2021-09-26 11:59:37,832] {processor.py:162} INFO - Started process (PID=5592) to work on /home/airflow/.local/lib/python3.6/site-packages/airflow/example_dags/example_xcom.py
[2021-09-26 11:59:37,834] {processor.py:613} INFO - Processing file /home/airflow/.local/lib/python3.6/site-packages/airflow/example_dags/example_xcom.py for tasks to queue
[2021-09-26 11:59:37,835] {logging_mixin.py:109} INFO - [2021-09-26 11:59:37,835] {dagbag.py:496} INFO - Filling up the DagBag from /home/airflow/.local/lib/python3.6/site-packages/airflow/example_dags/example_xcom.py
[2021-09-26 11:59:37,848] {processor.py:623} INFO - DAG(s) dict_keys(['example_xcom']) retrieved from /home/airflow/.local/lib/python3.6/site-packages/airflow/example_dags/example_xcom.py
[2021-09-26 11:59:37,876] {logging_mixin.py:109} INFO - [2021-09-26 11:59:37,876] {dag.py:1834} INFO - Sync 1 DAGs
[2021-09-26 11:59:37,890] {logging_mixin.py:109} INFO - [2021-09-26 11:59:37,890] {dag.py:2287} INFO - Setting next_dagrun for example_xcom to 2021-09-24 00:00:00+00:00
[2021-09-26 11:59:37,901] {processor.py:170} INFO - Processing /home/airflow/.local/lib/python3.6/site-packages/airflow/example_dags/example_xcom.py took 0.073 seconds
[2021-09-26 12:00:08,540] {processor.py:162} INFO - Started process (PID=5661) to work on /home/airflow/.local/lib/python3.6/site-packages/airflow/example_dags/example_xcom.py
[2021-09-26 12:00:08,543] {processor.py:613} INFO - Processing file /home/airflow/.local/lib/python3.6/site-packages/airflow/example_dags/example_xcom.py for tasks to queue
[2021-09-26 12:00:08,545] {logging_mixin.py:109} INFO - [2021-09-26 12:00:08,544] {dagbag.py:496} INFO - Filling up the DagBag from /home/airflow/.local/lib/python3.6/site-packages/airflow/example_dags/example_xcom.py
[2021-09-26 12:00:08,557] {processor.py:623} INFO - DAG(s) dict_keys(['example_xcom']) retrieved from /home/airflow/.local/lib/python3.6/site-packages/airflow/example_dags/example_xcom.py
[2021-09-26 12:00:08,581] {logging_mixin.py:109} INFO - [2021-09-26 12:00:08,581] {dag.py:1834} INFO - Sync 1 DAGs
[2021-09-26 12:00:08,595] {logging_mixin.py:109} INFO - [2021-09-26 12:00:08,595] {dag.py:2287} INFO - Setting next_dagrun for example_xcom to 2021-09-24 00:00:00+00:00
[2021-09-26 12:00:08,610] {processor.py:170} INFO - Processing /home/airflow/.local/lib/python3.6/site-packages/airflow/example_dags/example_xcom.py took 0.073 seconds
[2021-09-26 12:00:38,842] {processor.py:162} INFO - Started process (PID=5719) to work on /home/airflow/.local/lib/python3.6/site-packages/airflow/example_dags/example_xcom.py
[2021-09-26 12:00:38,844] {processor.py:613} INFO - Processing file /home/airflow/.local/lib/python3.6/site-packages/airflow/example_dags/example_xcom.py for tasks to queue
[2021-09-26 12:00:38,846] {logging_mixin.py:109} INFO - [2021-09-26 12:00:38,846] {dagbag.py:496} INFO - Filling up the DagBag from /home/airflow/.local/lib/python3.6/site-packages/airflow/example_dags/example_xcom.py
[2021-09-26 12:00:38,874] {processor.py:623} INFO - DAG(s) dict_keys(['example_xcom']) retrieved from /home/airflow/.local/lib/python3.6/site-packages/airflow/example_dags/example_xcom.py
[2021-09-26 12:00:38,913] {logging_mixin.py:109} INFO - [2021-09-26 12:00:38,913] {dag.py:1834} INFO - Sync 1 DAGs
[2021-09-26 12:00:38,937] {logging_mixin.py:109} INFO - [2021-09-26 12:00:38,937] {dag.py:2287} INFO - Setting next_dagrun for example_xcom to 2021-09-24 00:00:00+00:00
[2021-09-26 12:00:38,948] {processor.py:170} INFO - Processing /home/airflow/.local/lib/python3.6/site-packages/airflow/example_dags/example_xcom.py took 0.114 seconds
[2021-09-26 12:01:09,103] {processor.py:162} INFO - Started process (PID=5784) to work on /home/airflow/.local/lib/python3.6/site-packages/airflow/example_dags/example_xcom.py
[2021-09-26 12:01:09,106] {processor.py:613} INFO - Processing file /home/airflow/.local/lib/python3.6/site-packages/airflow/example_dags/example_xcom.py for tasks to queue
[2021-09-26 12:01:09,107] {logging_mixin.py:109} INFO - [2021-09-26 12:01:09,107] {dagbag.py:496} INFO - Filling up the DagBag from /home/airflow/.local/lib/python3.6/site-packages/airflow/example_dags/example_xcom.py
[2021-09-26 12:01:09,121] {processor.py:623} INFO - DAG(s) dict_keys(['example_xcom']) retrieved from /home/airflow/.local/lib/python3.6/site-packages/airflow/example_dags/example_xcom.py
[2021-09-26 12:01:09,146] {logging_mixin.py:109} INFO - [2021-09-26 12:01:09,145] {dag.py:1834} INFO - Sync 1 DAGs
[2021-09-26 12:01:09,162] {logging_mixin.py:109} INFO - [2021-09-26 12:01:09,162] {dag.py:2287} INFO - Setting next_dagrun for example_xcom to 2021-09-24 00:00:00+00:00
[2021-09-26 12:01:09,174] {processor.py:170} INFO - Processing /home/airflow/.local/lib/python3.6/site-packages/airflow/example_dags/example_xcom.py took 0.074 seconds
[2021-09-26 12:01:39,621] {processor.py:162} INFO - Started process (PID=5852) to work on /home/airflow/.local/lib/python3.6/site-packages/airflow/example_dags/example_xcom.py
[2021-09-26 12:01:39,625] {processor.py:613} INFO - Processing file /home/airflow/.local/lib/python3.6/site-packages/airflow/example_dags/example_xcom.py for tasks to queue
[2021-09-26 12:01:39,626] {logging_mixin.py:109} INFO - [2021-09-26 12:01:39,626] {dagbag.py:496} INFO - Filling up the DagBag from /home/airflow/.local/lib/python3.6/site-packages/airflow/example_dags/example_xcom.py
[2021-09-26 12:01:39,654] {processor.py:623} INFO - DAG(s) dict_keys(['example_xcom']) retrieved from /home/airflow/.local/lib/python3.6/site-packages/airflow/example_dags/example_xcom.py
[2021-09-26 12:01:39,707] {logging_mixin.py:109} INFO - [2021-09-26 12:01:39,707] {dag.py:1834} INFO - Sync 1 DAGs
[2021-09-26 12:01:39,729] {logging_mixin.py:109} INFO - [2021-09-26 12:01:39,729] {dag.py:2287} INFO - Setting next_dagrun for example_xcom to 2021-09-24 00:00:00+00:00
[2021-09-26 12:01:39,745] {processor.py:170} INFO - Processing /home/airflow/.local/lib/python3.6/site-packages/airflow/example_dags/example_xcom.py took 0.136 seconds
[2021-09-26 12:02:10,587] {processor.py:162} INFO - Started process (PID=5910) to work on /home/airflow/.local/lib/python3.6/site-packages/airflow/example_dags/example_xcom.py
[2021-09-26 12:02:10,590] {processor.py:613} INFO - Processing file /home/airflow/.local/lib/python3.6/site-packages/airflow/example_dags/example_xcom.py for tasks to queue
[2021-09-26 12:02:10,592] {logging_mixin.py:109} INFO - [2021-09-26 12:02:10,592] {dagbag.py:496} INFO - Filling up the DagBag from /home/airflow/.local/lib/python3.6/site-packages/airflow/example_dags/example_xcom.py
[2021-09-26 12:02:10,606] {processor.py:623} INFO - DAG(s) dict_keys(['example_xcom']) retrieved from /home/airflow/.local/lib/python3.6/site-packages/airflow/example_dags/example_xcom.py
[2021-09-26 12:02:10,634] {logging_mixin.py:109} INFO - [2021-09-26 12:02:10,634] {dag.py:1834} INFO - Sync 1 DAGs
[2021-09-26 12:02:10,650] {logging_mixin.py:109} INFO - [2021-09-26 12:02:10,650] {dag.py:2287} INFO - Setting next_dagrun for example_xcom to 2021-09-24 00:00:00+00:00
[2021-09-26 12:02:10,662] {processor.py:170} INFO - Processing /home/airflow/.local/lib/python3.6/site-packages/airflow/example_dags/example_xcom.py took 0.080 seconds
[2021-09-26 12:02:41,516] {processor.py:162} INFO - Started process (PID=5976) to work on /home/airflow/.local/lib/python3.6/site-packages/airflow/example_dags/example_xcom.py
[2021-09-26 12:02:41,518] {processor.py:613} INFO - Processing file /home/airflow/.local/lib/python3.6/site-packages/airflow/example_dags/example_xcom.py for tasks to queue
[2021-09-26 12:02:41,520] {logging_mixin.py:109} INFO - [2021-09-26 12:02:41,520] {dagbag.py:496} INFO - Filling up the DagBag from /home/airflow/.local/lib/python3.6/site-packages/airflow/example_dags/example_xcom.py
[2021-09-26 12:02:41,534] {processor.py:623} INFO - DAG(s) dict_keys(['example_xcom']) retrieved from /home/airflow/.local/lib/python3.6/site-packages/airflow/example_dags/example_xcom.py
[2021-09-26 12:02:41,575] {logging_mixin.py:109} INFO - [2021-09-26 12:02:41,574] {dag.py:1834} INFO - Sync 1 DAGs
[2021-09-26 12:02:41,600] {logging_mixin.py:109} INFO - [2021-09-26 12:02:41,599] {dag.py:2287} INFO - Setting next_dagrun for example_xcom to 2021-09-24 00:00:00+00:00
[2021-09-26 12:02:41,622] {processor.py:170} INFO - Processing /home/airflow/.local/lib/python3.6/site-packages/airflow/example_dags/example_xcom.py took 0.110 seconds
[2021-09-26 12:03:11,994] {processor.py:162} INFO - Started process (PID=6034) to work on /home/airflow/.local/lib/python3.6/site-packages/airflow/example_dags/example_xcom.py
[2021-09-26 12:03:11,997] {processor.py:613} INFO - Processing file /home/airflow/.local/lib/python3.6/site-packages/airflow/example_dags/example_xcom.py for tasks to queue
[2021-09-26 12:03:11,999] {logging_mixin.py:109} INFO - [2021-09-26 12:03:11,999] {dagbag.py:496} INFO - Filling up the DagBag from /home/airflow/.local/lib/python3.6/site-packages/airflow/example_dags/example_xcom.py
[2021-09-26 12:03:12,011] {processor.py:623} INFO - DAG(s) dict_keys(['example_xcom']) retrieved from /home/airflow/.local/lib/python3.6/site-packages/airflow/example_dags/example_xcom.py
[2021-09-26 12:03:12,035] {logging_mixin.py:109} INFO - [2021-09-26 12:03:12,035] {dag.py:1834} INFO - Sync 1 DAGs
[2021-09-26 12:03:12,052] {logging_mixin.py:109} INFO - [2021-09-26 12:03:12,052] {dag.py:2287} INFO - Setting next_dagrun for example_xcom to 2021-09-24 00:00:00+00:00
[2021-09-26 12:03:12,065] {processor.py:170} INFO - Processing /home/airflow/.local/lib/python3.6/site-packages/airflow/example_dags/example_xcom.py took 0.074 seconds
[2021-09-26 12:03:42,347] {processor.py:162} INFO - Started process (PID=6103) to work on /home/airflow/.local/lib/python3.6/site-packages/airflow/example_dags/example_xcom.py
[2021-09-26 12:03:42,349] {processor.py:613} INFO - Processing file /home/airflow/.local/lib/python3.6/site-packages/airflow/example_dags/example_xcom.py for tasks to queue
[2021-09-26 12:03:42,351] {logging_mixin.py:109} INFO - [2021-09-26 12:03:42,351] {dagbag.py:496} INFO - Filling up the DagBag from /home/airflow/.local/lib/python3.6/site-packages/airflow/example_dags/example_xcom.py
[2021-09-26 12:03:42,376] {processor.py:623} INFO - DAG(s) dict_keys(['example_xcom']) retrieved from /home/airflow/.local/lib/python3.6/site-packages/airflow/example_dags/example_xcom.py
[2021-09-26 12:03:42,422] {logging_mixin.py:109} INFO - [2021-09-26 12:03:42,422] {dag.py:1834} INFO - Sync 1 DAGs
[2021-09-26 12:03:42,463] {logging_mixin.py:109} INFO - [2021-09-26 12:03:42,463] {dag.py:2287} INFO - Setting next_dagrun for example_xcom to 2021-09-24 00:00:00+00:00
[2021-09-26 12:03:42,476] {processor.py:170} INFO - Processing /home/airflow/.local/lib/python3.6/site-packages/airflow/example_dags/example_xcom.py took 0.138 seconds
[2021-09-26 12:04:13,124] {processor.py:162} INFO - Started process (PID=6172) to work on /home/airflow/.local/lib/python3.6/site-packages/airflow/example_dags/example_xcom.py
[2021-09-26 12:04:13,127] {processor.py:613} INFO - Processing file /home/airflow/.local/lib/python3.6/site-packages/airflow/example_dags/example_xcom.py for tasks to queue
[2021-09-26 12:04:13,135] {logging_mixin.py:109} INFO - [2021-09-26 12:04:13,135] {dagbag.py:496} INFO - Filling up the DagBag from /home/airflow/.local/lib/python3.6/site-packages/airflow/example_dags/example_xcom.py
[2021-09-26 12:04:13,166] {processor.py:623} INFO - DAG(s) dict_keys(['example_xcom']) retrieved from /home/airflow/.local/lib/python3.6/site-packages/airflow/example_dags/example_xcom.py
[2021-09-26 12:04:13,204] {logging_mixin.py:109} INFO - [2021-09-26 12:04:13,203] {dag.py:1834} INFO - Sync 1 DAGs
[2021-09-26 12:04:13,225] {logging_mixin.py:109} INFO - [2021-09-26 12:04:13,225] {dag.py:2287} INFO - Setting next_dagrun for example_xcom to 2021-09-24 00:00:00+00:00
[2021-09-26 12:04:13,245] {processor.py:170} INFO - Processing /home/airflow/.local/lib/python3.6/site-packages/airflow/example_dags/example_xcom.py took 0.127 seconds
[2021-09-26 12:04:43,458] {processor.py:162} INFO - Started process (PID=6229) to work on /home/airflow/.local/lib/python3.6/site-packages/airflow/example_dags/example_xcom.py
[2021-09-26 12:04:43,460] {processor.py:613} INFO - Processing file /home/airflow/.local/lib/python3.6/site-packages/airflow/example_dags/example_xcom.py for tasks to queue
[2021-09-26 12:04:43,461] {logging_mixin.py:109} INFO - [2021-09-26 12:04:43,461] {dagbag.py:496} INFO - Filling up the DagBag from /home/airflow/.local/lib/python3.6/site-packages/airflow/example_dags/example_xcom.py
[2021-09-26 12:04:43,474] {processor.py:623} INFO - DAG(s) dict_keys(['example_xcom']) retrieved from /home/airflow/.local/lib/python3.6/site-packages/airflow/example_dags/example_xcom.py
[2021-09-26 12:04:43,497] {logging_mixin.py:109} INFO - [2021-09-26 12:04:43,497] {dag.py:1834} INFO - Sync 1 DAGs
[2021-09-26 12:04:43,512] {logging_mixin.py:109} INFO - [2021-09-26 12:04:43,511] {dag.py:2287} INFO - Setting next_dagrun for example_xcom to 2021-09-24 00:00:00+00:00
[2021-09-26 12:04:43,522] {processor.py:170} INFO - Processing /home/airflow/.local/lib/python3.6/site-packages/airflow/example_dags/example_xcom.py took 0.068 seconds
[2021-09-26 12:05:13,790] {processor.py:162} INFO - Started process (PID=6299) to work on /home/airflow/.local/lib/python3.6/site-packages/airflow/example_dags/example_xcom.py
[2021-09-26 12:05:13,795] {processor.py:613} INFO - Processing file /home/airflow/.local/lib/python3.6/site-packages/airflow/example_dags/example_xcom.py for tasks to queue
[2021-09-26 12:05:13,798] {logging_mixin.py:109} INFO - [2021-09-26 12:05:13,797] {dagbag.py:496} INFO - Filling up the DagBag from /home/airflow/.local/lib/python3.6/site-packages/airflow/example_dags/example_xcom.py
[2021-09-26 12:05:13,811] {processor.py:623} INFO - DAG(s) dict_keys(['example_xcom']) retrieved from /home/airflow/.local/lib/python3.6/site-packages/airflow/example_dags/example_xcom.py
[2021-09-26 12:05:13,839] {logging_mixin.py:109} INFO - [2021-09-26 12:05:13,839] {dag.py:1834} INFO - Sync 1 DAGs
[2021-09-26 12:05:13,858] {logging_mixin.py:109} INFO - [2021-09-26 12:05:13,857] {dag.py:2287} INFO - Setting next_dagrun for example_xcom to 2021-09-24 00:00:00+00:00
[2021-09-26 12:05:13,875] {processor.py:170} INFO - Processing /home/airflow/.local/lib/python3.6/site-packages/airflow/example_dags/example_xcom.py took 0.097 seconds
[2021-09-26 12:05:44,006] {processor.py:162} INFO - Started process (PID=6357) to work on /home/airflow/.local/lib/python3.6/site-packages/airflow/example_dags/example_xcom.py
[2021-09-26 12:05:44,008] {processor.py:613} INFO - Processing file /home/airflow/.local/lib/python3.6/site-packages/airflow/example_dags/example_xcom.py for tasks to queue
[2021-09-26 12:05:44,010] {logging_mixin.py:109} INFO - [2021-09-26 12:05:44,010] {dagbag.py:496} INFO - Filling up the DagBag from /home/airflow/.local/lib/python3.6/site-packages/airflow/example_dags/example_xcom.py
[2021-09-26 12:05:44,025] {processor.py:623} INFO - DAG(s) dict_keys(['example_xcom']) retrieved from /home/airflow/.local/lib/python3.6/site-packages/airflow/example_dags/example_xcom.py
[2021-09-26 12:05:44,060] {logging_mixin.py:109} INFO - [2021-09-26 12:05:44,060] {dag.py:1834} INFO - Sync 1 DAGs
[2021-09-26 12:05:44,094] {logging_mixin.py:109} INFO - [2021-09-26 12:05:44,094] {dag.py:2287} INFO - Setting next_dagrun for example_xcom to 2021-09-24 00:00:00+00:00
[2021-09-26 12:05:44,115] {processor.py:170} INFO - Processing /home/airflow/.local/lib/python3.6/site-packages/airflow/example_dags/example_xcom.py took 0.113 seconds
[2021-09-26 12:06:14,575] {processor.py:162} INFO - Started process (PID=6426) to work on /home/airflow/.local/lib/python3.6/site-packages/airflow/example_dags/example_xcom.py
[2021-09-26 12:06:14,578] {processor.py:613} INFO - Processing file /home/airflow/.local/lib/python3.6/site-packages/airflow/example_dags/example_xcom.py for tasks to queue
[2021-09-26 12:06:14,581] {logging_mixin.py:109} INFO - [2021-09-26 12:06:14,581] {dagbag.py:496} INFO - Filling up the DagBag from /home/airflow/.local/lib/python3.6/site-packages/airflow/example_dags/example_xcom.py
[2021-09-26 12:06:14,595] {processor.py:623} INFO - DAG(s) dict_keys(['example_xcom']) retrieved from /home/airflow/.local/lib/python3.6/site-packages/airflow/example_dags/example_xcom.py
[2021-09-26 12:06:14,620] {logging_mixin.py:109} INFO - [2021-09-26 12:06:14,620] {dag.py:1834} INFO - Sync 1 DAGs
[2021-09-26 12:06:14,636] {logging_mixin.py:109} INFO - [2021-09-26 12:06:14,636] {dag.py:2287} INFO - Setting next_dagrun for example_xcom to 2021-09-24 00:00:00+00:00
[2021-09-26 12:06:14,647] {processor.py:170} INFO - Processing /home/airflow/.local/lib/python3.6/site-packages/airflow/example_dags/example_xcom.py took 0.080 seconds
