[2021-09-26 11:46:42,775] {processor.py:162} INFO - Started process (PID=3982) to work on /home/airflow/.local/lib/python3.6/site-packages/airflow/example_dags/example_dag_decorator.py
[2021-09-26 11:46:42,777] {processor.py:613} INFO - Processing file /home/airflow/.local/lib/python3.6/site-packages/airflow/example_dags/example_dag_decorator.py for tasks to queue
[2021-09-26 11:46:42,779] {logging_mixin.py:109} INFO - [2021-09-26 11:46:42,779] {dagbag.py:496} INFO - Filling up the DagBag from /home/airflow/.local/lib/python3.6/site-packages/airflow/example_dags/example_dag_decorator.py
[2021-09-26 11:46:42,802] {processor.py:623} INFO - DAG(s) dict_keys(['example_dag_decorator']) retrieved from /home/airflow/.local/lib/python3.6/site-packages/airflow/example_dags/example_dag_decorator.py
[2021-09-26 11:46:43,022] {logging_mixin.py:109} INFO - [2021-09-26 11:46:43,022] {dag.py:1834} INFO - Sync 1 DAGs
[2021-09-26 11:46:43,037] {logging_mixin.py:109} INFO - [2021-09-26 11:46:43,037] {dag.py:2287} INFO - Setting next_dagrun for example_dag_decorator to None
[2021-09-26 11:46:43,050] {processor.py:170} INFO - Processing /home/airflow/.local/lib/python3.6/site-packages/airflow/example_dags/example_dag_decorator.py took 0.280 seconds
[2021-09-26 11:47:13,242] {processor.py:162} INFO - Started process (PID=4048) to work on /home/airflow/.local/lib/python3.6/site-packages/airflow/example_dags/example_dag_decorator.py
[2021-09-26 11:47:13,248] {processor.py:613} INFO - Processing file /home/airflow/.local/lib/python3.6/site-packages/airflow/example_dags/example_dag_decorator.py for tasks to queue
[2021-09-26 11:47:13,251] {logging_mixin.py:109} INFO - [2021-09-26 11:47:13,250] {dagbag.py:496} INFO - Filling up the DagBag from /home/airflow/.local/lib/python3.6/site-packages/airflow/example_dags/example_dag_decorator.py
[2021-09-26 11:47:13,291] {processor.py:623} INFO - DAG(s) dict_keys(['example_dag_decorator']) retrieved from /home/airflow/.local/lib/python3.6/site-packages/airflow/example_dags/example_dag_decorator.py
[2021-09-26 11:47:13,635] {logging_mixin.py:109} INFO - [2021-09-26 11:47:13,635] {dag.py:1834} INFO - Sync 1 DAGs
[2021-09-26 11:47:13,652] {logging_mixin.py:109} INFO - [2021-09-26 11:47:13,652] {dag.py:2287} INFO - Setting next_dagrun for example_dag_decorator to None
[2021-09-26 11:47:13,676] {processor.py:170} INFO - Processing /home/airflow/.local/lib/python3.6/site-packages/airflow/example_dags/example_dag_decorator.py took 0.443 seconds
[2021-09-26 11:47:43,818] {processor.py:162} INFO - Started process (PID=4103) to work on /home/airflow/.local/lib/python3.6/site-packages/airflow/example_dags/example_dag_decorator.py
[2021-09-26 11:47:43,821] {processor.py:613} INFO - Processing file /home/airflow/.local/lib/python3.6/site-packages/airflow/example_dags/example_dag_decorator.py for tasks to queue
[2021-09-26 11:47:43,823] {logging_mixin.py:109} INFO - [2021-09-26 11:47:43,823] {dagbag.py:496} INFO - Filling up the DagBag from /home/airflow/.local/lib/python3.6/site-packages/airflow/example_dags/example_dag_decorator.py
[2021-09-26 11:47:43,861] {processor.py:623} INFO - DAG(s) dict_keys(['example_dag_decorator']) retrieved from /home/airflow/.local/lib/python3.6/site-packages/airflow/example_dags/example_dag_decorator.py
[2021-09-26 11:47:43,909] {logging_mixin.py:109} INFO - [2021-09-26 11:47:43,909] {dag.py:1834} INFO - Sync 1 DAGs
[2021-09-26 11:47:43,937] {logging_mixin.py:109} INFO - [2021-09-26 11:47:43,937] {dag.py:2287} INFO - Setting next_dagrun for example_dag_decorator to None
[2021-09-26 11:47:43,962] {processor.py:170} INFO - Processing /home/airflow/.local/lib/python3.6/site-packages/airflow/example_dags/example_dag_decorator.py took 0.152 seconds
[2021-09-26 11:48:14,114] {processor.py:162} INFO - Started process (PID=4170) to work on /home/airflow/.local/lib/python3.6/site-packages/airflow/example_dags/example_dag_decorator.py
[2021-09-26 11:48:14,117] {processor.py:613} INFO - Processing file /home/airflow/.local/lib/python3.6/site-packages/airflow/example_dags/example_dag_decorator.py for tasks to queue
[2021-09-26 11:48:14,121] {logging_mixin.py:109} INFO - [2021-09-26 11:48:14,120] {dagbag.py:496} INFO - Filling up the DagBag from /home/airflow/.local/lib/python3.6/site-packages/airflow/example_dags/example_dag_decorator.py
[2021-09-26 11:48:14,156] {processor.py:623} INFO - DAG(s) dict_keys(['example_dag_decorator']) retrieved from /home/airflow/.local/lib/python3.6/site-packages/airflow/example_dags/example_dag_decorator.py
[2021-09-26 11:48:14,517] {logging_mixin.py:109} INFO - [2021-09-26 11:48:14,517] {dag.py:1834} INFO - Sync 1 DAGs
[2021-09-26 11:48:14,535] {logging_mixin.py:109} INFO - [2021-09-26 11:48:14,534] {dag.py:2287} INFO - Setting next_dagrun for example_dag_decorator to None
[2021-09-26 11:48:14,549] {processor.py:170} INFO - Processing /home/airflow/.local/lib/python3.6/site-packages/airflow/example_dags/example_dag_decorator.py took 0.441 seconds
[2021-09-26 11:48:45,321] {processor.py:162} INFO - Started process (PID=4227) to work on /home/airflow/.local/lib/python3.6/site-packages/airflow/example_dags/example_dag_decorator.py
[2021-09-26 11:48:45,325] {processor.py:613} INFO - Processing file /home/airflow/.local/lib/python3.6/site-packages/airflow/example_dags/example_dag_decorator.py for tasks to queue
[2021-09-26 11:48:45,331] {logging_mixin.py:109} INFO - [2021-09-26 11:48:45,329] {dagbag.py:496} INFO - Filling up the DagBag from /home/airflow/.local/lib/python3.6/site-packages/airflow/example_dags/example_dag_decorator.py
[2021-09-26 11:48:45,378] {processor.py:623} INFO - DAG(s) dict_keys(['example_dag_decorator']) retrieved from /home/airflow/.local/lib/python3.6/site-packages/airflow/example_dags/example_dag_decorator.py
[2021-09-26 11:48:45,631] {logging_mixin.py:109} INFO - [2021-09-26 11:48:45,631] {dag.py:1834} INFO - Sync 1 DAGs
[2021-09-26 11:48:45,617] {logging_mixin.py:109} INFO - [2021-09-26 11:48:45,617] {dag.py:2287} INFO - Setting next_dagrun for example_dag_decorator to None
[2021-09-26 11:48:45,629] {processor.py:170} INFO - Processing /home/airflow/.local/lib/python3.6/site-packages/airflow/example_dags/example_dag_decorator.py took 0.348 seconds
[2021-09-26 11:49:16,320] {processor.py:162} INFO - Started process (PID=4296) to work on /home/airflow/.local/lib/python3.6/site-packages/airflow/example_dags/example_dag_decorator.py
[2021-09-26 11:49:16,323] {processor.py:613} INFO - Processing file /home/airflow/.local/lib/python3.6/site-packages/airflow/example_dags/example_dag_decorator.py for tasks to queue
[2021-09-26 11:49:16,325] {logging_mixin.py:109} INFO - [2021-09-26 11:49:16,325] {dagbag.py:496} INFO - Filling up the DagBag from /home/airflow/.local/lib/python3.6/site-packages/airflow/example_dags/example_dag_decorator.py
[2021-09-26 11:49:16,370] {processor.py:623} INFO - DAG(s) dict_keys(['example_dag_decorator']) retrieved from /home/airflow/.local/lib/python3.6/site-packages/airflow/example_dags/example_dag_decorator.py
[2021-09-26 11:49:16,708] {logging_mixin.py:109} INFO - [2021-09-26 11:49:16,707] {dag.py:1834} INFO - Sync 1 DAGs
[2021-09-26 11:49:16,723] {logging_mixin.py:109} INFO - [2021-09-26 11:49:16,723] {dag.py:2287} INFO - Setting next_dagrun for example_dag_decorator to None
[2021-09-26 11:49:16,750] {processor.py:170} INFO - Processing /home/airflow/.local/lib/python3.6/site-packages/airflow/example_dags/example_dag_decorator.py took 0.435 seconds
[2021-09-26 11:49:46,832] {processor.py:162} INFO - Started process (PID=4363) to work on /home/airflow/.local/lib/python3.6/site-packages/airflow/example_dags/example_dag_decorator.py
[2021-09-26 11:49:46,835] {processor.py:613} INFO - Processing file /home/airflow/.local/lib/python3.6/site-packages/airflow/example_dags/example_dag_decorator.py for tasks to queue
[2021-09-26 11:49:46,836] {logging_mixin.py:109} INFO - [2021-09-26 11:49:46,836] {dagbag.py:496} INFO - Filling up the DagBag from /home/airflow/.local/lib/python3.6/site-packages/airflow/example_dags/example_dag_decorator.py
[2021-09-26 11:49:46,860] {processor.py:623} INFO - DAG(s) dict_keys(['example_dag_decorator']) retrieved from /home/airflow/.local/lib/python3.6/site-packages/airflow/example_dags/example_dag_decorator.py
[2021-09-26 11:49:47,051] {logging_mixin.py:109} INFO - [2021-09-26 11:49:47,051] {dag.py:1834} INFO - Sync 1 DAGs
[2021-09-26 11:49:47,066] {logging_mixin.py:109} INFO - [2021-09-26 11:49:47,065] {dag.py:2287} INFO - Setting next_dagrun for example_dag_decorator to None
[2021-09-26 11:49:47,079] {processor.py:170} INFO - Processing /home/airflow/.local/lib/python3.6/site-packages/airflow/example_dags/example_dag_decorator.py took 0.251 seconds
[2021-09-26 11:50:17,656] {processor.py:162} INFO - Started process (PID=4422) to work on /home/airflow/.local/lib/python3.6/site-packages/airflow/example_dags/example_dag_decorator.py
[2021-09-26 11:50:17,659] {processor.py:613} INFO - Processing file /home/airflow/.local/lib/python3.6/site-packages/airflow/example_dags/example_dag_decorator.py for tasks to queue
[2021-09-26 11:50:17,661] {logging_mixin.py:109} INFO - [2021-09-26 11:50:17,661] {dagbag.py:496} INFO - Filling up the DagBag from /home/airflow/.local/lib/python3.6/site-packages/airflow/example_dags/example_dag_decorator.py
[2021-09-26 11:50:17,687] {processor.py:623} INFO - DAG(s) dict_keys(['example_dag_decorator']) retrieved from /home/airflow/.local/lib/python3.6/site-packages/airflow/example_dags/example_dag_decorator.py
[2021-09-26 11:50:17,876] {logging_mixin.py:109} INFO - [2021-09-26 11:50:17,876] {dag.py:1834} INFO - Sync 1 DAGs
[2021-09-26 11:50:17,892] {logging_mixin.py:109} INFO - [2021-09-26 11:50:17,892] {dag.py:2287} INFO - Setting next_dagrun for example_dag_decorator to None
[2021-09-26 11:50:17,905] {processor.py:170} INFO - Processing /home/airflow/.local/lib/python3.6/site-packages/airflow/example_dags/example_dag_decorator.py took 0.257 seconds
[2021-09-26 11:50:48,586] {processor.py:162} INFO - Started process (PID=4491) to work on /home/airflow/.local/lib/python3.6/site-packages/airflow/example_dags/example_dag_decorator.py
[2021-09-26 11:50:48,589] {processor.py:613} INFO - Processing file /home/airflow/.local/lib/python3.6/site-packages/airflow/example_dags/example_dag_decorator.py for tasks to queue
[2021-09-26 11:50:48,591] {logging_mixin.py:109} INFO - [2021-09-26 11:50:48,591] {dagbag.py:496} INFO - Filling up the DagBag from /home/airflow/.local/lib/python3.6/site-packages/airflow/example_dags/example_dag_decorator.py
[2021-09-26 11:50:48,625] {processor.py:623} INFO - DAG(s) dict_keys(['example_dag_decorator']) retrieved from /home/airflow/.local/lib/python3.6/site-packages/airflow/example_dags/example_dag_decorator.py
[2021-09-26 11:50:48,907] {logging_mixin.py:109} INFO - [2021-09-26 11:50:48,907] {dag.py:1834} INFO - Sync 1 DAGs
[2021-09-26 11:50:48,929] {logging_mixin.py:109} INFO - [2021-09-26 11:50:48,929] {dag.py:2287} INFO - Setting next_dagrun for example_dag_decorator to None
[2021-09-26 11:50:48,950] {processor.py:170} INFO - Processing /home/airflow/.local/lib/python3.6/site-packages/airflow/example_dags/example_dag_decorator.py took 0.370 seconds
[2021-09-26 11:51:19,357] {processor.py:162} INFO - Started process (PID=4550) to work on /home/airflow/.local/lib/python3.6/site-packages/airflow/example_dags/example_dag_decorator.py
[2021-09-26 11:51:19,359] {processor.py:613} INFO - Processing file /home/airflow/.local/lib/python3.6/site-packages/airflow/example_dags/example_dag_decorator.py for tasks to queue
[2021-09-26 11:51:19,361] {logging_mixin.py:109} INFO - [2021-09-26 11:51:19,361] {dagbag.py:496} INFO - Filling up the DagBag from /home/airflow/.local/lib/python3.6/site-packages/airflow/example_dags/example_dag_decorator.py
[2021-09-26 11:51:19,392] {processor.py:623} INFO - DAG(s) dict_keys(['example_dag_decorator']) retrieved from /home/airflow/.local/lib/python3.6/site-packages/airflow/example_dags/example_dag_decorator.py
[2021-09-26 11:51:19,645] {logging_mixin.py:109} INFO - [2021-09-26 11:51:19,645] {dag.py:1834} INFO - Sync 1 DAGs
[2021-09-26 11:51:19,665] {logging_mixin.py:109} INFO - [2021-09-26 11:51:19,665] {dag.py:2287} INFO - Setting next_dagrun for example_dag_decorator to None
[2021-09-26 11:51:19,682] {processor.py:170} INFO - Processing /home/airflow/.local/lib/python3.6/site-packages/airflow/example_dags/example_dag_decorator.py took 0.331 seconds
[2021-09-26 11:51:50,601] {processor.py:162} INFO - Started process (PID=4620) to work on /home/airflow/.local/lib/python3.6/site-packages/airflow/example_dags/example_dag_decorator.py
[2021-09-26 11:51:50,604] {processor.py:613} INFO - Processing file /home/airflow/.local/lib/python3.6/site-packages/airflow/example_dags/example_dag_decorator.py for tasks to queue
[2021-09-26 11:51:50,606] {logging_mixin.py:109} INFO - [2021-09-26 11:51:50,606] {dagbag.py:496} INFO - Filling up the DagBag from /home/airflow/.local/lib/python3.6/site-packages/airflow/example_dags/example_dag_decorator.py
[2021-09-26 11:51:50,630] {processor.py:623} INFO - DAG(s) dict_keys(['example_dag_decorator']) retrieved from /home/airflow/.local/lib/python3.6/site-packages/airflow/example_dags/example_dag_decorator.py
[2021-09-26 11:51:50,861] {logging_mixin.py:109} INFO - [2021-09-26 11:51:50,861] {dag.py:1834} INFO - Sync 1 DAGs
[2021-09-26 11:51:50,878] {logging_mixin.py:109} INFO - [2021-09-26 11:51:50,877] {dag.py:2287} INFO - Setting next_dagrun for example_dag_decorator to None
[2021-09-26 11:51:50,891] {processor.py:170} INFO - Processing /home/airflow/.local/lib/python3.6/site-packages/airflow/example_dags/example_dag_decorator.py took 0.294 seconds
[2021-09-26 11:52:21,314] {processor.py:162} INFO - Started process (PID=4678) to work on /home/airflow/.local/lib/python3.6/site-packages/airflow/example_dags/example_dag_decorator.py
[2021-09-26 11:52:21,317] {processor.py:613} INFO - Processing file /home/airflow/.local/lib/python3.6/site-packages/airflow/example_dags/example_dag_decorator.py for tasks to queue
[2021-09-26 11:52:21,319] {logging_mixin.py:109} INFO - [2021-09-26 11:52:21,319] {dagbag.py:496} INFO - Filling up the DagBag from /home/airflow/.local/lib/python3.6/site-packages/airflow/example_dags/example_dag_decorator.py
[2021-09-26 11:52:21,341] {processor.py:623} INFO - DAG(s) dict_keys(['example_dag_decorator']) retrieved from /home/airflow/.local/lib/python3.6/site-packages/airflow/example_dags/example_dag_decorator.py
[2021-09-26 11:52:21,539] {logging_mixin.py:109} INFO - [2021-09-26 11:52:21,539] {dag.py:1834} INFO - Sync 1 DAGs
[2021-09-26 11:52:21,553] {logging_mixin.py:109} INFO - [2021-09-26 11:52:21,553] {dag.py:2287} INFO - Setting next_dagrun for example_dag_decorator to None
[2021-09-26 11:52:21,565] {processor.py:170} INFO - Processing /home/airflow/.local/lib/python3.6/site-packages/airflow/example_dags/example_dag_decorator.py took 0.256 seconds
[2021-09-26 11:52:52,292] {processor.py:162} INFO - Started process (PID=4747) to work on /home/airflow/.local/lib/python3.6/site-packages/airflow/example_dags/example_dag_decorator.py
[2021-09-26 11:52:52,295] {processor.py:613} INFO - Processing file /home/airflow/.local/lib/python3.6/site-packages/airflow/example_dags/example_dag_decorator.py for tasks to queue
[2021-09-26 11:52:52,296] {logging_mixin.py:109} INFO - [2021-09-26 11:52:52,296] {dagbag.py:496} INFO - Filling up the DagBag from /home/airflow/.local/lib/python3.6/site-packages/airflow/example_dags/example_dag_decorator.py
[2021-09-26 11:52:52,320] {processor.py:623} INFO - DAG(s) dict_keys(['example_dag_decorator']) retrieved from /home/airflow/.local/lib/python3.6/site-packages/airflow/example_dags/example_dag_decorator.py
[2021-09-26 11:52:52,551] {logging_mixin.py:109} INFO - [2021-09-26 11:52:52,551] {dag.py:1834} INFO - Sync 1 DAGs
[2021-09-26 11:52:52,565] {logging_mixin.py:109} INFO - [2021-09-26 11:52:52,565] {dag.py:2287} INFO - Setting next_dagrun for example_dag_decorator to None
[2021-09-26 11:52:52,581] {processor.py:170} INFO - Processing /home/airflow/.local/lib/python3.6/site-packages/airflow/example_dags/example_dag_decorator.py took 0.292 seconds
[2021-09-26 11:53:22,851] {processor.py:162} INFO - Started process (PID=4815) to work on /home/airflow/.local/lib/python3.6/site-packages/airflow/example_dags/example_dag_decorator.py
[2021-09-26 11:53:22,854] {processor.py:613} INFO - Processing file /home/airflow/.local/lib/python3.6/site-packages/airflow/example_dags/example_dag_decorator.py for tasks to queue
[2021-09-26 11:53:22,856] {logging_mixin.py:109} INFO - [2021-09-26 11:53:22,856] {dagbag.py:496} INFO - Filling up the DagBag from /home/airflow/.local/lib/python3.6/site-packages/airflow/example_dags/example_dag_decorator.py
[2021-09-26 11:53:22,880] {processor.py:623} INFO - DAG(s) dict_keys(['example_dag_decorator']) retrieved from /home/airflow/.local/lib/python3.6/site-packages/airflow/example_dags/example_dag_decorator.py
[2021-09-26 11:53:23,116] {logging_mixin.py:109} INFO - [2021-09-26 11:53:23,116] {dag.py:1834} INFO - Sync 1 DAGs
[2021-09-26 11:53:23,130] {logging_mixin.py:109} INFO - [2021-09-26 11:53:23,130] {dag.py:2287} INFO - Setting next_dagrun for example_dag_decorator to None
[2021-09-26 11:53:23,142] {processor.py:170} INFO - Processing /home/airflow/.local/lib/python3.6/site-packages/airflow/example_dags/example_dag_decorator.py took 0.295 seconds
[2021-09-26 11:53:53,889] {processor.py:162} INFO - Started process (PID=4871) to work on /home/airflow/.local/lib/python3.6/site-packages/airflow/example_dags/example_dag_decorator.py
[2021-09-26 11:53:53,891] {processor.py:613} INFO - Processing file /home/airflow/.local/lib/python3.6/site-packages/airflow/example_dags/example_dag_decorator.py for tasks to queue
[2021-09-26 11:53:53,893] {logging_mixin.py:109} INFO - [2021-09-26 11:53:53,893] {dagbag.py:496} INFO - Filling up the DagBag from /home/airflow/.local/lib/python3.6/site-packages/airflow/example_dags/example_dag_decorator.py
[2021-09-26 11:53:53,918] {processor.py:623} INFO - DAG(s) dict_keys(['example_dag_decorator']) retrieved from /home/airflow/.local/lib/python3.6/site-packages/airflow/example_dags/example_dag_decorator.py
[2021-09-26 11:53:54,160] {logging_mixin.py:109} INFO - [2021-09-26 11:53:54,159] {dag.py:1834} INFO - Sync 1 DAGs
[2021-09-26 11:53:54,176] {logging_mixin.py:109} INFO - [2021-09-26 11:53:54,176] {dag.py:2287} INFO - Setting next_dagrun for example_dag_decorator to None
[2021-09-26 11:53:54,192] {processor.py:170} INFO - Processing /home/airflow/.local/lib/python3.6/site-packages/airflow/example_dags/example_dag_decorator.py took 0.307 seconds
[2021-09-26 11:54:24,301] {processor.py:162} INFO - Started process (PID=4938) to work on /home/airflow/.local/lib/python3.6/site-packages/airflow/example_dags/example_dag_decorator.py
[2021-09-26 11:54:24,305] {processor.py:613} INFO - Processing file /home/airflow/.local/lib/python3.6/site-packages/airflow/example_dags/example_dag_decorator.py for tasks to queue
[2021-09-26 11:54:24,307] {logging_mixin.py:109} INFO - [2021-09-26 11:54:24,306] {dagbag.py:496} INFO - Filling up the DagBag from /home/airflow/.local/lib/python3.6/site-packages/airflow/example_dags/example_dag_decorator.py
[2021-09-26 11:54:24,333] {processor.py:623} INFO - DAG(s) dict_keys(['example_dag_decorator']) retrieved from /home/airflow/.local/lib/python3.6/site-packages/airflow/example_dags/example_dag_decorator.py
[2021-09-26 11:54:24,587] {logging_mixin.py:109} INFO - [2021-09-26 11:54:24,587] {dag.py:1834} INFO - Sync 1 DAGs
[2021-09-26 11:54:24,605] {logging_mixin.py:109} INFO - [2021-09-26 11:54:24,605] {dag.py:2287} INFO - Setting next_dagrun for example_dag_decorator to None
[2021-09-26 11:54:24,623] {processor.py:170} INFO - Processing /home/airflow/.local/lib/python3.6/site-packages/airflow/example_dags/example_dag_decorator.py took 0.326 seconds
[2021-09-26 11:54:55,257] {processor.py:162} INFO - Started process (PID=4995) to work on /home/airflow/.local/lib/python3.6/site-packages/airflow/example_dags/example_dag_decorator.py
[2021-09-26 11:54:55,261] {processor.py:613} INFO - Processing file /home/airflow/.local/lib/python3.6/site-packages/airflow/example_dags/example_dag_decorator.py for tasks to queue
[2021-09-26 11:54:55,265] {logging_mixin.py:109} INFO - [2021-09-26 11:54:55,264] {dagbag.py:496} INFO - Filling up the DagBag from /home/airflow/.local/lib/python3.6/site-packages/airflow/example_dags/example_dag_decorator.py
[2021-09-26 11:54:55,305] {processor.py:623} INFO - DAG(s) dict_keys(['example_dag_decorator']) retrieved from /home/airflow/.local/lib/python3.6/site-packages/airflow/example_dags/example_dag_decorator.py
[2021-09-26 11:54:55,772] {logging_mixin.py:109} INFO - [2021-09-26 11:54:55,772] {dag.py:1834} INFO - Sync 1 DAGs
[2021-09-26 11:54:55,796] {logging_mixin.py:109} INFO - [2021-09-26 11:54:55,796] {dag.py:2287} INFO - Setting next_dagrun for example_dag_decorator to None
[2021-09-26 11:54:55,821] {processor.py:170} INFO - Processing /home/airflow/.local/lib/python3.6/site-packages/airflow/example_dags/example_dag_decorator.py took 0.570 seconds
[2021-09-26 11:55:26,427] {processor.py:162} INFO - Started process (PID=5065) to work on /home/airflow/.local/lib/python3.6/site-packages/airflow/example_dags/example_dag_decorator.py
[2021-09-26 11:55:26,429] {processor.py:613} INFO - Processing file /home/airflow/.local/lib/python3.6/site-packages/airflow/example_dags/example_dag_decorator.py for tasks to queue
[2021-09-26 11:55:26,430] {logging_mixin.py:109} INFO - [2021-09-26 11:55:26,430] {dagbag.py:496} INFO - Filling up the DagBag from /home/airflow/.local/lib/python3.6/site-packages/airflow/example_dags/example_dag_decorator.py
[2021-09-26 11:55:26,453] {processor.py:623} INFO - DAG(s) dict_keys(['example_dag_decorator']) retrieved from /home/airflow/.local/lib/python3.6/site-packages/airflow/example_dags/example_dag_decorator.py
[2021-09-26 11:55:26,680] {logging_mixin.py:109} INFO - [2021-09-26 11:55:26,680] {dag.py:1834} INFO - Sync 1 DAGs
[2021-09-26 11:55:26,700] {logging_mixin.py:109} INFO - [2021-09-26 11:55:26,700] {dag.py:2287} INFO - Setting next_dagrun for example_dag_decorator to None
[2021-09-26 11:55:26,716] {processor.py:170} INFO - Processing /home/airflow/.local/lib/python3.6/site-packages/airflow/example_dags/example_dag_decorator.py took 0.293 seconds
[2021-09-26 11:55:57,572] {processor.py:162} INFO - Started process (PID=5122) to work on /home/airflow/.local/lib/python3.6/site-packages/airflow/example_dags/example_dag_decorator.py
[2021-09-26 11:55:57,574] {processor.py:613} INFO - Processing file /home/airflow/.local/lib/python3.6/site-packages/airflow/example_dags/example_dag_decorator.py for tasks to queue
[2021-09-26 11:55:57,576] {logging_mixin.py:109} INFO - [2021-09-26 11:55:57,576] {dagbag.py:496} INFO - Filling up the DagBag from /home/airflow/.local/lib/python3.6/site-packages/airflow/example_dags/example_dag_decorator.py
[2021-09-26 11:55:57,598] {processor.py:623} INFO - DAG(s) dict_keys(['example_dag_decorator']) retrieved from /home/airflow/.local/lib/python3.6/site-packages/airflow/example_dags/example_dag_decorator.py
[2021-09-26 11:55:57,790] {logging_mixin.py:109} INFO - [2021-09-26 11:55:57,790] {dag.py:1834} INFO - Sync 1 DAGs
[2021-09-26 11:55:57,804] {logging_mixin.py:109} INFO - [2021-09-26 11:55:57,803] {dag.py:2287} INFO - Setting next_dagrun for example_dag_decorator to None
[2021-09-26 11:55:57,816] {processor.py:170} INFO - Processing /home/airflow/.local/lib/python3.6/site-packages/airflow/example_dags/example_dag_decorator.py took 0.249 seconds
[2021-09-26 11:56:27,921] {processor.py:162} INFO - Started process (PID=5190) to work on /home/airflow/.local/lib/python3.6/site-packages/airflow/example_dags/example_dag_decorator.py
[2021-09-26 11:56:27,924] {processor.py:613} INFO - Processing file /home/airflow/.local/lib/python3.6/site-packages/airflow/example_dags/example_dag_decorator.py for tasks to queue
[2021-09-26 11:56:27,925] {logging_mixin.py:109} INFO - [2021-09-26 11:56:27,925] {dagbag.py:496} INFO - Filling up the DagBag from /home/airflow/.local/lib/python3.6/site-packages/airflow/example_dags/example_dag_decorator.py
[2021-09-26 11:56:27,948] {processor.py:623} INFO - DAG(s) dict_keys(['example_dag_decorator']) retrieved from /home/airflow/.local/lib/python3.6/site-packages/airflow/example_dags/example_dag_decorator.py
[2021-09-26 11:56:28,144] {logging_mixin.py:109} INFO - [2021-09-26 11:56:28,144] {dag.py:1834} INFO - Sync 1 DAGs
[2021-09-26 11:56:28,165] {logging_mixin.py:109} INFO - [2021-09-26 11:56:28,165] {dag.py:2287} INFO - Setting next_dagrun for example_dag_decorator to None
[2021-09-26 11:56:28,183] {processor.py:170} INFO - Processing /home/airflow/.local/lib/python3.6/site-packages/airflow/example_dags/example_dag_decorator.py took 0.269 seconds
[2021-09-26 11:56:58,414] {processor.py:162} INFO - Started process (PID=5258) to work on /home/airflow/.local/lib/python3.6/site-packages/airflow/example_dags/example_dag_decorator.py
[2021-09-26 11:56:58,417] {processor.py:613} INFO - Processing file /home/airflow/.local/lib/python3.6/site-packages/airflow/example_dags/example_dag_decorator.py for tasks to queue
[2021-09-26 11:56:58,419] {logging_mixin.py:109} INFO - [2021-09-26 11:56:58,419] {dagbag.py:496} INFO - Filling up the DagBag from /home/airflow/.local/lib/python3.6/site-packages/airflow/example_dags/example_dag_decorator.py
[2021-09-26 11:56:58,441] {processor.py:623} INFO - DAG(s) dict_keys(['example_dag_decorator']) retrieved from /home/airflow/.local/lib/python3.6/site-packages/airflow/example_dags/example_dag_decorator.py
[2021-09-26 11:56:58,682] {logging_mixin.py:109} INFO - [2021-09-26 11:56:58,682] {dag.py:1834} INFO - Sync 1 DAGs
[2021-09-26 11:56:58,698] {logging_mixin.py:109} INFO - [2021-09-26 11:56:58,698] {dag.py:2287} INFO - Setting next_dagrun for example_dag_decorator to None
[2021-09-26 11:56:58,713] {processor.py:170} INFO - Processing /home/airflow/.local/lib/python3.6/site-packages/airflow/example_dags/example_dag_decorator.py took 0.304 seconds
[2021-09-26 11:57:28,939] {processor.py:162} INFO - Started process (PID=5314) to work on /home/airflow/.local/lib/python3.6/site-packages/airflow/example_dags/example_dag_decorator.py
[2021-09-26 11:57:28,942] {processor.py:613} INFO - Processing file /home/airflow/.local/lib/python3.6/site-packages/airflow/example_dags/example_dag_decorator.py for tasks to queue
[2021-09-26 11:57:28,943] {logging_mixin.py:109} INFO - [2021-09-26 11:57:28,943] {dagbag.py:496} INFO - Filling up the DagBag from /home/airflow/.local/lib/python3.6/site-packages/airflow/example_dags/example_dag_decorator.py
[2021-09-26 11:57:28,964] {processor.py:623} INFO - DAG(s) dict_keys(['example_dag_decorator']) retrieved from /home/airflow/.local/lib/python3.6/site-packages/airflow/example_dags/example_dag_decorator.py
[2021-09-26 11:57:29,141] {logging_mixin.py:109} INFO - [2021-09-26 11:57:29,141] {dag.py:1834} INFO - Sync 1 DAGs
[2021-09-26 11:57:29,156] {logging_mixin.py:109} INFO - [2021-09-26 11:57:29,156] {dag.py:2287} INFO - Setting next_dagrun for example_dag_decorator to None
[2021-09-26 11:57:29,171] {processor.py:170} INFO - Processing /home/airflow/.local/lib/python3.6/site-packages/airflow/example_dags/example_dag_decorator.py took 0.235 seconds
[2021-09-26 11:57:59,513] {processor.py:162} INFO - Started process (PID=5384) to work on /home/airflow/.local/lib/python3.6/site-packages/airflow/example_dags/example_dag_decorator.py
[2021-09-26 11:57:59,516] {processor.py:613} INFO - Processing file /home/airflow/.local/lib/python3.6/site-packages/airflow/example_dags/example_dag_decorator.py for tasks to queue
[2021-09-26 11:57:59,517] {logging_mixin.py:109} INFO - [2021-09-26 11:57:59,517] {dagbag.py:496} INFO - Filling up the DagBag from /home/airflow/.local/lib/python3.6/site-packages/airflow/example_dags/example_dag_decorator.py
[2021-09-26 11:57:59,542] {processor.py:623} INFO - DAG(s) dict_keys(['example_dag_decorator']) retrieved from /home/airflow/.local/lib/python3.6/site-packages/airflow/example_dags/example_dag_decorator.py
[2021-09-26 11:57:59,741] {logging_mixin.py:109} INFO - [2021-09-26 11:57:59,741] {dag.py:1834} INFO - Sync 1 DAGs
[2021-09-26 11:57:59,758] {logging_mixin.py:109} INFO - [2021-09-26 11:57:59,758] {dag.py:2287} INFO - Setting next_dagrun for example_dag_decorator to None
[2021-09-26 11:57:59,772] {processor.py:170} INFO - Processing /home/airflow/.local/lib/python3.6/site-packages/airflow/example_dags/example_dag_decorator.py took 0.265 seconds
[2021-09-26 11:58:29,847] {processor.py:162} INFO - Started process (PID=5442) to work on /home/airflow/.local/lib/python3.6/site-packages/airflow/example_dags/example_dag_decorator.py
[2021-09-26 11:58:29,849] {processor.py:613} INFO - Processing file /home/airflow/.local/lib/python3.6/site-packages/airflow/example_dags/example_dag_decorator.py for tasks to queue
[2021-09-26 11:58:29,851] {logging_mixin.py:109} INFO - [2021-09-26 11:58:29,851] {dagbag.py:496} INFO - Filling up the DagBag from /home/airflow/.local/lib/python3.6/site-packages/airflow/example_dags/example_dag_decorator.py
[2021-09-26 11:58:29,873] {processor.py:623} INFO - DAG(s) dict_keys(['example_dag_decorator']) retrieved from /home/airflow/.local/lib/python3.6/site-packages/airflow/example_dags/example_dag_decorator.py
[2021-09-26 11:58:29,897] {logging_mixin.py:109} INFO - [2021-09-26 11:58:29,897] {dag.py:1834} INFO - Sync 1 DAGs
[2021-09-26 11:58:29,912] {logging_mixin.py:109} INFO - [2021-09-26 11:58:29,912] {dag.py:2287} INFO - Setting next_dagrun for example_dag_decorator to None
[2021-09-26 11:58:29,924] {processor.py:170} INFO - Processing /home/airflow/.local/lib/python3.6/site-packages/airflow/example_dags/example_dag_decorator.py took 0.081 seconds
[2021-09-26 11:59:00,129] {processor.py:162} INFO - Started process (PID=5510) to work on /home/airflow/.local/lib/python3.6/site-packages/airflow/example_dags/example_dag_decorator.py
[2021-09-26 11:59:00,133] {processor.py:613} INFO - Processing file /home/airflow/.local/lib/python3.6/site-packages/airflow/example_dags/example_dag_decorator.py for tasks to queue
[2021-09-26 11:59:00,134] {logging_mixin.py:109} INFO - [2021-09-26 11:59:00,134] {dagbag.py:496} INFO - Filling up the DagBag from /home/airflow/.local/lib/python3.6/site-packages/airflow/example_dags/example_dag_decorator.py
[2021-09-26 11:59:00,157] {processor.py:623} INFO - DAG(s) dict_keys(['example_dag_decorator']) retrieved from /home/airflow/.local/lib/python3.6/site-packages/airflow/example_dags/example_dag_decorator.py
[2021-09-26 11:59:00,349] {logging_mixin.py:109} INFO - [2021-09-26 11:59:00,349] {dag.py:1834} INFO - Sync 1 DAGs
[2021-09-26 11:59:00,365] {logging_mixin.py:109} INFO - [2021-09-26 11:59:00,365] {dag.py:2287} INFO - Setting next_dagrun for example_dag_decorator to None
[2021-09-26 11:59:00,381] {processor.py:170} INFO - Processing /home/airflow/.local/lib/python3.6/site-packages/airflow/example_dags/example_dag_decorator.py took 0.257 seconds
[2021-09-26 11:59:30,801] {processor.py:162} INFO - Started process (PID=5578) to work on /home/airflow/.local/lib/python3.6/site-packages/airflow/example_dags/example_dag_decorator.py
[2021-09-26 11:59:30,803] {processor.py:613} INFO - Processing file /home/airflow/.local/lib/python3.6/site-packages/airflow/example_dags/example_dag_decorator.py for tasks to queue
[2021-09-26 11:59:30,805] {logging_mixin.py:109} INFO - [2021-09-26 11:59:30,805] {dagbag.py:496} INFO - Filling up the DagBag from /home/airflow/.local/lib/python3.6/site-packages/airflow/example_dags/example_dag_decorator.py
[2021-09-26 11:59:30,835] {processor.py:623} INFO - DAG(s) dict_keys(['example_dag_decorator']) retrieved from /home/airflow/.local/lib/python3.6/site-packages/airflow/example_dags/example_dag_decorator.py
[2021-09-26 11:59:30,863] {logging_mixin.py:109} INFO - [2021-09-26 11:59:30,863] {dag.py:1834} INFO - Sync 1 DAGs
[2021-09-26 11:59:30,879] {logging_mixin.py:109} INFO - [2021-09-26 11:59:30,878] {dag.py:2287} INFO - Setting next_dagrun for example_dag_decorator to None
[2021-09-26 11:59:30,890] {processor.py:170} INFO - Processing /home/airflow/.local/lib/python3.6/site-packages/airflow/example_dags/example_dag_decorator.py took 0.093 seconds
[2021-09-26 12:00:01,241] {processor.py:162} INFO - Started process (PID=5636) to work on /home/airflow/.local/lib/python3.6/site-packages/airflow/example_dags/example_dag_decorator.py
[2021-09-26 12:00:01,342] {processor.py:613} INFO - Processing file /home/airflow/.local/lib/python3.6/site-packages/airflow/example_dags/example_dag_decorator.py for tasks to queue
[2021-09-26 12:00:01,354] {logging_mixin.py:109} INFO - [2021-09-26 12:00:01,353] {dagbag.py:496} INFO - Filling up the DagBag from /home/airflow/.local/lib/python3.6/site-packages/airflow/example_dags/example_dag_decorator.py
[2021-09-26 12:00:01,407] {processor.py:623} INFO - DAG(s) dict_keys(['example_dag_decorator']) retrieved from /home/airflow/.local/lib/python3.6/site-packages/airflow/example_dags/example_dag_decorator.py
[2021-09-26 12:00:01,741] {logging_mixin.py:109} INFO - [2021-09-26 12:00:01,741] {dag.py:1834} INFO - Sync 1 DAGs
[2021-09-26 12:00:01,767] {logging_mixin.py:109} INFO - [2021-09-26 12:00:01,767] {dag.py:2287} INFO - Setting next_dagrun for example_dag_decorator to None
[2021-09-26 12:00:01,787] {processor.py:170} INFO - Processing /home/airflow/.local/lib/python3.6/site-packages/airflow/example_dags/example_dag_decorator.py took 0.591 seconds
[2021-09-26 12:00:32,811] {processor.py:162} INFO - Started process (PID=5705) to work on /home/airflow/.local/lib/python3.6/site-packages/airflow/example_dags/example_dag_decorator.py
[2021-09-26 12:00:32,815] {processor.py:613} INFO - Processing file /home/airflow/.local/lib/python3.6/site-packages/airflow/example_dags/example_dag_decorator.py for tasks to queue
[2021-09-26 12:00:32,817] {logging_mixin.py:109} INFO - [2021-09-26 12:00:32,817] {dagbag.py:496} INFO - Filling up the DagBag from /home/airflow/.local/lib/python3.6/site-packages/airflow/example_dags/example_dag_decorator.py
[2021-09-26 12:00:32,843] {processor.py:623} INFO - DAG(s) dict_keys(['example_dag_decorator']) retrieved from /home/airflow/.local/lib/python3.6/site-packages/airflow/example_dags/example_dag_decorator.py
[2021-09-26 12:00:33,022] {logging_mixin.py:109} INFO - [2021-09-26 12:00:33,022] {dag.py:1834} INFO - Sync 1 DAGs
[2021-09-26 12:00:33,035] {logging_mixin.py:109} INFO - [2021-09-26 12:00:33,035] {dag.py:2287} INFO - Setting next_dagrun for example_dag_decorator to None
[2021-09-26 12:00:33,046] {processor.py:170} INFO - Processing /home/airflow/.local/lib/python3.6/site-packages/airflow/example_dags/example_dag_decorator.py took 0.243 seconds
[2021-09-26 12:01:03,192] {processor.py:162} INFO - Started process (PID=5762) to work on /home/airflow/.local/lib/python3.6/site-packages/airflow/example_dags/example_dag_decorator.py
[2021-09-26 12:01:03,195] {processor.py:613} INFO - Processing file /home/airflow/.local/lib/python3.6/site-packages/airflow/example_dags/example_dag_decorator.py for tasks to queue
[2021-09-26 12:01:03,197] {logging_mixin.py:109} INFO - [2021-09-26 12:01:03,197] {dagbag.py:496} INFO - Filling up the DagBag from /home/airflow/.local/lib/python3.6/site-packages/airflow/example_dags/example_dag_decorator.py
[2021-09-26 12:01:03,229] {processor.py:623} INFO - DAG(s) dict_keys(['example_dag_decorator']) retrieved from /home/airflow/.local/lib/python3.6/site-packages/airflow/example_dags/example_dag_decorator.py
[2021-09-26 12:01:03,454] {logging_mixin.py:109} INFO - [2021-09-26 12:01:03,454] {dag.py:1834} INFO - Sync 1 DAGs
[2021-09-26 12:01:03,468] {logging_mixin.py:109} INFO - [2021-09-26 12:01:03,468] {dag.py:2287} INFO - Setting next_dagrun for example_dag_decorator to None
[2021-09-26 12:01:03,496] {processor.py:170} INFO - Processing /home/airflow/.local/lib/python3.6/site-packages/airflow/example_dags/example_dag_decorator.py took 0.308 seconds
[2021-09-26 12:01:33,630] {processor.py:162} INFO - Started process (PID=5831) to work on /home/airflow/.local/lib/python3.6/site-packages/airflow/example_dags/example_dag_decorator.py
[2021-09-26 12:01:33,632] {processor.py:613} INFO - Processing file /home/airflow/.local/lib/python3.6/site-packages/airflow/example_dags/example_dag_decorator.py for tasks to queue
[2021-09-26 12:01:33,634] {logging_mixin.py:109} INFO - [2021-09-26 12:01:33,634] {dagbag.py:496} INFO - Filling up the DagBag from /home/airflow/.local/lib/python3.6/site-packages/airflow/example_dags/example_dag_decorator.py
[2021-09-26 12:01:33,657] {processor.py:623} INFO - DAG(s) dict_keys(['example_dag_decorator']) retrieved from /home/airflow/.local/lib/python3.6/site-packages/airflow/example_dags/example_dag_decorator.py
[2021-09-26 12:01:33,842] {logging_mixin.py:109} INFO - [2021-09-26 12:01:33,841] {dag.py:1834} INFO - Sync 1 DAGs
[2021-09-26 12:01:33,871] {logging_mixin.py:109} INFO - [2021-09-26 12:01:33,871] {dag.py:2287} INFO - Setting next_dagrun for example_dag_decorator to None
[2021-09-26 12:01:33,887] {processor.py:170} INFO - Processing /home/airflow/.local/lib/python3.6/site-packages/airflow/example_dags/example_dag_decorator.py took 0.264 seconds
[2021-09-26 12:02:04,618] {processor.py:162} INFO - Started process (PID=5900) to work on /home/airflow/.local/lib/python3.6/site-packages/airflow/example_dags/example_dag_decorator.py
[2021-09-26 12:02:04,621] {processor.py:613} INFO - Processing file /home/airflow/.local/lib/python3.6/site-packages/airflow/example_dags/example_dag_decorator.py for tasks to queue
[2021-09-26 12:02:04,623] {logging_mixin.py:109} INFO - [2021-09-26 12:02:04,623] {dagbag.py:496} INFO - Filling up the DagBag from /home/airflow/.local/lib/python3.6/site-packages/airflow/example_dags/example_dag_decorator.py
[2021-09-26 12:02:04,646] {processor.py:623} INFO - DAG(s) dict_keys(['example_dag_decorator']) retrieved from /home/airflow/.local/lib/python3.6/site-packages/airflow/example_dags/example_dag_decorator.py
[2021-09-26 12:02:04,864] {logging_mixin.py:109} INFO - [2021-09-26 12:02:04,864] {dag.py:1834} INFO - Sync 1 DAGs
[2021-09-26 12:02:04,886] {logging_mixin.py:109} INFO - [2021-09-26 12:02:04,885] {dag.py:2287} INFO - Setting next_dagrun for example_dag_decorator to None
[2021-09-26 12:02:04,904] {processor.py:170} INFO - Processing /home/airflow/.local/lib/python3.6/site-packages/airflow/example_dags/example_dag_decorator.py took 0.291 seconds
[2021-09-26 12:02:35,644] {processor.py:162} INFO - Started process (PID=5956) to work on /home/airflow/.local/lib/python3.6/site-packages/airflow/example_dags/example_dag_decorator.py
[2021-09-26 12:02:35,648] {processor.py:613} INFO - Processing file /home/airflow/.local/lib/python3.6/site-packages/airflow/example_dags/example_dag_decorator.py for tasks to queue
[2021-09-26 12:02:35,650] {logging_mixin.py:109} INFO - [2021-09-26 12:02:35,650] {dagbag.py:496} INFO - Filling up the DagBag from /home/airflow/.local/lib/python3.6/site-packages/airflow/example_dags/example_dag_decorator.py
[2021-09-26 12:02:35,681] {processor.py:623} INFO - DAG(s) dict_keys(['example_dag_decorator']) retrieved from /home/airflow/.local/lib/python3.6/site-packages/airflow/example_dags/example_dag_decorator.py
[2021-09-26 12:02:35,866] {logging_mixin.py:109} INFO - [2021-09-26 12:02:35,866] {dag.py:1834} INFO - Sync 1 DAGs
[2021-09-26 12:02:35,879] {logging_mixin.py:109} INFO - [2021-09-26 12:02:35,879] {dag.py:2287} INFO - Setting next_dagrun for example_dag_decorator to None
[2021-09-26 12:02:35,891] {processor.py:170} INFO - Processing /home/airflow/.local/lib/python3.6/site-packages/airflow/example_dags/example_dag_decorator.py took 0.251 seconds
[2021-09-26 12:03:06,118] {processor.py:162} INFO - Started process (PID=6024) to work on /home/airflow/.local/lib/python3.6/site-packages/airflow/example_dags/example_dag_decorator.py
[2021-09-26 12:03:06,125] {processor.py:613} INFO - Processing file /home/airflow/.local/lib/python3.6/site-packages/airflow/example_dags/example_dag_decorator.py for tasks to queue
[2021-09-26 12:03:06,128] {logging_mixin.py:109} INFO - [2021-09-26 12:03:06,127] {dagbag.py:496} INFO - Filling up the DagBag from /home/airflow/.local/lib/python3.6/site-packages/airflow/example_dags/example_dag_decorator.py
[2021-09-26 12:03:06,162] {processor.py:623} INFO - DAG(s) dict_keys(['example_dag_decorator']) retrieved from /home/airflow/.local/lib/python3.6/site-packages/airflow/example_dags/example_dag_decorator.py
[2021-09-26 12:03:06,438] {logging_mixin.py:109} INFO - [2021-09-26 12:03:06,437] {dag.py:1834} INFO - Sync 1 DAGs
[2021-09-26 12:03:06,459] {logging_mixin.py:109} INFO - [2021-09-26 12:03:06,459] {dag.py:2287} INFO - Setting next_dagrun for example_dag_decorator to None
[2021-09-26 12:03:06,482] {processor.py:170} INFO - Processing /home/airflow/.local/lib/python3.6/site-packages/airflow/example_dags/example_dag_decorator.py took 0.370 seconds
[2021-09-26 12:03:37,464] {processor.py:162} INFO - Started process (PID=6093) to work on /home/airflow/.local/lib/python3.6/site-packages/airflow/example_dags/example_dag_decorator.py
[2021-09-26 12:03:37,467] {processor.py:613} INFO - Processing file /home/airflow/.local/lib/python3.6/site-packages/airflow/example_dags/example_dag_decorator.py for tasks to queue
[2021-09-26 12:03:37,470] {logging_mixin.py:109} INFO - [2021-09-26 12:03:37,470] {dagbag.py:496} INFO - Filling up the DagBag from /home/airflow/.local/lib/python3.6/site-packages/airflow/example_dags/example_dag_decorator.py
[2021-09-26 12:03:37,501] {processor.py:623} INFO - DAG(s) dict_keys(['example_dag_decorator']) retrieved from /home/airflow/.local/lib/python3.6/site-packages/airflow/example_dags/example_dag_decorator.py
[2021-09-26 12:03:37,742] {logging_mixin.py:109} INFO - [2021-09-26 12:03:37,742] {dag.py:1834} INFO - Sync 1 DAGs
[2021-09-26 12:03:37,761] {logging_mixin.py:109} INFO - [2021-09-26 12:03:37,757] {dag.py:2287} INFO - Setting next_dagrun for example_dag_decorator to None
[2021-09-26 12:03:37,777] {processor.py:170} INFO - Processing /home/airflow/.local/lib/python3.6/site-packages/airflow/example_dags/example_dag_decorator.py took 0.326 seconds
[2021-09-26 12:04:08,068] {processor.py:162} INFO - Started process (PID=6149) to work on /home/airflow/.local/lib/python3.6/site-packages/airflow/example_dags/example_dag_decorator.py
[2021-09-26 12:04:08,071] {processor.py:613} INFO - Processing file /home/airflow/.local/lib/python3.6/site-packages/airflow/example_dags/example_dag_decorator.py for tasks to queue
[2021-09-26 12:04:08,074] {logging_mixin.py:109} INFO - [2021-09-26 12:04:08,073] {dagbag.py:496} INFO - Filling up the DagBag from /home/airflow/.local/lib/python3.6/site-packages/airflow/example_dags/example_dag_decorator.py
[2021-09-26 12:04:08,109] {processor.py:623} INFO - DAG(s) dict_keys(['example_dag_decorator']) retrieved from /home/airflow/.local/lib/python3.6/site-packages/airflow/example_dags/example_dag_decorator.py
[2021-09-26 12:04:08,359] {logging_mixin.py:109} INFO - [2021-09-26 12:04:08,358] {dag.py:1834} INFO - Sync 1 DAGs
[2021-09-26 12:04:08,388] {logging_mixin.py:109} INFO - [2021-09-26 12:04:08,388] {dag.py:2287} INFO - Setting next_dagrun for example_dag_decorator to None
[2021-09-26 12:04:08,415] {processor.py:170} INFO - Processing /home/airflow/.local/lib/python3.6/site-packages/airflow/example_dags/example_dag_decorator.py took 0.355 seconds
[2021-09-26 12:04:38,520] {processor.py:162} INFO - Started process (PID=6219) to work on /home/airflow/.local/lib/python3.6/site-packages/airflow/example_dags/example_dag_decorator.py
[2021-09-26 12:04:38,523] {processor.py:613} INFO - Processing file /home/airflow/.local/lib/python3.6/site-packages/airflow/example_dags/example_dag_decorator.py for tasks to queue
[2021-09-26 12:04:38,524] {logging_mixin.py:109} INFO - [2021-09-26 12:04:38,524] {dagbag.py:496} INFO - Filling up the DagBag from /home/airflow/.local/lib/python3.6/site-packages/airflow/example_dags/example_dag_decorator.py
[2021-09-26 12:04:38,547] {processor.py:623} INFO - DAG(s) dict_keys(['example_dag_decorator']) retrieved from /home/airflow/.local/lib/python3.6/site-packages/airflow/example_dags/example_dag_decorator.py
[2021-09-26 12:04:38,732] {logging_mixin.py:109} INFO - [2021-09-26 12:04:38,731] {dag.py:1834} INFO - Sync 1 DAGs
[2021-09-26 12:04:38,749] {logging_mixin.py:109} INFO - [2021-09-26 12:04:38,749] {dag.py:2287} INFO - Setting next_dagrun for example_dag_decorator to None
[2021-09-26 12:04:38,763] {processor.py:170} INFO - Processing /home/airflow/.local/lib/python3.6/site-packages/airflow/example_dags/example_dag_decorator.py took 0.248 seconds
[2021-09-26 12:05:08,875] {processor.py:162} INFO - Started process (PID=6277) to work on /home/airflow/.local/lib/python3.6/site-packages/airflow/example_dags/example_dag_decorator.py
[2021-09-26 12:05:08,878] {processor.py:613} INFO - Processing file /home/airflow/.local/lib/python3.6/site-packages/airflow/example_dags/example_dag_decorator.py for tasks to queue
[2021-09-26 12:05:08,879] {logging_mixin.py:109} INFO - [2021-09-26 12:05:08,879] {dagbag.py:496} INFO - Filling up the DagBag from /home/airflow/.local/lib/python3.6/site-packages/airflow/example_dags/example_dag_decorator.py
[2021-09-26 12:05:08,902] {processor.py:623} INFO - DAG(s) dict_keys(['example_dag_decorator']) retrieved from /home/airflow/.local/lib/python3.6/site-packages/airflow/example_dags/example_dag_decorator.py
[2021-09-26 12:05:09,091] {logging_mixin.py:109} INFO - [2021-09-26 12:05:09,091] {dag.py:1834} INFO - Sync 1 DAGs
[2021-09-26 12:05:09,105] {logging_mixin.py:109} INFO - [2021-09-26 12:05:09,105] {dag.py:2287} INFO - Setting next_dagrun for example_dag_decorator to None
[2021-09-26 12:05:09,118] {processor.py:170} INFO - Processing /home/airflow/.local/lib/python3.6/site-packages/airflow/example_dags/example_dag_decorator.py took 0.247 seconds
[2021-09-26 12:05:40,067] {processor.py:162} INFO - Started process (PID=6347) to work on /home/airflow/.local/lib/python3.6/site-packages/airflow/example_dags/example_dag_decorator.py
[2021-09-26 12:05:40,073] {processor.py:613} INFO - Processing file /home/airflow/.local/lib/python3.6/site-packages/airflow/example_dags/example_dag_decorator.py for tasks to queue
[2021-09-26 12:05:40,075] {logging_mixin.py:109} INFO - [2021-09-26 12:05:40,075] {dagbag.py:496} INFO - Filling up the DagBag from /home/airflow/.local/lib/python3.6/site-packages/airflow/example_dags/example_dag_decorator.py
[2021-09-26 12:05:40,096] {processor.py:623} INFO - DAG(s) dict_keys(['example_dag_decorator']) retrieved from /home/airflow/.local/lib/python3.6/site-packages/airflow/example_dags/example_dag_decorator.py
[2021-09-26 12:05:40,123] {logging_mixin.py:109} INFO - [2021-09-26 12:05:40,123] {dag.py:1834} INFO - Sync 1 DAGs
[2021-09-26 12:05:40,150] {logging_mixin.py:109} INFO - [2021-09-26 12:05:40,148] {dag.py:2287} INFO - Setting next_dagrun for example_dag_decorator to None
[2021-09-26 12:05:40,165] {processor.py:170} INFO - Processing /home/airflow/.local/lib/python3.6/site-packages/airflow/example_dags/example_dag_decorator.py took 0.104 seconds
[2021-09-26 12:06:10,657] {processor.py:162} INFO - Started process (PID=6416) to work on /home/airflow/.local/lib/python3.6/site-packages/airflow/example_dags/example_dag_decorator.py
[2021-09-26 12:06:10,660] {processor.py:613} INFO - Processing file /home/airflow/.local/lib/python3.6/site-packages/airflow/example_dags/example_dag_decorator.py for tasks to queue
[2021-09-26 12:06:10,661] {logging_mixin.py:109} INFO - [2021-09-26 12:06:10,661] {dagbag.py:496} INFO - Filling up the DagBag from /home/airflow/.local/lib/python3.6/site-packages/airflow/example_dags/example_dag_decorator.py
[2021-09-26 12:06:10,717] {processor.py:623} INFO - DAG(s) dict_keys(['example_dag_decorator']) retrieved from /home/airflow/.local/lib/python3.6/site-packages/airflow/example_dags/example_dag_decorator.py
[2021-09-26 12:06:10,921] {logging_mixin.py:109} INFO - [2021-09-26 12:06:10,921] {dag.py:1834} INFO - Sync 1 DAGs
[2021-09-26 12:06:10,936] {logging_mixin.py:109} INFO - [2021-09-26 12:06:10,936] {dag.py:2287} INFO - Setting next_dagrun for example_dag_decorator to None
[2021-09-26 12:06:10,955] {processor.py:170} INFO - Processing /home/airflow/.local/lib/python3.6/site-packages/airflow/example_dags/example_dag_decorator.py took 0.304 seconds
