[2021-09-26 11:46:34,753] {processor.py:162} INFO - Started process (PID=3969) to work on /home/airflow/.local/lib/python3.6/site-packages/airflow/example_dags/example_short_circuit_operator.py
[2021-09-26 11:46:34,756] {processor.py:613} INFO - Processing file /home/airflow/.local/lib/python3.6/site-packages/airflow/example_dags/example_short_circuit_operator.py for tasks to queue
[2021-09-26 11:46:34,758] {logging_mixin.py:109} INFO - [2021-09-26 11:46:34,758] {dagbag.py:496} INFO - Filling up the DagBag from /home/airflow/.local/lib/python3.6/site-packages/airflow/example_dags/example_short_circuit_operator.py
[2021-09-26 11:46:34,780] {processor.py:623} INFO - DAG(s) dict_keys(['example_short_circuit_operator']) retrieved from /home/airflow/.local/lib/python3.6/site-packages/airflow/example_dags/example_short_circuit_operator.py
[2021-09-26 11:46:34,816] {logging_mixin.py:109} INFO - [2021-09-26 11:46:34,816] {dag.py:1834} INFO - Sync 1 DAGs
[2021-09-26 11:46:34,836] {logging_mixin.py:109} INFO - [2021-09-26 11:46:34,835] {dag.py:2287} INFO - Setting next_dagrun for example_short_circuit_operator to 2021-09-24 00:00:00+00:00
[2021-09-26 11:46:34,851] {processor.py:170} INFO - Processing /home/airflow/.local/lib/python3.6/site-packages/airflow/example_dags/example_short_circuit_operator.py took 0.103 seconds
[2021-09-26 11:47:05,365] {processor.py:162} INFO - Started process (PID=4025) to work on /home/airflow/.local/lib/python3.6/site-packages/airflow/example_dags/example_short_circuit_operator.py
[2021-09-26 11:47:05,368] {processor.py:613} INFO - Processing file /home/airflow/.local/lib/python3.6/site-packages/airflow/example_dags/example_short_circuit_operator.py for tasks to queue
[2021-09-26 11:47:05,370] {logging_mixin.py:109} INFO - [2021-09-26 11:47:05,370] {dagbag.py:496} INFO - Filling up the DagBag from /home/airflow/.local/lib/python3.6/site-packages/airflow/example_dags/example_short_circuit_operator.py
[2021-09-26 11:47:05,388] {processor.py:623} INFO - DAG(s) dict_keys(['example_short_circuit_operator']) retrieved from /home/airflow/.local/lib/python3.6/site-packages/airflow/example_dags/example_short_circuit_operator.py
[2021-09-26 11:47:05,420] {logging_mixin.py:109} INFO - [2021-09-26 11:47:05,420] {dag.py:1834} INFO - Sync 1 DAGs
[2021-09-26 11:47:05,443] {logging_mixin.py:109} INFO - [2021-09-26 11:47:05,443] {dag.py:2287} INFO - Setting next_dagrun for example_short_circuit_operator to 2021-09-24 00:00:00+00:00
[2021-09-26 11:47:05,455] {processor.py:170} INFO - Processing /home/airflow/.local/lib/python3.6/site-packages/airflow/example_dags/example_short_circuit_operator.py took 0.096 seconds
[2021-09-26 11:47:35,902] {processor.py:162} INFO - Started process (PID=4090) to work on /home/airflow/.local/lib/python3.6/site-packages/airflow/example_dags/example_short_circuit_operator.py
[2021-09-26 11:47:35,907] {processor.py:613} INFO - Processing file /home/airflow/.local/lib/python3.6/site-packages/airflow/example_dags/example_short_circuit_operator.py for tasks to queue
[2021-09-26 11:47:35,908] {logging_mixin.py:109} INFO - [2021-09-26 11:47:35,908] {dagbag.py:496} INFO - Filling up the DagBag from /home/airflow/.local/lib/python3.6/site-packages/airflow/example_dags/example_short_circuit_operator.py
[2021-09-26 11:47:35,931] {processor.py:623} INFO - DAG(s) dict_keys(['example_short_circuit_operator']) retrieved from /home/airflow/.local/lib/python3.6/site-packages/airflow/example_dags/example_short_circuit_operator.py
[2021-09-26 11:47:35,978] {logging_mixin.py:109} INFO - [2021-09-26 11:47:35,977] {dag.py:1834} INFO - Sync 1 DAGs
[2021-09-26 11:47:36,002] {logging_mixin.py:109} INFO - [2021-09-26 11:47:36,002] {dag.py:2287} INFO - Setting next_dagrun for example_short_circuit_operator to 2021-09-24 00:00:00+00:00
[2021-09-26 11:47:36,023] {processor.py:170} INFO - Processing /home/airflow/.local/lib/python3.6/site-packages/airflow/example_dags/example_short_circuit_operator.py took 0.127 seconds
[2021-09-26 11:48:06,140] {processor.py:162} INFO - Started process (PID=4147) to work on /home/airflow/.local/lib/python3.6/site-packages/airflow/example_dags/example_short_circuit_operator.py
[2021-09-26 11:48:06,144] {processor.py:613} INFO - Processing file /home/airflow/.local/lib/python3.6/site-packages/airflow/example_dags/example_short_circuit_operator.py for tasks to queue
[2021-09-26 11:48:06,145] {logging_mixin.py:109} INFO - [2021-09-26 11:48:06,145] {dagbag.py:496} INFO - Filling up the DagBag from /home/airflow/.local/lib/python3.6/site-packages/airflow/example_dags/example_short_circuit_operator.py
[2021-09-26 11:48:06,166] {processor.py:623} INFO - DAG(s) dict_keys(['example_short_circuit_operator']) retrieved from /home/airflow/.local/lib/python3.6/site-packages/airflow/example_dags/example_short_circuit_operator.py
[2021-09-26 11:48:06,196] {logging_mixin.py:109} INFO - [2021-09-26 11:48:06,196] {dag.py:1834} INFO - Sync 1 DAGs
[2021-09-26 11:48:06,215] {logging_mixin.py:109} INFO - [2021-09-26 11:48:06,215] {dag.py:2287} INFO - Setting next_dagrun for example_short_circuit_operator to 2021-09-24 00:00:00+00:00
[2021-09-26 11:48:06,229] {processor.py:170} INFO - Processing /home/airflow/.local/lib/python3.6/site-packages/airflow/example_dags/example_short_circuit_operator.py took 0.094 seconds
[2021-09-26 11:48:36,335] {processor.py:162} INFO - Started process (PID=4216) to work on /home/airflow/.local/lib/python3.6/site-packages/airflow/example_dags/example_short_circuit_operator.py
[2021-09-26 11:48:36,340] {processor.py:613} INFO - Processing file /home/airflow/.local/lib/python3.6/site-packages/airflow/example_dags/example_short_circuit_operator.py for tasks to queue
[2021-09-26 11:48:36,342] {logging_mixin.py:109} INFO - [2021-09-26 11:48:36,342] {dagbag.py:496} INFO - Filling up the DagBag from /home/airflow/.local/lib/python3.6/site-packages/airflow/example_dags/example_short_circuit_operator.py
[2021-09-26 11:48:36,375] {processor.py:623} INFO - DAG(s) dict_keys(['example_short_circuit_operator']) retrieved from /home/airflow/.local/lib/python3.6/site-packages/airflow/example_dags/example_short_circuit_operator.py
[2021-09-26 11:48:36,421] {logging_mixin.py:109} INFO - [2021-09-26 11:48:36,421] {dag.py:1834} INFO - Sync 1 DAGs
[2021-09-26 11:48:36,448] {logging_mixin.py:109} INFO - [2021-09-26 11:48:36,448] {dag.py:2287} INFO - Setting next_dagrun for example_short_circuit_operator to 2021-09-24 00:00:00+00:00
[2021-09-26 11:48:36,472] {processor.py:170} INFO - Processing /home/airflow/.local/lib/python3.6/site-packages/airflow/example_dags/example_short_circuit_operator.py took 0.146 seconds
[2021-09-26 11:49:06,531] {processor.py:162} INFO - Started process (PID=4273) to work on /home/airflow/.local/lib/python3.6/site-packages/airflow/example_dags/example_short_circuit_operator.py
[2021-09-26 11:49:06,534] {processor.py:613} INFO - Processing file /home/airflow/.local/lib/python3.6/site-packages/airflow/example_dags/example_short_circuit_operator.py for tasks to queue
[2021-09-26 11:49:06,536] {logging_mixin.py:109} INFO - [2021-09-26 11:49:06,536] {dagbag.py:496} INFO - Filling up the DagBag from /home/airflow/.local/lib/python3.6/site-packages/airflow/example_dags/example_short_circuit_operator.py
[2021-09-26 11:49:06,552] {processor.py:623} INFO - DAG(s) dict_keys(['example_short_circuit_operator']) retrieved from /home/airflow/.local/lib/python3.6/site-packages/airflow/example_dags/example_short_circuit_operator.py
[2021-09-26 11:49:06,579] {logging_mixin.py:109} INFO - [2021-09-26 11:49:06,579] {dag.py:1834} INFO - Sync 1 DAGs
[2021-09-26 11:49:06,604] {logging_mixin.py:109} INFO - [2021-09-26 11:49:06,604] {dag.py:2287} INFO - Setting next_dagrun for example_short_circuit_operator to 2021-09-24 00:00:00+00:00
[2021-09-26 11:49:06,625] {processor.py:170} INFO - Processing /home/airflow/.local/lib/python3.6/site-packages/airflow/example_dags/example_short_circuit_operator.py took 0.098 seconds
[2021-09-26 11:49:37,172] {processor.py:162} INFO - Started process (PID=4343) to work on /home/airflow/.local/lib/python3.6/site-packages/airflow/example_dags/example_short_circuit_operator.py
[2021-09-26 11:49:37,177] {processor.py:613} INFO - Processing file /home/airflow/.local/lib/python3.6/site-packages/airflow/example_dags/example_short_circuit_operator.py for tasks to queue
[2021-09-26 11:49:37,179] {logging_mixin.py:109} INFO - [2021-09-26 11:49:37,178] {dagbag.py:496} INFO - Filling up the DagBag from /home/airflow/.local/lib/python3.6/site-packages/airflow/example_dags/example_short_circuit_operator.py
[2021-09-26 11:49:37,207] {processor.py:623} INFO - DAG(s) dict_keys(['example_short_circuit_operator']) retrieved from /home/airflow/.local/lib/python3.6/site-packages/airflow/example_dags/example_short_circuit_operator.py
[2021-09-26 11:49:37,238] {logging_mixin.py:109} INFO - [2021-09-26 11:49:37,237] {dag.py:1834} INFO - Sync 1 DAGs
[2021-09-26 11:49:37,255] {logging_mixin.py:109} INFO - [2021-09-26 11:49:37,255] {dag.py:2287} INFO - Setting next_dagrun for example_short_circuit_operator to 2021-09-24 00:00:00+00:00
[2021-09-26 11:49:37,272] {processor.py:170} INFO - Processing /home/airflow/.local/lib/python3.6/site-packages/airflow/example_dags/example_short_circuit_operator.py took 0.105 seconds
[2021-09-26 11:50:08,051] {processor.py:162} INFO - Started process (PID=4402) to work on /home/airflow/.local/lib/python3.6/site-packages/airflow/example_dags/example_short_circuit_operator.py
[2021-09-26 11:50:08,054] {processor.py:613} INFO - Processing file /home/airflow/.local/lib/python3.6/site-packages/airflow/example_dags/example_short_circuit_operator.py for tasks to queue
[2021-09-26 11:50:08,055] {logging_mixin.py:109} INFO - [2021-09-26 11:50:08,055] {dagbag.py:496} INFO - Filling up the DagBag from /home/airflow/.local/lib/python3.6/site-packages/airflow/example_dags/example_short_circuit_operator.py
[2021-09-26 11:50:08,070] {processor.py:623} INFO - DAG(s) dict_keys(['example_short_circuit_operator']) retrieved from /home/airflow/.local/lib/python3.6/site-packages/airflow/example_dags/example_short_circuit_operator.py
[2021-09-26 11:50:08,098] {logging_mixin.py:109} INFO - [2021-09-26 11:50:08,098] {dag.py:1834} INFO - Sync 1 DAGs
[2021-09-26 11:50:08,115] {logging_mixin.py:109} INFO - [2021-09-26 11:50:08,114] {dag.py:2287} INFO - Setting next_dagrun for example_short_circuit_operator to 2021-09-24 00:00:00+00:00
[2021-09-26 11:50:08,126] {processor.py:170} INFO - Processing /home/airflow/.local/lib/python3.6/site-packages/airflow/example_dags/example_short_circuit_operator.py took 0.079 seconds
[2021-09-26 11:50:38,782] {processor.py:162} INFO - Started process (PID=4469) to work on /home/airflow/.local/lib/python3.6/site-packages/airflow/example_dags/example_short_circuit_operator.py
[2021-09-26 11:50:38,784] {processor.py:613} INFO - Processing file /home/airflow/.local/lib/python3.6/site-packages/airflow/example_dags/example_short_circuit_operator.py for tasks to queue
[2021-09-26 11:50:38,786] {logging_mixin.py:109} INFO - [2021-09-26 11:50:38,785] {dagbag.py:496} INFO - Filling up the DagBag from /home/airflow/.local/lib/python3.6/site-packages/airflow/example_dags/example_short_circuit_operator.py
[2021-09-26 11:50:38,806] {processor.py:623} INFO - DAG(s) dict_keys(['example_short_circuit_operator']) retrieved from /home/airflow/.local/lib/python3.6/site-packages/airflow/example_dags/example_short_circuit_operator.py
[2021-09-26 11:50:38,847] {logging_mixin.py:109} INFO - [2021-09-26 11:50:38,847] {dag.py:1834} INFO - Sync 1 DAGs
[2021-09-26 11:50:38,875] {logging_mixin.py:109} INFO - [2021-09-26 11:50:38,875] {dag.py:2287} INFO - Setting next_dagrun for example_short_circuit_operator to 2021-09-24 00:00:00+00:00
[2021-09-26 11:50:38,888] {processor.py:170} INFO - Processing /home/airflow/.local/lib/python3.6/site-packages/airflow/example_dags/example_short_circuit_operator.py took 0.110 seconds
[2021-09-26 11:51:09,487] {processor.py:162} INFO - Started process (PID=4539) to work on /home/airflow/.local/lib/python3.6/site-packages/airflow/example_dags/example_short_circuit_operator.py
[2021-09-26 11:51:09,498] {processor.py:613} INFO - Processing file /home/airflow/.local/lib/python3.6/site-packages/airflow/example_dags/example_short_circuit_operator.py for tasks to queue
[2021-09-26 11:51:09,503] {logging_mixin.py:109} INFO - [2021-09-26 11:51:09,502] {dagbag.py:496} INFO - Filling up the DagBag from /home/airflow/.local/lib/python3.6/site-packages/airflow/example_dags/example_short_circuit_operator.py
[2021-09-26 11:51:09,541] {processor.py:623} INFO - DAG(s) dict_keys(['example_short_circuit_operator']) retrieved from /home/airflow/.local/lib/python3.6/site-packages/airflow/example_dags/example_short_circuit_operator.py
[2021-09-26 11:51:09,611] {logging_mixin.py:109} INFO - [2021-09-26 11:51:09,611] {dag.py:1834} INFO - Sync 1 DAGs
[2021-09-26 11:51:09,680] {logging_mixin.py:109} INFO - [2021-09-26 11:51:09,680] {dag.py:2287} INFO - Setting next_dagrun for example_short_circuit_operator to 2021-09-24 00:00:00+00:00
[2021-09-26 11:51:09,704] {processor.py:170} INFO - Processing /home/airflow/.local/lib/python3.6/site-packages/airflow/example_dags/example_short_circuit_operator.py took 0.230 seconds
[2021-09-26 11:51:39,928] {processor.py:162} INFO - Started process (PID=4599) to work on /home/airflow/.local/lib/python3.6/site-packages/airflow/example_dags/example_short_circuit_operator.py
[2021-09-26 11:51:39,931] {processor.py:613} INFO - Processing file /home/airflow/.local/lib/python3.6/site-packages/airflow/example_dags/example_short_circuit_operator.py for tasks to queue
[2021-09-26 11:51:39,933] {logging_mixin.py:109} INFO - [2021-09-26 11:51:39,933] {dagbag.py:496} INFO - Filling up the DagBag from /home/airflow/.local/lib/python3.6/site-packages/airflow/example_dags/example_short_circuit_operator.py
[2021-09-26 11:51:39,953] {processor.py:623} INFO - DAG(s) dict_keys(['example_short_circuit_operator']) retrieved from /home/airflow/.local/lib/python3.6/site-packages/airflow/example_dags/example_short_circuit_operator.py
[2021-09-26 11:51:39,985] {logging_mixin.py:109} INFO - [2021-09-26 11:51:39,985] {dag.py:1834} INFO - Sync 1 DAGs
[2021-09-26 11:51:40,003] {logging_mixin.py:109} INFO - [2021-09-26 11:51:40,003] {dag.py:2287} INFO - Setting next_dagrun for example_short_circuit_operator to 2021-09-24 00:00:00+00:00
[2021-09-26 11:51:40,017] {processor.py:170} INFO - Processing /home/airflow/.local/lib/python3.6/site-packages/airflow/example_dags/example_short_circuit_operator.py took 0.096 seconds
[2021-09-26 11:52:10,536] {processor.py:162} INFO - Started process (PID=4656) to work on /home/airflow/.local/lib/python3.6/site-packages/airflow/example_dags/example_short_circuit_operator.py
[2021-09-26 11:52:10,540] {processor.py:613} INFO - Processing file /home/airflow/.local/lib/python3.6/site-packages/airflow/example_dags/example_short_circuit_operator.py for tasks to queue
[2021-09-26 11:52:10,543] {logging_mixin.py:109} INFO - [2021-09-26 11:52:10,542] {dagbag.py:496} INFO - Filling up the DagBag from /home/airflow/.local/lib/python3.6/site-packages/airflow/example_dags/example_short_circuit_operator.py
[2021-09-26 11:52:10,564] {processor.py:623} INFO - DAG(s) dict_keys(['example_short_circuit_operator']) retrieved from /home/airflow/.local/lib/python3.6/site-packages/airflow/example_dags/example_short_circuit_operator.py
[2021-09-26 11:52:10,599] {logging_mixin.py:109} INFO - [2021-09-26 11:52:10,599] {dag.py:1834} INFO - Sync 1 DAGs
[2021-09-26 11:52:10,639] {logging_mixin.py:109} INFO - [2021-09-26 11:52:10,639] {dag.py:2287} INFO - Setting next_dagrun for example_short_circuit_operator to 2021-09-24 00:00:00+00:00
[2021-09-26 11:52:10,658] {processor.py:170} INFO - Processing /home/airflow/.local/lib/python3.6/site-packages/airflow/example_dags/example_short_circuit_operator.py took 0.127 seconds
[2021-09-26 11:52:41,666] {processor.py:162} INFO - Started process (PID=4724) to work on /home/airflow/.local/lib/python3.6/site-packages/airflow/example_dags/example_short_circuit_operator.py
[2021-09-26 11:52:41,670] {processor.py:613} INFO - Processing file /home/airflow/.local/lib/python3.6/site-packages/airflow/example_dags/example_short_circuit_operator.py for tasks to queue
[2021-09-26 11:52:41,672] {logging_mixin.py:109} INFO - [2021-09-26 11:52:41,672] {dagbag.py:496} INFO - Filling up the DagBag from /home/airflow/.local/lib/python3.6/site-packages/airflow/example_dags/example_short_circuit_operator.py
[2021-09-26 11:52:41,691] {processor.py:623} INFO - DAG(s) dict_keys(['example_short_circuit_operator']) retrieved from /home/airflow/.local/lib/python3.6/site-packages/airflow/example_dags/example_short_circuit_operator.py
[2021-09-26 11:52:41,717] {logging_mixin.py:109} INFO - [2021-09-26 11:52:41,717] {dag.py:1834} INFO - Sync 1 DAGs
[2021-09-26 11:52:41,734] {logging_mixin.py:109} INFO - [2021-09-26 11:52:41,734] {dag.py:2287} INFO - Setting next_dagrun for example_short_circuit_operator to 2021-09-24 00:00:00+00:00
[2021-09-26 11:52:41,745] {processor.py:170} INFO - Processing /home/airflow/.local/lib/python3.6/site-packages/airflow/example_dags/example_short_circuit_operator.py took 0.085 seconds
[2021-09-26 11:53:12,197] {processor.py:162} INFO - Started process (PID=4794) to work on /home/airflow/.local/lib/python3.6/site-packages/airflow/example_dags/example_short_circuit_operator.py
[2021-09-26 11:53:12,199] {processor.py:613} INFO - Processing file /home/airflow/.local/lib/python3.6/site-packages/airflow/example_dags/example_short_circuit_operator.py for tasks to queue
[2021-09-26 11:53:12,201] {logging_mixin.py:109} INFO - [2021-09-26 11:53:12,201] {dagbag.py:496} INFO - Filling up the DagBag from /home/airflow/.local/lib/python3.6/site-packages/airflow/example_dags/example_short_circuit_operator.py
[2021-09-26 11:53:12,219] {processor.py:623} INFO - DAG(s) dict_keys(['example_short_circuit_operator']) retrieved from /home/airflow/.local/lib/python3.6/site-packages/airflow/example_dags/example_short_circuit_operator.py
[2021-09-26 11:53:12,247] {logging_mixin.py:109} INFO - [2021-09-26 11:53:12,247] {dag.py:1834} INFO - Sync 1 DAGs
[2021-09-26 11:53:12,274] {logging_mixin.py:109} INFO - [2021-09-26 11:53:12,274] {dag.py:2287} INFO - Setting next_dagrun for example_short_circuit_operator to 2021-09-24 00:00:00+00:00
[2021-09-26 11:53:12,295] {processor.py:170} INFO - Processing /home/airflow/.local/lib/python3.6/site-packages/airflow/example_dags/example_short_circuit_operator.py took 0.104 seconds
[2021-09-26 11:53:43,076] {processor.py:162} INFO - Started process (PID=4850) to work on /home/airflow/.local/lib/python3.6/site-packages/airflow/example_dags/example_short_circuit_operator.py
[2021-09-26 11:53:43,080] {processor.py:613} INFO - Processing file /home/airflow/.local/lib/python3.6/site-packages/airflow/example_dags/example_short_circuit_operator.py for tasks to queue
[2021-09-26 11:53:43,082] {logging_mixin.py:109} INFO - [2021-09-26 11:53:43,082] {dagbag.py:496} INFO - Filling up the DagBag from /home/airflow/.local/lib/python3.6/site-packages/airflow/example_dags/example_short_circuit_operator.py
[2021-09-26 11:53:43,102] {processor.py:623} INFO - DAG(s) dict_keys(['example_short_circuit_operator']) retrieved from /home/airflow/.local/lib/python3.6/site-packages/airflow/example_dags/example_short_circuit_operator.py
[2021-09-26 11:53:43,131] {logging_mixin.py:109} INFO - [2021-09-26 11:53:43,131] {dag.py:1834} INFO - Sync 1 DAGs
[2021-09-26 11:53:43,149] {logging_mixin.py:109} INFO - [2021-09-26 11:53:43,149] {dag.py:2287} INFO - Setting next_dagrun for example_short_circuit_operator to 2021-09-24 00:00:00+00:00
[2021-09-26 11:53:43,162] {processor.py:170} INFO - Processing /home/airflow/.local/lib/python3.6/site-packages/airflow/example_dags/example_short_circuit_operator.py took 0.090 seconds
[2021-09-26 11:54:13,456] {processor.py:162} INFO - Started process (PID=4918) to work on /home/airflow/.local/lib/python3.6/site-packages/airflow/example_dags/example_short_circuit_operator.py
[2021-09-26 11:54:13,459] {processor.py:613} INFO - Processing file /home/airflow/.local/lib/python3.6/site-packages/airflow/example_dags/example_short_circuit_operator.py for tasks to queue
[2021-09-26 11:54:13,461] {logging_mixin.py:109} INFO - [2021-09-26 11:54:13,461] {dagbag.py:496} INFO - Filling up the DagBag from /home/airflow/.local/lib/python3.6/site-packages/airflow/example_dags/example_short_circuit_operator.py
[2021-09-26 11:54:13,483] {processor.py:623} INFO - DAG(s) dict_keys(['example_short_circuit_operator']) retrieved from /home/airflow/.local/lib/python3.6/site-packages/airflow/example_dags/example_short_circuit_operator.py
[2021-09-26 11:54:13,519] {logging_mixin.py:109} INFO - [2021-09-26 11:54:13,519] {dag.py:1834} INFO - Sync 1 DAGs
[2021-09-26 11:54:13,538] {logging_mixin.py:109} INFO - [2021-09-26 11:54:13,538] {dag.py:2287} INFO - Setting next_dagrun for example_short_circuit_operator to 2021-09-24 00:00:00+00:00
[2021-09-26 11:54:13,556] {processor.py:170} INFO - Processing /home/airflow/.local/lib/python3.6/site-packages/airflow/example_dags/example_short_circuit_operator.py took 0.105 seconds
[2021-09-26 11:54:44,063] {processor.py:162} INFO - Started process (PID=4974) to work on /home/airflow/.local/lib/python3.6/site-packages/airflow/example_dags/example_short_circuit_operator.py
[2021-09-26 11:54:44,067] {processor.py:613} INFO - Processing file /home/airflow/.local/lib/python3.6/site-packages/airflow/example_dags/example_short_circuit_operator.py for tasks to queue
[2021-09-26 11:54:44,071] {logging_mixin.py:109} INFO - [2021-09-26 11:54:44,070] {dagbag.py:496} INFO - Filling up the DagBag from /home/airflow/.local/lib/python3.6/site-packages/airflow/example_dags/example_short_circuit_operator.py
[2021-09-26 11:54:44,100] {processor.py:623} INFO - DAG(s) dict_keys(['example_short_circuit_operator']) retrieved from /home/airflow/.local/lib/python3.6/site-packages/airflow/example_dags/example_short_circuit_operator.py
[2021-09-26 11:54:44,134] {logging_mixin.py:109} INFO - [2021-09-26 11:54:44,134] {dag.py:1834} INFO - Sync 1 DAGs
[2021-09-26 11:54:44,155] {logging_mixin.py:109} INFO - [2021-09-26 11:54:44,155] {dag.py:2287} INFO - Setting next_dagrun for example_short_circuit_operator to 2021-09-24 00:00:00+00:00
[2021-09-26 11:54:44,175] {processor.py:170} INFO - Processing /home/airflow/.local/lib/python3.6/site-packages/airflow/example_dags/example_short_circuit_operator.py took 0.132 seconds
[2021-09-26 11:55:14,542] {processor.py:162} INFO - Started process (PID=5043) to work on /home/airflow/.local/lib/python3.6/site-packages/airflow/example_dags/example_short_circuit_operator.py
[2021-09-26 11:55:14,546] {processor.py:613} INFO - Processing file /home/airflow/.local/lib/python3.6/site-packages/airflow/example_dags/example_short_circuit_operator.py for tasks to queue
[2021-09-26 11:55:14,548] {logging_mixin.py:109} INFO - [2021-09-26 11:55:14,548] {dagbag.py:496} INFO - Filling up the DagBag from /home/airflow/.local/lib/python3.6/site-packages/airflow/example_dags/example_short_circuit_operator.py
[2021-09-26 11:55:14,577] {processor.py:623} INFO - DAG(s) dict_keys(['example_short_circuit_operator']) retrieved from /home/airflow/.local/lib/python3.6/site-packages/airflow/example_dags/example_short_circuit_operator.py
[2021-09-26 11:55:14,617] {logging_mixin.py:109} INFO - [2021-09-26 11:55:14,617] {dag.py:1834} INFO - Sync 1 DAGs
[2021-09-26 11:55:14,639] {logging_mixin.py:109} INFO - [2021-09-26 11:55:14,639] {dag.py:2287} INFO - Setting next_dagrun for example_short_circuit_operator to 2021-09-24 00:00:00+00:00
[2021-09-26 11:55:14,655] {processor.py:170} INFO - Processing /home/airflow/.local/lib/python3.6/site-packages/airflow/example_dags/example_short_circuit_operator.py took 0.118 seconds
[2021-09-26 11:55:44,789] {processor.py:162} INFO - Started process (PID=5100) to work on /home/airflow/.local/lib/python3.6/site-packages/airflow/example_dags/example_short_circuit_operator.py
[2021-09-26 11:55:44,791] {processor.py:613} INFO - Processing file /home/airflow/.local/lib/python3.6/site-packages/airflow/example_dags/example_short_circuit_operator.py for tasks to queue
[2021-09-26 11:55:44,793] {logging_mixin.py:109} INFO - [2021-09-26 11:55:44,793] {dagbag.py:496} INFO - Filling up the DagBag from /home/airflow/.local/lib/python3.6/site-packages/airflow/example_dags/example_short_circuit_operator.py
[2021-09-26 11:55:44,814] {processor.py:623} INFO - DAG(s) dict_keys(['example_short_circuit_operator']) retrieved from /home/airflow/.local/lib/python3.6/site-packages/airflow/example_dags/example_short_circuit_operator.py
[2021-09-26 11:55:44,843] {logging_mixin.py:109} INFO - [2021-09-26 11:55:44,843] {dag.py:1834} INFO - Sync 1 DAGs
[2021-09-26 11:55:44,864] {logging_mixin.py:109} INFO - [2021-09-26 11:55:44,864] {dag.py:2287} INFO - Setting next_dagrun for example_short_circuit_operator to 2021-09-24 00:00:00+00:00
[2021-09-26 11:55:44,876] {processor.py:170} INFO - Processing /home/airflow/.local/lib/python3.6/site-packages/airflow/example_dags/example_short_circuit_operator.py took 0.091 seconds
[2021-09-26 11:56:15,292] {processor.py:162} INFO - Started process (PID=5170) to work on /home/airflow/.local/lib/python3.6/site-packages/airflow/example_dags/example_short_circuit_operator.py
[2021-09-26 11:56:15,295] {processor.py:613} INFO - Processing file /home/airflow/.local/lib/python3.6/site-packages/airflow/example_dags/example_short_circuit_operator.py for tasks to queue
[2021-09-26 11:56:15,298] {logging_mixin.py:109} INFO - [2021-09-26 11:56:15,297] {dagbag.py:496} INFO - Filling up the DagBag from /home/airflow/.local/lib/python3.6/site-packages/airflow/example_dags/example_short_circuit_operator.py
[2021-09-26 11:56:15,315] {processor.py:623} INFO - DAG(s) dict_keys(['example_short_circuit_operator']) retrieved from /home/airflow/.local/lib/python3.6/site-packages/airflow/example_dags/example_short_circuit_operator.py
[2021-09-26 11:56:15,342] {logging_mixin.py:109} INFO - [2021-09-26 11:56:15,341] {dag.py:1834} INFO - Sync 1 DAGs
[2021-09-26 11:56:15,359] {logging_mixin.py:109} INFO - [2021-09-26 11:56:15,359] {dag.py:2287} INFO - Setting next_dagrun for example_short_circuit_operator to 2021-09-24 00:00:00+00:00
[2021-09-26 11:56:15,371] {processor.py:170} INFO - Processing /home/airflow/.local/lib/python3.6/site-packages/airflow/example_dags/example_short_circuit_operator.py took 0.083 seconds
[2021-09-26 11:56:45,941] {processor.py:162} INFO - Started process (PID=5226) to work on /home/airflow/.local/lib/python3.6/site-packages/airflow/example_dags/example_short_circuit_operator.py
[2021-09-26 11:56:45,945] {processor.py:613} INFO - Processing file /home/airflow/.local/lib/python3.6/site-packages/airflow/example_dags/example_short_circuit_operator.py for tasks to queue
[2021-09-26 11:56:45,947] {logging_mixin.py:109} INFO - [2021-09-26 11:56:45,947] {dagbag.py:496} INFO - Filling up the DagBag from /home/airflow/.local/lib/python3.6/site-packages/airflow/example_dags/example_short_circuit_operator.py
[2021-09-26 11:56:45,964] {processor.py:623} INFO - DAG(s) dict_keys(['example_short_circuit_operator']) retrieved from /home/airflow/.local/lib/python3.6/site-packages/airflow/example_dags/example_short_circuit_operator.py
[2021-09-26 11:56:45,994] {logging_mixin.py:109} INFO - [2021-09-26 11:56:45,994] {dag.py:1834} INFO - Sync 1 DAGs
[2021-09-26 11:56:46,010] {logging_mixin.py:109} INFO - [2021-09-26 11:56:46,009] {dag.py:2287} INFO - Setting next_dagrun for example_short_circuit_operator to 2021-09-24 00:00:00+00:00
[2021-09-26 11:56:46,020] {processor.py:170} INFO - Processing /home/airflow/.local/lib/python3.6/site-packages/airflow/example_dags/example_short_circuit_operator.py took 0.084 seconds
[2021-09-26 11:57:16,221] {processor.py:162} INFO - Started process (PID=5294) to work on /home/airflow/.local/lib/python3.6/site-packages/airflow/example_dags/example_short_circuit_operator.py
[2021-09-26 11:57:16,225] {processor.py:613} INFO - Processing file /home/airflow/.local/lib/python3.6/site-packages/airflow/example_dags/example_short_circuit_operator.py for tasks to queue
[2021-09-26 11:57:16,227] {logging_mixin.py:109} INFO - [2021-09-26 11:57:16,227] {dagbag.py:496} INFO - Filling up the DagBag from /home/airflow/.local/lib/python3.6/site-packages/airflow/example_dags/example_short_circuit_operator.py
[2021-09-26 11:57:16,244] {processor.py:623} INFO - DAG(s) dict_keys(['example_short_circuit_operator']) retrieved from /home/airflow/.local/lib/python3.6/site-packages/airflow/example_dags/example_short_circuit_operator.py
[2021-09-26 11:57:16,271] {logging_mixin.py:109} INFO - [2021-09-26 11:57:16,270] {dag.py:1834} INFO - Sync 1 DAGs
[2021-09-26 11:57:16,292] {logging_mixin.py:109} INFO - [2021-09-26 11:57:16,291] {dag.py:2287} INFO - Setting next_dagrun for example_short_circuit_operator to 2021-09-24 00:00:00+00:00
[2021-09-26 11:57:16,307] {processor.py:170} INFO - Processing /home/airflow/.local/lib/python3.6/site-packages/airflow/example_dags/example_short_circuit_operator.py took 0.091 seconds
[2021-09-26 11:57:46,755] {processor.py:162} INFO - Started process (PID=5361) to work on /home/airflow/.local/lib/python3.6/site-packages/airflow/example_dags/example_short_circuit_operator.py
[2021-09-26 11:57:46,758] {processor.py:613} INFO - Processing file /home/airflow/.local/lib/python3.6/site-packages/airflow/example_dags/example_short_circuit_operator.py for tasks to queue
[2021-09-26 11:57:46,760] {logging_mixin.py:109} INFO - [2021-09-26 11:57:46,760] {dagbag.py:496} INFO - Filling up the DagBag from /home/airflow/.local/lib/python3.6/site-packages/airflow/example_dags/example_short_circuit_operator.py
[2021-09-26 11:57:46,779] {processor.py:623} INFO - DAG(s) dict_keys(['example_short_circuit_operator']) retrieved from /home/airflow/.local/lib/python3.6/site-packages/airflow/example_dags/example_short_circuit_operator.py
[2021-09-26 11:57:46,809] {logging_mixin.py:109} INFO - [2021-09-26 11:57:46,808] {dag.py:1834} INFO - Sync 1 DAGs
[2021-09-26 11:57:46,827] {logging_mixin.py:109} INFO - [2021-09-26 11:57:46,827] {dag.py:2287} INFO - Setting next_dagrun for example_short_circuit_operator to 2021-09-24 00:00:00+00:00
[2021-09-26 11:57:46,848] {processor.py:170} INFO - Processing /home/airflow/.local/lib/python3.6/site-packages/airflow/example_dags/example_short_circuit_operator.py took 0.097 seconds
[2021-09-26 11:58:17,025] {processor.py:162} INFO - Started process (PID=5421) to work on /home/airflow/.local/lib/python3.6/site-packages/airflow/example_dags/example_short_circuit_operator.py
[2021-09-26 11:58:17,027] {processor.py:613} INFO - Processing file /home/airflow/.local/lib/python3.6/site-packages/airflow/example_dags/example_short_circuit_operator.py for tasks to queue
[2021-09-26 11:58:17,029] {logging_mixin.py:109} INFO - [2021-09-26 11:58:17,029] {dagbag.py:496} INFO - Filling up the DagBag from /home/airflow/.local/lib/python3.6/site-packages/airflow/example_dags/example_short_circuit_operator.py
[2021-09-26 11:58:17,057] {processor.py:623} INFO - DAG(s) dict_keys(['example_short_circuit_operator']) retrieved from /home/airflow/.local/lib/python3.6/site-packages/airflow/example_dags/example_short_circuit_operator.py
[2021-09-26 11:58:17,081] {logging_mixin.py:109} INFO - [2021-09-26 11:58:17,081] {dag.py:1834} INFO - Sync 1 DAGs
[2021-09-26 11:58:17,097] {logging_mixin.py:109} INFO - [2021-09-26 11:58:17,096] {dag.py:2287} INFO - Setting next_dagrun for example_short_circuit_operator to 2021-09-24 00:00:00+00:00
[2021-09-26 11:58:17,109] {processor.py:170} INFO - Processing /home/airflow/.local/lib/python3.6/site-packages/airflow/example_dags/example_short_circuit_operator.py took 0.091 seconds
[2021-09-26 11:58:47,602] {processor.py:162} INFO - Started process (PID=5489) to work on /home/airflow/.local/lib/python3.6/site-packages/airflow/example_dags/example_short_circuit_operator.py
[2021-09-26 11:58:47,604] {processor.py:613} INFO - Processing file /home/airflow/.local/lib/python3.6/site-packages/airflow/example_dags/example_short_circuit_operator.py for tasks to queue
[2021-09-26 11:58:47,606] {logging_mixin.py:109} INFO - [2021-09-26 11:58:47,606] {dagbag.py:496} INFO - Filling up the DagBag from /home/airflow/.local/lib/python3.6/site-packages/airflow/example_dags/example_short_circuit_operator.py
[2021-09-26 11:58:47,624] {processor.py:623} INFO - DAG(s) dict_keys(['example_short_circuit_operator']) retrieved from /home/airflow/.local/lib/python3.6/site-packages/airflow/example_dags/example_short_circuit_operator.py
[2021-09-26 11:58:47,649] {logging_mixin.py:109} INFO - [2021-09-26 11:58:47,649] {dag.py:1834} INFO - Sync 1 DAGs
[2021-09-26 11:58:47,663] {logging_mixin.py:109} INFO - [2021-09-26 11:58:47,663] {dag.py:2287} INFO - Setting next_dagrun for example_short_circuit_operator to 2021-09-24 00:00:00+00:00
[2021-09-26 11:58:47,673] {processor.py:170} INFO - Processing /home/airflow/.local/lib/python3.6/site-packages/airflow/example_dags/example_short_circuit_operator.py took 0.077 seconds
[2021-09-26 11:59:18,234] {processor.py:162} INFO - Started process (PID=5547) to work on /home/airflow/.local/lib/python3.6/site-packages/airflow/example_dags/example_short_circuit_operator.py
[2021-09-26 11:59:18,237] {processor.py:613} INFO - Processing file /home/airflow/.local/lib/python3.6/site-packages/airflow/example_dags/example_short_circuit_operator.py for tasks to queue
[2021-09-26 11:59:18,240] {logging_mixin.py:109} INFO - [2021-09-26 11:59:18,240] {dagbag.py:496} INFO - Filling up the DagBag from /home/airflow/.local/lib/python3.6/site-packages/airflow/example_dags/example_short_circuit_operator.py
[2021-09-26 11:59:18,259] {processor.py:623} INFO - DAG(s) dict_keys(['example_short_circuit_operator']) retrieved from /home/airflow/.local/lib/python3.6/site-packages/airflow/example_dags/example_short_circuit_operator.py
[2021-09-26 11:59:18,286] {logging_mixin.py:109} INFO - [2021-09-26 11:59:18,286] {dag.py:1834} INFO - Sync 1 DAGs
[2021-09-26 11:59:18,301] {logging_mixin.py:109} INFO - [2021-09-26 11:59:18,301] {dag.py:2287} INFO - Setting next_dagrun for example_short_circuit_operator to 2021-09-24 00:00:00+00:00
[2021-09-26 11:59:18,312] {processor.py:170} INFO - Processing /home/airflow/.local/lib/python3.6/site-packages/airflow/example_dags/example_short_circuit_operator.py took 0.085 seconds
[2021-09-26 11:59:48,434] {processor.py:162} INFO - Started process (PID=5615) to work on /home/airflow/.local/lib/python3.6/site-packages/airflow/example_dags/example_short_circuit_operator.py
[2021-09-26 11:59:48,436] {processor.py:613} INFO - Processing file /home/airflow/.local/lib/python3.6/site-packages/airflow/example_dags/example_short_circuit_operator.py for tasks to queue
[2021-09-26 11:59:48,438] {logging_mixin.py:109} INFO - [2021-09-26 11:59:48,438] {dagbag.py:496} INFO - Filling up the DagBag from /home/airflow/.local/lib/python3.6/site-packages/airflow/example_dags/example_short_circuit_operator.py
[2021-09-26 11:59:48,458] {processor.py:623} INFO - DAG(s) dict_keys(['example_short_circuit_operator']) retrieved from /home/airflow/.local/lib/python3.6/site-packages/airflow/example_dags/example_short_circuit_operator.py
[2021-09-26 11:59:48,486] {logging_mixin.py:109} INFO - [2021-09-26 11:59:48,486] {dag.py:1834} INFO - Sync 1 DAGs
[2021-09-26 11:59:48,504] {logging_mixin.py:109} INFO - [2021-09-26 11:59:48,504] {dag.py:2287} INFO - Setting next_dagrun for example_short_circuit_operator to 2021-09-24 00:00:00+00:00
[2021-09-26 11:59:48,518] {processor.py:170} INFO - Processing /home/airflow/.local/lib/python3.6/site-packages/airflow/example_dags/example_short_circuit_operator.py took 0.087 seconds
[2021-09-26 12:00:19,156] {processor.py:162} INFO - Started process (PID=5684) to work on /home/airflow/.local/lib/python3.6/site-packages/airflow/example_dags/example_short_circuit_operator.py
[2021-09-26 12:00:19,159] {processor.py:613} INFO - Processing file /home/airflow/.local/lib/python3.6/site-packages/airflow/example_dags/example_short_circuit_operator.py for tasks to queue
[2021-09-26 12:00:19,160] {logging_mixin.py:109} INFO - [2021-09-26 12:00:19,160] {dagbag.py:496} INFO - Filling up the DagBag from /home/airflow/.local/lib/python3.6/site-packages/airflow/example_dags/example_short_circuit_operator.py
[2021-09-26 12:00:19,176] {processor.py:623} INFO - DAG(s) dict_keys(['example_short_circuit_operator']) retrieved from /home/airflow/.local/lib/python3.6/site-packages/airflow/example_dags/example_short_circuit_operator.py
[2021-09-26 12:00:19,199] {logging_mixin.py:109} INFO - [2021-09-26 12:00:19,199] {dag.py:1834} INFO - Sync 1 DAGs
[2021-09-26 12:00:19,223] {logging_mixin.py:109} INFO - [2021-09-26 12:00:19,223] {dag.py:2287} INFO - Setting next_dagrun for example_short_circuit_operator to 2021-09-24 00:00:00+00:00
[2021-09-26 12:00:19,239] {processor.py:170} INFO - Processing /home/airflow/.local/lib/python3.6/site-packages/airflow/example_dags/example_short_circuit_operator.py took 0.089 seconds
[2021-09-26 12:00:49,484] {processor.py:162} INFO - Started process (PID=5741) to work on /home/airflow/.local/lib/python3.6/site-packages/airflow/example_dags/example_short_circuit_operator.py
[2021-09-26 12:00:49,488] {processor.py:613} INFO - Processing file /home/airflow/.local/lib/python3.6/site-packages/airflow/example_dags/example_short_circuit_operator.py for tasks to queue
[2021-09-26 12:00:49,491] {logging_mixin.py:109} INFO - [2021-09-26 12:00:49,491] {dagbag.py:496} INFO - Filling up the DagBag from /home/airflow/.local/lib/python3.6/site-packages/airflow/example_dags/example_short_circuit_operator.py
[2021-09-26 12:00:49,514] {processor.py:623} INFO - DAG(s) dict_keys(['example_short_circuit_operator']) retrieved from /home/airflow/.local/lib/python3.6/site-packages/airflow/example_dags/example_short_circuit_operator.py
[2021-09-26 12:00:49,551] {logging_mixin.py:109} INFO - [2021-09-26 12:00:49,551] {dag.py:1834} INFO - Sync 1 DAGs
[2021-09-26 12:00:49,574] {logging_mixin.py:109} INFO - [2021-09-26 12:00:49,574] {dag.py:2287} INFO - Setting next_dagrun for example_short_circuit_operator to 2021-09-24 00:00:00+00:00
[2021-09-26 12:00:49,596] {processor.py:170} INFO - Processing /home/airflow/.local/lib/python3.6/site-packages/airflow/example_dags/example_short_circuit_operator.py took 0.119 seconds
[2021-09-26 12:01:20,169] {processor.py:162} INFO - Started process (PID=5809) to work on /home/airflow/.local/lib/python3.6/site-packages/airflow/example_dags/example_short_circuit_operator.py
[2021-09-26 12:01:20,172] {processor.py:613} INFO - Processing file /home/airflow/.local/lib/python3.6/site-packages/airflow/example_dags/example_short_circuit_operator.py for tasks to queue
[2021-09-26 12:01:20,174] {logging_mixin.py:109} INFO - [2021-09-26 12:01:20,173] {dagbag.py:496} INFO - Filling up the DagBag from /home/airflow/.local/lib/python3.6/site-packages/airflow/example_dags/example_short_circuit_operator.py
[2021-09-26 12:01:20,189] {processor.py:623} INFO - DAG(s) dict_keys(['example_short_circuit_operator']) retrieved from /home/airflow/.local/lib/python3.6/site-packages/airflow/example_dags/example_short_circuit_operator.py
[2021-09-26 12:01:20,214] {logging_mixin.py:109} INFO - [2021-09-26 12:01:20,214] {dag.py:1834} INFO - Sync 1 DAGs
[2021-09-26 12:01:20,230] {logging_mixin.py:109} INFO - [2021-09-26 12:01:20,230] {dag.py:2287} INFO - Setting next_dagrun for example_short_circuit_operator to 2021-09-24 00:00:00+00:00
[2021-09-26 12:01:20,242] {processor.py:170} INFO - Processing /home/airflow/.local/lib/python3.6/site-packages/airflow/example_dags/example_short_circuit_operator.py took 0.078 seconds
[2021-09-26 12:01:50,774] {processor.py:162} INFO - Started process (PID=5876) to work on /home/airflow/.local/lib/python3.6/site-packages/airflow/example_dags/example_short_circuit_operator.py
[2021-09-26 12:01:50,777] {processor.py:613} INFO - Processing file /home/airflow/.local/lib/python3.6/site-packages/airflow/example_dags/example_short_circuit_operator.py for tasks to queue
[2021-09-26 12:01:50,778] {logging_mixin.py:109} INFO - [2021-09-26 12:01:50,778] {dagbag.py:496} INFO - Filling up the DagBag from /home/airflow/.local/lib/python3.6/site-packages/airflow/example_dags/example_short_circuit_operator.py
[2021-09-26 12:01:50,800] {processor.py:623} INFO - DAG(s) dict_keys(['example_short_circuit_operator']) retrieved from /home/airflow/.local/lib/python3.6/site-packages/airflow/example_dags/example_short_circuit_operator.py
[2021-09-26 12:01:50,832] {logging_mixin.py:109} INFO - [2021-09-26 12:01:50,832] {dag.py:1834} INFO - Sync 1 DAGs
[2021-09-26 12:01:50,865] {logging_mixin.py:109} INFO - [2021-09-26 12:01:50,865] {dag.py:2287} INFO - Setting next_dagrun for example_short_circuit_operator to 2021-09-24 00:00:00+00:00
[2021-09-26 12:01:50,880] {processor.py:170} INFO - Processing /home/airflow/.local/lib/python3.6/site-packages/airflow/example_dags/example_short_circuit_operator.py took 0.109 seconds
[2021-09-26 12:02:20,924] {processor.py:162} INFO - Started process (PID=5935) to work on /home/airflow/.local/lib/python3.6/site-packages/airflow/example_dags/example_short_circuit_operator.py
[2021-09-26 12:02:20,928] {processor.py:613} INFO - Processing file /home/airflow/.local/lib/python3.6/site-packages/airflow/example_dags/example_short_circuit_operator.py for tasks to queue
[2021-09-26 12:02:20,930] {logging_mixin.py:109} INFO - [2021-09-26 12:02:20,930] {dagbag.py:496} INFO - Filling up the DagBag from /home/airflow/.local/lib/python3.6/site-packages/airflow/example_dags/example_short_circuit_operator.py
[2021-09-26 12:02:20,945] {processor.py:623} INFO - DAG(s) dict_keys(['example_short_circuit_operator']) retrieved from /home/airflow/.local/lib/python3.6/site-packages/airflow/example_dags/example_short_circuit_operator.py
[2021-09-26 12:02:20,970] {logging_mixin.py:109} INFO - [2021-09-26 12:02:20,970] {dag.py:1834} INFO - Sync 1 DAGs
[2021-09-26 12:02:20,985] {logging_mixin.py:109} INFO - [2021-09-26 12:02:20,985] {dag.py:2287} INFO - Setting next_dagrun for example_short_circuit_operator to 2021-09-24 00:00:00+00:00
[2021-09-26 12:02:20,998] {processor.py:170} INFO - Processing /home/airflow/.local/lib/python3.6/site-packages/airflow/example_dags/example_short_circuit_operator.py took 0.078 seconds
[2021-09-26 12:02:51,429] {processor.py:162} INFO - Started process (PID=6004) to work on /home/airflow/.local/lib/python3.6/site-packages/airflow/example_dags/example_short_circuit_operator.py
[2021-09-26 12:02:51,432] {processor.py:613} INFO - Processing file /home/airflow/.local/lib/python3.6/site-packages/airflow/example_dags/example_short_circuit_operator.py for tasks to queue
[2021-09-26 12:02:51,434] {logging_mixin.py:109} INFO - [2021-09-26 12:02:51,433] {dagbag.py:496} INFO - Filling up the DagBag from /home/airflow/.local/lib/python3.6/site-packages/airflow/example_dags/example_short_circuit_operator.py
[2021-09-26 12:02:51,450] {processor.py:623} INFO - DAG(s) dict_keys(['example_short_circuit_operator']) retrieved from /home/airflow/.local/lib/python3.6/site-packages/airflow/example_dags/example_short_circuit_operator.py
[2021-09-26 12:02:51,475] {logging_mixin.py:109} INFO - [2021-09-26 12:02:51,475] {dag.py:1834} INFO - Sync 1 DAGs
[2021-09-26 12:02:51,497] {logging_mixin.py:109} INFO - [2021-09-26 12:02:51,497] {dag.py:2287} INFO - Setting next_dagrun for example_short_circuit_operator to 2021-09-24 00:00:00+00:00
[2021-09-26 12:02:51,509] {processor.py:170} INFO - Processing /home/airflow/.local/lib/python3.6/site-packages/airflow/example_dags/example_short_circuit_operator.py took 0.086 seconds
[2021-09-26 12:03:21,773] {processor.py:162} INFO - Started process (PID=6060) to work on /home/airflow/.local/lib/python3.6/site-packages/airflow/example_dags/example_short_circuit_operator.py
[2021-09-26 12:03:21,777] {processor.py:613} INFO - Processing file /home/airflow/.local/lib/python3.6/site-packages/airflow/example_dags/example_short_circuit_operator.py for tasks to queue
[2021-09-26 12:03:21,782] {logging_mixin.py:109} INFO - [2021-09-26 12:03:21,781] {dagbag.py:496} INFO - Filling up the DagBag from /home/airflow/.local/lib/python3.6/site-packages/airflow/example_dags/example_short_circuit_operator.py
[2021-09-26 12:03:21,803] {processor.py:623} INFO - DAG(s) dict_keys(['example_short_circuit_operator']) retrieved from /home/airflow/.local/lib/python3.6/site-packages/airflow/example_dags/example_short_circuit_operator.py
[2021-09-26 12:03:21,832] {logging_mixin.py:109} INFO - [2021-09-26 12:03:21,832] {dag.py:1834} INFO - Sync 1 DAGs
[2021-09-26 12:03:21,850] {logging_mixin.py:109} INFO - [2021-09-26 12:03:21,850] {dag.py:2287} INFO - Setting next_dagrun for example_short_circuit_operator to 2021-09-24 00:00:00+00:00
[2021-09-26 12:03:21,864] {processor.py:170} INFO - Processing /home/airflow/.local/lib/python3.6/site-packages/airflow/example_dags/example_short_circuit_operator.py took 0.097 seconds
[2021-09-26 12:03:52,271] {processor.py:162} INFO - Started process (PID=6128) to work on /home/airflow/.local/lib/python3.6/site-packages/airflow/example_dags/example_short_circuit_operator.py
[2021-09-26 12:03:52,273] {processor.py:613} INFO - Processing file /home/airflow/.local/lib/python3.6/site-packages/airflow/example_dags/example_short_circuit_operator.py for tasks to queue
[2021-09-26 12:03:52,275] {logging_mixin.py:109} INFO - [2021-09-26 12:03:52,275] {dagbag.py:496} INFO - Filling up the DagBag from /home/airflow/.local/lib/python3.6/site-packages/airflow/example_dags/example_short_circuit_operator.py
[2021-09-26 12:03:52,292] {processor.py:623} INFO - DAG(s) dict_keys(['example_short_circuit_operator']) retrieved from /home/airflow/.local/lib/python3.6/site-packages/airflow/example_dags/example_short_circuit_operator.py
[2021-09-26 12:03:52,325] {logging_mixin.py:109} INFO - [2021-09-26 12:03:52,325] {dag.py:1834} INFO - Sync 1 DAGs
[2021-09-26 12:03:52,341] {logging_mixin.py:109} INFO - [2021-09-26 12:03:52,341] {dag.py:2287} INFO - Setting next_dagrun for example_short_circuit_operator to 2021-09-24 00:00:00+00:00
[2021-09-26 12:03:52,354] {processor.py:170} INFO - Processing /home/airflow/.local/lib/python3.6/site-packages/airflow/example_dags/example_short_circuit_operator.py took 0.090 seconds
[2021-09-26 12:04:22,840] {processor.py:162} INFO - Started process (PID=6187) to work on /home/airflow/.local/lib/python3.6/site-packages/airflow/example_dags/example_short_circuit_operator.py
[2021-09-26 12:04:22,843] {processor.py:613} INFO - Processing file /home/airflow/.local/lib/python3.6/site-packages/airflow/example_dags/example_short_circuit_operator.py for tasks to queue
[2021-09-26 12:04:22,844] {logging_mixin.py:109} INFO - [2021-09-26 12:04:22,844] {dagbag.py:496} INFO - Filling up the DagBag from /home/airflow/.local/lib/python3.6/site-packages/airflow/example_dags/example_short_circuit_operator.py
[2021-09-26 12:04:22,860] {processor.py:623} INFO - DAG(s) dict_keys(['example_short_circuit_operator']) retrieved from /home/airflow/.local/lib/python3.6/site-packages/airflow/example_dags/example_short_circuit_operator.py
[2021-09-26 12:04:22,886] {logging_mixin.py:109} INFO - [2021-09-26 12:04:22,885] {dag.py:1834} INFO - Sync 1 DAGs
[2021-09-26 12:04:22,910] {logging_mixin.py:109} INFO - [2021-09-26 12:04:22,909] {dag.py:2287} INFO - Setting next_dagrun for example_short_circuit_operator to 2021-09-24 00:00:00+00:00
[2021-09-26 12:04:22,922] {processor.py:170} INFO - Processing /home/airflow/.local/lib/python3.6/site-packages/airflow/example_dags/example_short_circuit_operator.py took 0.088 seconds
[2021-09-26 12:04:53,116] {processor.py:162} INFO - Started process (PID=6255) to work on /home/airflow/.local/lib/python3.6/site-packages/airflow/example_dags/example_short_circuit_operator.py
[2021-09-26 12:04:53,118] {processor.py:613} INFO - Processing file /home/airflow/.local/lib/python3.6/site-packages/airflow/example_dags/example_short_circuit_operator.py for tasks to queue
[2021-09-26 12:04:53,120] {logging_mixin.py:109} INFO - [2021-09-26 12:04:53,120] {dagbag.py:496} INFO - Filling up the DagBag from /home/airflow/.local/lib/python3.6/site-packages/airflow/example_dags/example_short_circuit_operator.py
[2021-09-26 12:04:53,136] {processor.py:623} INFO - DAG(s) dict_keys(['example_short_circuit_operator']) retrieved from /home/airflow/.local/lib/python3.6/site-packages/airflow/example_dags/example_short_circuit_operator.py
[2021-09-26 12:04:53,161] {logging_mixin.py:109} INFO - [2021-09-26 12:04:53,161] {dag.py:1834} INFO - Sync 1 DAGs
[2021-09-26 12:04:53,175] {logging_mixin.py:109} INFO - [2021-09-26 12:04:53,175] {dag.py:2287} INFO - Setting next_dagrun for example_short_circuit_operator to 2021-09-24 00:00:00+00:00
[2021-09-26 12:04:53,186] {processor.py:170} INFO - Processing /home/airflow/.local/lib/python3.6/site-packages/airflow/example_dags/example_short_circuit_operator.py took 0.075 seconds
[2021-09-26 12:05:23,295] {processor.py:162} INFO - Started process (PID=6326) to work on /home/airflow/.local/lib/python3.6/site-packages/airflow/example_dags/example_short_circuit_operator.py
[2021-09-26 12:05:23,299] {processor.py:613} INFO - Processing file /home/airflow/.local/lib/python3.6/site-packages/airflow/example_dags/example_short_circuit_operator.py for tasks to queue
[2021-09-26 12:05:23,301] {logging_mixin.py:109} INFO - [2021-09-26 12:05:23,301] {dagbag.py:496} INFO - Filling up the DagBag from /home/airflow/.local/lib/python3.6/site-packages/airflow/example_dags/example_short_circuit_operator.py
[2021-09-26 12:05:23,327] {processor.py:623} INFO - DAG(s) dict_keys(['example_short_circuit_operator']) retrieved from /home/airflow/.local/lib/python3.6/site-packages/airflow/example_dags/example_short_circuit_operator.py
[2021-09-26 12:05:23,357] {logging_mixin.py:109} INFO - [2021-09-26 12:05:23,356] {dag.py:1834} INFO - Sync 1 DAGs
[2021-09-26 12:05:23,394] {logging_mixin.py:109} INFO - [2021-09-26 12:05:23,394] {dag.py:2287} INFO - Setting next_dagrun for example_short_circuit_operator to 2021-09-24 00:00:00+00:00
[2021-09-26 12:05:23,416] {processor.py:170} INFO - Processing /home/airflow/.local/lib/python3.6/site-packages/airflow/example_dags/example_short_circuit_operator.py took 0.129 seconds
