[2021-09-26 11:46:55,381] {processor.py:162} INFO - Started process (PID=4001) to work on /home/airflow/.local/lib/python3.6/site-packages/airflow/example_dags/example_kubernetes_executor.py
[2021-09-26 11:46:55,384] {processor.py:613} INFO - Processing file /home/airflow/.local/lib/python3.6/site-packages/airflow/example_dags/example_kubernetes_executor.py for tasks to queue
[2021-09-26 11:46:55,386] {logging_mixin.py:109} INFO - [2021-09-26 11:46:55,386] {dagbag.py:496} INFO - Filling up the DagBag from /home/airflow/.local/lib/python3.6/site-packages/airflow/example_dags/example_kubernetes_executor.py
[2021-09-26 11:46:55,420] {processor.py:623} INFO - DAG(s) dict_keys(['example_kubernetes_executor']) retrieved from /home/airflow/.local/lib/python3.6/site-packages/airflow/example_dags/example_kubernetes_executor.py
[2021-09-26 11:46:55,468] {logging_mixin.py:109} INFO - [2021-09-26 11:46:55,468] {dag.py:1834} INFO - Sync 1 DAGs
[2021-09-26 11:46:55,493] {logging_mixin.py:109} INFO - [2021-09-26 11:46:55,492] {dag.py:2287} INFO - Setting next_dagrun for example_kubernetes_executor to None
[2021-09-26 11:46:55,527] {processor.py:170} INFO - Processing /home/airflow/.local/lib/python3.6/site-packages/airflow/example_dags/example_kubernetes_executor.py took 0.151 seconds
[2021-09-26 11:47:25,724] {processor.py:162} INFO - Started process (PID=4065) to work on /home/airflow/.local/lib/python3.6/site-packages/airflow/example_dags/example_kubernetes_executor.py
[2021-09-26 11:47:25,727] {processor.py:613} INFO - Processing file /home/airflow/.local/lib/python3.6/site-packages/airflow/example_dags/example_kubernetes_executor.py for tasks to queue
[2021-09-26 11:47:25,729] {logging_mixin.py:109} INFO - [2021-09-26 11:47:25,729] {dagbag.py:496} INFO - Filling up the DagBag from /home/airflow/.local/lib/python3.6/site-packages/airflow/example_dags/example_kubernetes_executor.py
[2021-09-26 11:47:25,750] {processor.py:623} INFO - DAG(s) dict_keys(['example_kubernetes_executor']) retrieved from /home/airflow/.local/lib/python3.6/site-packages/airflow/example_dags/example_kubernetes_executor.py
[2021-09-26 11:47:25,793] {logging_mixin.py:109} INFO - [2021-09-26 11:47:25,793] {dag.py:1834} INFO - Sync 1 DAGs
[2021-09-26 11:47:25,827] {logging_mixin.py:109} INFO - [2021-09-26 11:47:25,827] {dag.py:2287} INFO - Setting next_dagrun for example_kubernetes_executor to None
[2021-09-26 11:47:25,842] {processor.py:170} INFO - Processing /home/airflow/.local/lib/python3.6/site-packages/airflow/example_dags/example_kubernetes_executor.py took 0.125 seconds
[2021-09-26 11:47:55,952] {processor.py:162} INFO - Started process (PID=4121) to work on /home/airflow/.local/lib/python3.6/site-packages/airflow/example_dags/example_kubernetes_executor.py
[2021-09-26 11:47:55,955] {processor.py:613} INFO - Processing file /home/airflow/.local/lib/python3.6/site-packages/airflow/example_dags/example_kubernetes_executor.py for tasks to queue
[2021-09-26 11:47:55,956] {logging_mixin.py:109} INFO - [2021-09-26 11:47:55,956] {dagbag.py:496} INFO - Filling up the DagBag from /home/airflow/.local/lib/python3.6/site-packages/airflow/example_dags/example_kubernetes_executor.py
[2021-09-26 11:47:55,977] {processor.py:623} INFO - DAG(s) dict_keys(['example_kubernetes_executor']) retrieved from /home/airflow/.local/lib/python3.6/site-packages/airflow/example_dags/example_kubernetes_executor.py
[2021-09-26 11:47:56,013] {logging_mixin.py:109} INFO - [2021-09-26 11:47:56,013] {dag.py:1834} INFO - Sync 1 DAGs
[2021-09-26 11:47:56,034] {logging_mixin.py:109} INFO - [2021-09-26 11:47:56,034] {dag.py:2287} INFO - Setting next_dagrun for example_kubernetes_executor to None
[2021-09-26 11:47:56,050] {processor.py:170} INFO - Processing /home/airflow/.local/lib/python3.6/site-packages/airflow/example_dags/example_kubernetes_executor.py took 0.106 seconds
[2021-09-26 11:48:26,160] {processor.py:162} INFO - Started process (PID=4192) to work on /home/airflow/.local/lib/python3.6/site-packages/airflow/example_dags/example_kubernetes_executor.py
[2021-09-26 11:48:26,163] {processor.py:613} INFO - Processing file /home/airflow/.local/lib/python3.6/site-packages/airflow/example_dags/example_kubernetes_executor.py for tasks to queue
[2021-09-26 11:48:26,166] {logging_mixin.py:109} INFO - [2021-09-26 11:48:26,166] {dagbag.py:496} INFO - Filling up the DagBag from /home/airflow/.local/lib/python3.6/site-packages/airflow/example_dags/example_kubernetes_executor.py
[2021-09-26 11:48:26,191] {processor.py:623} INFO - DAG(s) dict_keys(['example_kubernetes_executor']) retrieved from /home/airflow/.local/lib/python3.6/site-packages/airflow/example_dags/example_kubernetes_executor.py
[2021-09-26 11:48:26,227] {logging_mixin.py:109} INFO - [2021-09-26 11:48:26,227] {dag.py:1834} INFO - Sync 1 DAGs
[2021-09-26 11:48:26,260] {logging_mixin.py:109} INFO - [2021-09-26 11:48:26,259] {dag.py:2287} INFO - Setting next_dagrun for example_kubernetes_executor to None
[2021-09-26 11:48:26,280] {processor.py:170} INFO - Processing /home/airflow/.local/lib/python3.6/site-packages/airflow/example_dags/example_kubernetes_executor.py took 0.125 seconds
[2021-09-26 11:48:56,745] {processor.py:162} INFO - Started process (PID=4248) to work on /home/airflow/.local/lib/python3.6/site-packages/airflow/example_dags/example_kubernetes_executor.py
[2021-09-26 11:48:56,748] {processor.py:613} INFO - Processing file /home/airflow/.local/lib/python3.6/site-packages/airflow/example_dags/example_kubernetes_executor.py for tasks to queue
[2021-09-26 11:48:56,750] {logging_mixin.py:109} INFO - [2021-09-26 11:48:56,750] {dagbag.py:496} INFO - Filling up the DagBag from /home/airflow/.local/lib/python3.6/site-packages/airflow/example_dags/example_kubernetes_executor.py
[2021-09-26 11:48:56,768] {processor.py:623} INFO - DAG(s) dict_keys(['example_kubernetes_executor']) retrieved from /home/airflow/.local/lib/python3.6/site-packages/airflow/example_dags/example_kubernetes_executor.py
[2021-09-26 11:48:56,807] {logging_mixin.py:109} INFO - [2021-09-26 11:48:56,807] {dag.py:1834} INFO - Sync 1 DAGs
[2021-09-26 11:48:56,832] {logging_mixin.py:109} INFO - [2021-09-26 11:48:56,832] {dag.py:2287} INFO - Setting next_dagrun for example_kubernetes_executor to None
[2021-09-26 11:48:56,849] {processor.py:170} INFO - Processing /home/airflow/.local/lib/python3.6/site-packages/airflow/example_dags/example_kubernetes_executor.py took 0.109 seconds
[2021-09-26 11:49:27,365] {processor.py:162} INFO - Started process (PID=4317) to work on /home/airflow/.local/lib/python3.6/site-packages/airflow/example_dags/example_kubernetes_executor.py
[2021-09-26 11:49:27,367] {processor.py:613} INFO - Processing file /home/airflow/.local/lib/python3.6/site-packages/airflow/example_dags/example_kubernetes_executor.py for tasks to queue
[2021-09-26 11:49:27,369] {logging_mixin.py:109} INFO - [2021-09-26 11:49:27,369] {dagbag.py:496} INFO - Filling up the DagBag from /home/airflow/.local/lib/python3.6/site-packages/airflow/example_dags/example_kubernetes_executor.py
[2021-09-26 11:49:27,385] {processor.py:623} INFO - DAG(s) dict_keys(['example_kubernetes_executor']) retrieved from /home/airflow/.local/lib/python3.6/site-packages/airflow/example_dags/example_kubernetes_executor.py
[2021-09-26 11:49:27,425] {logging_mixin.py:109} INFO - [2021-09-26 11:49:27,423] {dag.py:1834} INFO - Sync 1 DAGs
[2021-09-26 11:49:27,444] {logging_mixin.py:109} INFO - [2021-09-26 11:49:27,444] {dag.py:2287} INFO - Setting next_dagrun for example_kubernetes_executor to None
[2021-09-26 11:49:27,456] {processor.py:170} INFO - Processing /home/airflow/.local/lib/python3.6/site-packages/airflow/example_dags/example_kubernetes_executor.py took 0.096 seconds
[2021-09-26 11:49:58,222] {processor.py:162} INFO - Started process (PID=4375) to work on /home/airflow/.local/lib/python3.6/site-packages/airflow/example_dags/example_kubernetes_executor.py
[2021-09-26 11:49:58,225] {processor.py:613} INFO - Processing file /home/airflow/.local/lib/python3.6/site-packages/airflow/example_dags/example_kubernetes_executor.py for tasks to queue
[2021-09-26 11:49:58,227] {logging_mixin.py:109} INFO - [2021-09-26 11:49:58,227] {dagbag.py:496} INFO - Filling up the DagBag from /home/airflow/.local/lib/python3.6/site-packages/airflow/example_dags/example_kubernetes_executor.py
[2021-09-26 11:49:58,245] {processor.py:623} INFO - DAG(s) dict_keys(['example_kubernetes_executor']) retrieved from /home/airflow/.local/lib/python3.6/site-packages/airflow/example_dags/example_kubernetes_executor.py
[2021-09-26 11:49:58,272] {logging_mixin.py:109} INFO - [2021-09-26 11:49:58,272] {dag.py:1834} INFO - Sync 1 DAGs
[2021-09-26 11:49:58,288] {logging_mixin.py:109} INFO - [2021-09-26 11:49:58,288] {dag.py:2287} INFO - Setting next_dagrun for example_kubernetes_executor to None
[2021-09-26 11:49:58,300] {processor.py:170} INFO - Processing /home/airflow/.local/lib/python3.6/site-packages/airflow/example_dags/example_kubernetes_executor.py took 0.083 seconds
[2021-09-26 11:50:29,071] {processor.py:162} INFO - Started process (PID=4444) to work on /home/airflow/.local/lib/python3.6/site-packages/airflow/example_dags/example_kubernetes_executor.py
[2021-09-26 11:50:29,074] {processor.py:613} INFO - Processing file /home/airflow/.local/lib/python3.6/site-packages/airflow/example_dags/example_kubernetes_executor.py for tasks to queue
[2021-09-26 11:50:29,076] {logging_mixin.py:109} INFO - [2021-09-26 11:50:29,075] {dagbag.py:496} INFO - Filling up the DagBag from /home/airflow/.local/lib/python3.6/site-packages/airflow/example_dags/example_kubernetes_executor.py
[2021-09-26 11:50:29,094] {processor.py:623} INFO - DAG(s) dict_keys(['example_kubernetes_executor']) retrieved from /home/airflow/.local/lib/python3.6/site-packages/airflow/example_dags/example_kubernetes_executor.py
[2021-09-26 11:50:29,122] {logging_mixin.py:109} INFO - [2021-09-26 11:50:29,122] {dag.py:1834} INFO - Sync 1 DAGs
[2021-09-26 11:50:29,145] {logging_mixin.py:109} INFO - [2021-09-26 11:50:29,145] {dag.py:2287} INFO - Setting next_dagrun for example_kubernetes_executor to None
[2021-09-26 11:50:29,160] {processor.py:170} INFO - Processing /home/airflow/.local/lib/python3.6/site-packages/airflow/example_dags/example_kubernetes_executor.py took 0.097 seconds
[2021-09-26 11:50:59,427] {processor.py:162} INFO - Started process (PID=4514) to work on /home/airflow/.local/lib/python3.6/site-packages/airflow/example_dags/example_kubernetes_executor.py
[2021-09-26 11:50:59,431] {processor.py:613} INFO - Processing file /home/airflow/.local/lib/python3.6/site-packages/airflow/example_dags/example_kubernetes_executor.py for tasks to queue
[2021-09-26 11:50:59,435] {logging_mixin.py:109} INFO - [2021-09-26 11:50:59,434] {dagbag.py:496} INFO - Filling up the DagBag from /home/airflow/.local/lib/python3.6/site-packages/airflow/example_dags/example_kubernetes_executor.py
[2021-09-26 11:50:59,459] {processor.py:623} INFO - DAG(s) dict_keys(['example_kubernetes_executor']) retrieved from /home/airflow/.local/lib/python3.6/site-packages/airflow/example_dags/example_kubernetes_executor.py
[2021-09-26 11:50:59,519] {logging_mixin.py:109} INFO - [2021-09-26 11:50:59,519] {dag.py:1834} INFO - Sync 1 DAGs
[2021-09-26 11:50:59,562] {logging_mixin.py:109} INFO - [2021-09-26 11:50:59,562] {dag.py:2287} INFO - Setting next_dagrun for example_kubernetes_executor to None
[2021-09-26 11:50:59,578] {processor.py:170} INFO - Processing /home/airflow/.local/lib/python3.6/site-packages/airflow/example_dags/example_kubernetes_executor.py took 0.157 seconds
[2021-09-26 11:51:29,950] {processor.py:162} INFO - Started process (PID=4573) to work on /home/airflow/.local/lib/python3.6/site-packages/airflow/example_dags/example_kubernetes_executor.py
[2021-09-26 11:51:29,953] {processor.py:613} INFO - Processing file /home/airflow/.local/lib/python3.6/site-packages/airflow/example_dags/example_kubernetes_executor.py for tasks to queue
[2021-09-26 11:51:29,957] {logging_mixin.py:109} INFO - [2021-09-26 11:51:29,956] {dagbag.py:496} INFO - Filling up the DagBag from /home/airflow/.local/lib/python3.6/site-packages/airflow/example_dags/example_kubernetes_executor.py
[2021-09-26 11:51:29,981] {processor.py:623} INFO - DAG(s) dict_keys(['example_kubernetes_executor']) retrieved from /home/airflow/.local/lib/python3.6/site-packages/airflow/example_dags/example_kubernetes_executor.py
[2021-09-26 11:51:30,043] {logging_mixin.py:109} INFO - [2021-09-26 11:51:30,043] {dag.py:1834} INFO - Sync 1 DAGs
[2021-09-26 11:51:30,087] {logging_mixin.py:109} INFO - [2021-09-26 11:51:30,087] {dag.py:2287} INFO - Setting next_dagrun for example_kubernetes_executor to None
[2021-09-26 11:51:30,107] {processor.py:170} INFO - Processing /home/airflow/.local/lib/python3.6/site-packages/airflow/example_dags/example_kubernetes_executor.py took 0.162 seconds
[2021-09-26 11:52:00,317] {processor.py:162} INFO - Started process (PID=4642) to work on /home/airflow/.local/lib/python3.6/site-packages/airflow/example_dags/example_kubernetes_executor.py
[2021-09-26 11:52:00,325] {processor.py:613} INFO - Processing file /home/airflow/.local/lib/python3.6/site-packages/airflow/example_dags/example_kubernetes_executor.py for tasks to queue
[2021-09-26 11:52:00,329] {logging_mixin.py:109} INFO - [2021-09-26 11:52:00,328] {dagbag.py:496} INFO - Filling up the DagBag from /home/airflow/.local/lib/python3.6/site-packages/airflow/example_dags/example_kubernetes_executor.py
[2021-09-26 11:52:00,355] {processor.py:623} INFO - DAG(s) dict_keys(['example_kubernetes_executor']) retrieved from /home/airflow/.local/lib/python3.6/site-packages/airflow/example_dags/example_kubernetes_executor.py
[2021-09-26 11:52:00,408] {logging_mixin.py:109} INFO - [2021-09-26 11:52:00,408] {dag.py:1834} INFO - Sync 1 DAGs
[2021-09-26 11:52:00,439] {logging_mixin.py:109} INFO - [2021-09-26 11:52:00,439] {dag.py:2287} INFO - Setting next_dagrun for example_kubernetes_executor to None
[2021-09-26 11:52:00,486] {processor.py:170} INFO - Processing /home/airflow/.local/lib/python3.6/site-packages/airflow/example_dags/example_kubernetes_executor.py took 0.174 seconds
[2021-09-26 11:52:30,728] {processor.py:162} INFO - Started process (PID=4699) to work on /home/airflow/.local/lib/python3.6/site-packages/airflow/example_dags/example_kubernetes_executor.py
[2021-09-26 11:52:30,732] {processor.py:613} INFO - Processing file /home/airflow/.local/lib/python3.6/site-packages/airflow/example_dags/example_kubernetes_executor.py for tasks to queue
[2021-09-26 11:52:30,737] {logging_mixin.py:109} INFO - [2021-09-26 11:52:30,736] {dagbag.py:496} INFO - Filling up the DagBag from /home/airflow/.local/lib/python3.6/site-packages/airflow/example_dags/example_kubernetes_executor.py
[2021-09-26 11:52:30,765] {processor.py:623} INFO - DAG(s) dict_keys(['example_kubernetes_executor']) retrieved from /home/airflow/.local/lib/python3.6/site-packages/airflow/example_dags/example_kubernetes_executor.py
[2021-09-26 11:52:30,813] {logging_mixin.py:109} INFO - [2021-09-26 11:52:30,813] {dag.py:1834} INFO - Sync 1 DAGs
[2021-09-26 11:52:30,837] {logging_mixin.py:109} INFO - [2021-09-26 11:52:30,837] {dag.py:2287} INFO - Setting next_dagrun for example_kubernetes_executor to None
[2021-09-26 11:52:30,853] {processor.py:170} INFO - Processing /home/airflow/.local/lib/python3.6/site-packages/airflow/example_dags/example_kubernetes_executor.py took 0.130 seconds
[2021-09-26 11:53:01,449] {processor.py:162} INFO - Started process (PID=4770) to work on /home/airflow/.local/lib/python3.6/site-packages/airflow/example_dags/example_kubernetes_executor.py
[2021-09-26 11:53:01,453] {processor.py:613} INFO - Processing file /home/airflow/.local/lib/python3.6/site-packages/airflow/example_dags/example_kubernetes_executor.py for tasks to queue
[2021-09-26 11:53:01,454] {logging_mixin.py:109} INFO - [2021-09-26 11:53:01,454] {dagbag.py:496} INFO - Filling up the DagBag from /home/airflow/.local/lib/python3.6/site-packages/airflow/example_dags/example_kubernetes_executor.py
[2021-09-26 11:53:01,471] {processor.py:623} INFO - DAG(s) dict_keys(['example_kubernetes_executor']) retrieved from /home/airflow/.local/lib/python3.6/site-packages/airflow/example_dags/example_kubernetes_executor.py
[2021-09-26 11:53:01,498] {logging_mixin.py:109} INFO - [2021-09-26 11:53:01,498] {dag.py:1834} INFO - Sync 1 DAGs
[2021-09-26 11:53:01,515] {logging_mixin.py:109} INFO - [2021-09-26 11:53:01,514] {dag.py:2287} INFO - Setting next_dagrun for example_kubernetes_executor to None
[2021-09-26 11:53:01,527] {processor.py:170} INFO - Processing /home/airflow/.local/lib/python3.6/site-packages/airflow/example_dags/example_kubernetes_executor.py took 0.084 seconds
[2021-09-26 11:53:32,143] {processor.py:162} INFO - Started process (PID=4826) to work on /home/airflow/.local/lib/python3.6/site-packages/airflow/example_dags/example_kubernetes_executor.py
[2021-09-26 11:53:32,146] {processor.py:613} INFO - Processing file /home/airflow/.local/lib/python3.6/site-packages/airflow/example_dags/example_kubernetes_executor.py for tasks to queue
[2021-09-26 11:53:32,149] {logging_mixin.py:109} INFO - [2021-09-26 11:53:32,149] {dagbag.py:496} INFO - Filling up the DagBag from /home/airflow/.local/lib/python3.6/site-packages/airflow/example_dags/example_kubernetes_executor.py
[2021-09-26 11:53:32,165] {processor.py:623} INFO - DAG(s) dict_keys(['example_kubernetes_executor']) retrieved from /home/airflow/.local/lib/python3.6/site-packages/airflow/example_dags/example_kubernetes_executor.py
[2021-09-26 11:53:32,192] {logging_mixin.py:109} INFO - [2021-09-26 11:53:32,192] {dag.py:1834} INFO - Sync 1 DAGs
[2021-09-26 11:53:32,211] {logging_mixin.py:109} INFO - [2021-09-26 11:53:32,211] {dag.py:2287} INFO - Setting next_dagrun for example_kubernetes_executor to None
[2021-09-26 11:53:32,223] {processor.py:170} INFO - Processing /home/airflow/.local/lib/python3.6/site-packages/airflow/example_dags/example_kubernetes_executor.py took 0.087 seconds
[2021-09-26 11:54:02,543] {processor.py:162} INFO - Started process (PID=4892) to work on /home/airflow/.local/lib/python3.6/site-packages/airflow/example_dags/example_kubernetes_executor.py
[2021-09-26 11:54:02,546] {processor.py:613} INFO - Processing file /home/airflow/.local/lib/python3.6/site-packages/airflow/example_dags/example_kubernetes_executor.py for tasks to queue
[2021-09-26 11:54:02,549] {logging_mixin.py:109} INFO - [2021-09-26 11:54:02,549] {dagbag.py:496} INFO - Filling up the DagBag from /home/airflow/.local/lib/python3.6/site-packages/airflow/example_dags/example_kubernetes_executor.py
[2021-09-26 11:54:02,569] {processor.py:623} INFO - DAG(s) dict_keys(['example_kubernetes_executor']) retrieved from /home/airflow/.local/lib/python3.6/site-packages/airflow/example_dags/example_kubernetes_executor.py
[2021-09-26 11:54:02,601] {logging_mixin.py:109} INFO - [2021-09-26 11:54:02,601] {dag.py:1834} INFO - Sync 1 DAGs
[2021-09-26 11:54:02,622] {logging_mixin.py:109} INFO - [2021-09-26 11:54:02,622] {dag.py:2287} INFO - Setting next_dagrun for example_kubernetes_executor to None
[2021-09-26 11:54:02,636] {processor.py:170} INFO - Processing /home/airflow/.local/lib/python3.6/site-packages/airflow/example_dags/example_kubernetes_executor.py took 0.099 seconds
[2021-09-26 11:54:32,879] {processor.py:162} INFO - Started process (PID=4949) to work on /home/airflow/.local/lib/python3.6/site-packages/airflow/example_dags/example_kubernetes_executor.py
[2021-09-26 11:54:32,882] {processor.py:613} INFO - Processing file /home/airflow/.local/lib/python3.6/site-packages/airflow/example_dags/example_kubernetes_executor.py for tasks to queue
[2021-09-26 11:54:32,885] {logging_mixin.py:109} INFO - [2021-09-26 11:54:32,885] {dagbag.py:496} INFO - Filling up the DagBag from /home/airflow/.local/lib/python3.6/site-packages/airflow/example_dags/example_kubernetes_executor.py
[2021-09-26 11:54:32,908] {processor.py:623} INFO - DAG(s) dict_keys(['example_kubernetes_executor']) retrieved from /home/airflow/.local/lib/python3.6/site-packages/airflow/example_dags/example_kubernetes_executor.py
[2021-09-26 11:54:32,945] {logging_mixin.py:109} INFO - [2021-09-26 11:54:32,944] {dag.py:1834} INFO - Sync 1 DAGs
[2021-09-26 11:54:32,968] {logging_mixin.py:109} INFO - [2021-09-26 11:54:32,968] {dag.py:2287} INFO - Setting next_dagrun for example_kubernetes_executor to None
[2021-09-26 11:54:32,985] {processor.py:170} INFO - Processing /home/airflow/.local/lib/python3.6/site-packages/airflow/example_dags/example_kubernetes_executor.py took 0.113 seconds
[2021-09-26 11:55:03,643] {processor.py:162} INFO - Started process (PID=5018) to work on /home/airflow/.local/lib/python3.6/site-packages/airflow/example_dags/example_kubernetes_executor.py
[2021-09-26 11:55:03,647] {processor.py:613} INFO - Processing file /home/airflow/.local/lib/python3.6/site-packages/airflow/example_dags/example_kubernetes_executor.py for tasks to queue
[2021-09-26 11:55:03,649] {logging_mixin.py:109} INFO - [2021-09-26 11:55:03,649] {dagbag.py:496} INFO - Filling up the DagBag from /home/airflow/.local/lib/python3.6/site-packages/airflow/example_dags/example_kubernetes_executor.py
[2021-09-26 11:55:03,667] {processor.py:623} INFO - DAG(s) dict_keys(['example_kubernetes_executor']) retrieved from /home/airflow/.local/lib/python3.6/site-packages/airflow/example_dags/example_kubernetes_executor.py
[2021-09-26 11:55:03,700] {logging_mixin.py:109} INFO - [2021-09-26 11:55:03,700] {dag.py:1834} INFO - Sync 1 DAGs
[2021-09-26 11:55:03,719] {logging_mixin.py:109} INFO - [2021-09-26 11:55:03,719] {dag.py:2287} INFO - Setting next_dagrun for example_kubernetes_executor to None
[2021-09-26 11:55:03,733] {processor.py:170} INFO - Processing /home/airflow/.local/lib/python3.6/site-packages/airflow/example_dags/example_kubernetes_executor.py took 0.095 seconds
[2021-09-26 11:55:33,969] {processor.py:162} INFO - Started process (PID=5076) to work on /home/airflow/.local/lib/python3.6/site-packages/airflow/example_dags/example_kubernetes_executor.py
[2021-09-26 11:55:33,972] {processor.py:613} INFO - Processing file /home/airflow/.local/lib/python3.6/site-packages/airflow/example_dags/example_kubernetes_executor.py for tasks to queue
[2021-09-26 11:55:33,974] {logging_mixin.py:109} INFO - [2021-09-26 11:55:33,974] {dagbag.py:496} INFO - Filling up the DagBag from /home/airflow/.local/lib/python3.6/site-packages/airflow/example_dags/example_kubernetes_executor.py
[2021-09-26 11:55:33,992] {processor.py:623} INFO - DAG(s) dict_keys(['example_kubernetes_executor']) retrieved from /home/airflow/.local/lib/python3.6/site-packages/airflow/example_dags/example_kubernetes_executor.py
[2021-09-26 11:55:34,019] {logging_mixin.py:109} INFO - [2021-09-26 11:55:34,019] {dag.py:1834} INFO - Sync 1 DAGs
[2021-09-26 11:55:34,036] {logging_mixin.py:109} INFO - [2021-09-26 11:55:34,036] {dag.py:2287} INFO - Setting next_dagrun for example_kubernetes_executor to None
[2021-09-26 11:55:34,048] {processor.py:170} INFO - Processing /home/airflow/.local/lib/python3.6/site-packages/airflow/example_dags/example_kubernetes_executor.py took 0.085 seconds
[2021-09-26 11:56:04,439] {processor.py:162} INFO - Started process (PID=5145) to work on /home/airflow/.local/lib/python3.6/site-packages/airflow/example_dags/example_kubernetes_executor.py
[2021-09-26 11:56:04,443] {processor.py:613} INFO - Processing file /home/airflow/.local/lib/python3.6/site-packages/airflow/example_dags/example_kubernetes_executor.py for tasks to queue
[2021-09-26 11:56:04,445] {logging_mixin.py:109} INFO - [2021-09-26 11:56:04,445] {dagbag.py:496} INFO - Filling up the DagBag from /home/airflow/.local/lib/python3.6/site-packages/airflow/example_dags/example_kubernetes_executor.py
[2021-09-26 11:56:04,466] {processor.py:623} INFO - DAG(s) dict_keys(['example_kubernetes_executor']) retrieved from /home/airflow/.local/lib/python3.6/site-packages/airflow/example_dags/example_kubernetes_executor.py
[2021-09-26 11:56:04,501] {logging_mixin.py:109} INFO - [2021-09-26 11:56:04,501] {dag.py:1834} INFO - Sync 1 DAGs
[2021-09-26 11:56:04,519] {logging_mixin.py:109} INFO - [2021-09-26 11:56:04,519] {dag.py:2287} INFO - Setting next_dagrun for example_kubernetes_executor to None
[2021-09-26 11:56:04,534] {processor.py:170} INFO - Processing /home/airflow/.local/lib/python3.6/site-packages/airflow/example_dags/example_kubernetes_executor.py took 0.099 seconds
[2021-09-26 11:56:35,142] {processor.py:162} INFO - Started process (PID=5212) to work on /home/airflow/.local/lib/python3.6/site-packages/airflow/example_dags/example_kubernetes_executor.py
[2021-09-26 11:56:35,144] {processor.py:613} INFO - Processing file /home/airflow/.local/lib/python3.6/site-packages/airflow/example_dags/example_kubernetes_executor.py for tasks to queue
[2021-09-26 11:56:35,146] {logging_mixin.py:109} INFO - [2021-09-26 11:56:35,146] {dagbag.py:496} INFO - Filling up the DagBag from /home/airflow/.local/lib/python3.6/site-packages/airflow/example_dags/example_kubernetes_executor.py
[2021-09-26 11:56:35,166] {processor.py:623} INFO - DAG(s) dict_keys(['example_kubernetes_executor']) retrieved from /home/airflow/.local/lib/python3.6/site-packages/airflow/example_dags/example_kubernetes_executor.py
[2021-09-26 11:56:35,193] {logging_mixin.py:109} INFO - [2021-09-26 11:56:35,193] {dag.py:1834} INFO - Sync 1 DAGs
[2021-09-26 11:56:35,208] {logging_mixin.py:109} INFO - [2021-09-26 11:56:35,208] {dag.py:2287} INFO - Setting next_dagrun for example_kubernetes_executor to None
[2021-09-26 11:56:35,222] {processor.py:170} INFO - Processing /home/airflow/.local/lib/python3.6/site-packages/airflow/example_dags/example_kubernetes_executor.py took 0.084 seconds
[2021-09-26 11:57:05,428] {processor.py:162} INFO - Started process (PID=5269) to work on /home/airflow/.local/lib/python3.6/site-packages/airflow/example_dags/example_kubernetes_executor.py
[2021-09-26 11:57:05,432] {processor.py:613} INFO - Processing file /home/airflow/.local/lib/python3.6/site-packages/airflow/example_dags/example_kubernetes_executor.py for tasks to queue
[2021-09-26 11:57:05,433] {logging_mixin.py:109} INFO - [2021-09-26 11:57:05,433] {dagbag.py:496} INFO - Filling up the DagBag from /home/airflow/.local/lib/python3.6/site-packages/airflow/example_dags/example_kubernetes_executor.py
[2021-09-26 11:57:05,458] {processor.py:623} INFO - DAG(s) dict_keys(['example_kubernetes_executor']) retrieved from /home/airflow/.local/lib/python3.6/site-packages/airflow/example_dags/example_kubernetes_executor.py
[2021-09-26 11:57:05,495] {logging_mixin.py:109} INFO - [2021-09-26 11:57:05,495] {dag.py:1834} INFO - Sync 1 DAGs
[2021-09-26 11:57:05,518] {logging_mixin.py:109} INFO - [2021-09-26 11:57:05,518] {dag.py:2287} INFO - Setting next_dagrun for example_kubernetes_executor to None
[2021-09-26 11:57:05,536] {processor.py:170} INFO - Processing /home/airflow/.local/lib/python3.6/site-packages/airflow/example_dags/example_kubernetes_executor.py took 0.112 seconds
[2021-09-26 11:57:35,921] {processor.py:162} INFO - Started process (PID=5336) to work on /home/airflow/.local/lib/python3.6/site-packages/airflow/example_dags/example_kubernetes_executor.py
[2021-09-26 11:57:35,927] {processor.py:613} INFO - Processing file /home/airflow/.local/lib/python3.6/site-packages/airflow/example_dags/example_kubernetes_executor.py for tasks to queue
[2021-09-26 11:57:35,929] {logging_mixin.py:109} INFO - [2021-09-26 11:57:35,929] {dagbag.py:496} INFO - Filling up the DagBag from /home/airflow/.local/lib/python3.6/site-packages/airflow/example_dags/example_kubernetes_executor.py
[2021-09-26 11:57:35,944] {processor.py:623} INFO - DAG(s) dict_keys(['example_kubernetes_executor']) retrieved from /home/airflow/.local/lib/python3.6/site-packages/airflow/example_dags/example_kubernetes_executor.py
[2021-09-26 11:57:35,973] {logging_mixin.py:109} INFO - [2021-09-26 11:57:35,973] {dag.py:1834} INFO - Sync 1 DAGs
[2021-09-26 11:57:35,992] {logging_mixin.py:109} INFO - [2021-09-26 11:57:35,991] {dag.py:2287} INFO - Setting next_dagrun for example_kubernetes_executor to None
[2021-09-26 11:57:36,011] {processor.py:170} INFO - Processing /home/airflow/.local/lib/python3.6/site-packages/airflow/example_dags/example_kubernetes_executor.py took 0.096 seconds
[2021-09-26 11:58:06,270] {processor.py:162} INFO - Started process (PID=5395) to work on /home/airflow/.local/lib/python3.6/site-packages/airflow/example_dags/example_kubernetes_executor.py
[2021-09-26 11:58:06,273] {processor.py:613} INFO - Processing file /home/airflow/.local/lib/python3.6/site-packages/airflow/example_dags/example_kubernetes_executor.py for tasks to queue
[2021-09-26 11:58:06,276] {logging_mixin.py:109} INFO - [2021-09-26 11:58:06,275] {dagbag.py:496} INFO - Filling up the DagBag from /home/airflow/.local/lib/python3.6/site-packages/airflow/example_dags/example_kubernetes_executor.py
[2021-09-26 11:58:06,292] {processor.py:623} INFO - DAG(s) dict_keys(['example_kubernetes_executor']) retrieved from /home/airflow/.local/lib/python3.6/site-packages/airflow/example_dags/example_kubernetes_executor.py
[2021-09-26 11:58:06,322] {logging_mixin.py:109} INFO - [2021-09-26 11:58:06,322] {dag.py:1834} INFO - Sync 1 DAGs
[2021-09-26 11:58:06,338] {logging_mixin.py:109} INFO - [2021-09-26 11:58:06,338] {dag.py:2287} INFO - Setting next_dagrun for example_kubernetes_executor to None
[2021-09-26 11:58:06,351] {processor.py:170} INFO - Processing /home/airflow/.local/lib/python3.6/site-packages/airflow/example_dags/example_kubernetes_executor.py took 0.086 seconds
[2021-09-26 11:58:36,809] {processor.py:162} INFO - Started process (PID=5464) to work on /home/airflow/.local/lib/python3.6/site-packages/airflow/example_dags/example_kubernetes_executor.py
[2021-09-26 11:58:36,812] {processor.py:613} INFO - Processing file /home/airflow/.local/lib/python3.6/site-packages/airflow/example_dags/example_kubernetes_executor.py for tasks to queue
[2021-09-26 11:58:36,814] {logging_mixin.py:109} INFO - [2021-09-26 11:58:36,814] {dagbag.py:496} INFO - Filling up the DagBag from /home/airflow/.local/lib/python3.6/site-packages/airflow/example_dags/example_kubernetes_executor.py
[2021-09-26 11:58:36,828] {processor.py:623} INFO - DAG(s) dict_keys(['example_kubernetes_executor']) retrieved from /home/airflow/.local/lib/python3.6/site-packages/airflow/example_dags/example_kubernetes_executor.py
[2021-09-26 11:58:36,853] {logging_mixin.py:109} INFO - [2021-09-26 11:58:36,853] {dag.py:1834} INFO - Sync 1 DAGs
[2021-09-26 11:58:36,870] {logging_mixin.py:109} INFO - [2021-09-26 11:58:36,870] {dag.py:2287} INFO - Setting next_dagrun for example_kubernetes_executor to None
[2021-09-26 11:58:36,882] {processor.py:170} INFO - Processing /home/airflow/.local/lib/python3.6/site-packages/airflow/example_dags/example_kubernetes_executor.py took 0.081 seconds
[2021-09-26 11:59:07,402] {processor.py:162} INFO - Started process (PID=5532) to work on /home/airflow/.local/lib/python3.6/site-packages/airflow/example_dags/example_kubernetes_executor.py
[2021-09-26 11:59:07,405] {processor.py:613} INFO - Processing file /home/airflow/.local/lib/python3.6/site-packages/airflow/example_dags/example_kubernetes_executor.py for tasks to queue
[2021-09-26 11:59:07,406] {logging_mixin.py:109} INFO - [2021-09-26 11:59:07,406] {dagbag.py:496} INFO - Filling up the DagBag from /home/airflow/.local/lib/python3.6/site-packages/airflow/example_dags/example_kubernetes_executor.py
[2021-09-26 11:59:07,421] {processor.py:623} INFO - DAG(s) dict_keys(['example_kubernetes_executor']) retrieved from /home/airflow/.local/lib/python3.6/site-packages/airflow/example_dags/example_kubernetes_executor.py
[2021-09-26 11:59:07,448] {logging_mixin.py:109} INFO - [2021-09-26 11:59:07,448] {dag.py:1834} INFO - Sync 1 DAGs
[2021-09-26 11:59:07,464] {logging_mixin.py:109} INFO - [2021-09-26 11:59:07,464] {dag.py:2287} INFO - Setting next_dagrun for example_kubernetes_executor to None
[2021-09-26 11:59:07,475] {processor.py:170} INFO - Processing /home/airflow/.local/lib/python3.6/site-packages/airflow/example_dags/example_kubernetes_executor.py took 0.077 seconds
[2021-09-26 11:59:37,520] {processor.py:162} INFO - Started process (PID=5589) to work on /home/airflow/.local/lib/python3.6/site-packages/airflow/example_dags/example_kubernetes_executor.py
[2021-09-26 11:59:37,524] {processor.py:613} INFO - Processing file /home/airflow/.local/lib/python3.6/site-packages/airflow/example_dags/example_kubernetes_executor.py for tasks to queue
[2021-09-26 11:59:37,526] {logging_mixin.py:109} INFO - [2021-09-26 11:59:37,525] {dagbag.py:496} INFO - Filling up the DagBag from /home/airflow/.local/lib/python3.6/site-packages/airflow/example_dags/example_kubernetes_executor.py
[2021-09-26 11:59:37,559] {processor.py:623} INFO - DAG(s) dict_keys(['example_kubernetes_executor']) retrieved from /home/airflow/.local/lib/python3.6/site-packages/airflow/example_dags/example_kubernetes_executor.py
[2021-09-26 11:59:37,594] {logging_mixin.py:109} INFO - [2021-09-26 11:59:37,594] {dag.py:1834} INFO - Sync 1 DAGs
[2021-09-26 11:59:37,610] {logging_mixin.py:109} INFO - [2021-09-26 11:59:37,609] {dag.py:2287} INFO - Setting next_dagrun for example_kubernetes_executor to None
[2021-09-26 11:59:37,620] {processor.py:170} INFO - Processing /home/airflow/.local/lib/python3.6/site-packages/airflow/example_dags/example_kubernetes_executor.py took 0.104 seconds
[2021-09-26 12:00:08,204] {processor.py:162} INFO - Started process (PID=5658) to work on /home/airflow/.local/lib/python3.6/site-packages/airflow/example_dags/example_kubernetes_executor.py
[2021-09-26 12:00:08,209] {processor.py:613} INFO - Processing file /home/airflow/.local/lib/python3.6/site-packages/airflow/example_dags/example_kubernetes_executor.py for tasks to queue
[2021-09-26 12:00:08,210] {logging_mixin.py:109} INFO - [2021-09-26 12:00:08,210] {dagbag.py:496} INFO - Filling up the DagBag from /home/airflow/.local/lib/python3.6/site-packages/airflow/example_dags/example_kubernetes_executor.py
[2021-09-26 12:00:08,238] {processor.py:623} INFO - DAG(s) dict_keys(['example_kubernetes_executor']) retrieved from /home/airflow/.local/lib/python3.6/site-packages/airflow/example_dags/example_kubernetes_executor.py
[2021-09-26 12:00:08,288] {logging_mixin.py:109} INFO - [2021-09-26 12:00:08,287] {dag.py:1834} INFO - Sync 1 DAGs
[2021-09-26 12:00:08,303] {logging_mixin.py:109} INFO - [2021-09-26 12:00:08,303] {dag.py:2287} INFO - Setting next_dagrun for example_kubernetes_executor to None
[2021-09-26 12:00:08,315] {processor.py:170} INFO - Processing /home/airflow/.local/lib/python3.6/site-packages/airflow/example_dags/example_kubernetes_executor.py took 0.115 seconds
[2021-09-26 12:00:38,473] {processor.py:162} INFO - Started process (PID=5712) to work on /home/airflow/.local/lib/python3.6/site-packages/airflow/example_dags/example_kubernetes_executor.py
[2021-09-26 12:00:38,476] {processor.py:613} INFO - Processing file /home/airflow/.local/lib/python3.6/site-packages/airflow/example_dags/example_kubernetes_executor.py for tasks to queue
[2021-09-26 12:00:38,477] {logging_mixin.py:109} INFO - [2021-09-26 12:00:38,477] {dagbag.py:496} INFO - Filling up the DagBag from /home/airflow/.local/lib/python3.6/site-packages/airflow/example_dags/example_kubernetes_executor.py
[2021-09-26 12:00:38,495] {processor.py:623} INFO - DAG(s) dict_keys(['example_kubernetes_executor']) retrieved from /home/airflow/.local/lib/python3.6/site-packages/airflow/example_dags/example_kubernetes_executor.py
[2021-09-26 12:00:38,530] {logging_mixin.py:109} INFO - [2021-09-26 12:00:38,530] {dag.py:1834} INFO - Sync 1 DAGs
[2021-09-26 12:00:38,548] {logging_mixin.py:109} INFO - [2021-09-26 12:00:38,548] {dag.py:2287} INFO - Setting next_dagrun for example_kubernetes_executor to None
[2021-09-26 12:00:38,561] {processor.py:170} INFO - Processing /home/airflow/.local/lib/python3.6/site-packages/airflow/example_dags/example_kubernetes_executor.py took 0.091 seconds
[2021-09-26 12:01:08,898] {processor.py:162} INFO - Started process (PID=5781) to work on /home/airflow/.local/lib/python3.6/site-packages/airflow/example_dags/example_kubernetes_executor.py
[2021-09-26 12:01:08,900] {processor.py:613} INFO - Processing file /home/airflow/.local/lib/python3.6/site-packages/airflow/example_dags/example_kubernetes_executor.py for tasks to queue
[2021-09-26 12:01:08,902] {logging_mixin.py:109} INFO - [2021-09-26 12:01:08,902] {dagbag.py:496} INFO - Filling up the DagBag from /home/airflow/.local/lib/python3.6/site-packages/airflow/example_dags/example_kubernetes_executor.py
[2021-09-26 12:01:08,916] {processor.py:623} INFO - DAG(s) dict_keys(['example_kubernetes_executor']) retrieved from /home/airflow/.local/lib/python3.6/site-packages/airflow/example_dags/example_kubernetes_executor.py
[2021-09-26 12:01:08,942] {logging_mixin.py:109} INFO - [2021-09-26 12:01:08,942] {dag.py:1834} INFO - Sync 1 DAGs
[2021-09-26 12:01:08,958] {logging_mixin.py:109} INFO - [2021-09-26 12:01:08,958] {dag.py:2287} INFO - Setting next_dagrun for example_kubernetes_executor to None
[2021-09-26 12:01:08,971] {processor.py:170} INFO - Processing /home/airflow/.local/lib/python3.6/site-packages/airflow/example_dags/example_kubernetes_executor.py took 0.077 seconds
[2021-09-26 12:01:39,361] {processor.py:162} INFO - Started process (PID=5849) to work on /home/airflow/.local/lib/python3.6/site-packages/airflow/example_dags/example_kubernetes_executor.py
[2021-09-26 12:01:39,363] {processor.py:613} INFO - Processing file /home/airflow/.local/lib/python3.6/site-packages/airflow/example_dags/example_kubernetes_executor.py for tasks to queue
[2021-09-26 12:01:39,365] {logging_mixin.py:109} INFO - [2021-09-26 12:01:39,364] {dagbag.py:496} INFO - Filling up the DagBag from /home/airflow/.local/lib/python3.6/site-packages/airflow/example_dags/example_kubernetes_executor.py
[2021-09-26 12:01:39,385] {processor.py:623} INFO - DAG(s) dict_keys(['example_kubernetes_executor']) retrieved from /home/airflow/.local/lib/python3.6/site-packages/airflow/example_dags/example_kubernetes_executor.py
[2021-09-26 12:01:39,410] {logging_mixin.py:109} INFO - [2021-09-26 12:01:39,410] {dag.py:1834} INFO - Sync 1 DAGs
[2021-09-26 12:01:39,430] {logging_mixin.py:109} INFO - [2021-09-26 12:01:39,430] {dag.py:2287} INFO - Setting next_dagrun for example_kubernetes_executor to None
[2021-09-26 12:01:39,452] {processor.py:170} INFO - Processing /home/airflow/.local/lib/python3.6/site-packages/airflow/example_dags/example_kubernetes_executor.py took 0.099 seconds
[2021-09-26 12:02:10,382] {processor.py:162} INFO - Started process (PID=5907) to work on /home/airflow/.local/lib/python3.6/site-packages/airflow/example_dags/example_kubernetes_executor.py
[2021-09-26 12:02:10,385] {processor.py:613} INFO - Processing file /home/airflow/.local/lib/python3.6/site-packages/airflow/example_dags/example_kubernetes_executor.py for tasks to queue
[2021-09-26 12:02:10,387] {logging_mixin.py:109} INFO - [2021-09-26 12:02:10,387] {dagbag.py:496} INFO - Filling up the DagBag from /home/airflow/.local/lib/python3.6/site-packages/airflow/example_dags/example_kubernetes_executor.py
[2021-09-26 12:02:10,403] {processor.py:623} INFO - DAG(s) dict_keys(['example_kubernetes_executor']) retrieved from /home/airflow/.local/lib/python3.6/site-packages/airflow/example_dags/example_kubernetes_executor.py
[2021-09-26 12:02:10,427] {logging_mixin.py:109} INFO - [2021-09-26 12:02:10,426] {dag.py:1834} INFO - Sync 1 DAGs
[2021-09-26 12:02:10,442] {logging_mixin.py:109} INFO - [2021-09-26 12:02:10,442] {dag.py:2287} INFO - Setting next_dagrun for example_kubernetes_executor to None
[2021-09-26 12:02:10,452] {processor.py:170} INFO - Processing /home/airflow/.local/lib/python3.6/site-packages/airflow/example_dags/example_kubernetes_executor.py took 0.076 seconds
[2021-09-26 12:02:41,297] {processor.py:162} INFO - Started process (PID=5973) to work on /home/airflow/.local/lib/python3.6/site-packages/airflow/example_dags/example_kubernetes_executor.py
[2021-09-26 12:02:41,300] {processor.py:613} INFO - Processing file /home/airflow/.local/lib/python3.6/site-packages/airflow/example_dags/example_kubernetes_executor.py for tasks to queue
[2021-09-26 12:02:41,302] {logging_mixin.py:109} INFO - [2021-09-26 12:02:41,302] {dagbag.py:496} INFO - Filling up the DagBag from /home/airflow/.local/lib/python3.6/site-packages/airflow/example_dags/example_kubernetes_executor.py
[2021-09-26 12:02:41,320] {processor.py:623} INFO - DAG(s) dict_keys(['example_kubernetes_executor']) retrieved from /home/airflow/.local/lib/python3.6/site-packages/airflow/example_dags/example_kubernetes_executor.py
[2021-09-26 12:02:41,350] {logging_mixin.py:109} INFO - [2021-09-26 12:02:41,350] {dag.py:1834} INFO - Sync 1 DAGs
[2021-09-26 12:02:41,368] {logging_mixin.py:109} INFO - [2021-09-26 12:02:41,368] {dag.py:2287} INFO - Setting next_dagrun for example_kubernetes_executor to None
[2021-09-26 12:02:41,380] {processor.py:170} INFO - Processing /home/airflow/.local/lib/python3.6/site-packages/airflow/example_dags/example_kubernetes_executor.py took 0.089 seconds
[2021-09-26 12:03:11,792] {processor.py:162} INFO - Started process (PID=6031) to work on /home/airflow/.local/lib/python3.6/site-packages/airflow/example_dags/example_kubernetes_executor.py
[2021-09-26 12:03:11,795] {processor.py:613} INFO - Processing file /home/airflow/.local/lib/python3.6/site-packages/airflow/example_dags/example_kubernetes_executor.py for tasks to queue
[2021-09-26 12:03:11,796] {logging_mixin.py:109} INFO - [2021-09-26 12:03:11,796] {dagbag.py:496} INFO - Filling up the DagBag from /home/airflow/.local/lib/python3.6/site-packages/airflow/example_dags/example_kubernetes_executor.py
[2021-09-26 12:03:11,811] {processor.py:623} INFO - DAG(s) dict_keys(['example_kubernetes_executor']) retrieved from /home/airflow/.local/lib/python3.6/site-packages/airflow/example_dags/example_kubernetes_executor.py
[2021-09-26 12:03:11,839] {logging_mixin.py:109} INFO - [2021-09-26 12:03:11,839] {dag.py:1834} INFO - Sync 1 DAGs
[2021-09-26 12:03:11,855] {logging_mixin.py:109} INFO - [2021-09-26 12:03:11,855] {dag.py:2287} INFO - Setting next_dagrun for example_kubernetes_executor to None
[2021-09-26 12:03:11,867] {processor.py:170} INFO - Processing /home/airflow/.local/lib/python3.6/site-packages/airflow/example_dags/example_kubernetes_executor.py took 0.079 seconds
[2021-09-26 12:03:42,099] {processor.py:162} INFO - Started process (PID=6100) to work on /home/airflow/.local/lib/python3.6/site-packages/airflow/example_dags/example_kubernetes_executor.py
[2021-09-26 12:03:42,101] {processor.py:613} INFO - Processing file /home/airflow/.local/lib/python3.6/site-packages/airflow/example_dags/example_kubernetes_executor.py for tasks to queue
[2021-09-26 12:03:42,103] {logging_mixin.py:109} INFO - [2021-09-26 12:03:42,103] {dagbag.py:496} INFO - Filling up the DagBag from /home/airflow/.local/lib/python3.6/site-packages/airflow/example_dags/example_kubernetes_executor.py
[2021-09-26 12:03:42,120] {processor.py:623} INFO - DAG(s) dict_keys(['example_kubernetes_executor']) retrieved from /home/airflow/.local/lib/python3.6/site-packages/airflow/example_dags/example_kubernetes_executor.py
[2021-09-26 12:03:42,151] {logging_mixin.py:109} INFO - [2021-09-26 12:03:42,151] {dag.py:1834} INFO - Sync 1 DAGs
[2021-09-26 12:03:42,170] {logging_mixin.py:109} INFO - [2021-09-26 12:03:42,170] {dag.py:2287} INFO - Setting next_dagrun for example_kubernetes_executor to None
[2021-09-26 12:03:42,185] {processor.py:170} INFO - Processing /home/airflow/.local/lib/python3.6/site-packages/airflow/example_dags/example_kubernetes_executor.py took 0.093 seconds
[2021-09-26 12:04:12,880] {processor.py:162} INFO - Started process (PID=6169) to work on /home/airflow/.local/lib/python3.6/site-packages/airflow/example_dags/example_kubernetes_executor.py
[2021-09-26 12:04:12,883] {processor.py:613} INFO - Processing file /home/airflow/.local/lib/python3.6/site-packages/airflow/example_dags/example_kubernetes_executor.py for tasks to queue
[2021-09-26 12:04:12,885] {logging_mixin.py:109} INFO - [2021-09-26 12:04:12,884] {dagbag.py:496} INFO - Filling up the DagBag from /home/airflow/.local/lib/python3.6/site-packages/airflow/example_dags/example_kubernetes_executor.py
[2021-09-26 12:04:12,901] {processor.py:623} INFO - DAG(s) dict_keys(['example_kubernetes_executor']) retrieved from /home/airflow/.local/lib/python3.6/site-packages/airflow/example_dags/example_kubernetes_executor.py
[2021-09-26 12:04:12,933] {logging_mixin.py:109} INFO - [2021-09-26 12:04:12,933] {dag.py:1834} INFO - Sync 1 DAGs
[2021-09-26 12:04:12,951] {logging_mixin.py:109} INFO - [2021-09-26 12:04:12,950] {dag.py:2287} INFO - Setting next_dagrun for example_kubernetes_executor to None
[2021-09-26 12:04:12,972] {processor.py:170} INFO - Processing /home/airflow/.local/lib/python3.6/site-packages/airflow/example_dags/example_kubernetes_executor.py took 0.096 seconds
[2021-09-26 12:04:43,220] {processor.py:162} INFO - Started process (PID=6226) to work on /home/airflow/.local/lib/python3.6/site-packages/airflow/example_dags/example_kubernetes_executor.py
[2021-09-26 12:04:43,223] {processor.py:613} INFO - Processing file /home/airflow/.local/lib/python3.6/site-packages/airflow/example_dags/example_kubernetes_executor.py for tasks to queue
[2021-09-26 12:04:43,224] {logging_mixin.py:109} INFO - [2021-09-26 12:04:43,224] {dagbag.py:496} INFO - Filling up the DagBag from /home/airflow/.local/lib/python3.6/site-packages/airflow/example_dags/example_kubernetes_executor.py
[2021-09-26 12:04:43,239] {processor.py:623} INFO - DAG(s) dict_keys(['example_kubernetes_executor']) retrieved from /home/airflow/.local/lib/python3.6/site-packages/airflow/example_dags/example_kubernetes_executor.py
[2021-09-26 12:04:43,263] {logging_mixin.py:109} INFO - [2021-09-26 12:04:43,263] {dag.py:1834} INFO - Sync 1 DAGs
[2021-09-26 12:04:43,280] {logging_mixin.py:109} INFO - [2021-09-26 12:04:43,280] {dag.py:2287} INFO - Setting next_dagrun for example_kubernetes_executor to None
[2021-09-26 12:04:43,293] {processor.py:170} INFO - Processing /home/airflow/.local/lib/python3.6/site-packages/airflow/example_dags/example_kubernetes_executor.py took 0.077 seconds
[2021-09-26 12:05:13,560] {processor.py:162} INFO - Started process (PID=6296) to work on /home/airflow/.local/lib/python3.6/site-packages/airflow/example_dags/example_kubernetes_executor.py
[2021-09-26 12:05:13,563] {processor.py:613} INFO - Processing file /home/airflow/.local/lib/python3.6/site-packages/airflow/example_dags/example_kubernetes_executor.py for tasks to queue
[2021-09-26 12:05:13,564] {logging_mixin.py:109} INFO - [2021-09-26 12:05:13,564] {dagbag.py:496} INFO - Filling up the DagBag from /home/airflow/.local/lib/python3.6/site-packages/airflow/example_dags/example_kubernetes_executor.py
[2021-09-26 12:05:13,579] {processor.py:623} INFO - DAG(s) dict_keys(['example_kubernetes_executor']) retrieved from /home/airflow/.local/lib/python3.6/site-packages/airflow/example_dags/example_kubernetes_executor.py
[2021-09-26 12:05:13,607] {logging_mixin.py:109} INFO - [2021-09-26 12:05:13,607] {dag.py:1834} INFO - Sync 1 DAGs
[2021-09-26 12:05:13,623] {logging_mixin.py:109} INFO - [2021-09-26 12:05:13,623] {dag.py:2287} INFO - Setting next_dagrun for example_kubernetes_executor to None
[2021-09-26 12:05:13,641] {processor.py:170} INFO - Processing /home/airflow/.local/lib/python3.6/site-packages/airflow/example_dags/example_kubernetes_executor.py took 0.086 seconds
[2021-09-26 12:05:43,779] {processor.py:162} INFO - Started process (PID=6354) to work on /home/airflow/.local/lib/python3.6/site-packages/airflow/example_dags/example_kubernetes_executor.py
[2021-09-26 12:05:43,783] {processor.py:613} INFO - Processing file /home/airflow/.local/lib/python3.6/site-packages/airflow/example_dags/example_kubernetes_executor.py for tasks to queue
[2021-09-26 12:05:43,785] {logging_mixin.py:109} INFO - [2021-09-26 12:05:43,784] {dagbag.py:496} INFO - Filling up the DagBag from /home/airflow/.local/lib/python3.6/site-packages/airflow/example_dags/example_kubernetes_executor.py
[2021-09-26 12:05:43,798] {processor.py:623} INFO - DAG(s) dict_keys(['example_kubernetes_executor']) retrieved from /home/airflow/.local/lib/python3.6/site-packages/airflow/example_dags/example_kubernetes_executor.py
[2021-09-26 12:05:43,821] {logging_mixin.py:109} INFO - [2021-09-26 12:05:43,821] {dag.py:1834} INFO - Sync 1 DAGs
[2021-09-26 12:05:43,836] {logging_mixin.py:109} INFO - [2021-09-26 12:05:43,835] {dag.py:2287} INFO - Setting next_dagrun for example_kubernetes_executor to None
[2021-09-26 12:05:43,847] {processor.py:170} INFO - Processing /home/airflow/.local/lib/python3.6/site-packages/airflow/example_dags/example_kubernetes_executor.py took 0.076 seconds
[2021-09-26 12:06:14,415] {processor.py:162} INFO - Started process (PID=6423) to work on /home/airflow/.local/lib/python3.6/site-packages/airflow/example_dags/example_kubernetes_executor.py
[2021-09-26 12:06:14,418] {processor.py:613} INFO - Processing file /home/airflow/.local/lib/python3.6/site-packages/airflow/example_dags/example_kubernetes_executor.py for tasks to queue
[2021-09-26 12:06:14,420] {logging_mixin.py:109} INFO - [2021-09-26 12:06:14,420] {dagbag.py:496} INFO - Filling up the DagBag from /home/airflow/.local/lib/python3.6/site-packages/airflow/example_dags/example_kubernetes_executor.py
[2021-09-26 12:06:14,434] {processor.py:623} INFO - DAG(s) dict_keys(['example_kubernetes_executor']) retrieved from /home/airflow/.local/lib/python3.6/site-packages/airflow/example_dags/example_kubernetes_executor.py
[2021-09-26 12:06:14,461] {logging_mixin.py:109} INFO - [2021-09-26 12:06:14,461] {dag.py:1834} INFO - Sync 1 DAGs
[2021-09-26 12:06:14,480] {logging_mixin.py:109} INFO - [2021-09-26 12:06:14,479] {dag.py:2287} INFO - Setting next_dagrun for example_kubernetes_executor to None
[2021-09-26 12:06:14,492] {processor.py:170} INFO - Processing /home/airflow/.local/lib/python3.6/site-packages/airflow/example_dags/example_kubernetes_executor.py took 0.081 seconds
