[2021-09-26 11:46:46,772] {processor.py:162} INFO - Started process (PID=3996) to work on /home/airflow/.local/lib/python3.6/site-packages/airflow/example_dags/example_task_group_decorator.py
[2021-09-26 11:46:46,775] {processor.py:613} INFO - Processing file /home/airflow/.local/lib/python3.6/site-packages/airflow/example_dags/example_task_group_decorator.py for tasks to queue
[2021-09-26 11:46:46,777] {logging_mixin.py:109} INFO - [2021-09-26 11:46:46,777] {dagbag.py:496} INFO - Filling up the DagBag from /home/airflow/.local/lib/python3.6/site-packages/airflow/example_dags/example_task_group_decorator.py
[2021-09-26 11:46:46,807] {processor.py:623} INFO - DAG(s) dict_keys(['example_task_group_decorator']) retrieved from /home/airflow/.local/lib/python3.6/site-packages/airflow/example_dags/example_task_group_decorator.py
[2021-09-26 11:46:47,065] {logging_mixin.py:109} INFO - [2021-09-26 11:46:47,064] {dag.py:1834} INFO - Sync 1 DAGs
[2021-09-26 11:46:47,084] {logging_mixin.py:109} INFO - [2021-09-26 11:46:47,084] {dag.py:2287} INFO - Setting next_dagrun for example_task_group_decorator to 2021-09-24 00:00:00+00:00
[2021-09-26 11:46:47,103] {processor.py:170} INFO - Processing /home/airflow/.local/lib/python3.6/site-packages/airflow/example_dags/example_task_group_decorator.py took 0.336 seconds
[2021-09-26 11:47:17,235] {processor.py:162} INFO - Started process (PID=4050) to work on /home/airflow/.local/lib/python3.6/site-packages/airflow/example_dags/example_task_group_decorator.py
[2021-09-26 11:47:17,239] {processor.py:613} INFO - Processing file /home/airflow/.local/lib/python3.6/site-packages/airflow/example_dags/example_task_group_decorator.py for tasks to queue
[2021-09-26 11:47:17,241] {logging_mixin.py:109} INFO - [2021-09-26 11:47:17,241] {dagbag.py:496} INFO - Filling up the DagBag from /home/airflow/.local/lib/python3.6/site-packages/airflow/example_dags/example_task_group_decorator.py
[2021-09-26 11:47:17,287] {processor.py:623} INFO - DAG(s) dict_keys(['example_task_group_decorator']) retrieved from /home/airflow/.local/lib/python3.6/site-packages/airflow/example_dags/example_task_group_decorator.py
[2021-09-26 11:47:17,899] {logging_mixin.py:109} INFO - [2021-09-26 11:47:17,898] {dag.py:1834} INFO - Sync 1 DAGs
[2021-09-26 11:47:18,015] {logging_mixin.py:109} INFO - [2021-09-26 11:47:18,015] {dag.py:2287} INFO - Setting next_dagrun for example_task_group_decorator to 2021-09-24 00:00:00+00:00
[2021-09-26 11:47:18,040] {processor.py:170} INFO - Processing /home/airflow/.local/lib/python3.6/site-packages/airflow/example_dags/example_task_group_decorator.py took 0.810 seconds
[2021-09-26 11:47:48,131] {processor.py:162} INFO - Started process (PID=4116) to work on /home/airflow/.local/lib/python3.6/site-packages/airflow/example_dags/example_task_group_decorator.py
[2021-09-26 11:47:48,134] {processor.py:613} INFO - Processing file /home/airflow/.local/lib/python3.6/site-packages/airflow/example_dags/example_task_group_decorator.py for tasks to queue
[2021-09-26 11:47:48,136] {logging_mixin.py:109} INFO - [2021-09-26 11:47:48,136] {dagbag.py:496} INFO - Filling up the DagBag from /home/airflow/.local/lib/python3.6/site-packages/airflow/example_dags/example_task_group_decorator.py
[2021-09-26 11:47:48,174] {processor.py:623} INFO - DAG(s) dict_keys(['example_task_group_decorator']) retrieved from /home/airflow/.local/lib/python3.6/site-packages/airflow/example_dags/example_task_group_decorator.py
[2021-09-26 11:47:48,459] {logging_mixin.py:109} INFO - [2021-09-26 11:47:48,459] {dag.py:1834} INFO - Sync 1 DAGs
[2021-09-26 11:47:48,483] {logging_mixin.py:109} INFO - [2021-09-26 11:47:48,482] {dag.py:2287} INFO - Setting next_dagrun for example_task_group_decorator to 2021-09-24 00:00:00+00:00
[2021-09-26 11:47:48,499] {processor.py:170} INFO - Processing /home/airflow/.local/lib/python3.6/site-packages/airflow/example_dags/example_task_group_decorator.py took 0.378 seconds
[2021-09-26 11:48:18,588] {processor.py:162} INFO - Started process (PID=4175) to work on /home/airflow/.local/lib/python3.6/site-packages/airflow/example_dags/example_task_group_decorator.py
[2021-09-26 11:48:18,592] {processor.py:613} INFO - Processing file /home/airflow/.local/lib/python3.6/site-packages/airflow/example_dags/example_task_group_decorator.py for tasks to queue
[2021-09-26 11:48:18,594] {logging_mixin.py:109} INFO - [2021-09-26 11:48:18,594] {dagbag.py:496} INFO - Filling up the DagBag from /home/airflow/.local/lib/python3.6/site-packages/airflow/example_dags/example_task_group_decorator.py
[2021-09-26 11:48:18,640] {processor.py:623} INFO - DAG(s) dict_keys(['example_task_group_decorator']) retrieved from /home/airflow/.local/lib/python3.6/site-packages/airflow/example_dags/example_task_group_decorator.py
[2021-09-26 11:48:18,876] {logging_mixin.py:109} INFO - [2021-09-26 11:48:18,876] {dag.py:1834} INFO - Sync 1 DAGs
[2021-09-26 11:48:18,892] {logging_mixin.py:109} INFO - [2021-09-26 11:48:18,892] {dag.py:2287} INFO - Setting next_dagrun for example_task_group_decorator to 2021-09-24 00:00:00+00:00
[2021-09-26 11:48:18,906] {processor.py:170} INFO - Processing /home/airflow/.local/lib/python3.6/site-packages/airflow/example_dags/example_task_group_decorator.py took 0.323 seconds
[2021-09-26 11:48:49,060] {processor.py:162} INFO - Started process (PID=4243) to work on /home/airflow/.local/lib/python3.6/site-packages/airflow/example_dags/example_task_group_decorator.py
[2021-09-26 11:48:49,063] {processor.py:613} INFO - Processing file /home/airflow/.local/lib/python3.6/site-packages/airflow/example_dags/example_task_group_decorator.py for tasks to queue
[2021-09-26 11:48:49,066] {logging_mixin.py:109} INFO - [2021-09-26 11:48:49,066] {dagbag.py:496} INFO - Filling up the DagBag from /home/airflow/.local/lib/python3.6/site-packages/airflow/example_dags/example_task_group_decorator.py
[2021-09-26 11:48:49,118] {processor.py:623} INFO - DAG(s) dict_keys(['example_task_group_decorator']) retrieved from /home/airflow/.local/lib/python3.6/site-packages/airflow/example_dags/example_task_group_decorator.py
[2021-09-26 11:48:49,497] {logging_mixin.py:109} INFO - [2021-09-26 11:48:49,497] {dag.py:1834} INFO - Sync 1 DAGs
[2021-09-26 11:48:49,518] {logging_mixin.py:109} INFO - [2021-09-26 11:48:49,518] {dag.py:2287} INFO - Setting next_dagrun for example_task_group_decorator to 2021-09-24 00:00:00+00:00
[2021-09-26 11:48:49,535] {processor.py:170} INFO - Processing /home/airflow/.local/lib/python3.6/site-packages/airflow/example_dags/example_task_group_decorator.py took 0.484 seconds
[2021-09-26 11:49:19,833] {processor.py:162} INFO - Started process (PID=4301) to work on /home/airflow/.local/lib/python3.6/site-packages/airflow/example_dags/example_task_group_decorator.py
[2021-09-26 11:49:19,835] {processor.py:613} INFO - Processing file /home/airflow/.local/lib/python3.6/site-packages/airflow/example_dags/example_task_group_decorator.py for tasks to queue
[2021-09-26 11:49:19,837] {logging_mixin.py:109} INFO - [2021-09-26 11:49:19,837] {dagbag.py:496} INFO - Filling up the DagBag from /home/airflow/.local/lib/python3.6/site-packages/airflow/example_dags/example_task_group_decorator.py
[2021-09-26 11:49:19,872] {processor.py:623} INFO - DAG(s) dict_keys(['example_task_group_decorator']) retrieved from /home/airflow/.local/lib/python3.6/site-packages/airflow/example_dags/example_task_group_decorator.py
[2021-09-26 11:49:20,157] {logging_mixin.py:109} INFO - [2021-09-26 11:49:20,157] {dag.py:1834} INFO - Sync 1 DAGs
[2021-09-26 11:49:20,174] {logging_mixin.py:109} INFO - [2021-09-26 11:49:20,174] {dag.py:2287} INFO - Setting next_dagrun for example_task_group_decorator to 2021-09-24 00:00:00+00:00
[2021-09-26 11:49:20,187] {processor.py:170} INFO - Processing /home/airflow/.local/lib/python3.6/site-packages/airflow/example_dags/example_task_group_decorator.py took 0.359 seconds
[2021-09-26 11:49:50,734] {processor.py:162} INFO - Started process (PID=4370) to work on /home/airflow/.local/lib/python3.6/site-packages/airflow/example_dags/example_task_group_decorator.py
[2021-09-26 11:49:50,736] {processor.py:613} INFO - Processing file /home/airflow/.local/lib/python3.6/site-packages/airflow/example_dags/example_task_group_decorator.py for tasks to queue
[2021-09-26 11:49:50,738] {logging_mixin.py:109} INFO - [2021-09-26 11:49:50,738] {dagbag.py:496} INFO - Filling up the DagBag from /home/airflow/.local/lib/python3.6/site-packages/airflow/example_dags/example_task_group_decorator.py
[2021-09-26 11:49:50,765] {processor.py:623} INFO - DAG(s) dict_keys(['example_task_group_decorator']) retrieved from /home/airflow/.local/lib/python3.6/site-packages/airflow/example_dags/example_task_group_decorator.py
[2021-09-26 11:49:50,987] {logging_mixin.py:109} INFO - [2021-09-26 11:49:50,987] {dag.py:1834} INFO - Sync 1 DAGs
[2021-09-26 11:49:51,003] {logging_mixin.py:109} INFO - [2021-09-26 11:49:51,003] {dag.py:2287} INFO - Setting next_dagrun for example_task_group_decorator to 2021-09-24 00:00:00+00:00
[2021-09-26 11:49:51,016] {processor.py:170} INFO - Processing /home/airflow/.local/lib/python3.6/site-packages/airflow/example_dags/example_task_group_decorator.py took 0.287 seconds
[2021-09-26 11:50:21,591] {processor.py:162} INFO - Started process (PID=4428) to work on /home/airflow/.local/lib/python3.6/site-packages/airflow/example_dags/example_task_group_decorator.py
[2021-09-26 11:50:21,594] {processor.py:613} INFO - Processing file /home/airflow/.local/lib/python3.6/site-packages/airflow/example_dags/example_task_group_decorator.py for tasks to queue
[2021-09-26 11:50:21,595] {logging_mixin.py:109} INFO - [2021-09-26 11:50:21,595] {dagbag.py:496} INFO - Filling up the DagBag from /home/airflow/.local/lib/python3.6/site-packages/airflow/example_dags/example_task_group_decorator.py
[2021-09-26 11:50:21,622] {processor.py:623} INFO - DAG(s) dict_keys(['example_task_group_decorator']) retrieved from /home/airflow/.local/lib/python3.6/site-packages/airflow/example_dags/example_task_group_decorator.py
[2021-09-26 11:50:21,828] {logging_mixin.py:109} INFO - [2021-09-26 11:50:21,827] {dag.py:1834} INFO - Sync 1 DAGs
[2021-09-26 11:50:21,842] {logging_mixin.py:109} INFO - [2021-09-26 11:50:21,842] {dag.py:2287} INFO - Setting next_dagrun for example_task_group_decorator to 2021-09-24 00:00:00+00:00
[2021-09-26 11:50:21,859] {processor.py:170} INFO - Processing /home/airflow/.local/lib/python3.6/site-packages/airflow/example_dags/example_task_group_decorator.py took 0.272 seconds
[2021-09-26 11:50:52,009] {processor.py:162} INFO - Started process (PID=4497) to work on /home/airflow/.local/lib/python3.6/site-packages/airflow/example_dags/example_task_group_decorator.py
[2021-09-26 11:50:52,013] {processor.py:613} INFO - Processing file /home/airflow/.local/lib/python3.6/site-packages/airflow/example_dags/example_task_group_decorator.py for tasks to queue
[2021-09-26 11:50:52,015] {logging_mixin.py:109} INFO - [2021-09-26 11:50:52,015] {dagbag.py:496} INFO - Filling up the DagBag from /home/airflow/.local/lib/python3.6/site-packages/airflow/example_dags/example_task_group_decorator.py
[2021-09-26 11:50:52,061] {processor.py:623} INFO - DAG(s) dict_keys(['example_task_group_decorator']) retrieved from /home/airflow/.local/lib/python3.6/site-packages/airflow/example_dags/example_task_group_decorator.py
[2021-09-26 11:50:52,278] {logging_mixin.py:109} INFO - [2021-09-26 11:50:52,278] {dag.py:1834} INFO - Sync 1 DAGs
[2021-09-26 11:50:52,301] {logging_mixin.py:109} INFO - [2021-09-26 11:50:52,301] {dag.py:2287} INFO - Setting next_dagrun for example_task_group_decorator to 2021-09-24 00:00:00+00:00
[2021-09-26 11:50:52,317] {processor.py:170} INFO - Processing /home/airflow/.local/lib/python3.6/site-packages/airflow/example_dags/example_task_group_decorator.py took 0.314 seconds
[2021-09-26 11:51:22,417] {processor.py:162} INFO - Started process (PID=4568) to work on /home/airflow/.local/lib/python3.6/site-packages/airflow/example_dags/example_task_group_decorator.py
[2021-09-26 11:51:22,422] {processor.py:613} INFO - Processing file /home/airflow/.local/lib/python3.6/site-packages/airflow/example_dags/example_task_group_decorator.py for tasks to queue
[2021-09-26 11:51:22,424] {logging_mixin.py:109} INFO - [2021-09-26 11:51:22,424] {dagbag.py:496} INFO - Filling up the DagBag from /home/airflow/.local/lib/python3.6/site-packages/airflow/example_dags/example_task_group_decorator.py
[2021-09-26 11:51:22,479] {processor.py:623} INFO - DAG(s) dict_keys(['example_task_group_decorator']) retrieved from /home/airflow/.local/lib/python3.6/site-packages/airflow/example_dags/example_task_group_decorator.py
[2021-09-26 11:51:22,552] {logging_mixin.py:109} INFO - [2021-09-26 11:51:22,552] {dag.py:1834} INFO - Sync 1 DAGs
[2021-09-26 11:51:22,588] {logging_mixin.py:109} INFO - [2021-09-26 11:51:22,588] {dag.py:2287} INFO - Setting next_dagrun for example_task_group_decorator to 2021-09-24 00:00:00+00:00
[2021-09-26 11:51:22,631] {processor.py:170} INFO - Processing /home/airflow/.local/lib/python3.6/site-packages/airflow/example_dags/example_task_group_decorator.py took 0.222 seconds
[2021-09-26 11:51:52,956] {processor.py:162} INFO - Started process (PID=4626) to work on /home/airflow/.local/lib/python3.6/site-packages/airflow/example_dags/example_task_group_decorator.py
[2021-09-26 11:51:52,959] {processor.py:613} INFO - Processing file /home/airflow/.local/lib/python3.6/site-packages/airflow/example_dags/example_task_group_decorator.py for tasks to queue
[2021-09-26 11:51:52,960] {logging_mixin.py:109} INFO - [2021-09-26 11:51:52,960] {dagbag.py:496} INFO - Filling up the DagBag from /home/airflow/.local/lib/python3.6/site-packages/airflow/example_dags/example_task_group_decorator.py
[2021-09-26 11:51:52,993] {processor.py:623} INFO - DAG(s) dict_keys(['example_task_group_decorator']) retrieved from /home/airflow/.local/lib/python3.6/site-packages/airflow/example_dags/example_task_group_decorator.py
[2021-09-26 11:51:53,024] {logging_mixin.py:109} INFO - [2021-09-26 11:51:53,024] {dag.py:1834} INFO - Sync 1 DAGs
[2021-09-26 11:51:53,043] {logging_mixin.py:109} INFO - [2021-09-26 11:51:53,043] {dag.py:2287} INFO - Setting next_dagrun for example_task_group_decorator to 2021-09-24 00:00:00+00:00
[2021-09-26 11:51:53,060] {processor.py:170} INFO - Processing /home/airflow/.local/lib/python3.6/site-packages/airflow/example_dags/example_task_group_decorator.py took 0.109 seconds
[2021-09-26 11:52:23,261] {processor.py:162} INFO - Started process (PID=4693) to work on /home/airflow/.local/lib/python3.6/site-packages/airflow/example_dags/example_task_group_decorator.py
[2021-09-26 11:52:23,264] {processor.py:613} INFO - Processing file /home/airflow/.local/lib/python3.6/site-packages/airflow/example_dags/example_task_group_decorator.py for tasks to queue
[2021-09-26 11:52:23,266] {logging_mixin.py:109} INFO - [2021-09-26 11:52:23,265] {dagbag.py:496} INFO - Filling up the DagBag from /home/airflow/.local/lib/python3.6/site-packages/airflow/example_dags/example_task_group_decorator.py
[2021-09-26 11:52:23,296] {processor.py:623} INFO - DAG(s) dict_keys(['example_task_group_decorator']) retrieved from /home/airflow/.local/lib/python3.6/site-packages/airflow/example_dags/example_task_group_decorator.py
[2021-09-26 11:52:23,492] {logging_mixin.py:109} INFO - [2021-09-26 11:52:23,492] {dag.py:1834} INFO - Sync 1 DAGs
[2021-09-26 11:52:23,506] {logging_mixin.py:109} INFO - [2021-09-26 11:52:23,506] {dag.py:2287} INFO - Setting next_dagrun for example_task_group_decorator to 2021-09-24 00:00:00+00:00
[2021-09-26 11:52:23,521] {processor.py:170} INFO - Processing /home/airflow/.local/lib/python3.6/site-packages/airflow/example_dags/example_task_group_decorator.py took 0.265 seconds
[2021-09-26 11:52:53,933] {processor.py:162} INFO - Started process (PID=4753) to work on /home/airflow/.local/lib/python3.6/site-packages/airflow/example_dags/example_task_group_decorator.py
[2021-09-26 11:52:53,936] {processor.py:613} INFO - Processing file /home/airflow/.local/lib/python3.6/site-packages/airflow/example_dags/example_task_group_decorator.py for tasks to queue
[2021-09-26 11:52:53,938] {logging_mixin.py:109} INFO - [2021-09-26 11:52:53,937] {dagbag.py:496} INFO - Filling up the DagBag from /home/airflow/.local/lib/python3.6/site-packages/airflow/example_dags/example_task_group_decorator.py
[2021-09-26 11:52:53,969] {processor.py:623} INFO - DAG(s) dict_keys(['example_task_group_decorator']) retrieved from /home/airflow/.local/lib/python3.6/site-packages/airflow/example_dags/example_task_group_decorator.py
[2021-09-26 11:52:54,181] {logging_mixin.py:109} INFO - [2021-09-26 11:52:54,181] {dag.py:1834} INFO - Sync 1 DAGs
[2021-09-26 11:52:54,195] {logging_mixin.py:109} INFO - [2021-09-26 11:52:54,195] {dag.py:2287} INFO - Setting next_dagrun for example_task_group_decorator to 2021-09-24 00:00:00+00:00
[2021-09-26 11:52:54,209] {processor.py:170} INFO - Processing /home/airflow/.local/lib/python3.6/site-packages/airflow/example_dags/example_task_group_decorator.py took 0.282 seconds
[2021-09-26 11:53:24,573] {processor.py:162} INFO - Started process (PID=4821) to work on /home/airflow/.local/lib/python3.6/site-packages/airflow/example_dags/example_task_group_decorator.py
[2021-09-26 11:53:24,576] {processor.py:613} INFO - Processing file /home/airflow/.local/lib/python3.6/site-packages/airflow/example_dags/example_task_group_decorator.py for tasks to queue
[2021-09-26 11:53:24,578] {logging_mixin.py:109} INFO - [2021-09-26 11:53:24,578] {dagbag.py:496} INFO - Filling up the DagBag from /home/airflow/.local/lib/python3.6/site-packages/airflow/example_dags/example_task_group_decorator.py
[2021-09-26 11:53:24,609] {processor.py:623} INFO - DAG(s) dict_keys(['example_task_group_decorator']) retrieved from /home/airflow/.local/lib/python3.6/site-packages/airflow/example_dags/example_task_group_decorator.py
[2021-09-26 11:53:24,830] {logging_mixin.py:109} INFO - [2021-09-26 11:53:24,830] {dag.py:1834} INFO - Sync 1 DAGs
[2021-09-26 11:53:24,851] {logging_mixin.py:109} INFO - [2021-09-26 11:53:24,850] {dag.py:2287} INFO - Setting next_dagrun for example_task_group_decorator to 2021-09-24 00:00:00+00:00
[2021-09-26 11:53:24,866] {processor.py:170} INFO - Processing /home/airflow/.local/lib/python3.6/site-packages/airflow/example_dags/example_task_group_decorator.py took 0.297 seconds
[2021-09-26 11:53:54,909] {processor.py:162} INFO - Started process (PID=4873) to work on /home/airflow/.local/lib/python3.6/site-packages/airflow/example_dags/example_task_group_decorator.py
[2021-09-26 11:53:54,912] {processor.py:613} INFO - Processing file /home/airflow/.local/lib/python3.6/site-packages/airflow/example_dags/example_task_group_decorator.py for tasks to queue
[2021-09-26 11:53:54,914] {logging_mixin.py:109} INFO - [2021-09-26 11:53:54,914] {dagbag.py:496} INFO - Filling up the DagBag from /home/airflow/.local/lib/python3.6/site-packages/airflow/example_dags/example_task_group_decorator.py
[2021-09-26 11:53:54,947] {processor.py:623} INFO - DAG(s) dict_keys(['example_task_group_decorator']) retrieved from /home/airflow/.local/lib/python3.6/site-packages/airflow/example_dags/example_task_group_decorator.py
[2021-09-26 11:53:55,216] {logging_mixin.py:109} INFO - [2021-09-26 11:53:55,215] {dag.py:1834} INFO - Sync 1 DAGs
[2021-09-26 11:53:55,234] {logging_mixin.py:109} INFO - [2021-09-26 11:53:55,233] {dag.py:2287} INFO - Setting next_dagrun for example_task_group_decorator to 2021-09-24 00:00:00+00:00
[2021-09-26 11:53:55,254] {processor.py:170} INFO - Processing /home/airflow/.local/lib/python3.6/site-packages/airflow/example_dags/example_task_group_decorator.py took 0.350 seconds
[2021-09-26 11:54:25,332] {processor.py:162} INFO - Started process (PID=4940) to work on /home/airflow/.local/lib/python3.6/site-packages/airflow/example_dags/example_task_group_decorator.py
[2021-09-26 11:54:25,335] {processor.py:613} INFO - Processing file /home/airflow/.local/lib/python3.6/site-packages/airflow/example_dags/example_task_group_decorator.py for tasks to queue
[2021-09-26 11:54:25,337] {logging_mixin.py:109} INFO - [2021-09-26 11:54:25,337] {dagbag.py:496} INFO - Filling up the DagBag from /home/airflow/.local/lib/python3.6/site-packages/airflow/example_dags/example_task_group_decorator.py
[2021-09-26 11:54:25,375] {processor.py:623} INFO - DAG(s) dict_keys(['example_task_group_decorator']) retrieved from /home/airflow/.local/lib/python3.6/site-packages/airflow/example_dags/example_task_group_decorator.py
[2021-09-26 11:54:25,410] {logging_mixin.py:109} INFO - [2021-09-26 11:54:25,410] {dag.py:1834} INFO - Sync 1 DAGs
[2021-09-26 11:54:25,429] {logging_mixin.py:109} INFO - [2021-09-26 11:54:25,429] {dag.py:2287} INFO - Setting next_dagrun for example_task_group_decorator to 2021-09-24 00:00:00+00:00
[2021-09-26 11:54:25,445] {processor.py:170} INFO - Processing /home/airflow/.local/lib/python3.6/site-packages/airflow/example_dags/example_task_group_decorator.py took 0.120 seconds
[2021-09-26 11:54:55,905] {processor.py:162} INFO - Started process (PID=4997) to work on /home/airflow/.local/lib/python3.6/site-packages/airflow/example_dags/example_task_group_decorator.py
[2021-09-26 11:54:55,909] {processor.py:613} INFO - Processing file /home/airflow/.local/lib/python3.6/site-packages/airflow/example_dags/example_task_group_decorator.py for tasks to queue
[2021-09-26 11:54:55,914] {logging_mixin.py:109} INFO - [2021-09-26 11:54:55,914] {dagbag.py:496} INFO - Filling up the DagBag from /home/airflow/.local/lib/python3.6/site-packages/airflow/example_dags/example_task_group_decorator.py
[2021-09-26 11:54:55,974] {processor.py:623} INFO - DAG(s) dict_keys(['example_task_group_decorator']) retrieved from /home/airflow/.local/lib/python3.6/site-packages/airflow/example_dags/example_task_group_decorator.py
[2021-09-26 11:54:56,525] {logging_mixin.py:109} INFO - [2021-09-26 11:54:56,525] {dag.py:1834} INFO - Sync 1 DAGs
[2021-09-26 11:54:56,545] {logging_mixin.py:109} INFO - [2021-09-26 11:54:56,545] {dag.py:2287} INFO - Setting next_dagrun for example_task_group_decorator to 2021-09-24 00:00:00+00:00
[2021-09-26 11:54:56,569] {processor.py:170} INFO - Processing /home/airflow/.local/lib/python3.6/site-packages/airflow/example_dags/example_task_group_decorator.py took 0.678 seconds
[2021-09-26 11:55:26,762] {processor.py:162} INFO - Started process (PID=5067) to work on /home/airflow/.local/lib/python3.6/site-packages/airflow/example_dags/example_task_group_decorator.py
[2021-09-26 11:55:26,766] {processor.py:613} INFO - Processing file /home/airflow/.local/lib/python3.6/site-packages/airflow/example_dags/example_task_group_decorator.py for tasks to queue
[2021-09-26 11:55:26,769] {logging_mixin.py:109} INFO - [2021-09-26 11:55:26,769] {dagbag.py:496} INFO - Filling up the DagBag from /home/airflow/.local/lib/python3.6/site-packages/airflow/example_dags/example_task_group_decorator.py
[2021-09-26 11:55:26,813] {processor.py:623} INFO - DAG(s) dict_keys(['example_task_group_decorator']) retrieved from /home/airflow/.local/lib/python3.6/site-packages/airflow/example_dags/example_task_group_decorator.py
[2021-09-26 11:55:27,071] {logging_mixin.py:109} INFO - [2021-09-26 11:55:27,070] {dag.py:1834} INFO - Sync 1 DAGs
[2021-09-26 11:55:27,087] {logging_mixin.py:109} INFO - [2021-09-26 11:55:27,086] {dag.py:2287} INFO - Setting next_dagrun for example_task_group_decorator to 2021-09-24 00:00:00+00:00
[2021-09-26 11:55:27,101] {processor.py:170} INFO - Processing /home/airflow/.local/lib/python3.6/site-packages/airflow/example_dags/example_task_group_decorator.py took 0.347 seconds
[2021-09-26 11:55:57,844] {processor.py:162} INFO - Started process (PID=5124) to work on /home/airflow/.local/lib/python3.6/site-packages/airflow/example_dags/example_task_group_decorator.py
[2021-09-26 11:55:57,846] {processor.py:613} INFO - Processing file /home/airflow/.local/lib/python3.6/site-packages/airflow/example_dags/example_task_group_decorator.py for tasks to queue
[2021-09-26 11:55:57,847] {logging_mixin.py:109} INFO - [2021-09-26 11:55:57,847] {dagbag.py:496} INFO - Filling up the DagBag from /home/airflow/.local/lib/python3.6/site-packages/airflow/example_dags/example_task_group_decorator.py
[2021-09-26 11:55:57,874] {processor.py:623} INFO - DAG(s) dict_keys(['example_task_group_decorator']) retrieved from /home/airflow/.local/lib/python3.6/site-packages/airflow/example_dags/example_task_group_decorator.py
[2021-09-26 11:55:58,095] {logging_mixin.py:109} INFO - [2021-09-26 11:55:58,095] {dag.py:1834} INFO - Sync 1 DAGs
[2021-09-26 11:55:58,110] {logging_mixin.py:109} INFO - [2021-09-26 11:55:58,109] {dag.py:2287} INFO - Setting next_dagrun for example_task_group_decorator to 2021-09-24 00:00:00+00:00
[2021-09-26 11:55:58,124] {processor.py:170} INFO - Processing /home/airflow/.local/lib/python3.6/site-packages/airflow/example_dags/example_task_group_decorator.py took 0.285 seconds
[2021-09-26 11:56:28,222] {processor.py:162} INFO - Started process (PID=5192) to work on /home/airflow/.local/lib/python3.6/site-packages/airflow/example_dags/example_task_group_decorator.py
[2021-09-26 11:56:28,224] {processor.py:613} INFO - Processing file /home/airflow/.local/lib/python3.6/site-packages/airflow/example_dags/example_task_group_decorator.py for tasks to queue
[2021-09-26 11:56:28,226] {logging_mixin.py:109} INFO - [2021-09-26 11:56:28,226] {dagbag.py:496} INFO - Filling up the DagBag from /home/airflow/.local/lib/python3.6/site-packages/airflow/example_dags/example_task_group_decorator.py
[2021-09-26 11:56:28,257] {processor.py:623} INFO - DAG(s) dict_keys(['example_task_group_decorator']) retrieved from /home/airflow/.local/lib/python3.6/site-packages/airflow/example_dags/example_task_group_decorator.py
[2021-09-26 11:56:28,472] {logging_mixin.py:109} INFO - [2021-09-26 11:56:28,472] {dag.py:1834} INFO - Sync 1 DAGs
[2021-09-26 11:56:28,487] {logging_mixin.py:109} INFO - [2021-09-26 11:56:28,486] {dag.py:2287} INFO - Setting next_dagrun for example_task_group_decorator to 2021-09-24 00:00:00+00:00
[2021-09-26 11:56:28,498] {processor.py:170} INFO - Processing /home/airflow/.local/lib/python3.6/site-packages/airflow/example_dags/example_task_group_decorator.py took 0.281 seconds
[2021-09-26 11:56:58,741] {processor.py:162} INFO - Started process (PID=5260) to work on /home/airflow/.local/lib/python3.6/site-packages/airflow/example_dags/example_task_group_decorator.py
[2021-09-26 11:56:58,744] {processor.py:613} INFO - Processing file /home/airflow/.local/lib/python3.6/site-packages/airflow/example_dags/example_task_group_decorator.py for tasks to queue
[2021-09-26 11:56:58,746] {logging_mixin.py:109} INFO - [2021-09-26 11:56:58,746] {dagbag.py:496} INFO - Filling up the DagBag from /home/airflow/.local/lib/python3.6/site-packages/airflow/example_dags/example_task_group_decorator.py
[2021-09-26 11:56:58,773] {processor.py:623} INFO - DAG(s) dict_keys(['example_task_group_decorator']) retrieved from /home/airflow/.local/lib/python3.6/site-packages/airflow/example_dags/example_task_group_decorator.py
[2021-09-26 11:56:58,996] {logging_mixin.py:109} INFO - [2021-09-26 11:56:58,996] {dag.py:1834} INFO - Sync 1 DAGs
[2021-09-26 11:56:59,011] {logging_mixin.py:109} INFO - [2021-09-26 11:56:59,011] {dag.py:2287} INFO - Setting next_dagrun for example_task_group_decorator to 2021-09-24 00:00:00+00:00
[2021-09-26 11:56:59,024] {processor.py:170} INFO - Processing /home/airflow/.local/lib/python3.6/site-packages/airflow/example_dags/example_task_group_decorator.py took 0.287 seconds
[2021-09-26 11:57:29,196] {processor.py:162} INFO - Started process (PID=5316) to work on /home/airflow/.local/lib/python3.6/site-packages/airflow/example_dags/example_task_group_decorator.py
[2021-09-26 11:57:29,198] {processor.py:613} INFO - Processing file /home/airflow/.local/lib/python3.6/site-packages/airflow/example_dags/example_task_group_decorator.py for tasks to queue
[2021-09-26 11:57:29,199] {logging_mixin.py:109} INFO - [2021-09-26 11:57:29,199] {dagbag.py:496} INFO - Filling up the DagBag from /home/airflow/.local/lib/python3.6/site-packages/airflow/example_dags/example_task_group_decorator.py
[2021-09-26 11:57:29,225] {processor.py:623} INFO - DAG(s) dict_keys(['example_task_group_decorator']) retrieved from /home/airflow/.local/lib/python3.6/site-packages/airflow/example_dags/example_task_group_decorator.py
[2021-09-26 11:57:29,412] {logging_mixin.py:109} INFO - [2021-09-26 11:57:29,412] {dag.py:1834} INFO - Sync 1 DAGs
[2021-09-26 11:57:29,427] {logging_mixin.py:109} INFO - [2021-09-26 11:57:29,427] {dag.py:2287} INFO - Setting next_dagrun for example_task_group_decorator to 2021-09-24 00:00:00+00:00
[2021-09-26 11:57:29,444] {processor.py:170} INFO - Processing /home/airflow/.local/lib/python3.6/site-packages/airflow/example_dags/example_task_group_decorator.py took 0.252 seconds
[2021-09-26 11:57:59,793] {processor.py:162} INFO - Started process (PID=5386) to work on /home/airflow/.local/lib/python3.6/site-packages/airflow/example_dags/example_task_group_decorator.py
[2021-09-26 11:57:59,796] {processor.py:613} INFO - Processing file /home/airflow/.local/lib/python3.6/site-packages/airflow/example_dags/example_task_group_decorator.py for tasks to queue
[2021-09-26 11:57:59,797] {logging_mixin.py:109} INFO - [2021-09-26 11:57:59,797] {dagbag.py:496} INFO - Filling up the DagBag from /home/airflow/.local/lib/python3.6/site-packages/airflow/example_dags/example_task_group_decorator.py
[2021-09-26 11:57:59,824] {processor.py:623} INFO - DAG(s) dict_keys(['example_task_group_decorator']) retrieved from /home/airflow/.local/lib/python3.6/site-packages/airflow/example_dags/example_task_group_decorator.py
[2021-09-26 11:58:00,012] {logging_mixin.py:109} INFO - [2021-09-26 11:58:00,012] {dag.py:1834} INFO - Sync 1 DAGs
[2021-09-26 11:58:00,026] {logging_mixin.py:109} INFO - [2021-09-26 11:58:00,026] {dag.py:2287} INFO - Setting next_dagrun for example_task_group_decorator to 2021-09-24 00:00:00+00:00
[2021-09-26 11:58:00,039] {processor.py:170} INFO - Processing /home/airflow/.local/lib/python3.6/site-packages/airflow/example_dags/example_task_group_decorator.py took 0.249 seconds
[2021-09-26 11:58:30,110] {processor.py:162} INFO - Started process (PID=5444) to work on /home/airflow/.local/lib/python3.6/site-packages/airflow/example_dags/example_task_group_decorator.py
[2021-09-26 11:58:30,112] {processor.py:613} INFO - Processing file /home/airflow/.local/lib/python3.6/site-packages/airflow/example_dags/example_task_group_decorator.py for tasks to queue
[2021-09-26 11:58:30,113] {logging_mixin.py:109} INFO - [2021-09-26 11:58:30,113] {dagbag.py:496} INFO - Filling up the DagBag from /home/airflow/.local/lib/python3.6/site-packages/airflow/example_dags/example_task_group_decorator.py
[2021-09-26 11:58:30,139] {processor.py:623} INFO - DAG(s) dict_keys(['example_task_group_decorator']) retrieved from /home/airflow/.local/lib/python3.6/site-packages/airflow/example_dags/example_task_group_decorator.py
[2021-09-26 11:58:30,324] {logging_mixin.py:109} INFO - [2021-09-26 11:58:30,324] {dag.py:1834} INFO - Sync 1 DAGs
[2021-09-26 11:58:30,338] {logging_mixin.py:109} INFO - [2021-09-26 11:58:30,338] {dag.py:2287} INFO - Setting next_dagrun for example_task_group_decorator to 2021-09-24 00:00:00+00:00
[2021-09-26 11:58:30,351] {processor.py:170} INFO - Processing /home/airflow/.local/lib/python3.6/site-packages/airflow/example_dags/example_task_group_decorator.py took 0.245 seconds
[2021-09-26 11:59:00,402] {processor.py:162} INFO - Started process (PID=5512) to work on /home/airflow/.local/lib/python3.6/site-packages/airflow/example_dags/example_task_group_decorator.py
[2021-09-26 11:59:00,404] {processor.py:613} INFO - Processing file /home/airflow/.local/lib/python3.6/site-packages/airflow/example_dags/example_task_group_decorator.py for tasks to queue
[2021-09-26 11:59:00,405] {logging_mixin.py:109} INFO - [2021-09-26 11:59:00,405] {dagbag.py:496} INFO - Filling up the DagBag from /home/airflow/.local/lib/python3.6/site-packages/airflow/example_dags/example_task_group_decorator.py
[2021-09-26 11:59:00,432] {processor.py:623} INFO - DAG(s) dict_keys(['example_task_group_decorator']) retrieved from /home/airflow/.local/lib/python3.6/site-packages/airflow/example_dags/example_task_group_decorator.py
[2021-09-26 11:59:00,628] {logging_mixin.py:109} INFO - [2021-09-26 11:59:00,628] {dag.py:1834} INFO - Sync 1 DAGs
[2021-09-26 11:59:00,657] {logging_mixin.py:109} INFO - [2021-09-26 11:59:00,657] {dag.py:2287} INFO - Setting next_dagrun for example_task_group_decorator to 2021-09-24 00:00:00+00:00
[2021-09-26 11:59:00,675] {processor.py:170} INFO - Processing /home/airflow/.local/lib/python3.6/site-packages/airflow/example_dags/example_task_group_decorator.py took 0.277 seconds
[2021-09-26 11:59:30,913] {processor.py:162} INFO - Started process (PID=5580) to work on /home/airflow/.local/lib/python3.6/site-packages/airflow/example_dags/example_task_group_decorator.py
[2021-09-26 11:59:30,915] {processor.py:613} INFO - Processing file /home/airflow/.local/lib/python3.6/site-packages/airflow/example_dags/example_task_group_decorator.py for tasks to queue
[2021-09-26 11:59:30,917] {logging_mixin.py:109} INFO - [2021-09-26 11:59:30,916] {dagbag.py:496} INFO - Filling up the DagBag from /home/airflow/.local/lib/python3.6/site-packages/airflow/example_dags/example_task_group_decorator.py
[2021-09-26 11:59:30,944] {processor.py:623} INFO - DAG(s) dict_keys(['example_task_group_decorator']) retrieved from /home/airflow/.local/lib/python3.6/site-packages/airflow/example_dags/example_task_group_decorator.py
[2021-09-26 11:59:31,149] {logging_mixin.py:109} INFO - [2021-09-26 11:59:31,149] {dag.py:1834} INFO - Sync 1 DAGs
[2021-09-26 11:59:31,162] {logging_mixin.py:109} INFO - [2021-09-26 11:59:31,162] {dag.py:2287} INFO - Setting next_dagrun for example_task_group_decorator to 2021-09-24 00:00:00+00:00
[2021-09-26 11:59:31,174] {processor.py:170} INFO - Processing /home/airflow/.local/lib/python3.6/site-packages/airflow/example_dags/example_task_group_decorator.py took 0.265 seconds
[2021-09-26 12:00:01,840] {processor.py:162} INFO - Started process (PID=5638) to work on /home/airflow/.local/lib/python3.6/site-packages/airflow/example_dags/example_task_group_decorator.py
[2021-09-26 12:00:01,843] {processor.py:613} INFO - Processing file /home/airflow/.local/lib/python3.6/site-packages/airflow/example_dags/example_task_group_decorator.py for tasks to queue
[2021-09-26 12:00:01,844] {logging_mixin.py:109} INFO - [2021-09-26 12:00:01,844] {dagbag.py:496} INFO - Filling up the DagBag from /home/airflow/.local/lib/python3.6/site-packages/airflow/example_dags/example_task_group_decorator.py
[2021-09-26 12:00:01,883] {processor.py:623} INFO - DAG(s) dict_keys(['example_task_group_decorator']) retrieved from /home/airflow/.local/lib/python3.6/site-packages/airflow/example_dags/example_task_group_decorator.py
[2021-09-26 12:00:02,164] {logging_mixin.py:109} INFO - [2021-09-26 12:00:02,164] {dag.py:1834} INFO - Sync 1 DAGs
[2021-09-26 12:00:02,195] {logging_mixin.py:109} INFO - [2021-09-26 12:00:02,194] {dag.py:2287} INFO - Setting next_dagrun for example_task_group_decorator to 2021-09-24 00:00:00+00:00
[2021-09-26 12:00:02,216] {processor.py:170} INFO - Processing /home/airflow/.local/lib/python3.6/site-packages/airflow/example_dags/example_task_group_decorator.py took 0.381 seconds
[2021-09-26 12:00:33,071] {processor.py:162} INFO - Started process (PID=5707) to work on /home/airflow/.local/lib/python3.6/site-packages/airflow/example_dags/example_task_group_decorator.py
[2021-09-26 12:00:33,073] {processor.py:613} INFO - Processing file /home/airflow/.local/lib/python3.6/site-packages/airflow/example_dags/example_task_group_decorator.py for tasks to queue
[2021-09-26 12:00:33,074] {logging_mixin.py:109} INFO - [2021-09-26 12:00:33,074] {dagbag.py:496} INFO - Filling up the DagBag from /home/airflow/.local/lib/python3.6/site-packages/airflow/example_dags/example_task_group_decorator.py
[2021-09-26 12:00:33,100] {processor.py:623} INFO - DAG(s) dict_keys(['example_task_group_decorator']) retrieved from /home/airflow/.local/lib/python3.6/site-packages/airflow/example_dags/example_task_group_decorator.py
[2021-09-26 12:00:33,288] {logging_mixin.py:109} INFO - [2021-09-26 12:00:33,288] {dag.py:1834} INFO - Sync 1 DAGs
[2021-09-26 12:00:33,301] {logging_mixin.py:109} INFO - [2021-09-26 12:00:33,301] {dag.py:2287} INFO - Setting next_dagrun for example_task_group_decorator to 2021-09-24 00:00:00+00:00
[2021-09-26 12:00:33,313] {processor.py:170} INFO - Processing /home/airflow/.local/lib/python3.6/site-packages/airflow/example_dags/example_task_group_decorator.py took 0.246 seconds
[2021-09-26 12:01:03,519] {processor.py:162} INFO - Started process (PID=5764) to work on /home/airflow/.local/lib/python3.6/site-packages/airflow/example_dags/example_task_group_decorator.py
[2021-09-26 12:01:03,521] {processor.py:613} INFO - Processing file /home/airflow/.local/lib/python3.6/site-packages/airflow/example_dags/example_task_group_decorator.py for tasks to queue
[2021-09-26 12:01:03,522] {logging_mixin.py:109} INFO - [2021-09-26 12:01:03,522] {dagbag.py:496} INFO - Filling up the DagBag from /home/airflow/.local/lib/python3.6/site-packages/airflow/example_dags/example_task_group_decorator.py
[2021-09-26 12:01:03,549] {processor.py:623} INFO - DAG(s) dict_keys(['example_task_group_decorator']) retrieved from /home/airflow/.local/lib/python3.6/site-packages/airflow/example_dags/example_task_group_decorator.py
[2021-09-26 12:01:03,779] {logging_mixin.py:109} INFO - [2021-09-26 12:01:03,779] {dag.py:1834} INFO - Sync 1 DAGs
[2021-09-26 12:01:03,794] {logging_mixin.py:109} INFO - [2021-09-26 12:01:03,794] {dag.py:2287} INFO - Setting next_dagrun for example_task_group_decorator to 2021-09-24 00:00:00+00:00
[2021-09-26 12:01:03,808] {processor.py:170} INFO - Processing /home/airflow/.local/lib/python3.6/site-packages/airflow/example_dags/example_task_group_decorator.py took 0.293 seconds
[2021-09-26 12:01:33,899] {processor.py:162} INFO - Started process (PID=5833) to work on /home/airflow/.local/lib/python3.6/site-packages/airflow/example_dags/example_task_group_decorator.py
[2021-09-26 12:01:33,902] {processor.py:613} INFO - Processing file /home/airflow/.local/lib/python3.6/site-packages/airflow/example_dags/example_task_group_decorator.py for tasks to queue
[2021-09-26 12:01:33,903] {logging_mixin.py:109} INFO - [2021-09-26 12:01:33,903] {dagbag.py:496} INFO - Filling up the DagBag from /home/airflow/.local/lib/python3.6/site-packages/airflow/example_dags/example_task_group_decorator.py
[2021-09-26 12:01:33,937] {processor.py:623} INFO - DAG(s) dict_keys(['example_task_group_decorator']) retrieved from /home/airflow/.local/lib/python3.6/site-packages/airflow/example_dags/example_task_group_decorator.py
[2021-09-26 12:01:34,123] {logging_mixin.py:109} INFO - [2021-09-26 12:01:34,123] {dag.py:1834} INFO - Sync 1 DAGs
[2021-09-26 12:01:34,136] {logging_mixin.py:109} INFO - [2021-09-26 12:01:34,136] {dag.py:2287} INFO - Setting next_dagrun for example_task_group_decorator to 2021-09-24 00:00:00+00:00
[2021-09-26 12:01:34,148] {processor.py:170} INFO - Processing /home/airflow/.local/lib/python3.6/site-packages/airflow/example_dags/example_task_group_decorator.py took 0.253 seconds
[2021-09-26 12:02:04,928] {processor.py:162} INFO - Started process (PID=5902) to work on /home/airflow/.local/lib/python3.6/site-packages/airflow/example_dags/example_task_group_decorator.py
[2021-09-26 12:02:04,931] {processor.py:613} INFO - Processing file /home/airflow/.local/lib/python3.6/site-packages/airflow/example_dags/example_task_group_decorator.py for tasks to queue
[2021-09-26 12:02:04,933] {logging_mixin.py:109} INFO - [2021-09-26 12:02:04,933] {dagbag.py:496} INFO - Filling up the DagBag from /home/airflow/.local/lib/python3.6/site-packages/airflow/example_dags/example_task_group_decorator.py
[2021-09-26 12:02:04,961] {processor.py:623} INFO - DAG(s) dict_keys(['example_task_group_decorator']) retrieved from /home/airflow/.local/lib/python3.6/site-packages/airflow/example_dags/example_task_group_decorator.py
[2021-09-26 12:02:05,164] {logging_mixin.py:109} INFO - [2021-09-26 12:02:05,164] {dag.py:1834} INFO - Sync 1 DAGs
[2021-09-26 12:02:05,178] {logging_mixin.py:109} INFO - [2021-09-26 12:02:05,178] {dag.py:2287} INFO - Setting next_dagrun for example_task_group_decorator to 2021-09-24 00:00:00+00:00
[2021-09-26 12:02:05,193] {processor.py:170} INFO - Processing /home/airflow/.local/lib/python3.6/site-packages/airflow/example_dags/example_task_group_decorator.py took 0.268 seconds
[2021-09-26 12:02:35,914] {processor.py:162} INFO - Started process (PID=5958) to work on /home/airflow/.local/lib/python3.6/site-packages/airflow/example_dags/example_task_group_decorator.py
[2021-09-26 12:02:35,916] {processor.py:613} INFO - Processing file /home/airflow/.local/lib/python3.6/site-packages/airflow/example_dags/example_task_group_decorator.py for tasks to queue
[2021-09-26 12:02:35,917] {logging_mixin.py:109} INFO - [2021-09-26 12:02:35,917] {dagbag.py:496} INFO - Filling up the DagBag from /home/airflow/.local/lib/python3.6/site-packages/airflow/example_dags/example_task_group_decorator.py
[2021-09-26 12:02:35,943] {processor.py:623} INFO - DAG(s) dict_keys(['example_task_group_decorator']) retrieved from /home/airflow/.local/lib/python3.6/site-packages/airflow/example_dags/example_task_group_decorator.py
[2021-09-26 12:02:36,119] {logging_mixin.py:109} INFO - [2021-09-26 12:02:36,119] {dag.py:1834} INFO - Sync 1 DAGs
[2021-09-26 12:02:36,132] {logging_mixin.py:109} INFO - [2021-09-26 12:02:36,132] {dag.py:2287} INFO - Setting next_dagrun for example_task_group_decorator to 2021-09-24 00:00:00+00:00
[2021-09-26 12:02:36,144] {processor.py:170} INFO - Processing /home/airflow/.local/lib/python3.6/site-packages/airflow/example_dags/example_task_group_decorator.py took 0.234 seconds
[2021-09-26 12:03:06,486] {processor.py:162} INFO - Started process (PID=6026) to work on /home/airflow/.local/lib/python3.6/site-packages/airflow/example_dags/example_task_group_decorator.py
[2021-09-26 12:03:06,490] {processor.py:613} INFO - Processing file /home/airflow/.local/lib/python3.6/site-packages/airflow/example_dags/example_task_group_decorator.py for tasks to queue
[2021-09-26 12:03:06,492] {logging_mixin.py:109} INFO - [2021-09-26 12:03:06,492] {dagbag.py:496} INFO - Filling up the DagBag from /home/airflow/.local/lib/python3.6/site-packages/airflow/example_dags/example_task_group_decorator.py
[2021-09-26 12:03:06,520] {processor.py:623} INFO - DAG(s) dict_keys(['example_task_group_decorator']) retrieved from /home/airflow/.local/lib/python3.6/site-packages/airflow/example_dags/example_task_group_decorator.py
[2021-09-26 12:03:06,546] {logging_mixin.py:109} INFO - [2021-09-26 12:03:06,546] {dag.py:1834} INFO - Sync 1 DAGs
[2021-09-26 12:03:06,562] {logging_mixin.py:109} INFO - [2021-09-26 12:03:06,562] {dag.py:2287} INFO - Setting next_dagrun for example_task_group_decorator to 2021-09-24 00:00:00+00:00
[2021-09-26 12:03:06,575] {processor.py:170} INFO - Processing /home/airflow/.local/lib/python3.6/site-packages/airflow/example_dags/example_task_group_decorator.py took 0.093 seconds
[2021-09-26 12:03:37,821] {processor.py:162} INFO - Started process (PID=6095) to work on /home/airflow/.local/lib/python3.6/site-packages/airflow/example_dags/example_task_group_decorator.py
[2021-09-26 12:03:37,823] {processor.py:613} INFO - Processing file /home/airflow/.local/lib/python3.6/site-packages/airflow/example_dags/example_task_group_decorator.py for tasks to queue
[2021-09-26 12:03:37,825] {logging_mixin.py:109} INFO - [2021-09-26 12:03:37,825] {dagbag.py:496} INFO - Filling up the DagBag from /home/airflow/.local/lib/python3.6/site-packages/airflow/example_dags/example_task_group_decorator.py
[2021-09-26 12:03:37,855] {processor.py:623} INFO - DAG(s) dict_keys(['example_task_group_decorator']) retrieved from /home/airflow/.local/lib/python3.6/site-packages/airflow/example_dags/example_task_group_decorator.py
[2021-09-26 12:03:37,884] {logging_mixin.py:109} INFO - [2021-09-26 12:03:37,884] {dag.py:1834} INFO - Sync 1 DAGs
[2021-09-26 12:03:37,901] {logging_mixin.py:109} INFO - [2021-09-26 12:03:37,901] {dag.py:2287} INFO - Setting next_dagrun for example_task_group_decorator to 2021-09-24 00:00:00+00:00
[2021-09-26 12:03:37,916] {processor.py:170} INFO - Processing /home/airflow/.local/lib/python3.6/site-packages/airflow/example_dags/example_task_group_decorator.py took 0.099 seconds
[2021-09-26 12:04:08,393] {processor.py:162} INFO - Started process (PID=6151) to work on /home/airflow/.local/lib/python3.6/site-packages/airflow/example_dags/example_task_group_decorator.py
[2021-09-26 12:04:08,398] {processor.py:613} INFO - Processing file /home/airflow/.local/lib/python3.6/site-packages/airflow/example_dags/example_task_group_decorator.py for tasks to queue
[2021-09-26 12:04:08,401] {logging_mixin.py:109} INFO - [2021-09-26 12:04:08,400] {dagbag.py:496} INFO - Filling up the DagBag from /home/airflow/.local/lib/python3.6/site-packages/airflow/example_dags/example_task_group_decorator.py
[2021-09-26 12:04:08,433] {processor.py:623} INFO - DAG(s) dict_keys(['example_task_group_decorator']) retrieved from /home/airflow/.local/lib/python3.6/site-packages/airflow/example_dags/example_task_group_decorator.py
[2021-09-26 12:04:08,682] {logging_mixin.py:109} INFO - [2021-09-26 12:04:08,682] {dag.py:1834} INFO - Sync 1 DAGs
[2021-09-26 12:04:08,701] {logging_mixin.py:109} INFO - [2021-09-26 12:04:08,701] {dag.py:2287} INFO - Setting next_dagrun for example_task_group_decorator to 2021-09-24 00:00:00+00:00
[2021-09-26 12:04:08,717] {processor.py:170} INFO - Processing /home/airflow/.local/lib/python3.6/site-packages/airflow/example_dags/example_task_group_decorator.py took 0.332 seconds
[2021-09-26 12:04:38,782] {processor.py:162} INFO - Started process (PID=6221) to work on /home/airflow/.local/lib/python3.6/site-packages/airflow/example_dags/example_task_group_decorator.py
[2021-09-26 12:04:38,784] {processor.py:613} INFO - Processing file /home/airflow/.local/lib/python3.6/site-packages/airflow/example_dags/example_task_group_decorator.py for tasks to queue
[2021-09-26 12:04:38,785] {logging_mixin.py:109} INFO - [2021-09-26 12:04:38,785] {dagbag.py:496} INFO - Filling up the DagBag from /home/airflow/.local/lib/python3.6/site-packages/airflow/example_dags/example_task_group_decorator.py
[2021-09-26 12:04:38,810] {processor.py:623} INFO - DAG(s) dict_keys(['example_task_group_decorator']) retrieved from /home/airflow/.local/lib/python3.6/site-packages/airflow/example_dags/example_task_group_decorator.py
[2021-09-26 12:04:39,022] {logging_mixin.py:109} INFO - [2021-09-26 12:04:39,022] {dag.py:1834} INFO - Sync 1 DAGs
[2021-09-26 12:04:39,035] {logging_mixin.py:109} INFO - [2021-09-26 12:04:39,035] {dag.py:2287} INFO - Setting next_dagrun for example_task_group_decorator to 2021-09-24 00:00:00+00:00
[2021-09-26 12:04:39,048] {processor.py:170} INFO - Processing /home/airflow/.local/lib/python3.6/site-packages/airflow/example_dags/example_task_group_decorator.py took 0.270 seconds
[2021-09-26 12:05:09,145] {processor.py:162} INFO - Started process (PID=6279) to work on /home/airflow/.local/lib/python3.6/site-packages/airflow/example_dags/example_task_group_decorator.py
[2021-09-26 12:05:09,147] {processor.py:613} INFO - Processing file /home/airflow/.local/lib/python3.6/site-packages/airflow/example_dags/example_task_group_decorator.py for tasks to queue
[2021-09-26 12:05:09,149] {logging_mixin.py:109} INFO - [2021-09-26 12:05:09,149] {dagbag.py:496} INFO - Filling up the DagBag from /home/airflow/.local/lib/python3.6/site-packages/airflow/example_dags/example_task_group_decorator.py
[2021-09-26 12:05:09,179] {processor.py:623} INFO - DAG(s) dict_keys(['example_task_group_decorator']) retrieved from /home/airflow/.local/lib/python3.6/site-packages/airflow/example_dags/example_task_group_decorator.py
[2021-09-26 12:05:09,371] {logging_mixin.py:109} INFO - [2021-09-26 12:05:09,371] {dag.py:1834} INFO - Sync 1 DAGs
[2021-09-26 12:05:09,384] {logging_mixin.py:109} INFO - [2021-09-26 12:05:09,384] {dag.py:2287} INFO - Setting next_dagrun for example_task_group_decorator to 2021-09-24 00:00:00+00:00
[2021-09-26 12:05:09,397] {processor.py:170} INFO - Processing /home/airflow/.local/lib/python3.6/site-packages/airflow/example_dags/example_task_group_decorator.py took 0.255 seconds
[2021-09-26 12:05:40,188] {processor.py:162} INFO - Started process (PID=6349) to work on /home/airflow/.local/lib/python3.6/site-packages/airflow/example_dags/example_task_group_decorator.py
[2021-09-26 12:05:40,190] {processor.py:613} INFO - Processing file /home/airflow/.local/lib/python3.6/site-packages/airflow/example_dags/example_task_group_decorator.py for tasks to queue
[2021-09-26 12:05:40,192] {logging_mixin.py:109} INFO - [2021-09-26 12:05:40,192] {dagbag.py:496} INFO - Filling up the DagBag from /home/airflow/.local/lib/python3.6/site-packages/airflow/example_dags/example_task_group_decorator.py
[2021-09-26 12:05:40,218] {processor.py:623} INFO - DAG(s) dict_keys(['example_task_group_decorator']) retrieved from /home/airflow/.local/lib/python3.6/site-packages/airflow/example_dags/example_task_group_decorator.py
[2021-09-26 12:05:40,405] {logging_mixin.py:109} INFO - [2021-09-26 12:05:40,405] {dag.py:1834} INFO - Sync 1 DAGs
[2021-09-26 12:05:40,418] {logging_mixin.py:109} INFO - [2021-09-26 12:05:40,418] {dag.py:2287} INFO - Setting next_dagrun for example_task_group_decorator to 2021-09-24 00:00:00+00:00
[2021-09-26 12:05:40,431] {processor.py:170} INFO - Processing /home/airflow/.local/lib/python3.6/site-packages/airflow/example_dags/example_task_group_decorator.py took 0.247 seconds
