[2021-09-26 11:46:46,768] {processor.py:162} INFO - Started process (PID=3995) to work on /home/airflow/.local/lib/python3.6/site-packages/airflow/example_dags/tutorial_taskflow_api_etl.py
[2021-09-26 11:46:46,771] {processor.py:613} INFO - Processing file /home/airflow/.local/lib/python3.6/site-packages/airflow/example_dags/tutorial_taskflow_api_etl.py for tasks to queue
[2021-09-26 11:46:46,773] {logging_mixin.py:109} INFO - [2021-09-26 11:46:46,773] {dagbag.py:496} INFO - Filling up the DagBag from /home/airflow/.local/lib/python3.6/site-packages/airflow/example_dags/tutorial_taskflow_api_etl.py
[2021-09-26 11:46:46,793] {processor.py:623} INFO - DAG(s) dict_keys(['tutorial_taskflow_api_etl']) retrieved from /home/airflow/.local/lib/python3.6/site-packages/airflow/example_dags/tutorial_taskflow_api_etl.py
[2021-09-26 11:46:47,064] {logging_mixin.py:109} INFO - [2021-09-26 11:46:47,064] {dag.py:1834} INFO - Sync 1 DAGs
[2021-09-26 11:46:47,081] {logging_mixin.py:109} INFO - [2021-09-26 11:46:47,081] {dag.py:2287} INFO - Setting next_dagrun for tutorial_taskflow_api_etl to None
[2021-09-26 11:46:47,099] {processor.py:170} INFO - Processing /home/airflow/.local/lib/python3.6/site-packages/airflow/example_dags/tutorial_taskflow_api_etl.py took 0.335 seconds
[2021-09-26 11:47:17,231] {processor.py:162} INFO - Started process (PID=4049) to work on /home/airflow/.local/lib/python3.6/site-packages/airflow/example_dags/tutorial_taskflow_api_etl.py
[2021-09-26 11:47:17,235] {processor.py:613} INFO - Processing file /home/airflow/.local/lib/python3.6/site-packages/airflow/example_dags/tutorial_taskflow_api_etl.py for tasks to queue
[2021-09-26 11:47:17,238] {logging_mixin.py:109} INFO - [2021-09-26 11:47:17,238] {dagbag.py:496} INFO - Filling up the DagBag from /home/airflow/.local/lib/python3.6/site-packages/airflow/example_dags/tutorial_taskflow_api_etl.py
[2021-09-26 11:47:17,268] {processor.py:623} INFO - DAG(s) dict_keys(['tutorial_taskflow_api_etl']) retrieved from /home/airflow/.local/lib/python3.6/site-packages/airflow/example_dags/tutorial_taskflow_api_etl.py
[2021-09-26 11:47:17,840] {logging_mixin.py:109} INFO - [2021-09-26 11:47:17,839] {dag.py:1834} INFO - Sync 1 DAGs
[2021-09-26 11:47:17,882] {logging_mixin.py:109} INFO - [2021-09-26 11:47:17,882] {dag.py:2287} INFO - Setting next_dagrun for tutorial_taskflow_api_etl to None
[2021-09-26 11:47:17,908] {processor.py:170} INFO - Processing /home/airflow/.local/lib/python3.6/site-packages/airflow/example_dags/tutorial_taskflow_api_etl.py took 0.686 seconds
[2021-09-26 11:47:47,998] {processor.py:162} INFO - Started process (PID=4115) to work on /home/airflow/.local/lib/python3.6/site-packages/airflow/example_dags/tutorial_taskflow_api_etl.py
[2021-09-26 11:47:48,002] {processor.py:613} INFO - Processing file /home/airflow/.local/lib/python3.6/site-packages/airflow/example_dags/tutorial_taskflow_api_etl.py for tasks to queue
[2021-09-26 11:47:48,003] {logging_mixin.py:109} INFO - [2021-09-26 11:47:48,003] {dagbag.py:496} INFO - Filling up the DagBag from /home/airflow/.local/lib/python3.6/site-packages/airflow/example_dags/tutorial_taskflow_api_etl.py
[2021-09-26 11:47:48,027] {processor.py:623} INFO - DAG(s) dict_keys(['tutorial_taskflow_api_etl']) retrieved from /home/airflow/.local/lib/python3.6/site-packages/airflow/example_dags/tutorial_taskflow_api_etl.py
[2021-09-26 11:47:48,060] {logging_mixin.py:109} INFO - [2021-09-26 11:47:48,059] {dag.py:1834} INFO - Sync 1 DAGs
[2021-09-26 11:47:48,080] {logging_mixin.py:109} INFO - [2021-09-26 11:47:48,080] {dag.py:2287} INFO - Setting next_dagrun for tutorial_taskflow_api_etl to None
[2021-09-26 11:47:48,095] {processor.py:170} INFO - Processing /home/airflow/.local/lib/python3.6/site-packages/airflow/example_dags/tutorial_taskflow_api_etl.py took 0.102 seconds
[2021-09-26 11:48:18,584] {processor.py:162} INFO - Started process (PID=4174) to work on /home/airflow/.local/lib/python3.6/site-packages/airflow/example_dags/tutorial_taskflow_api_etl.py
[2021-09-26 11:48:18,587] {processor.py:613} INFO - Processing file /home/airflow/.local/lib/python3.6/site-packages/airflow/example_dags/tutorial_taskflow_api_etl.py for tasks to queue
[2021-09-26 11:48:18,590] {logging_mixin.py:109} INFO - [2021-09-26 11:48:18,590] {dagbag.py:496} INFO - Filling up the DagBag from /home/airflow/.local/lib/python3.6/site-packages/airflow/example_dags/tutorial_taskflow_api_etl.py
[2021-09-26 11:48:18,616] {processor.py:623} INFO - DAG(s) dict_keys(['tutorial_taskflow_api_etl']) retrieved from /home/airflow/.local/lib/python3.6/site-packages/airflow/example_dags/tutorial_taskflow_api_etl.py
[2021-09-26 11:48:18,858] {logging_mixin.py:109} INFO - [2021-09-26 11:48:18,858] {dag.py:1834} INFO - Sync 1 DAGs
[2021-09-26 11:48:18,873] {logging_mixin.py:109} INFO - [2021-09-26 11:48:18,873] {dag.py:2287} INFO - Setting next_dagrun for tutorial_taskflow_api_etl to None
[2021-09-26 11:48:18,887] {processor.py:170} INFO - Processing /home/airflow/.local/lib/python3.6/site-packages/airflow/example_dags/tutorial_taskflow_api_etl.py took 0.309 seconds
[2021-09-26 11:48:49,047] {processor.py:162} INFO - Started process (PID=4242) to work on /home/airflow/.local/lib/python3.6/site-packages/airflow/example_dags/tutorial_taskflow_api_etl.py
[2021-09-26 11:48:49,052] {processor.py:613} INFO - Processing file /home/airflow/.local/lib/python3.6/site-packages/airflow/example_dags/tutorial_taskflow_api_etl.py for tasks to queue
[2021-09-26 11:48:49,055] {logging_mixin.py:109} INFO - [2021-09-26 11:48:49,054] {dagbag.py:496} INFO - Filling up the DagBag from /home/airflow/.local/lib/python3.6/site-packages/airflow/example_dags/tutorial_taskflow_api_etl.py
[2021-09-26 11:48:49,084] {processor.py:623} INFO - DAG(s) dict_keys(['tutorial_taskflow_api_etl']) retrieved from /home/airflow/.local/lib/python3.6/site-packages/airflow/example_dags/tutorial_taskflow_api_etl.py
[2021-09-26 11:48:49,392] {logging_mixin.py:109} INFO - [2021-09-26 11:48:49,392] {dag.py:1834} INFO - Sync 1 DAGs
[2021-09-26 11:48:49,412] {logging_mixin.py:109} INFO - [2021-09-26 11:48:49,412] {dag.py:2287} INFO - Setting next_dagrun for tutorial_taskflow_api_etl to None
[2021-09-26 11:48:49,430] {processor.py:170} INFO - Processing /home/airflow/.local/lib/python3.6/site-packages/airflow/example_dags/tutorial_taskflow_api_etl.py took 0.391 seconds
[2021-09-26 11:49:19,826] {processor.py:162} INFO - Started process (PID=4300) to work on /home/airflow/.local/lib/python3.6/site-packages/airflow/example_dags/tutorial_taskflow_api_etl.py
[2021-09-26 11:49:19,829] {processor.py:613} INFO - Processing file /home/airflow/.local/lib/python3.6/site-packages/airflow/example_dags/tutorial_taskflow_api_etl.py for tasks to queue
[2021-09-26 11:49:19,830] {logging_mixin.py:109} INFO - [2021-09-26 11:49:19,830] {dagbag.py:496} INFO - Filling up the DagBag from /home/airflow/.local/lib/python3.6/site-packages/airflow/example_dags/tutorial_taskflow_api_etl.py
[2021-09-26 11:49:19,854] {processor.py:623} INFO - DAG(s) dict_keys(['tutorial_taskflow_api_etl']) retrieved from /home/airflow/.local/lib/python3.6/site-packages/airflow/example_dags/tutorial_taskflow_api_etl.py
[2021-09-26 11:49:20,132] {logging_mixin.py:109} INFO - [2021-09-26 11:49:20,132] {dag.py:1834} INFO - Sync 1 DAGs
[2021-09-26 11:49:20,149] {logging_mixin.py:109} INFO - [2021-09-26 11:49:20,149] {dag.py:2287} INFO - Setting next_dagrun for tutorial_taskflow_api_etl to None
[2021-09-26 11:49:20,163] {processor.py:170} INFO - Processing /home/airflow/.local/lib/python3.6/site-packages/airflow/example_dags/tutorial_taskflow_api_etl.py took 0.343 seconds
[2021-09-26 11:49:50,729] {processor.py:162} INFO - Started process (PID=4369) to work on /home/airflow/.local/lib/python3.6/site-packages/airflow/example_dags/tutorial_taskflow_api_etl.py
[2021-09-26 11:49:50,732] {processor.py:613} INFO - Processing file /home/airflow/.local/lib/python3.6/site-packages/airflow/example_dags/tutorial_taskflow_api_etl.py for tasks to queue
[2021-09-26 11:49:50,734] {logging_mixin.py:109} INFO - [2021-09-26 11:49:50,734] {dagbag.py:496} INFO - Filling up the DagBag from /home/airflow/.local/lib/python3.6/site-packages/airflow/example_dags/tutorial_taskflow_api_etl.py
[2021-09-26 11:49:50,754] {processor.py:623} INFO - DAG(s) dict_keys(['tutorial_taskflow_api_etl']) retrieved from /home/airflow/.local/lib/python3.6/site-packages/airflow/example_dags/tutorial_taskflow_api_etl.py
[2021-09-26 11:49:50,978] {logging_mixin.py:109} INFO - [2021-09-26 11:49:50,978] {dag.py:1834} INFO - Sync 1 DAGs
[2021-09-26 11:49:50,993] {logging_mixin.py:109} INFO - [2021-09-26 11:49:50,993] {dag.py:2287} INFO - Setting next_dagrun for tutorial_taskflow_api_etl to None
[2021-09-26 11:49:51,008] {processor.py:170} INFO - Processing /home/airflow/.local/lib/python3.6/site-packages/airflow/example_dags/tutorial_taskflow_api_etl.py took 0.284 seconds
[2021-09-26 11:50:21,583] {processor.py:162} INFO - Started process (PID=4427) to work on /home/airflow/.local/lib/python3.6/site-packages/airflow/example_dags/tutorial_taskflow_api_etl.py
[2021-09-26 11:50:21,586] {processor.py:613} INFO - Processing file /home/airflow/.local/lib/python3.6/site-packages/airflow/example_dags/tutorial_taskflow_api_etl.py for tasks to queue
[2021-09-26 11:50:21,588] {logging_mixin.py:109} INFO - [2021-09-26 11:50:21,588] {dagbag.py:496} INFO - Filling up the DagBag from /home/airflow/.local/lib/python3.6/site-packages/airflow/example_dags/tutorial_taskflow_api_etl.py
[2021-09-26 11:50:21,608] {processor.py:623} INFO - DAG(s) dict_keys(['tutorial_taskflow_api_etl']) retrieved from /home/airflow/.local/lib/python3.6/site-packages/airflow/example_dags/tutorial_taskflow_api_etl.py
[2021-09-26 11:50:21,810] {logging_mixin.py:109} INFO - [2021-09-26 11:50:21,810] {dag.py:1834} INFO - Sync 1 DAGs
[2021-09-26 11:50:21,829] {logging_mixin.py:109} INFO - [2021-09-26 11:50:21,829] {dag.py:2287} INFO - Setting next_dagrun for tutorial_taskflow_api_etl to None
[2021-09-26 11:50:21,845] {processor.py:170} INFO - Processing /home/airflow/.local/lib/python3.6/site-packages/airflow/example_dags/tutorial_taskflow_api_etl.py took 0.266 seconds
[2021-09-26 11:50:52,005] {processor.py:162} INFO - Started process (PID=4496) to work on /home/airflow/.local/lib/python3.6/site-packages/airflow/example_dags/tutorial_taskflow_api_etl.py
[2021-09-26 11:50:52,009] {processor.py:613} INFO - Processing file /home/airflow/.local/lib/python3.6/site-packages/airflow/example_dags/tutorial_taskflow_api_etl.py for tasks to queue
[2021-09-26 11:50:52,012] {logging_mixin.py:109} INFO - [2021-09-26 11:50:52,011] {dagbag.py:496} INFO - Filling up the DagBag from /home/airflow/.local/lib/python3.6/site-packages/airflow/example_dags/tutorial_taskflow_api_etl.py
[2021-09-26 11:50:52,045] {processor.py:623} INFO - DAG(s) dict_keys(['tutorial_taskflow_api_etl']) retrieved from /home/airflow/.local/lib/python3.6/site-packages/airflow/example_dags/tutorial_taskflow_api_etl.py
[2021-09-26 11:50:52,279] {logging_mixin.py:109} INFO - [2021-09-26 11:50:52,278] {dag.py:1834} INFO - Sync 1 DAGs
[2021-09-26 11:50:52,294] {logging_mixin.py:109} INFO - [2021-09-26 11:50:52,294] {dag.py:2287} INFO - Setting next_dagrun for tutorial_taskflow_api_etl to None
[2021-09-26 11:50:52,309] {processor.py:170} INFO - Processing /home/airflow/.local/lib/python3.6/site-packages/airflow/example_dags/tutorial_taskflow_api_etl.py took 0.311 seconds
[2021-09-26 11:51:22,406] {processor.py:162} INFO - Started process (PID=4567) to work on /home/airflow/.local/lib/python3.6/site-packages/airflow/example_dags/tutorial_taskflow_api_etl.py
[2021-09-26 11:51:22,413] {processor.py:613} INFO - Processing file /home/airflow/.local/lib/python3.6/site-packages/airflow/example_dags/tutorial_taskflow_api_etl.py for tasks to queue
[2021-09-26 11:51:22,417] {logging_mixin.py:109} INFO - [2021-09-26 11:51:22,417] {dagbag.py:496} INFO - Filling up the DagBag from /home/airflow/.local/lib/python3.6/site-packages/airflow/example_dags/tutorial_taskflow_api_etl.py
[2021-09-26 11:51:22,464] {processor.py:623} INFO - DAG(s) dict_keys(['tutorial_taskflow_api_etl']) retrieved from /home/airflow/.local/lib/python3.6/site-packages/airflow/example_dags/tutorial_taskflow_api_etl.py
[2021-09-26 11:51:22,541] {logging_mixin.py:109} INFO - [2021-09-26 11:51:22,541] {dag.py:1834} INFO - Sync 1 DAGs
[2021-09-26 11:51:22,585] {logging_mixin.py:109} INFO - [2021-09-26 11:51:22,585] {dag.py:2287} INFO - Setting next_dagrun for tutorial_taskflow_api_etl to None
[2021-09-26 11:51:22,626] {processor.py:170} INFO - Processing /home/airflow/.local/lib/python3.6/site-packages/airflow/example_dags/tutorial_taskflow_api_etl.py took 0.231 seconds
[2021-09-26 11:51:52,950] {processor.py:162} INFO - Started process (PID=4625) to work on /home/airflow/.local/lib/python3.6/site-packages/airflow/example_dags/tutorial_taskflow_api_etl.py
[2021-09-26 11:51:52,953] {processor.py:613} INFO - Processing file /home/airflow/.local/lib/python3.6/site-packages/airflow/example_dags/tutorial_taskflow_api_etl.py for tasks to queue
[2021-09-26 11:51:52,954] {logging_mixin.py:109} INFO - [2021-09-26 11:51:52,954] {dagbag.py:496} INFO - Filling up the DagBag from /home/airflow/.local/lib/python3.6/site-packages/airflow/example_dags/tutorial_taskflow_api_etl.py
[2021-09-26 11:51:52,977] {processor.py:623} INFO - DAG(s) dict_keys(['tutorial_taskflow_api_etl']) retrieved from /home/airflow/.local/lib/python3.6/site-packages/airflow/example_dags/tutorial_taskflow_api_etl.py
[2021-09-26 11:51:53,009] {logging_mixin.py:109} INFO - [2021-09-26 11:51:53,009] {dag.py:1834} INFO - Sync 1 DAGs
[2021-09-26 11:51:53,028] {logging_mixin.py:109} INFO - [2021-09-26 11:51:53,028] {dag.py:2287} INFO - Setting next_dagrun for tutorial_taskflow_api_etl to None
[2021-09-26 11:51:53,050] {processor.py:170} INFO - Processing /home/airflow/.local/lib/python3.6/site-packages/airflow/example_dags/tutorial_taskflow_api_etl.py took 0.106 seconds
[2021-09-26 11:52:23,251] {processor.py:162} INFO - Started process (PID=4692) to work on /home/airflow/.local/lib/python3.6/site-packages/airflow/example_dags/tutorial_taskflow_api_etl.py
[2021-09-26 11:52:23,255] {processor.py:613} INFO - Processing file /home/airflow/.local/lib/python3.6/site-packages/airflow/example_dags/tutorial_taskflow_api_etl.py for tasks to queue
[2021-09-26 11:52:23,257] {logging_mixin.py:109} INFO - [2021-09-26 11:52:23,257] {dagbag.py:496} INFO - Filling up the DagBag from /home/airflow/.local/lib/python3.6/site-packages/airflow/example_dags/tutorial_taskflow_api_etl.py
[2021-09-26 11:52:23,277] {processor.py:623} INFO - DAG(s) dict_keys(['tutorial_taskflow_api_etl']) retrieved from /home/airflow/.local/lib/python3.6/site-packages/airflow/example_dags/tutorial_taskflow_api_etl.py
[2021-09-26 11:52:23,478] {logging_mixin.py:109} INFO - [2021-09-26 11:52:23,478] {dag.py:1834} INFO - Sync 1 DAGs
[2021-09-26 11:52:23,493] {logging_mixin.py:109} INFO - [2021-09-26 11:52:23,493] {dag.py:2287} INFO - Setting next_dagrun for tutorial_taskflow_api_etl to None
[2021-09-26 11:52:23,509] {processor.py:170} INFO - Processing /home/airflow/.local/lib/python3.6/site-packages/airflow/example_dags/tutorial_taskflow_api_etl.py took 0.261 seconds
[2021-09-26 11:52:53,620] {processor.py:162} INFO - Started process (PID=4752) to work on /home/airflow/.local/lib/python3.6/site-packages/airflow/example_dags/tutorial_taskflow_api_etl.py
[2021-09-26 11:52:53,623] {processor.py:613} INFO - Processing file /home/airflow/.local/lib/python3.6/site-packages/airflow/example_dags/tutorial_taskflow_api_etl.py for tasks to queue
[2021-09-26 11:52:53,625] {logging_mixin.py:109} INFO - [2021-09-26 11:52:53,625] {dagbag.py:496} INFO - Filling up the DagBag from /home/airflow/.local/lib/python3.6/site-packages/airflow/example_dags/tutorial_taskflow_api_etl.py
[2021-09-26 11:52:53,652] {processor.py:623} INFO - DAG(s) dict_keys(['tutorial_taskflow_api_etl']) retrieved from /home/airflow/.local/lib/python3.6/site-packages/airflow/example_dags/tutorial_taskflow_api_etl.py
[2021-09-26 11:52:53,871] {logging_mixin.py:109} INFO - [2021-09-26 11:52:53,871] {dag.py:1834} INFO - Sync 1 DAGs
[2021-09-26 11:52:53,888] {logging_mixin.py:109} INFO - [2021-09-26 11:52:53,888] {dag.py:2287} INFO - Setting next_dagrun for tutorial_taskflow_api_etl to None
[2021-09-26 11:52:53,903] {processor.py:170} INFO - Processing /home/airflow/.local/lib/python3.6/site-packages/airflow/example_dags/tutorial_taskflow_api_etl.py took 0.289 seconds
[2021-09-26 11:53:24,190] {processor.py:162} INFO - Started process (PID=4817) to work on /home/airflow/.local/lib/python3.6/site-packages/airflow/example_dags/tutorial_taskflow_api_etl.py
[2021-09-26 11:53:24,193] {processor.py:613} INFO - Processing file /home/airflow/.local/lib/python3.6/site-packages/airflow/example_dags/tutorial_taskflow_api_etl.py for tasks to queue
[2021-09-26 11:53:24,194] {logging_mixin.py:109} INFO - [2021-09-26 11:53:24,194] {dagbag.py:496} INFO - Filling up the DagBag from /home/airflow/.local/lib/python3.6/site-packages/airflow/example_dags/tutorial_taskflow_api_etl.py
[2021-09-26 11:53:24,216] {processor.py:623} INFO - DAG(s) dict_keys(['tutorial_taskflow_api_etl']) retrieved from /home/airflow/.local/lib/python3.6/site-packages/airflow/example_dags/tutorial_taskflow_api_etl.py
[2021-09-26 11:53:24,505] {logging_mixin.py:109} INFO - [2021-09-26 11:53:24,505] {dag.py:1834} INFO - Sync 1 DAGs
[2021-09-26 11:53:24,523] {logging_mixin.py:109} INFO - [2021-09-26 11:53:24,523] {dag.py:2287} INFO - Setting next_dagrun for tutorial_taskflow_api_etl to None
[2021-09-26 11:53:24,542] {processor.py:170} INFO - Processing /home/airflow/.local/lib/python3.6/site-packages/airflow/example_dags/tutorial_taskflow_api_etl.py took 0.356 seconds
[2021-09-26 11:53:54,906] {processor.py:162} INFO - Started process (PID=4872) to work on /home/airflow/.local/lib/python3.6/site-packages/airflow/example_dags/tutorial_taskflow_api_etl.py
[2021-09-26 11:53:54,909] {processor.py:613} INFO - Processing file /home/airflow/.local/lib/python3.6/site-packages/airflow/example_dags/tutorial_taskflow_api_etl.py for tasks to queue
[2021-09-26 11:53:54,911] {logging_mixin.py:109} INFO - [2021-09-26 11:53:54,911] {dagbag.py:496} INFO - Filling up the DagBag from /home/airflow/.local/lib/python3.6/site-packages/airflow/example_dags/tutorial_taskflow_api_etl.py
[2021-09-26 11:53:54,934] {processor.py:623} INFO - DAG(s) dict_keys(['tutorial_taskflow_api_etl']) retrieved from /home/airflow/.local/lib/python3.6/site-packages/airflow/example_dags/tutorial_taskflow_api_etl.py
[2021-09-26 11:53:55,203] {logging_mixin.py:109} INFO - [2021-09-26 11:53:55,202] {dag.py:1834} INFO - Sync 1 DAGs
[2021-09-26 11:53:55,232] {logging_mixin.py:109} INFO - [2021-09-26 11:53:55,232] {dag.py:2287} INFO - Setting next_dagrun for tutorial_taskflow_api_etl to None
[2021-09-26 11:53:55,261] {processor.py:170} INFO - Processing /home/airflow/.local/lib/python3.6/site-packages/airflow/example_dags/tutorial_taskflow_api_etl.py took 0.363 seconds
[2021-09-26 11:54:25,324] {processor.py:162} INFO - Started process (PID=4939) to work on /home/airflow/.local/lib/python3.6/site-packages/airflow/example_dags/tutorial_taskflow_api_etl.py
[2021-09-26 11:54:25,328] {processor.py:613} INFO - Processing file /home/airflow/.local/lib/python3.6/site-packages/airflow/example_dags/tutorial_taskflow_api_etl.py for tasks to queue
[2021-09-26 11:54:25,330] {logging_mixin.py:109} INFO - [2021-09-26 11:54:25,330] {dagbag.py:496} INFO - Filling up the DagBag from /home/airflow/.local/lib/python3.6/site-packages/airflow/example_dags/tutorial_taskflow_api_etl.py
[2021-09-26 11:54:25,355] {processor.py:623} INFO - DAG(s) dict_keys(['tutorial_taskflow_api_etl']) retrieved from /home/airflow/.local/lib/python3.6/site-packages/airflow/example_dags/tutorial_taskflow_api_etl.py
[2021-09-26 11:54:25,597] {logging_mixin.py:109} INFO - [2021-09-26 11:54:25,597] {dag.py:1834} INFO - Sync 1 DAGs
[2021-09-26 11:54:25,617] {logging_mixin.py:109} INFO - [2021-09-26 11:54:25,617] {dag.py:2287} INFO - Setting next_dagrun for tutorial_taskflow_api_etl to None
[2021-09-26 11:54:25,632] {processor.py:170} INFO - Processing /home/airflow/.local/lib/python3.6/site-packages/airflow/example_dags/tutorial_taskflow_api_etl.py took 0.313 seconds
[2021-09-26 11:54:55,908] {processor.py:162} INFO - Started process (PID=4996) to work on /home/airflow/.local/lib/python3.6/site-packages/airflow/example_dags/tutorial_taskflow_api_etl.py
[2021-09-26 11:54:55,917] {processor.py:613} INFO - Processing file /home/airflow/.local/lib/python3.6/site-packages/airflow/example_dags/tutorial_taskflow_api_etl.py for tasks to queue
[2021-09-26 11:54:55,920] {logging_mixin.py:109} INFO - [2021-09-26 11:54:55,920] {dagbag.py:496} INFO - Filling up the DagBag from /home/airflow/.local/lib/python3.6/site-packages/airflow/example_dags/tutorial_taskflow_api_etl.py
[2021-09-26 11:54:55,964] {processor.py:623} INFO - DAG(s) dict_keys(['tutorial_taskflow_api_etl']) retrieved from /home/airflow/.local/lib/python3.6/site-packages/airflow/example_dags/tutorial_taskflow_api_etl.py
[2021-09-26 11:54:56,553] {logging_mixin.py:109} INFO - [2021-09-26 11:54:56,553] {dag.py:1834} INFO - Sync 1 DAGs
[2021-09-26 11:54:56,576] {logging_mixin.py:109} INFO - [2021-09-26 11:54:56,576] {dag.py:2287} INFO - Setting next_dagrun for tutorial_taskflow_api_etl to None
[2021-09-26 11:54:56,606] {processor.py:170} INFO - Processing /home/airflow/.local/lib/python3.6/site-packages/airflow/example_dags/tutorial_taskflow_api_etl.py took 0.715 seconds
[2021-09-26 11:55:26,747] {processor.py:162} INFO - Started process (PID=5066) to work on /home/airflow/.local/lib/python3.6/site-packages/airflow/example_dags/tutorial_taskflow_api_etl.py
[2021-09-26 11:55:26,750] {processor.py:613} INFO - Processing file /home/airflow/.local/lib/python3.6/site-packages/airflow/example_dags/tutorial_taskflow_api_etl.py for tasks to queue
[2021-09-26 11:55:26,753] {logging_mixin.py:109} INFO - [2021-09-26 11:55:26,752] {dagbag.py:496} INFO - Filling up the DagBag from /home/airflow/.local/lib/python3.6/site-packages/airflow/example_dags/tutorial_taskflow_api_etl.py
[2021-09-26 11:55:26,779] {processor.py:623} INFO - DAG(s) dict_keys(['tutorial_taskflow_api_etl']) retrieved from /home/airflow/.local/lib/python3.6/site-packages/airflow/example_dags/tutorial_taskflow_api_etl.py
[2021-09-26 11:55:27,022] {logging_mixin.py:109} INFO - [2021-09-26 11:55:27,022] {dag.py:1834} INFO - Sync 1 DAGs
[2021-09-26 11:55:27,038] {logging_mixin.py:109} INFO - [2021-09-26 11:55:27,038] {dag.py:2287} INFO - Setting next_dagrun for tutorial_taskflow_api_etl to None
[2021-09-26 11:55:27,055] {processor.py:170} INFO - Processing /home/airflow/.local/lib/python3.6/site-packages/airflow/example_dags/tutorial_taskflow_api_etl.py took 0.312 seconds
[2021-09-26 11:55:57,574] {processor.py:162} INFO - Started process (PID=5123) to work on /home/airflow/.local/lib/python3.6/site-packages/airflow/example_dags/tutorial_taskflow_api_etl.py
[2021-09-26 11:55:57,576] {processor.py:613} INFO - Processing file /home/airflow/.local/lib/python3.6/site-packages/airflow/example_dags/tutorial_taskflow_api_etl.py for tasks to queue
[2021-09-26 11:55:57,578] {logging_mixin.py:109} INFO - [2021-09-26 11:55:57,577] {dagbag.py:496} INFO - Filling up the DagBag from /home/airflow/.local/lib/python3.6/site-packages/airflow/example_dags/tutorial_taskflow_api_etl.py
[2021-09-26 11:55:57,595] {processor.py:623} INFO - DAG(s) dict_keys(['tutorial_taskflow_api_etl']) retrieved from /home/airflow/.local/lib/python3.6/site-packages/airflow/example_dags/tutorial_taskflow_api_etl.py
[2021-09-26 11:55:57,803] {logging_mixin.py:109} INFO - [2021-09-26 11:55:57,803] {dag.py:1834} INFO - Sync 1 DAGs
[2021-09-26 11:55:57,815] {logging_mixin.py:109} INFO - [2021-09-26 11:55:57,815] {dag.py:2287} INFO - Setting next_dagrun for tutorial_taskflow_api_etl to None
[2021-09-26 11:55:57,830] {processor.py:170} INFO - Processing /home/airflow/.local/lib/python3.6/site-packages/airflow/example_dags/tutorial_taskflow_api_etl.py took 0.260 seconds
[2021-09-26 11:56:27,927] {processor.py:162} INFO - Started process (PID=5191) to work on /home/airflow/.local/lib/python3.6/site-packages/airflow/example_dags/tutorial_taskflow_api_etl.py
[2021-09-26 11:56:27,929] {processor.py:613} INFO - Processing file /home/airflow/.local/lib/python3.6/site-packages/airflow/example_dags/tutorial_taskflow_api_etl.py for tasks to queue
[2021-09-26 11:56:27,932] {logging_mixin.py:109} INFO - [2021-09-26 11:56:27,931] {dagbag.py:496} INFO - Filling up the DagBag from /home/airflow/.local/lib/python3.6/site-packages/airflow/example_dags/tutorial_taskflow_api_etl.py
[2021-09-26 11:56:27,950] {processor.py:623} INFO - DAG(s) dict_keys(['tutorial_taskflow_api_etl']) retrieved from /home/airflow/.local/lib/python3.6/site-packages/airflow/example_dags/tutorial_taskflow_api_etl.py
[2021-09-26 11:56:28,141] {logging_mixin.py:109} INFO - [2021-09-26 11:56:28,141] {dag.py:1834} INFO - Sync 1 DAGs
[2021-09-26 11:56:28,155] {logging_mixin.py:109} INFO - [2021-09-26 11:56:28,155] {dag.py:2287} INFO - Setting next_dagrun for tutorial_taskflow_api_etl to None
[2021-09-26 11:56:28,182] {processor.py:170} INFO - Processing /home/airflow/.local/lib/python3.6/site-packages/airflow/example_dags/tutorial_taskflow_api_etl.py took 0.260 seconds
[2021-09-26 11:56:58,416] {processor.py:162} INFO - Started process (PID=5259) to work on /home/airflow/.local/lib/python3.6/site-packages/airflow/example_dags/tutorial_taskflow_api_etl.py
[2021-09-26 11:56:58,420] {processor.py:613} INFO - Processing file /home/airflow/.local/lib/python3.6/site-packages/airflow/example_dags/tutorial_taskflow_api_etl.py for tasks to queue
[2021-09-26 11:56:58,421] {logging_mixin.py:109} INFO - [2021-09-26 11:56:58,421] {dagbag.py:496} INFO - Filling up the DagBag from /home/airflow/.local/lib/python3.6/site-packages/airflow/example_dags/tutorial_taskflow_api_etl.py
[2021-09-26 11:56:58,443] {processor.py:623} INFO - DAG(s) dict_keys(['tutorial_taskflow_api_etl']) retrieved from /home/airflow/.local/lib/python3.6/site-packages/airflow/example_dags/tutorial_taskflow_api_etl.py
[2021-09-26 11:56:58,699] {logging_mixin.py:109} INFO - [2021-09-26 11:56:58,699] {dag.py:1834} INFO - Sync 1 DAGs
[2021-09-26 11:56:58,720] {logging_mixin.py:109} INFO - [2021-09-26 11:56:58,720] {dag.py:2287} INFO - Setting next_dagrun for tutorial_taskflow_api_etl to None
[2021-09-26 11:56:58,737] {processor.py:170} INFO - Processing /home/airflow/.local/lib/python3.6/site-packages/airflow/example_dags/tutorial_taskflow_api_etl.py took 0.325 seconds
[2021-09-26 11:57:28,947] {processor.py:162} INFO - Started process (PID=5315) to work on /home/airflow/.local/lib/python3.6/site-packages/airflow/example_dags/tutorial_taskflow_api_etl.py
[2021-09-26 11:57:28,949] {processor.py:613} INFO - Processing file /home/airflow/.local/lib/python3.6/site-packages/airflow/example_dags/tutorial_taskflow_api_etl.py for tasks to queue
[2021-09-26 11:57:28,950] {logging_mixin.py:109} INFO - [2021-09-26 11:57:28,950] {dagbag.py:496} INFO - Filling up the DagBag from /home/airflow/.local/lib/python3.6/site-packages/airflow/example_dags/tutorial_taskflow_api_etl.py
[2021-09-26 11:57:28,967] {processor.py:623} INFO - DAG(s) dict_keys(['tutorial_taskflow_api_etl']) retrieved from /home/airflow/.local/lib/python3.6/site-packages/airflow/example_dags/tutorial_taskflow_api_etl.py
[2021-09-26 11:57:29,146] {logging_mixin.py:109} INFO - [2021-09-26 11:57:29,146] {dag.py:1834} INFO - Sync 1 DAGs
[2021-09-26 11:57:29,160] {logging_mixin.py:109} INFO - [2021-09-26 11:57:29,160] {dag.py:2287} INFO - Setting next_dagrun for tutorial_taskflow_api_etl to None
[2021-09-26 11:57:29,174] {processor.py:170} INFO - Processing /home/airflow/.local/lib/python3.6/site-packages/airflow/example_dags/tutorial_taskflow_api_etl.py took 0.230 seconds
[2021-09-26 11:57:59,522] {processor.py:162} INFO - Started process (PID=5385) to work on /home/airflow/.local/lib/python3.6/site-packages/airflow/example_dags/tutorial_taskflow_api_etl.py
[2021-09-26 11:57:59,526] {processor.py:613} INFO - Processing file /home/airflow/.local/lib/python3.6/site-packages/airflow/example_dags/tutorial_taskflow_api_etl.py for tasks to queue
[2021-09-26 11:57:59,529] {logging_mixin.py:109} INFO - [2021-09-26 11:57:59,528] {dagbag.py:496} INFO - Filling up the DagBag from /home/airflow/.local/lib/python3.6/site-packages/airflow/example_dags/tutorial_taskflow_api_etl.py
[2021-09-26 11:57:59,550] {processor.py:623} INFO - DAG(s) dict_keys(['tutorial_taskflow_api_etl']) retrieved from /home/airflow/.local/lib/python3.6/site-packages/airflow/example_dags/tutorial_taskflow_api_etl.py
[2021-09-26 11:57:59,741] {logging_mixin.py:109} INFO - [2021-09-26 11:57:59,741] {dag.py:1834} INFO - Sync 1 DAGs
[2021-09-26 11:57:59,755] {logging_mixin.py:109} INFO - [2021-09-26 11:57:59,755] {dag.py:2287} INFO - Setting next_dagrun for tutorial_taskflow_api_etl to None
[2021-09-26 11:57:59,768] {processor.py:170} INFO - Processing /home/airflow/.local/lib/python3.6/site-packages/airflow/example_dags/tutorial_taskflow_api_etl.py took 0.254 seconds
[2021-09-26 11:58:29,850] {processor.py:162} INFO - Started process (PID=5443) to work on /home/airflow/.local/lib/python3.6/site-packages/airflow/example_dags/tutorial_taskflow_api_etl.py
[2021-09-26 11:58:29,852] {processor.py:613} INFO - Processing file /home/airflow/.local/lib/python3.6/site-packages/airflow/example_dags/tutorial_taskflow_api_etl.py for tasks to queue
[2021-09-26 11:58:29,854] {logging_mixin.py:109} INFO - [2021-09-26 11:58:29,854] {dagbag.py:496} INFO - Filling up the DagBag from /home/airflow/.local/lib/python3.6/site-packages/airflow/example_dags/tutorial_taskflow_api_etl.py
[2021-09-26 11:58:29,873] {processor.py:623} INFO - DAG(s) dict_keys(['tutorial_taskflow_api_etl']) retrieved from /home/airflow/.local/lib/python3.6/site-packages/airflow/example_dags/tutorial_taskflow_api_etl.py
[2021-09-26 11:58:30,062] {logging_mixin.py:109} INFO - [2021-09-26 11:58:30,061] {dag.py:1834} INFO - Sync 1 DAGs
[2021-09-26 11:58:30,076] {logging_mixin.py:109} INFO - [2021-09-26 11:58:30,076] {dag.py:2287} INFO - Setting next_dagrun for tutorial_taskflow_api_etl to None
[2021-09-26 11:58:30,087] {processor.py:170} INFO - Processing /home/airflow/.local/lib/python3.6/site-packages/airflow/example_dags/tutorial_taskflow_api_etl.py took 0.242 seconds
[2021-09-26 11:59:00,137] {processor.py:162} INFO - Started process (PID=5511) to work on /home/airflow/.local/lib/python3.6/site-packages/airflow/example_dags/tutorial_taskflow_api_etl.py
[2021-09-26 11:59:00,139] {processor.py:613} INFO - Processing file /home/airflow/.local/lib/python3.6/site-packages/airflow/example_dags/tutorial_taskflow_api_etl.py for tasks to queue
[2021-09-26 11:59:00,141] {logging_mixin.py:109} INFO - [2021-09-26 11:59:00,141] {dagbag.py:496} INFO - Filling up the DagBag from /home/airflow/.local/lib/python3.6/site-packages/airflow/example_dags/tutorial_taskflow_api_etl.py
[2021-09-26 11:59:00,160] {processor.py:623} INFO - DAG(s) dict_keys(['tutorial_taskflow_api_etl']) retrieved from /home/airflow/.local/lib/python3.6/site-packages/airflow/example_dags/tutorial_taskflow_api_etl.py
[2021-09-26 11:59:00,350] {logging_mixin.py:109} INFO - [2021-09-26 11:59:00,350] {dag.py:1834} INFO - Sync 1 DAGs
[2021-09-26 11:59:00,363] {logging_mixin.py:109} INFO - [2021-09-26 11:59:00,363] {dag.py:2287} INFO - Setting next_dagrun for tutorial_taskflow_api_etl to None
[2021-09-26 11:59:00,376] {processor.py:170} INFO - Processing /home/airflow/.local/lib/python3.6/site-packages/airflow/example_dags/tutorial_taskflow_api_etl.py took 0.244 seconds
[2021-09-26 11:59:30,821] {processor.py:162} INFO - Started process (PID=5579) to work on /home/airflow/.local/lib/python3.6/site-packages/airflow/example_dags/tutorial_taskflow_api_etl.py
[2021-09-26 11:59:30,830] {processor.py:613} INFO - Processing file /home/airflow/.local/lib/python3.6/site-packages/airflow/example_dags/tutorial_taskflow_api_etl.py for tasks to queue
[2021-09-26 11:59:30,831] {logging_mixin.py:109} INFO - [2021-09-26 11:59:30,831] {dagbag.py:496} INFO - Filling up the DagBag from /home/airflow/.local/lib/python3.6/site-packages/airflow/example_dags/tutorial_taskflow_api_etl.py
[2021-09-26 11:59:30,851] {processor.py:623} INFO - DAG(s) dict_keys(['tutorial_taskflow_api_etl']) retrieved from /home/airflow/.local/lib/python3.6/site-packages/airflow/example_dags/tutorial_taskflow_api_etl.py
[2021-09-26 11:59:31,076] {logging_mixin.py:109} INFO - [2021-09-26 11:59:31,076] {dag.py:1834} INFO - Sync 1 DAGs
[2021-09-26 11:59:31,091] {logging_mixin.py:109} INFO - [2021-09-26 11:59:31,091] {dag.py:2287} INFO - Setting next_dagrun for tutorial_taskflow_api_etl to None
[2021-09-26 11:59:31,103] {processor.py:170} INFO - Processing /home/airflow/.local/lib/python3.6/site-packages/airflow/example_dags/tutorial_taskflow_api_etl.py took 0.286 seconds
[2021-09-26 12:00:01,368] {processor.py:162} INFO - Started process (PID=5637) to work on /home/airflow/.local/lib/python3.6/site-packages/airflow/example_dags/tutorial_taskflow_api_etl.py
[2021-09-26 12:00:01,375] {processor.py:613} INFO - Processing file /home/airflow/.local/lib/python3.6/site-packages/airflow/example_dags/tutorial_taskflow_api_etl.py for tasks to queue
[2021-09-26 12:00:01,379] {logging_mixin.py:109} INFO - [2021-09-26 12:00:01,378] {dagbag.py:496} INFO - Filling up the DagBag from /home/airflow/.local/lib/python3.6/site-packages/airflow/example_dags/tutorial_taskflow_api_etl.py
[2021-09-26 12:00:01,419] {processor.py:623} INFO - DAG(s) dict_keys(['tutorial_taskflow_api_etl']) retrieved from /home/airflow/.local/lib/python3.6/site-packages/airflow/example_dags/tutorial_taskflow_api_etl.py
[2021-09-26 12:00:01,797] {logging_mixin.py:109} INFO - [2021-09-26 12:00:01,797] {dag.py:1834} INFO - Sync 1 DAGs
[2021-09-26 12:00:01,830] {logging_mixin.py:109} INFO - [2021-09-26 12:00:01,830] {dag.py:2287} INFO - Setting next_dagrun for tutorial_taskflow_api_etl to None
[2021-09-26 12:00:01,854] {processor.py:170} INFO - Processing /home/airflow/.local/lib/python3.6/site-packages/airflow/example_dags/tutorial_taskflow_api_etl.py took 0.509 seconds
[2021-09-26 12:00:32,811] {processor.py:162} INFO - Started process (PID=5706) to work on /home/airflow/.local/lib/python3.6/site-packages/airflow/example_dags/tutorial_taskflow_api_etl.py
[2021-09-26 12:00:32,814] {processor.py:613} INFO - Processing file /home/airflow/.local/lib/python3.6/site-packages/airflow/example_dags/tutorial_taskflow_api_etl.py for tasks to queue
[2021-09-26 12:00:32,816] {logging_mixin.py:109} INFO - [2021-09-26 12:00:32,815] {dagbag.py:496} INFO - Filling up the DagBag from /home/airflow/.local/lib/python3.6/site-packages/airflow/example_dags/tutorial_taskflow_api_etl.py
[2021-09-26 12:00:32,835] {processor.py:623} INFO - DAG(s) dict_keys(['tutorial_taskflow_api_etl']) retrieved from /home/airflow/.local/lib/python3.6/site-packages/airflow/example_dags/tutorial_taskflow_api_etl.py
[2021-09-26 12:00:33,019] {logging_mixin.py:109} INFO - [2021-09-26 12:00:33,019] {dag.py:1834} INFO - Sync 1 DAGs
[2021-09-26 12:00:33,033] {logging_mixin.py:109} INFO - [2021-09-26 12:00:33,033] {dag.py:2287} INFO - Setting next_dagrun for tutorial_taskflow_api_etl to None
[2021-09-26 12:00:33,048] {processor.py:170} INFO - Processing /home/airflow/.local/lib/python3.6/site-packages/airflow/example_dags/tutorial_taskflow_api_etl.py took 0.242 seconds
[2021-09-26 12:01:03,185] {processor.py:162} INFO - Started process (PID=5763) to work on /home/airflow/.local/lib/python3.6/site-packages/airflow/example_dags/tutorial_taskflow_api_etl.py
[2021-09-26 12:01:03,188] {processor.py:613} INFO - Processing file /home/airflow/.local/lib/python3.6/site-packages/airflow/example_dags/tutorial_taskflow_api_etl.py for tasks to queue
[2021-09-26 12:01:03,190] {logging_mixin.py:109} INFO - [2021-09-26 12:01:03,190] {dagbag.py:496} INFO - Filling up the DagBag from /home/airflow/.local/lib/python3.6/site-packages/airflow/example_dags/tutorial_taskflow_api_etl.py
[2021-09-26 12:01:03,218] {processor.py:623} INFO - DAG(s) dict_keys(['tutorial_taskflow_api_etl']) retrieved from /home/airflow/.local/lib/python3.6/site-packages/airflow/example_dags/tutorial_taskflow_api_etl.py
[2021-09-26 12:01:03,448] {logging_mixin.py:109} INFO - [2021-09-26 12:01:03,448] {dag.py:1834} INFO - Sync 1 DAGs
[2021-09-26 12:01:03,463] {logging_mixin.py:109} INFO - [2021-09-26 12:01:03,463] {dag.py:2287} INFO - Setting next_dagrun for tutorial_taskflow_api_etl to None
[2021-09-26 12:01:03,478] {processor.py:170} INFO - Processing /home/airflow/.local/lib/python3.6/site-packages/airflow/example_dags/tutorial_taskflow_api_etl.py took 0.297 seconds
[2021-09-26 12:01:33,633] {processor.py:162} INFO - Started process (PID=5832) to work on /home/airflow/.local/lib/python3.6/site-packages/airflow/example_dags/tutorial_taskflow_api_etl.py
[2021-09-26 12:01:33,635] {processor.py:613} INFO - Processing file /home/airflow/.local/lib/python3.6/site-packages/airflow/example_dags/tutorial_taskflow_api_etl.py for tasks to queue
[2021-09-26 12:01:33,637] {logging_mixin.py:109} INFO - [2021-09-26 12:01:33,637] {dagbag.py:496} INFO - Filling up the DagBag from /home/airflow/.local/lib/python3.6/site-packages/airflow/example_dags/tutorial_taskflow_api_etl.py
[2021-09-26 12:01:33,655] {processor.py:623} INFO - DAG(s) dict_keys(['tutorial_taskflow_api_etl']) retrieved from /home/airflow/.local/lib/python3.6/site-packages/airflow/example_dags/tutorial_taskflow_api_etl.py
[2021-09-26 12:01:33,840] {logging_mixin.py:109} INFO - [2021-09-26 12:01:33,840] {dag.py:1834} INFO - Sync 1 DAGs
[2021-09-26 12:01:33,853] {logging_mixin.py:109} INFO - [2021-09-26 12:01:33,853] {dag.py:2287} INFO - Setting next_dagrun for tutorial_taskflow_api_etl to None
[2021-09-26 12:01:33,871] {processor.py:170} INFO - Processing /home/airflow/.local/lib/python3.6/site-packages/airflow/example_dags/tutorial_taskflow_api_etl.py took 0.242 seconds
[2021-09-26 12:02:04,627] {processor.py:162} INFO - Started process (PID=5901) to work on /home/airflow/.local/lib/python3.6/site-packages/airflow/example_dags/tutorial_taskflow_api_etl.py
[2021-09-26 12:02:04,629] {processor.py:613} INFO - Processing file /home/airflow/.local/lib/python3.6/site-packages/airflow/example_dags/tutorial_taskflow_api_etl.py for tasks to queue
[2021-09-26 12:02:04,631] {logging_mixin.py:109} INFO - [2021-09-26 12:02:04,631] {dagbag.py:496} INFO - Filling up the DagBag from /home/airflow/.local/lib/python3.6/site-packages/airflow/example_dags/tutorial_taskflow_api_etl.py
[2021-09-26 12:02:04,650] {processor.py:623} INFO - DAG(s) dict_keys(['tutorial_taskflow_api_etl']) retrieved from /home/airflow/.local/lib/python3.6/site-packages/airflow/example_dags/tutorial_taskflow_api_etl.py
[2021-09-26 12:02:04,864] {logging_mixin.py:109} INFO - [2021-09-26 12:02:04,864] {dag.py:1834} INFO - Sync 1 DAGs
[2021-09-26 12:02:04,878] {logging_mixin.py:109} INFO - [2021-09-26 12:02:04,878] {dag.py:2287} INFO - Setting next_dagrun for tutorial_taskflow_api_etl to None
[2021-09-26 12:02:04,891] {processor.py:170} INFO - Processing /home/airflow/.local/lib/python3.6/site-packages/airflow/example_dags/tutorial_taskflow_api_etl.py took 0.270 seconds
[2021-09-26 12:02:35,650] {processor.py:162} INFO - Started process (PID=5957) to work on /home/airflow/.local/lib/python3.6/site-packages/airflow/example_dags/tutorial_taskflow_api_etl.py
[2021-09-26 12:02:35,653] {processor.py:613} INFO - Processing file /home/airflow/.local/lib/python3.6/site-packages/airflow/example_dags/tutorial_taskflow_api_etl.py for tasks to queue
[2021-09-26 12:02:35,654] {logging_mixin.py:109} INFO - [2021-09-26 12:02:35,654] {dagbag.py:496} INFO - Filling up the DagBag from /home/airflow/.local/lib/python3.6/site-packages/airflow/example_dags/tutorial_taskflow_api_etl.py
[2021-09-26 12:02:35,675] {processor.py:623} INFO - DAG(s) dict_keys(['tutorial_taskflow_api_etl']) retrieved from /home/airflow/.local/lib/python3.6/site-packages/airflow/example_dags/tutorial_taskflow_api_etl.py
[2021-09-26 12:02:35,860] {logging_mixin.py:109} INFO - [2021-09-26 12:02:35,859] {dag.py:1834} INFO - Sync 1 DAGs
[2021-09-26 12:02:35,872] {logging_mixin.py:109} INFO - [2021-09-26 12:02:35,872] {dag.py:2287} INFO - Setting next_dagrun for tutorial_taskflow_api_etl to None
[2021-09-26 12:02:35,889] {processor.py:170} INFO - Processing /home/airflow/.local/lib/python3.6/site-packages/airflow/example_dags/tutorial_taskflow_api_etl.py took 0.244 seconds
[2021-09-26 12:03:06,133] {processor.py:162} INFO - Started process (PID=6025) to work on /home/airflow/.local/lib/python3.6/site-packages/airflow/example_dags/tutorial_taskflow_api_etl.py
[2021-09-26 12:03:06,136] {processor.py:613} INFO - Processing file /home/airflow/.local/lib/python3.6/site-packages/airflow/example_dags/tutorial_taskflow_api_etl.py for tasks to queue
[2021-09-26 12:03:06,138] {logging_mixin.py:109} INFO - [2021-09-26 12:03:06,138] {dagbag.py:496} INFO - Filling up the DagBag from /home/airflow/.local/lib/python3.6/site-packages/airflow/example_dags/tutorial_taskflow_api_etl.py
[2021-09-26 12:03:06,162] {processor.py:623} INFO - DAG(s) dict_keys(['tutorial_taskflow_api_etl']) retrieved from /home/airflow/.local/lib/python3.6/site-packages/airflow/example_dags/tutorial_taskflow_api_etl.py
[2021-09-26 12:03:06,427] {logging_mixin.py:109} INFO - [2021-09-26 12:03:06,427] {dag.py:1834} INFO - Sync 1 DAGs
[2021-09-26 12:03:06,442] {logging_mixin.py:109} INFO - [2021-09-26 12:03:06,442] {dag.py:2287} INFO - Setting next_dagrun for tutorial_taskflow_api_etl to None
[2021-09-26 12:03:06,456] {processor.py:170} INFO - Processing /home/airflow/.local/lib/python3.6/site-packages/airflow/example_dags/tutorial_taskflow_api_etl.py took 0.328 seconds
[2021-09-26 12:03:37,456] {processor.py:162} INFO - Started process (PID=6094) to work on /home/airflow/.local/lib/python3.6/site-packages/airflow/example_dags/tutorial_taskflow_api_etl.py
[2021-09-26 12:03:37,459] {processor.py:613} INFO - Processing file /home/airflow/.local/lib/python3.6/site-packages/airflow/example_dags/tutorial_taskflow_api_etl.py for tasks to queue
[2021-09-26 12:03:37,461] {logging_mixin.py:109} INFO - [2021-09-26 12:03:37,461] {dagbag.py:496} INFO - Filling up the DagBag from /home/airflow/.local/lib/python3.6/site-packages/airflow/example_dags/tutorial_taskflow_api_etl.py
[2021-09-26 12:03:37,487] {processor.py:623} INFO - DAG(s) dict_keys(['tutorial_taskflow_api_etl']) retrieved from /home/airflow/.local/lib/python3.6/site-packages/airflow/example_dags/tutorial_taskflow_api_etl.py
[2021-09-26 12:03:37,732] {logging_mixin.py:109} INFO - [2021-09-26 12:03:37,731] {dag.py:1834} INFO - Sync 1 DAGs
[2021-09-26 12:03:37,749] {logging_mixin.py:109} INFO - [2021-09-26 12:03:37,749] {dag.py:2287} INFO - Setting next_dagrun for tutorial_taskflow_api_etl to None
[2021-09-26 12:03:37,768] {processor.py:170} INFO - Processing /home/airflow/.local/lib/python3.6/site-packages/airflow/example_dags/tutorial_taskflow_api_etl.py took 0.317 seconds
[2021-09-26 12:04:08,067] {processor.py:162} INFO - Started process (PID=6150) to work on /home/airflow/.local/lib/python3.6/site-packages/airflow/example_dags/tutorial_taskflow_api_etl.py
[2021-09-26 12:04:08,070] {processor.py:613} INFO - Processing file /home/airflow/.local/lib/python3.6/site-packages/airflow/example_dags/tutorial_taskflow_api_etl.py for tasks to queue
[2021-09-26 12:04:08,071] {logging_mixin.py:109} INFO - [2021-09-26 12:04:08,071] {dagbag.py:496} INFO - Filling up the DagBag from /home/airflow/.local/lib/python3.6/site-packages/airflow/example_dags/tutorial_taskflow_api_etl.py
[2021-09-26 12:04:08,091] {processor.py:623} INFO - DAG(s) dict_keys(['tutorial_taskflow_api_etl']) retrieved from /home/airflow/.local/lib/python3.6/site-packages/airflow/example_dags/tutorial_taskflow_api_etl.py
[2021-09-26 12:04:08,310] {logging_mixin.py:109} INFO - [2021-09-26 12:04:08,309] {dag.py:1834} INFO - Sync 1 DAGs
[2021-09-26 12:04:08,325] {logging_mixin.py:109} INFO - [2021-09-26 12:04:08,325] {dag.py:2287} INFO - Setting next_dagrun for tutorial_taskflow_api_etl to None
[2021-09-26 12:04:08,355] {processor.py:170} INFO - Processing /home/airflow/.local/lib/python3.6/site-packages/airflow/example_dags/tutorial_taskflow_api_etl.py took 0.293 seconds
[2021-09-26 12:04:38,526] {processor.py:162} INFO - Started process (PID=6220) to work on /home/airflow/.local/lib/python3.6/site-packages/airflow/example_dags/tutorial_taskflow_api_etl.py
[2021-09-26 12:04:38,528] {processor.py:613} INFO - Processing file /home/airflow/.local/lib/python3.6/site-packages/airflow/example_dags/tutorial_taskflow_api_etl.py for tasks to queue
[2021-09-26 12:04:38,530] {logging_mixin.py:109} INFO - [2021-09-26 12:04:38,530] {dagbag.py:496} INFO - Filling up the DagBag from /home/airflow/.local/lib/python3.6/site-packages/airflow/example_dags/tutorial_taskflow_api_etl.py
[2021-09-26 12:04:38,549] {processor.py:623} INFO - DAG(s) dict_keys(['tutorial_taskflow_api_etl']) retrieved from /home/airflow/.local/lib/python3.6/site-packages/airflow/example_dags/tutorial_taskflow_api_etl.py
[2021-09-26 12:04:38,732] {logging_mixin.py:109} INFO - [2021-09-26 12:04:38,732] {dag.py:1834} INFO - Sync 1 DAGs
[2021-09-26 12:04:38,745] {logging_mixin.py:109} INFO - [2021-09-26 12:04:38,745] {dag.py:2287} INFO - Setting next_dagrun for tutorial_taskflow_api_etl to None
[2021-09-26 12:04:38,757] {processor.py:170} INFO - Processing /home/airflow/.local/lib/python3.6/site-packages/airflow/example_dags/tutorial_taskflow_api_etl.py took 0.237 seconds
[2021-09-26 12:05:08,888] {processor.py:162} INFO - Started process (PID=6278) to work on /home/airflow/.local/lib/python3.6/site-packages/airflow/example_dags/tutorial_taskflow_api_etl.py
[2021-09-26 12:05:08,890] {processor.py:613} INFO - Processing file /home/airflow/.local/lib/python3.6/site-packages/airflow/example_dags/tutorial_taskflow_api_etl.py for tasks to queue
[2021-09-26 12:05:08,891] {logging_mixin.py:109} INFO - [2021-09-26 12:05:08,891] {dagbag.py:496} INFO - Filling up the DagBag from /home/airflow/.local/lib/python3.6/site-packages/airflow/example_dags/tutorial_taskflow_api_etl.py
[2021-09-26 12:05:08,918] {processor.py:623} INFO - DAG(s) dict_keys(['tutorial_taskflow_api_etl']) retrieved from /home/airflow/.local/lib/python3.6/site-packages/airflow/example_dags/tutorial_taskflow_api_etl.py
[2021-09-26 12:05:09,124] {logging_mixin.py:109} INFO - [2021-09-26 12:05:09,123] {dag.py:1834} INFO - Sync 1 DAGs
[2021-09-26 12:05:09,149] {logging_mixin.py:109} INFO - [2021-09-26 12:05:09,149] {dag.py:2287} INFO - Setting next_dagrun for tutorial_taskflow_api_etl to None
[2021-09-26 12:05:09,163] {processor.py:170} INFO - Processing /home/airflow/.local/lib/python3.6/site-packages/airflow/example_dags/tutorial_taskflow_api_etl.py took 0.282 seconds
[2021-09-26 12:05:40,071] {processor.py:162} INFO - Started process (PID=6348) to work on /home/airflow/.local/lib/python3.6/site-packages/airflow/example_dags/tutorial_taskflow_api_etl.py
[2021-09-26 12:05:40,073] {processor.py:613} INFO - Processing file /home/airflow/.local/lib/python3.6/site-packages/airflow/example_dags/tutorial_taskflow_api_etl.py for tasks to queue
[2021-09-26 12:05:40,075] {logging_mixin.py:109} INFO - [2021-09-26 12:05:40,075] {dagbag.py:496} INFO - Filling up the DagBag from /home/airflow/.local/lib/python3.6/site-packages/airflow/example_dags/tutorial_taskflow_api_etl.py
[2021-09-26 12:05:40,093] {processor.py:623} INFO - DAG(s) dict_keys(['tutorial_taskflow_api_etl']) retrieved from /home/airflow/.local/lib/python3.6/site-packages/airflow/example_dags/tutorial_taskflow_api_etl.py
[2021-09-26 12:05:40,311] {logging_mixin.py:109} INFO - [2021-09-26 12:05:40,311] {dag.py:1834} INFO - Sync 1 DAGs
[2021-09-26 12:05:40,323] {logging_mixin.py:109} INFO - [2021-09-26 12:05:40,323] {dag.py:2287} INFO - Setting next_dagrun for tutorial_taskflow_api_etl to None
[2021-09-26 12:05:40,335] {processor.py:170} INFO - Processing /home/airflow/.local/lib/python3.6/site-packages/airflow/example_dags/tutorial_taskflow_api_etl.py took 0.268 seconds
[2021-09-26 12:06:10,672] {processor.py:162} INFO - Started process (PID=6417) to work on /home/airflow/.local/lib/python3.6/site-packages/airflow/example_dags/tutorial_taskflow_api_etl.py
[2021-09-26 12:06:10,674] {processor.py:613} INFO - Processing file /home/airflow/.local/lib/python3.6/site-packages/airflow/example_dags/tutorial_taskflow_api_etl.py for tasks to queue
[2021-09-26 12:06:10,679] {logging_mixin.py:109} INFO - [2021-09-26 12:06:10,679] {dagbag.py:496} INFO - Filling up the DagBag from /home/airflow/.local/lib/python3.6/site-packages/airflow/example_dags/tutorial_taskflow_api_etl.py
[2021-09-26 12:06:10,720] {processor.py:623} INFO - DAG(s) dict_keys(['tutorial_taskflow_api_etl']) retrieved from /home/airflow/.local/lib/python3.6/site-packages/airflow/example_dags/tutorial_taskflow_api_etl.py
[2021-09-26 12:06:10,919] {logging_mixin.py:109} INFO - [2021-09-26 12:06:10,919] {dag.py:1834} INFO - Sync 1 DAGs
[2021-09-26 12:06:10,936] {logging_mixin.py:109} INFO - [2021-09-26 12:06:10,936] {dag.py:2287} INFO - Setting next_dagrun for tutorial_taskflow_api_etl to None
[2021-09-26 12:06:10,951] {processor.py:170} INFO - Processing /home/airflow/.local/lib/python3.6/site-packages/airflow/example_dags/tutorial_taskflow_api_etl.py took 0.283 seconds
