[2021-09-26 11:46:55,769] {processor.py:162} INFO - Started process (PID=4014) to work on /home/airflow/.local/lib/python3.6/site-packages/airflow/example_dags/tutorial_etl_dag.py
[2021-09-26 11:46:55,772] {processor.py:613} INFO - Processing file /home/airflow/.local/lib/python3.6/site-packages/airflow/example_dags/tutorial_etl_dag.py for tasks to queue
[2021-09-26 11:46:55,774] {logging_mixin.py:109} INFO - [2021-09-26 11:46:55,774] {dagbag.py:496} INFO - Filling up the DagBag from /home/airflow/.local/lib/python3.6/site-packages/airflow/example_dags/tutorial_etl_dag.py
[2021-09-26 11:46:55,795] {processor.py:623} INFO - DAG(s) dict_keys(['tutorial_etl_dag']) retrieved from /home/airflow/.local/lib/python3.6/site-packages/airflow/example_dags/tutorial_etl_dag.py
[2021-09-26 11:46:55,830] {logging_mixin.py:109} INFO - [2021-09-26 11:46:55,830] {dag.py:1834} INFO - Sync 1 DAGs
[2021-09-26 11:46:55,850] {logging_mixin.py:109} INFO - [2021-09-26 11:46:55,850] {dag.py:2287} INFO - Setting next_dagrun for tutorial_etl_dag to None
[2021-09-26 11:46:55,878] {processor.py:170} INFO - Processing /home/airflow/.local/lib/python3.6/site-packages/airflow/example_dags/tutorial_etl_dag.py took 0.116 seconds
[2021-09-26 11:47:26,116] {processor.py:162} INFO - Started process (PID=4070) to work on /home/airflow/.local/lib/python3.6/site-packages/airflow/example_dags/tutorial_etl_dag.py
[2021-09-26 11:47:26,119] {processor.py:613} INFO - Processing file /home/airflow/.local/lib/python3.6/site-packages/airflow/example_dags/tutorial_etl_dag.py for tasks to queue
[2021-09-26 11:47:26,121] {logging_mixin.py:109} INFO - [2021-09-26 11:47:26,121] {dagbag.py:496} INFO - Filling up the DagBag from /home/airflow/.local/lib/python3.6/site-packages/airflow/example_dags/tutorial_etl_dag.py
[2021-09-26 11:47:26,139] {processor.py:623} INFO - DAG(s) dict_keys(['tutorial_etl_dag']) retrieved from /home/airflow/.local/lib/python3.6/site-packages/airflow/example_dags/tutorial_etl_dag.py
[2021-09-26 11:47:26,172] {logging_mixin.py:109} INFO - [2021-09-26 11:47:26,172] {dag.py:1834} INFO - Sync 1 DAGs
[2021-09-26 11:47:26,195] {logging_mixin.py:109} INFO - [2021-09-26 11:47:26,194] {dag.py:2287} INFO - Setting next_dagrun for tutorial_etl_dag to None
[2021-09-26 11:47:26,212] {processor.py:170} INFO - Processing /home/airflow/.local/lib/python3.6/site-packages/airflow/example_dags/tutorial_etl_dag.py took 0.101 seconds
[2021-09-26 11:47:56,351] {processor.py:162} INFO - Started process (PID=4126) to work on /home/airflow/.local/lib/python3.6/site-packages/airflow/example_dags/tutorial_etl_dag.py
[2021-09-26 11:47:56,354] {processor.py:613} INFO - Processing file /home/airflow/.local/lib/python3.6/site-packages/airflow/example_dags/tutorial_etl_dag.py for tasks to queue
[2021-09-26 11:47:56,357] {logging_mixin.py:109} INFO - [2021-09-26 11:47:56,356] {dagbag.py:496} INFO - Filling up the DagBag from /home/airflow/.local/lib/python3.6/site-packages/airflow/example_dags/tutorial_etl_dag.py
[2021-09-26 11:47:56,378] {processor.py:623} INFO - DAG(s) dict_keys(['tutorial_etl_dag']) retrieved from /home/airflow/.local/lib/python3.6/site-packages/airflow/example_dags/tutorial_etl_dag.py
[2021-09-26 11:47:56,411] {logging_mixin.py:109} INFO - [2021-09-26 11:47:56,411] {dag.py:1834} INFO - Sync 1 DAGs
[2021-09-26 11:47:56,432] {logging_mixin.py:109} INFO - [2021-09-26 11:47:56,432] {dag.py:2287} INFO - Setting next_dagrun for tutorial_etl_dag to None
[2021-09-26 11:47:56,449] {processor.py:170} INFO - Processing /home/airflow/.local/lib/python3.6/site-packages/airflow/example_dags/tutorial_etl_dag.py took 0.104 seconds
[2021-09-26 11:48:26,548] {processor.py:162} INFO - Started process (PID=4197) to work on /home/airflow/.local/lib/python3.6/site-packages/airflow/example_dags/tutorial_etl_dag.py
[2021-09-26 11:48:26,551] {processor.py:613} INFO - Processing file /home/airflow/.local/lib/python3.6/site-packages/airflow/example_dags/tutorial_etl_dag.py for tasks to queue
[2021-09-26 11:48:26,553] {logging_mixin.py:109} INFO - [2021-09-26 11:48:26,553] {dagbag.py:496} INFO - Filling up the DagBag from /home/airflow/.local/lib/python3.6/site-packages/airflow/example_dags/tutorial_etl_dag.py
[2021-09-26 11:48:26,569] {processor.py:623} INFO - DAG(s) dict_keys(['tutorial_etl_dag']) retrieved from /home/airflow/.local/lib/python3.6/site-packages/airflow/example_dags/tutorial_etl_dag.py
[2021-09-26 11:48:26,601] {logging_mixin.py:109} INFO - [2021-09-26 11:48:26,601] {dag.py:1834} INFO - Sync 1 DAGs
[2021-09-26 11:48:26,618] {logging_mixin.py:109} INFO - [2021-09-26 11:48:26,618] {dag.py:2287} INFO - Setting next_dagrun for tutorial_etl_dag to None
[2021-09-26 11:48:26,632] {processor.py:170} INFO - Processing /home/airflow/.local/lib/python3.6/site-packages/airflow/example_dags/tutorial_etl_dag.py took 0.088 seconds
[2021-09-26 11:48:56,987] {processor.py:162} INFO - Started process (PID=4253) to work on /home/airflow/.local/lib/python3.6/site-packages/airflow/example_dags/tutorial_etl_dag.py
[2021-09-26 11:48:56,990] {processor.py:613} INFO - Processing file /home/airflow/.local/lib/python3.6/site-packages/airflow/example_dags/tutorial_etl_dag.py for tasks to queue
[2021-09-26 11:48:56,992] {logging_mixin.py:109} INFO - [2021-09-26 11:48:56,992] {dagbag.py:496} INFO - Filling up the DagBag from /home/airflow/.local/lib/python3.6/site-packages/airflow/example_dags/tutorial_etl_dag.py
[2021-09-26 11:48:57,010] {processor.py:623} INFO - DAG(s) dict_keys(['tutorial_etl_dag']) retrieved from /home/airflow/.local/lib/python3.6/site-packages/airflow/example_dags/tutorial_etl_dag.py
[2021-09-26 11:48:57,038] {logging_mixin.py:109} INFO - [2021-09-26 11:48:57,038] {dag.py:1834} INFO - Sync 1 DAGs
[2021-09-26 11:48:57,057] {logging_mixin.py:109} INFO - [2021-09-26 11:48:57,057] {dag.py:2287} INFO - Setting next_dagrun for tutorial_etl_dag to None
[2021-09-26 11:48:57,074] {processor.py:170} INFO - Processing /home/airflow/.local/lib/python3.6/site-packages/airflow/example_dags/tutorial_etl_dag.py took 0.090 seconds
[2021-09-26 11:49:27,672] {processor.py:162} INFO - Started process (PID=4322) to work on /home/airflow/.local/lib/python3.6/site-packages/airflow/example_dags/tutorial_etl_dag.py
[2021-09-26 11:49:27,675] {processor.py:613} INFO - Processing file /home/airflow/.local/lib/python3.6/site-packages/airflow/example_dags/tutorial_etl_dag.py for tasks to queue
[2021-09-26 11:49:27,677] {logging_mixin.py:109} INFO - [2021-09-26 11:49:27,676] {dagbag.py:496} INFO - Filling up the DagBag from /home/airflow/.local/lib/python3.6/site-packages/airflow/example_dags/tutorial_etl_dag.py
[2021-09-26 11:49:27,693] {processor.py:623} INFO - DAG(s) dict_keys(['tutorial_etl_dag']) retrieved from /home/airflow/.local/lib/python3.6/site-packages/airflow/example_dags/tutorial_etl_dag.py
[2021-09-26 11:49:27,717] {logging_mixin.py:109} INFO - [2021-09-26 11:49:27,717] {dag.py:1834} INFO - Sync 1 DAGs
[2021-09-26 11:49:27,732] {logging_mixin.py:109} INFO - [2021-09-26 11:49:27,732] {dag.py:2287} INFO - Setting next_dagrun for tutorial_etl_dag to None
[2021-09-26 11:49:27,744] {processor.py:170} INFO - Processing /home/airflow/.local/lib/python3.6/site-packages/airflow/example_dags/tutorial_etl_dag.py took 0.076 seconds
[2021-09-26 11:49:58,467] {processor.py:162} INFO - Started process (PID=4390) to work on /home/airflow/.local/lib/python3.6/site-packages/airflow/example_dags/tutorial_etl_dag.py
[2021-09-26 11:49:58,469] {processor.py:613} INFO - Processing file /home/airflow/.local/lib/python3.6/site-packages/airflow/example_dags/tutorial_etl_dag.py for tasks to queue
[2021-09-26 11:49:58,470] {logging_mixin.py:109} INFO - [2021-09-26 11:49:58,470] {dagbag.py:496} INFO - Filling up the DagBag from /home/airflow/.local/lib/python3.6/site-packages/airflow/example_dags/tutorial_etl_dag.py
[2021-09-26 11:49:58,487] {processor.py:623} INFO - DAG(s) dict_keys(['tutorial_etl_dag']) retrieved from /home/airflow/.local/lib/python3.6/site-packages/airflow/example_dags/tutorial_etl_dag.py
[2021-09-26 11:49:58,523] {logging_mixin.py:109} INFO - [2021-09-26 11:49:58,522] {dag.py:1834} INFO - Sync 1 DAGs
[2021-09-26 11:49:58,540] {logging_mixin.py:109} INFO - [2021-09-26 11:49:58,539] {dag.py:2287} INFO - Setting next_dagrun for tutorial_etl_dag to None
[2021-09-26 11:49:58,554] {processor.py:170} INFO - Processing /home/airflow/.local/lib/python3.6/site-packages/airflow/example_dags/tutorial_etl_dag.py took 0.091 seconds
[2021-09-26 11:50:29,360] {processor.py:162} INFO - Started process (PID=4449) to work on /home/airflow/.local/lib/python3.6/site-packages/airflow/example_dags/tutorial_etl_dag.py
[2021-09-26 11:50:29,362] {processor.py:613} INFO - Processing file /home/airflow/.local/lib/python3.6/site-packages/airflow/example_dags/tutorial_etl_dag.py for tasks to queue
[2021-09-26 11:50:29,364] {logging_mixin.py:109} INFO - [2021-09-26 11:50:29,363] {dagbag.py:496} INFO - Filling up the DagBag from /home/airflow/.local/lib/python3.6/site-packages/airflow/example_dags/tutorial_etl_dag.py
[2021-09-26 11:50:29,381] {processor.py:623} INFO - DAG(s) dict_keys(['tutorial_etl_dag']) retrieved from /home/airflow/.local/lib/python3.6/site-packages/airflow/example_dags/tutorial_etl_dag.py
[2021-09-26 11:50:29,407] {logging_mixin.py:109} INFO - [2021-09-26 11:50:29,407] {dag.py:1834} INFO - Sync 1 DAGs
[2021-09-26 11:50:29,422] {logging_mixin.py:109} INFO - [2021-09-26 11:50:29,422] {dag.py:2287} INFO - Setting next_dagrun for tutorial_etl_dag to None
[2021-09-26 11:50:29,434] {processor.py:170} INFO - Processing /home/airflow/.local/lib/python3.6/site-packages/airflow/example_dags/tutorial_etl_dag.py took 0.079 seconds
[2021-09-26 11:50:59,803] {processor.py:162} INFO - Started process (PID=4519) to work on /home/airflow/.local/lib/python3.6/site-packages/airflow/example_dags/tutorial_etl_dag.py
[2021-09-26 11:50:59,815] {processor.py:613} INFO - Processing file /home/airflow/.local/lib/python3.6/site-packages/airflow/example_dags/tutorial_etl_dag.py for tasks to queue
[2021-09-26 11:50:59,821] {logging_mixin.py:109} INFO - [2021-09-26 11:50:59,819] {dagbag.py:496} INFO - Filling up the DagBag from /home/airflow/.local/lib/python3.6/site-packages/airflow/example_dags/tutorial_etl_dag.py
[2021-09-26 11:50:59,846] {processor.py:623} INFO - DAG(s) dict_keys(['tutorial_etl_dag']) retrieved from /home/airflow/.local/lib/python3.6/site-packages/airflow/example_dags/tutorial_etl_dag.py
[2021-09-26 11:50:59,878] {logging_mixin.py:109} INFO - [2021-09-26 11:50:59,878] {dag.py:1834} INFO - Sync 1 DAGs
[2021-09-26 11:50:59,908] {logging_mixin.py:109} INFO - [2021-09-26 11:50:59,907] {dag.py:2287} INFO - Setting next_dagrun for tutorial_etl_dag to None
[2021-09-26 11:50:59,930] {processor.py:170} INFO - Processing /home/airflow/.local/lib/python3.6/site-packages/airflow/example_dags/tutorial_etl_dag.py took 0.136 seconds
[2021-09-26 11:51:30,404] {processor.py:162} INFO - Started process (PID=4578) to work on /home/airflow/.local/lib/python3.6/site-packages/airflow/example_dags/tutorial_etl_dag.py
[2021-09-26 11:51:30,409] {processor.py:613} INFO - Processing file /home/airflow/.local/lib/python3.6/site-packages/airflow/example_dags/tutorial_etl_dag.py for tasks to queue
[2021-09-26 11:51:30,412] {logging_mixin.py:109} INFO - [2021-09-26 11:51:30,412] {dagbag.py:496} INFO - Filling up the DagBag from /home/airflow/.local/lib/python3.6/site-packages/airflow/example_dags/tutorial_etl_dag.py
[2021-09-26 11:51:30,432] {processor.py:623} INFO - DAG(s) dict_keys(['tutorial_etl_dag']) retrieved from /home/airflow/.local/lib/python3.6/site-packages/airflow/example_dags/tutorial_etl_dag.py
[2021-09-26 11:51:30,462] {logging_mixin.py:109} INFO - [2021-09-26 11:51:30,461] {dag.py:1834} INFO - Sync 1 DAGs
[2021-09-26 11:51:30,481] {logging_mixin.py:109} INFO - [2021-09-26 11:51:30,481] {dag.py:2287} INFO - Setting next_dagrun for tutorial_etl_dag to None
[2021-09-26 11:51:30,494] {processor.py:170} INFO - Processing /home/airflow/.local/lib/python3.6/site-packages/airflow/example_dags/tutorial_etl_dag.py took 0.096 seconds
[2021-09-26 11:52:00,901] {processor.py:162} INFO - Started process (PID=4647) to work on /home/airflow/.local/lib/python3.6/site-packages/airflow/example_dags/tutorial_etl_dag.py
[2021-09-26 11:52:00,908] {processor.py:613} INFO - Processing file /home/airflow/.local/lib/python3.6/site-packages/airflow/example_dags/tutorial_etl_dag.py for tasks to queue
[2021-09-26 11:52:00,912] {logging_mixin.py:109} INFO - [2021-09-26 11:52:00,911] {dagbag.py:496} INFO - Filling up the DagBag from /home/airflow/.local/lib/python3.6/site-packages/airflow/example_dags/tutorial_etl_dag.py
[2021-09-26 11:52:00,936] {processor.py:623} INFO - DAG(s) dict_keys(['tutorial_etl_dag']) retrieved from /home/airflow/.local/lib/python3.6/site-packages/airflow/example_dags/tutorial_etl_dag.py
[2021-09-26 11:52:00,982] {logging_mixin.py:109} INFO - [2021-09-26 11:52:00,982] {dag.py:1834} INFO - Sync 1 DAGs
[2021-09-26 11:52:01,013] {logging_mixin.py:109} INFO - [2021-09-26 11:52:01,013] {dag.py:2287} INFO - Setting next_dagrun for tutorial_etl_dag to None
[2021-09-26 11:52:01,029] {processor.py:170} INFO - Processing /home/airflow/.local/lib/python3.6/site-packages/airflow/example_dags/tutorial_etl_dag.py took 0.138 seconds
[2021-09-26 11:52:31,112] {processor.py:162} INFO - Started process (PID=4704) to work on /home/airflow/.local/lib/python3.6/site-packages/airflow/example_dags/tutorial_etl_dag.py
[2021-09-26 11:52:31,115] {processor.py:613} INFO - Processing file /home/airflow/.local/lib/python3.6/site-packages/airflow/example_dags/tutorial_etl_dag.py for tasks to queue
[2021-09-26 11:52:31,117] {logging_mixin.py:109} INFO - [2021-09-26 11:52:31,117] {dagbag.py:496} INFO - Filling up the DagBag from /home/airflow/.local/lib/python3.6/site-packages/airflow/example_dags/tutorial_etl_dag.py
[2021-09-26 11:52:31,136] {processor.py:623} INFO - DAG(s) dict_keys(['tutorial_etl_dag']) retrieved from /home/airflow/.local/lib/python3.6/site-packages/airflow/example_dags/tutorial_etl_dag.py
[2021-09-26 11:52:31,168] {logging_mixin.py:109} INFO - [2021-09-26 11:52:31,167] {dag.py:1834} INFO - Sync 1 DAGs
[2021-09-26 11:52:31,187] {logging_mixin.py:109} INFO - [2021-09-26 11:52:31,187] {dag.py:2287} INFO - Setting next_dagrun for tutorial_etl_dag to None
[2021-09-26 11:52:31,203] {processor.py:170} INFO - Processing /home/airflow/.local/lib/python3.6/site-packages/airflow/example_dags/tutorial_etl_dag.py took 0.095 seconds
[2021-09-26 11:53:01,711] {processor.py:162} INFO - Started process (PID=4775) to work on /home/airflow/.local/lib/python3.6/site-packages/airflow/example_dags/tutorial_etl_dag.py
[2021-09-26 11:53:01,713] {processor.py:613} INFO - Processing file /home/airflow/.local/lib/python3.6/site-packages/airflow/example_dags/tutorial_etl_dag.py for tasks to queue
[2021-09-26 11:53:01,715] {logging_mixin.py:109} INFO - [2021-09-26 11:53:01,715] {dagbag.py:496} INFO - Filling up the DagBag from /home/airflow/.local/lib/python3.6/site-packages/airflow/example_dags/tutorial_etl_dag.py
[2021-09-26 11:53:01,734] {processor.py:623} INFO - DAG(s) dict_keys(['tutorial_etl_dag']) retrieved from /home/airflow/.local/lib/python3.6/site-packages/airflow/example_dags/tutorial_etl_dag.py
[2021-09-26 11:53:01,765] {logging_mixin.py:109} INFO - [2021-09-26 11:53:01,765] {dag.py:1834} INFO - Sync 1 DAGs
[2021-09-26 11:53:01,786] {logging_mixin.py:109} INFO - [2021-09-26 11:53:01,786] {dag.py:2287} INFO - Setting next_dagrun for tutorial_etl_dag to None
[2021-09-26 11:53:01,799] {processor.py:170} INFO - Processing /home/airflow/.local/lib/python3.6/site-packages/airflow/example_dags/tutorial_etl_dag.py took 0.094 seconds
[2021-09-26 11:53:32,473] {processor.py:162} INFO - Started process (PID=4831) to work on /home/airflow/.local/lib/python3.6/site-packages/airflow/example_dags/tutorial_etl_dag.py
[2021-09-26 11:53:32,476] {processor.py:613} INFO - Processing file /home/airflow/.local/lib/python3.6/site-packages/airflow/example_dags/tutorial_etl_dag.py for tasks to queue
[2021-09-26 11:53:32,477] {logging_mixin.py:109} INFO - [2021-09-26 11:53:32,477] {dagbag.py:496} INFO - Filling up the DagBag from /home/airflow/.local/lib/python3.6/site-packages/airflow/example_dags/tutorial_etl_dag.py
[2021-09-26 11:53:32,492] {processor.py:623} INFO - DAG(s) dict_keys(['tutorial_etl_dag']) retrieved from /home/airflow/.local/lib/python3.6/site-packages/airflow/example_dags/tutorial_etl_dag.py
[2021-09-26 11:53:32,519] {logging_mixin.py:109} INFO - [2021-09-26 11:53:32,519] {dag.py:1834} INFO - Sync 1 DAGs
[2021-09-26 11:53:32,536] {logging_mixin.py:109} INFO - [2021-09-26 11:53:32,536] {dag.py:2287} INFO - Setting next_dagrun for tutorial_etl_dag to None
[2021-09-26 11:53:32,549] {processor.py:170} INFO - Processing /home/airflow/.local/lib/python3.6/site-packages/airflow/example_dags/tutorial_etl_dag.py took 0.081 seconds
[2021-09-26 11:54:02,822] {processor.py:162} INFO - Started process (PID=4897) to work on /home/airflow/.local/lib/python3.6/site-packages/airflow/example_dags/tutorial_etl_dag.py
[2021-09-26 11:54:02,825] {processor.py:613} INFO - Processing file /home/airflow/.local/lib/python3.6/site-packages/airflow/example_dags/tutorial_etl_dag.py for tasks to queue
[2021-09-26 11:54:02,827] {logging_mixin.py:109} INFO - [2021-09-26 11:54:02,826] {dagbag.py:496} INFO - Filling up the DagBag from /home/airflow/.local/lib/python3.6/site-packages/airflow/example_dags/tutorial_etl_dag.py
[2021-09-26 11:54:02,844] {processor.py:623} INFO - DAG(s) dict_keys(['tutorial_etl_dag']) retrieved from /home/airflow/.local/lib/python3.6/site-packages/airflow/example_dags/tutorial_etl_dag.py
[2021-09-26 11:54:02,876] {logging_mixin.py:109} INFO - [2021-09-26 11:54:02,876] {dag.py:1834} INFO - Sync 1 DAGs
[2021-09-26 11:54:02,895] {logging_mixin.py:109} INFO - [2021-09-26 11:54:02,895] {dag.py:2287} INFO - Setting next_dagrun for tutorial_etl_dag to None
[2021-09-26 11:54:02,917] {processor.py:170} INFO - Processing /home/airflow/.local/lib/python3.6/site-packages/airflow/example_dags/tutorial_etl_dag.py took 0.101 seconds
[2021-09-26 11:54:33,351] {processor.py:162} INFO - Started process (PID=4954) to work on /home/airflow/.local/lib/python3.6/site-packages/airflow/example_dags/tutorial_etl_dag.py
[2021-09-26 11:54:33,354] {processor.py:613} INFO - Processing file /home/airflow/.local/lib/python3.6/site-packages/airflow/example_dags/tutorial_etl_dag.py for tasks to queue
[2021-09-26 11:54:33,357] {logging_mixin.py:109} INFO - [2021-09-26 11:54:33,356] {dagbag.py:496} INFO - Filling up the DagBag from /home/airflow/.local/lib/python3.6/site-packages/airflow/example_dags/tutorial_etl_dag.py
[2021-09-26 11:54:33,381] {processor.py:623} INFO - DAG(s) dict_keys(['tutorial_etl_dag']) retrieved from /home/airflow/.local/lib/python3.6/site-packages/airflow/example_dags/tutorial_etl_dag.py
[2021-09-26 11:54:33,418] {logging_mixin.py:109} INFO - [2021-09-26 11:54:33,418] {dag.py:1834} INFO - Sync 1 DAGs
[2021-09-26 11:54:33,445] {logging_mixin.py:109} INFO - [2021-09-26 11:54:33,445] {dag.py:2287} INFO - Setting next_dagrun for tutorial_etl_dag to None
[2021-09-26 11:54:33,463] {processor.py:170} INFO - Processing /home/airflow/.local/lib/python3.6/site-packages/airflow/example_dags/tutorial_etl_dag.py took 0.116 seconds
[2021-09-26 11:55:03,921] {processor.py:162} INFO - Started process (PID=5023) to work on /home/airflow/.local/lib/python3.6/site-packages/airflow/example_dags/tutorial_etl_dag.py
[2021-09-26 11:55:03,924] {processor.py:613} INFO - Processing file /home/airflow/.local/lib/python3.6/site-packages/airflow/example_dags/tutorial_etl_dag.py for tasks to queue
[2021-09-26 11:55:03,926] {logging_mixin.py:109} INFO - [2021-09-26 11:55:03,926] {dagbag.py:496} INFO - Filling up the DagBag from /home/airflow/.local/lib/python3.6/site-packages/airflow/example_dags/tutorial_etl_dag.py
[2021-09-26 11:55:03,944] {processor.py:623} INFO - DAG(s) dict_keys(['tutorial_etl_dag']) retrieved from /home/airflow/.local/lib/python3.6/site-packages/airflow/example_dags/tutorial_etl_dag.py
[2021-09-26 11:55:03,974] {logging_mixin.py:109} INFO - [2021-09-26 11:55:03,974] {dag.py:1834} INFO - Sync 1 DAGs
[2021-09-26 11:55:03,995] {logging_mixin.py:109} INFO - [2021-09-26 11:55:03,995] {dag.py:2287} INFO - Setting next_dagrun for tutorial_etl_dag to None
[2021-09-26 11:55:04,008] {processor.py:170} INFO - Processing /home/airflow/.local/lib/python3.6/site-packages/airflow/example_dags/tutorial_etl_dag.py took 0.091 seconds
[2021-09-26 11:55:34,195] {processor.py:162} INFO - Started process (PID=5081) to work on /home/airflow/.local/lib/python3.6/site-packages/airflow/example_dags/tutorial_etl_dag.py
[2021-09-26 11:55:34,197] {processor.py:613} INFO - Processing file /home/airflow/.local/lib/python3.6/site-packages/airflow/example_dags/tutorial_etl_dag.py for tasks to queue
[2021-09-26 11:55:34,198] {logging_mixin.py:109} INFO - [2021-09-26 11:55:34,198] {dagbag.py:496} INFO - Filling up the DagBag from /home/airflow/.local/lib/python3.6/site-packages/airflow/example_dags/tutorial_etl_dag.py
[2021-09-26 11:55:34,215] {processor.py:623} INFO - DAG(s) dict_keys(['tutorial_etl_dag']) retrieved from /home/airflow/.local/lib/python3.6/site-packages/airflow/example_dags/tutorial_etl_dag.py
[2021-09-26 11:55:34,248] {logging_mixin.py:109} INFO - [2021-09-26 11:55:34,248] {dag.py:1834} INFO - Sync 1 DAGs
[2021-09-26 11:55:34,266] {logging_mixin.py:109} INFO - [2021-09-26 11:55:34,266] {dag.py:2287} INFO - Setting next_dagrun for tutorial_etl_dag to None
[2021-09-26 11:55:34,279] {processor.py:170} INFO - Processing /home/airflow/.local/lib/python3.6/site-packages/airflow/example_dags/tutorial_etl_dag.py took 0.088 seconds
[2021-09-26 11:56:04,732] {processor.py:162} INFO - Started process (PID=5150) to work on /home/airflow/.local/lib/python3.6/site-packages/airflow/example_dags/tutorial_etl_dag.py
[2021-09-26 11:56:04,734] {processor.py:613} INFO - Processing file /home/airflow/.local/lib/python3.6/site-packages/airflow/example_dags/tutorial_etl_dag.py for tasks to queue
[2021-09-26 11:56:04,735] {logging_mixin.py:109} INFO - [2021-09-26 11:56:04,735] {dagbag.py:496} INFO - Filling up the DagBag from /home/airflow/.local/lib/python3.6/site-packages/airflow/example_dags/tutorial_etl_dag.py
[2021-09-26 11:56:04,751] {processor.py:623} INFO - DAG(s) dict_keys(['tutorial_etl_dag']) retrieved from /home/airflow/.local/lib/python3.6/site-packages/airflow/example_dags/tutorial_etl_dag.py
[2021-09-26 11:56:04,783] {logging_mixin.py:109} INFO - [2021-09-26 11:56:04,783] {dag.py:1834} INFO - Sync 1 DAGs
[2021-09-26 11:56:04,799] {logging_mixin.py:109} INFO - [2021-09-26 11:56:04,798] {dag.py:2287} INFO - Setting next_dagrun for tutorial_etl_dag to None
[2021-09-26 11:56:04,810] {processor.py:170} INFO - Processing /home/airflow/.local/lib/python3.6/site-packages/airflow/example_dags/tutorial_etl_dag.py took 0.082 seconds
[2021-09-26 11:56:35,479] {processor.py:162} INFO - Started process (PID=5217) to work on /home/airflow/.local/lib/python3.6/site-packages/airflow/example_dags/tutorial_etl_dag.py
[2021-09-26 11:56:35,481] {processor.py:613} INFO - Processing file /home/airflow/.local/lib/python3.6/site-packages/airflow/example_dags/tutorial_etl_dag.py for tasks to queue
[2021-09-26 11:56:35,483] {logging_mixin.py:109} INFO - [2021-09-26 11:56:35,482] {dagbag.py:496} INFO - Filling up the DagBag from /home/airflow/.local/lib/python3.6/site-packages/airflow/example_dags/tutorial_etl_dag.py
[2021-09-26 11:56:35,497] {processor.py:623} INFO - DAG(s) dict_keys(['tutorial_etl_dag']) retrieved from /home/airflow/.local/lib/python3.6/site-packages/airflow/example_dags/tutorial_etl_dag.py
[2021-09-26 11:56:35,520] {logging_mixin.py:109} INFO - [2021-09-26 11:56:35,520] {dag.py:1834} INFO - Sync 1 DAGs
[2021-09-26 11:56:35,536] {logging_mixin.py:109} INFO - [2021-09-26 11:56:35,535] {dag.py:2287} INFO - Setting next_dagrun for tutorial_etl_dag to None
[2021-09-26 11:56:35,546] {processor.py:170} INFO - Processing /home/airflow/.local/lib/python3.6/site-packages/airflow/example_dags/tutorial_etl_dag.py took 0.071 seconds
[2021-09-26 11:57:05,754] {processor.py:162} INFO - Started process (PID=5274) to work on /home/airflow/.local/lib/python3.6/site-packages/airflow/example_dags/tutorial_etl_dag.py
[2021-09-26 11:57:05,757] {processor.py:613} INFO - Processing file /home/airflow/.local/lib/python3.6/site-packages/airflow/example_dags/tutorial_etl_dag.py for tasks to queue
[2021-09-26 11:57:05,759] {logging_mixin.py:109} INFO - [2021-09-26 11:57:05,759] {dagbag.py:496} INFO - Filling up the DagBag from /home/airflow/.local/lib/python3.6/site-packages/airflow/example_dags/tutorial_etl_dag.py
[2021-09-26 11:57:05,774] {processor.py:623} INFO - DAG(s) dict_keys(['tutorial_etl_dag']) retrieved from /home/airflow/.local/lib/python3.6/site-packages/airflow/example_dags/tutorial_etl_dag.py
[2021-09-26 11:57:05,802] {logging_mixin.py:109} INFO - [2021-09-26 11:57:05,802] {dag.py:1834} INFO - Sync 1 DAGs
[2021-09-26 11:57:05,817] {logging_mixin.py:109} INFO - [2021-09-26 11:57:05,817] {dag.py:2287} INFO - Setting next_dagrun for tutorial_etl_dag to None
[2021-09-26 11:57:05,830] {processor.py:170} INFO - Processing /home/airflow/.local/lib/python3.6/site-packages/airflow/example_dags/tutorial_etl_dag.py took 0.080 seconds
[2021-09-26 11:57:36,171] {processor.py:162} INFO - Started process (PID=5341) to work on /home/airflow/.local/lib/python3.6/site-packages/airflow/example_dags/tutorial_etl_dag.py
[2021-09-26 11:57:36,173] {processor.py:613} INFO - Processing file /home/airflow/.local/lib/python3.6/site-packages/airflow/example_dags/tutorial_etl_dag.py for tasks to queue
[2021-09-26 11:57:36,174] {logging_mixin.py:109} INFO - [2021-09-26 11:57:36,174] {dagbag.py:496} INFO - Filling up the DagBag from /home/airflow/.local/lib/python3.6/site-packages/airflow/example_dags/tutorial_etl_dag.py
[2021-09-26 11:57:36,189] {processor.py:623} INFO - DAG(s) dict_keys(['tutorial_etl_dag']) retrieved from /home/airflow/.local/lib/python3.6/site-packages/airflow/example_dags/tutorial_etl_dag.py
[2021-09-26 11:57:36,213] {logging_mixin.py:109} INFO - [2021-09-26 11:57:36,213] {dag.py:1834} INFO - Sync 1 DAGs
[2021-09-26 11:57:36,228] {logging_mixin.py:109} INFO - [2021-09-26 11:57:36,228] {dag.py:2287} INFO - Setting next_dagrun for tutorial_etl_dag to None
[2021-09-26 11:57:36,239] {processor.py:170} INFO - Processing /home/airflow/.local/lib/python3.6/site-packages/airflow/example_dags/tutorial_etl_dag.py took 0.072 seconds
[2021-09-26 11:58:06,495] {processor.py:162} INFO - Started process (PID=5400) to work on /home/airflow/.local/lib/python3.6/site-packages/airflow/example_dags/tutorial_etl_dag.py
[2021-09-26 11:58:06,497] {processor.py:613} INFO - Processing file /home/airflow/.local/lib/python3.6/site-packages/airflow/example_dags/tutorial_etl_dag.py for tasks to queue
[2021-09-26 11:58:06,499] {logging_mixin.py:109} INFO - [2021-09-26 11:58:06,499] {dagbag.py:496} INFO - Filling up the DagBag from /home/airflow/.local/lib/python3.6/site-packages/airflow/example_dags/tutorial_etl_dag.py
[2021-09-26 11:58:06,516] {processor.py:623} INFO - DAG(s) dict_keys(['tutorial_etl_dag']) retrieved from /home/airflow/.local/lib/python3.6/site-packages/airflow/example_dags/tutorial_etl_dag.py
[2021-09-26 11:58:06,544] {logging_mixin.py:109} INFO - [2021-09-26 11:58:06,544] {dag.py:1834} INFO - Sync 1 DAGs
[2021-09-26 11:58:06,569] {logging_mixin.py:109} INFO - [2021-09-26 11:58:06,569] {dag.py:2287} INFO - Setting next_dagrun for tutorial_etl_dag to None
[2021-09-26 11:58:06,586] {processor.py:170} INFO - Processing /home/airflow/.local/lib/python3.6/site-packages/airflow/example_dags/tutorial_etl_dag.py took 0.097 seconds
[2021-09-26 11:58:37,109] {processor.py:162} INFO - Started process (PID=5469) to work on /home/airflow/.local/lib/python3.6/site-packages/airflow/example_dags/tutorial_etl_dag.py
[2021-09-26 11:58:37,117] {processor.py:613} INFO - Processing file /home/airflow/.local/lib/python3.6/site-packages/airflow/example_dags/tutorial_etl_dag.py for tasks to queue
[2021-09-26 11:58:37,121] {logging_mixin.py:109} INFO - [2021-09-26 11:58:37,121] {dagbag.py:496} INFO - Filling up the DagBag from /home/airflow/.local/lib/python3.6/site-packages/airflow/example_dags/tutorial_etl_dag.py
[2021-09-26 11:58:37,137] {processor.py:623} INFO - DAG(s) dict_keys(['tutorial_etl_dag']) retrieved from /home/airflow/.local/lib/python3.6/site-packages/airflow/example_dags/tutorial_etl_dag.py
[2021-09-26 11:58:37,163] {logging_mixin.py:109} INFO - [2021-09-26 11:58:37,163] {dag.py:1834} INFO - Sync 1 DAGs
[2021-09-26 11:58:37,182] {logging_mixin.py:109} INFO - [2021-09-26 11:58:37,182] {dag.py:2287} INFO - Setting next_dagrun for tutorial_etl_dag to None
[2021-09-26 11:58:37,193] {processor.py:170} INFO - Processing /home/airflow/.local/lib/python3.6/site-packages/airflow/example_dags/tutorial_etl_dag.py took 0.089 seconds
[2021-09-26 11:59:07,724] {processor.py:162} INFO - Started process (PID=5538) to work on /home/airflow/.local/lib/python3.6/site-packages/airflow/example_dags/tutorial_etl_dag.py
[2021-09-26 11:59:07,726] {processor.py:613} INFO - Processing file /home/airflow/.local/lib/python3.6/site-packages/airflow/example_dags/tutorial_etl_dag.py for tasks to queue
[2021-09-26 11:59:07,728] {logging_mixin.py:109} INFO - [2021-09-26 11:59:07,727] {dagbag.py:496} INFO - Filling up the DagBag from /home/airflow/.local/lib/python3.6/site-packages/airflow/example_dags/tutorial_etl_dag.py
[2021-09-26 11:59:07,746] {processor.py:623} INFO - DAG(s) dict_keys(['tutorial_etl_dag']) retrieved from /home/airflow/.local/lib/python3.6/site-packages/airflow/example_dags/tutorial_etl_dag.py
[2021-09-26 11:59:07,769] {logging_mixin.py:109} INFO - [2021-09-26 11:59:07,769] {dag.py:1834} INFO - Sync 1 DAGs
[2021-09-26 11:59:07,783] {logging_mixin.py:109} INFO - [2021-09-26 11:59:07,783] {dag.py:2287} INFO - Setting next_dagrun for tutorial_etl_dag to None
[2021-09-26 11:59:07,794] {processor.py:170} INFO - Processing /home/airflow/.local/lib/python3.6/site-packages/airflow/example_dags/tutorial_etl_dag.py took 0.074 seconds
[2021-09-26 11:59:37,979] {processor.py:162} INFO - Started process (PID=5594) to work on /home/airflow/.local/lib/python3.6/site-packages/airflow/example_dags/tutorial_etl_dag.py
[2021-09-26 11:59:37,981] {processor.py:613} INFO - Processing file /home/airflow/.local/lib/python3.6/site-packages/airflow/example_dags/tutorial_etl_dag.py for tasks to queue
[2021-09-26 11:59:37,983] {logging_mixin.py:109} INFO - [2021-09-26 11:59:37,983] {dagbag.py:496} INFO - Filling up the DagBag from /home/airflow/.local/lib/python3.6/site-packages/airflow/example_dags/tutorial_etl_dag.py
[2021-09-26 11:59:37,999] {processor.py:623} INFO - DAG(s) dict_keys(['tutorial_etl_dag']) retrieved from /home/airflow/.local/lib/python3.6/site-packages/airflow/example_dags/tutorial_etl_dag.py
[2021-09-26 11:59:38,024] {logging_mixin.py:109} INFO - [2021-09-26 11:59:38,024] {dag.py:1834} INFO - Sync 1 DAGs
[2021-09-26 11:59:38,038] {logging_mixin.py:109} INFO - [2021-09-26 11:59:38,038] {dag.py:2287} INFO - Setting next_dagrun for tutorial_etl_dag to None
[2021-09-26 11:59:38,048] {processor.py:170} INFO - Processing /home/airflow/.local/lib/python3.6/site-packages/airflow/example_dags/tutorial_etl_dag.py took 0.073 seconds
[2021-09-26 12:00:08,673] {processor.py:162} INFO - Started process (PID=5663) to work on /home/airflow/.local/lib/python3.6/site-packages/airflow/example_dags/tutorial_etl_dag.py
[2021-09-26 12:00:08,675] {processor.py:613} INFO - Processing file /home/airflow/.local/lib/python3.6/site-packages/airflow/example_dags/tutorial_etl_dag.py for tasks to queue
[2021-09-26 12:00:08,676] {logging_mixin.py:109} INFO - [2021-09-26 12:00:08,676] {dagbag.py:496} INFO - Filling up the DagBag from /home/airflow/.local/lib/python3.6/site-packages/airflow/example_dags/tutorial_etl_dag.py
[2021-09-26 12:00:08,691] {processor.py:623} INFO - DAG(s) dict_keys(['tutorial_etl_dag']) retrieved from /home/airflow/.local/lib/python3.6/site-packages/airflow/example_dags/tutorial_etl_dag.py
[2021-09-26 12:00:08,734] {logging_mixin.py:109} INFO - [2021-09-26 12:00:08,734] {dag.py:1834} INFO - Sync 1 DAGs
[2021-09-26 12:00:08,757] {logging_mixin.py:109} INFO - [2021-09-26 12:00:08,757] {dag.py:2287} INFO - Setting next_dagrun for tutorial_etl_dag to None
[2021-09-26 12:00:08,769] {processor.py:170} INFO - Processing /home/airflow/.local/lib/python3.6/site-packages/airflow/example_dags/tutorial_etl_dag.py took 0.100 seconds
[2021-09-26 12:00:39,102] {processor.py:162} INFO - Started process (PID=5721) to work on /home/airflow/.local/lib/python3.6/site-packages/airflow/example_dags/tutorial_etl_dag.py
[2021-09-26 12:00:39,105] {processor.py:613} INFO - Processing file /home/airflow/.local/lib/python3.6/site-packages/airflow/example_dags/tutorial_etl_dag.py for tasks to queue
[2021-09-26 12:00:39,106] {logging_mixin.py:109} INFO - [2021-09-26 12:00:39,106] {dagbag.py:496} INFO - Filling up the DagBag from /home/airflow/.local/lib/python3.6/site-packages/airflow/example_dags/tutorial_etl_dag.py
[2021-09-26 12:00:39,120] {processor.py:623} INFO - DAG(s) dict_keys(['tutorial_etl_dag']) retrieved from /home/airflow/.local/lib/python3.6/site-packages/airflow/example_dags/tutorial_etl_dag.py
[2021-09-26 12:00:39,145] {logging_mixin.py:109} INFO - [2021-09-26 12:00:39,145] {dag.py:1834} INFO - Sync 1 DAGs
[2021-09-26 12:00:39,162] {logging_mixin.py:109} INFO - [2021-09-26 12:00:39,162] {dag.py:2287} INFO - Setting next_dagrun for tutorial_etl_dag to None
[2021-09-26 12:00:39,175] {processor.py:170} INFO - Processing /home/airflow/.local/lib/python3.6/site-packages/airflow/example_dags/tutorial_etl_dag.py took 0.077 seconds
[2021-09-26 12:01:09,205] {processor.py:162} INFO - Started process (PID=5786) to work on /home/airflow/.local/lib/python3.6/site-packages/airflow/example_dags/tutorial_etl_dag.py
[2021-09-26 12:01:09,207] {processor.py:613} INFO - Processing file /home/airflow/.local/lib/python3.6/site-packages/airflow/example_dags/tutorial_etl_dag.py for tasks to queue
[2021-09-26 12:01:09,208] {logging_mixin.py:109} INFO - [2021-09-26 12:01:09,208] {dagbag.py:496} INFO - Filling up the DagBag from /home/airflow/.local/lib/python3.6/site-packages/airflow/example_dags/tutorial_etl_dag.py
[2021-09-26 12:01:09,222] {processor.py:623} INFO - DAG(s) dict_keys(['tutorial_etl_dag']) retrieved from /home/airflow/.local/lib/python3.6/site-packages/airflow/example_dags/tutorial_etl_dag.py
[2021-09-26 12:01:09,245] {logging_mixin.py:109} INFO - [2021-09-26 12:01:09,245] {dag.py:1834} INFO - Sync 1 DAGs
[2021-09-26 12:01:09,260] {logging_mixin.py:109} INFO - [2021-09-26 12:01:09,260] {dag.py:2287} INFO - Setting next_dagrun for tutorial_etl_dag to None
[2021-09-26 12:01:09,272] {processor.py:170} INFO - Processing /home/airflow/.local/lib/python3.6/site-packages/airflow/example_dags/tutorial_etl_dag.py took 0.071 seconds
[2021-09-26 12:01:39,782] {processor.py:162} INFO - Started process (PID=5854) to work on /home/airflow/.local/lib/python3.6/site-packages/airflow/example_dags/tutorial_etl_dag.py
[2021-09-26 12:01:39,785] {processor.py:613} INFO - Processing file /home/airflow/.local/lib/python3.6/site-packages/airflow/example_dags/tutorial_etl_dag.py for tasks to queue
[2021-09-26 12:01:39,788] {logging_mixin.py:109} INFO - [2021-09-26 12:01:39,787] {dagbag.py:496} INFO - Filling up the DagBag from /home/airflow/.local/lib/python3.6/site-packages/airflow/example_dags/tutorial_etl_dag.py
[2021-09-26 12:01:39,812] {processor.py:623} INFO - DAG(s) dict_keys(['tutorial_etl_dag']) retrieved from /home/airflow/.local/lib/python3.6/site-packages/airflow/example_dags/tutorial_etl_dag.py
[2021-09-26 12:01:39,848] {logging_mixin.py:109} INFO - [2021-09-26 12:01:39,848] {dag.py:1834} INFO - Sync 1 DAGs
[2021-09-26 12:01:39,869] {logging_mixin.py:109} INFO - [2021-09-26 12:01:39,869] {dag.py:2287} INFO - Setting next_dagrun for tutorial_etl_dag to None
[2021-09-26 12:01:39,883] {processor.py:170} INFO - Processing /home/airflow/.local/lib/python3.6/site-packages/airflow/example_dags/tutorial_etl_dag.py took 0.107 seconds
[2021-09-26 12:02:10,719] {processor.py:162} INFO - Started process (PID=5912) to work on /home/airflow/.local/lib/python3.6/site-packages/airflow/example_dags/tutorial_etl_dag.py
[2021-09-26 12:02:10,724] {processor.py:613} INFO - Processing file /home/airflow/.local/lib/python3.6/site-packages/airflow/example_dags/tutorial_etl_dag.py for tasks to queue
[2021-09-26 12:02:10,729] {logging_mixin.py:109} INFO - [2021-09-26 12:02:10,728] {dagbag.py:496} INFO - Filling up the DagBag from /home/airflow/.local/lib/python3.6/site-packages/airflow/example_dags/tutorial_etl_dag.py
[2021-09-26 12:02:10,769] {processor.py:623} INFO - DAG(s) dict_keys(['tutorial_etl_dag']) retrieved from /home/airflow/.local/lib/python3.6/site-packages/airflow/example_dags/tutorial_etl_dag.py
[2021-09-26 12:02:10,834] {logging_mixin.py:109} INFO - [2021-09-26 12:02:10,833] {dag.py:1834} INFO - Sync 1 DAGs
[2021-09-26 12:02:10,862] {logging_mixin.py:109} INFO - [2021-09-26 12:02:10,862] {dag.py:2287} INFO - Setting next_dagrun for tutorial_etl_dag to None
[2021-09-26 12:02:10,879] {processor.py:170} INFO - Processing /home/airflow/.local/lib/python3.6/site-packages/airflow/example_dags/tutorial_etl_dag.py took 0.168 seconds
[2021-09-26 12:02:41,656] {processor.py:162} INFO - Started process (PID=5978) to work on /home/airflow/.local/lib/python3.6/site-packages/airflow/example_dags/tutorial_etl_dag.py
[2021-09-26 12:02:41,661] {processor.py:613} INFO - Processing file /home/airflow/.local/lib/python3.6/site-packages/airflow/example_dags/tutorial_etl_dag.py for tasks to queue
[2021-09-26 12:02:41,663] {logging_mixin.py:109} INFO - [2021-09-26 12:02:41,663] {dagbag.py:496} INFO - Filling up the DagBag from /home/airflow/.local/lib/python3.6/site-packages/airflow/example_dags/tutorial_etl_dag.py
[2021-09-26 12:02:41,689] {processor.py:623} INFO - DAG(s) dict_keys(['tutorial_etl_dag']) retrieved from /home/airflow/.local/lib/python3.6/site-packages/airflow/example_dags/tutorial_etl_dag.py
[2021-09-26 12:02:41,739] {logging_mixin.py:109} INFO - [2021-09-26 12:02:41,739] {dag.py:1834} INFO - Sync 1 DAGs
[2021-09-26 12:02:41,757] {logging_mixin.py:109} INFO - [2021-09-26 12:02:41,757] {dag.py:2287} INFO - Setting next_dagrun for tutorial_etl_dag to None
[2021-09-26 12:02:41,772] {processor.py:170} INFO - Processing /home/airflow/.local/lib/python3.6/site-packages/airflow/example_dags/tutorial_etl_dag.py took 0.123 seconds
[2021-09-26 12:03:12,236] {processor.py:162} INFO - Started process (PID=6036) to work on /home/airflow/.local/lib/python3.6/site-packages/airflow/example_dags/tutorial_etl_dag.py
[2021-09-26 12:03:12,240] {processor.py:613} INFO - Processing file /home/airflow/.local/lib/python3.6/site-packages/airflow/example_dags/tutorial_etl_dag.py for tasks to queue
[2021-09-26 12:03:12,244] {logging_mixin.py:109} INFO - [2021-09-26 12:03:12,244] {dagbag.py:496} INFO - Filling up the DagBag from /home/airflow/.local/lib/python3.6/site-packages/airflow/example_dags/tutorial_etl_dag.py
[2021-09-26 12:03:12,279] {processor.py:623} INFO - DAG(s) dict_keys(['tutorial_etl_dag']) retrieved from /home/airflow/.local/lib/python3.6/site-packages/airflow/example_dags/tutorial_etl_dag.py
[2021-09-26 12:03:12,307] {logging_mixin.py:109} INFO - [2021-09-26 12:03:12,307] {dag.py:1834} INFO - Sync 1 DAGs
[2021-09-26 12:03:12,324] {logging_mixin.py:109} INFO - [2021-09-26 12:03:12,324] {dag.py:2287} INFO - Setting next_dagrun for tutorial_etl_dag to None
[2021-09-26 12:03:12,335] {processor.py:170} INFO - Processing /home/airflow/.local/lib/python3.6/site-packages/airflow/example_dags/tutorial_etl_dag.py took 0.107 seconds
[2021-09-26 12:03:42,512] {processor.py:162} INFO - Started process (PID=6105) to work on /home/airflow/.local/lib/python3.6/site-packages/airflow/example_dags/tutorial_etl_dag.py
[2021-09-26 12:03:42,515] {processor.py:613} INFO - Processing file /home/airflow/.local/lib/python3.6/site-packages/airflow/example_dags/tutorial_etl_dag.py for tasks to queue
[2021-09-26 12:03:42,518] {logging_mixin.py:109} INFO - [2021-09-26 12:03:42,517] {dagbag.py:496} INFO - Filling up the DagBag from /home/airflow/.local/lib/python3.6/site-packages/airflow/example_dags/tutorial_etl_dag.py
[2021-09-26 12:03:42,565] {processor.py:623} INFO - DAG(s) dict_keys(['tutorial_etl_dag']) retrieved from /home/airflow/.local/lib/python3.6/site-packages/airflow/example_dags/tutorial_etl_dag.py
[2021-09-26 12:03:42,637] {logging_mixin.py:109} INFO - [2021-09-26 12:03:42,637] {dag.py:1834} INFO - Sync 1 DAGs
[2021-09-26 12:03:42,659] {logging_mixin.py:109} INFO - [2021-09-26 12:03:42,659] {dag.py:2287} INFO - Setting next_dagrun for tutorial_etl_dag to None
[2021-09-26 12:03:42,676] {processor.py:170} INFO - Processing /home/airflow/.local/lib/python3.6/site-packages/airflow/example_dags/tutorial_etl_dag.py took 0.168 seconds
[2021-09-26 12:04:13,279] {processor.py:162} INFO - Started process (PID=6174) to work on /home/airflow/.local/lib/python3.6/site-packages/airflow/example_dags/tutorial_etl_dag.py
[2021-09-26 12:04:13,282] {processor.py:613} INFO - Processing file /home/airflow/.local/lib/python3.6/site-packages/airflow/example_dags/tutorial_etl_dag.py for tasks to queue
[2021-09-26 12:04:13,283] {logging_mixin.py:109} INFO - [2021-09-26 12:04:13,283] {dagbag.py:496} INFO - Filling up the DagBag from /home/airflow/.local/lib/python3.6/site-packages/airflow/example_dags/tutorial_etl_dag.py
[2021-09-26 12:04:13,298] {processor.py:623} INFO - DAG(s) dict_keys(['tutorial_etl_dag']) retrieved from /home/airflow/.local/lib/python3.6/site-packages/airflow/example_dags/tutorial_etl_dag.py
[2021-09-26 12:04:13,322] {logging_mixin.py:109} INFO - [2021-09-26 12:04:13,322] {dag.py:1834} INFO - Sync 1 DAGs
[2021-09-26 12:04:13,339] {logging_mixin.py:109} INFO - [2021-09-26 12:04:13,339] {dag.py:2287} INFO - Setting next_dagrun for tutorial_etl_dag to None
[2021-09-26 12:04:13,351] {processor.py:170} INFO - Processing /home/airflow/.local/lib/python3.6/site-packages/airflow/example_dags/tutorial_etl_dag.py took 0.076 seconds
[2021-09-26 12:04:43,548] {processor.py:162} INFO - Started process (PID=6231) to work on /home/airflow/.local/lib/python3.6/site-packages/airflow/example_dags/tutorial_etl_dag.py
[2021-09-26 12:04:43,550] {processor.py:613} INFO - Processing file /home/airflow/.local/lib/python3.6/site-packages/airflow/example_dags/tutorial_etl_dag.py for tasks to queue
[2021-09-26 12:04:43,551] {logging_mixin.py:109} INFO - [2021-09-26 12:04:43,551] {dagbag.py:496} INFO - Filling up the DagBag from /home/airflow/.local/lib/python3.6/site-packages/airflow/example_dags/tutorial_etl_dag.py
[2021-09-26 12:04:43,564] {processor.py:623} INFO - DAG(s) dict_keys(['tutorial_etl_dag']) retrieved from /home/airflow/.local/lib/python3.6/site-packages/airflow/example_dags/tutorial_etl_dag.py
[2021-09-26 12:04:43,588] {logging_mixin.py:109} INFO - [2021-09-26 12:04:43,588] {dag.py:1834} INFO - Sync 1 DAGs
[2021-09-26 12:04:43,603] {logging_mixin.py:109} INFO - [2021-09-26 12:04:43,603] {dag.py:2287} INFO - Setting next_dagrun for tutorial_etl_dag to None
[2021-09-26 12:04:43,614] {processor.py:170} INFO - Processing /home/airflow/.local/lib/python3.6/site-packages/airflow/example_dags/tutorial_etl_dag.py took 0.070 seconds
[2021-09-26 12:05:13,902] {processor.py:162} INFO - Started process (PID=6301) to work on /home/airflow/.local/lib/python3.6/site-packages/airflow/example_dags/tutorial_etl_dag.py
[2021-09-26 12:05:13,903] {processor.py:613} INFO - Processing file /home/airflow/.local/lib/python3.6/site-packages/airflow/example_dags/tutorial_etl_dag.py for tasks to queue
[2021-09-26 12:05:13,905] {logging_mixin.py:109} INFO - [2021-09-26 12:05:13,905] {dagbag.py:496} INFO - Filling up the DagBag from /home/airflow/.local/lib/python3.6/site-packages/airflow/example_dags/tutorial_etl_dag.py
[2021-09-26 12:05:13,918] {processor.py:623} INFO - DAG(s) dict_keys(['tutorial_etl_dag']) retrieved from /home/airflow/.local/lib/python3.6/site-packages/airflow/example_dags/tutorial_etl_dag.py
[2021-09-26 12:05:13,941] {logging_mixin.py:109} INFO - [2021-09-26 12:05:13,940] {dag.py:1834} INFO - Sync 1 DAGs
[2021-09-26 12:05:13,955] {logging_mixin.py:109} INFO - [2021-09-26 12:05:13,955] {dag.py:2287} INFO - Setting next_dagrun for tutorial_etl_dag to None
[2021-09-26 12:05:13,966] {processor.py:170} INFO - Processing /home/airflow/.local/lib/python3.6/site-packages/airflow/example_dags/tutorial_etl_dag.py took 0.068 seconds
[2021-09-26 12:05:44,146] {processor.py:162} INFO - Started process (PID=6359) to work on /home/airflow/.local/lib/python3.6/site-packages/airflow/example_dags/tutorial_etl_dag.py
[2021-09-26 12:05:44,149] {processor.py:613} INFO - Processing file /home/airflow/.local/lib/python3.6/site-packages/airflow/example_dags/tutorial_etl_dag.py for tasks to queue
[2021-09-26 12:05:44,151] {logging_mixin.py:109} INFO - [2021-09-26 12:05:44,151] {dagbag.py:496} INFO - Filling up the DagBag from /home/airflow/.local/lib/python3.6/site-packages/airflow/example_dags/tutorial_etl_dag.py
[2021-09-26 12:05:44,165] {processor.py:623} INFO - DAG(s) dict_keys(['tutorial_etl_dag']) retrieved from /home/airflow/.local/lib/python3.6/site-packages/airflow/example_dags/tutorial_etl_dag.py
[2021-09-26 12:05:44,192] {logging_mixin.py:109} INFO - [2021-09-26 12:05:44,192] {dag.py:1834} INFO - Sync 1 DAGs
[2021-09-26 12:05:44,210] {logging_mixin.py:109} INFO - [2021-09-26 12:05:44,210] {dag.py:2287} INFO - Setting next_dagrun for tutorial_etl_dag to None
[2021-09-26 12:05:44,224] {processor.py:170} INFO - Processing /home/airflow/.local/lib/python3.6/site-packages/airflow/example_dags/tutorial_etl_dag.py took 0.083 seconds
[2021-09-26 12:06:14,670] {processor.py:162} INFO - Started process (PID=6428) to work on /home/airflow/.local/lib/python3.6/site-packages/airflow/example_dags/tutorial_etl_dag.py
[2021-09-26 12:06:14,673] {processor.py:613} INFO - Processing file /home/airflow/.local/lib/python3.6/site-packages/airflow/example_dags/tutorial_etl_dag.py for tasks to queue
[2021-09-26 12:06:14,679] {logging_mixin.py:109} INFO - [2021-09-26 12:06:14,679] {dagbag.py:496} INFO - Filling up the DagBag from /home/airflow/.local/lib/python3.6/site-packages/airflow/example_dags/tutorial_etl_dag.py
[2021-09-26 12:06:14,697] {processor.py:623} INFO - DAG(s) dict_keys(['tutorial_etl_dag']) retrieved from /home/airflow/.local/lib/python3.6/site-packages/airflow/example_dags/tutorial_etl_dag.py
[2021-09-26 12:06:14,723] {logging_mixin.py:109} INFO - [2021-09-26 12:06:14,723] {dag.py:1834} INFO - Sync 1 DAGs
[2021-09-26 12:06:14,740] {logging_mixin.py:109} INFO - [2021-09-26 12:06:14,740] {dag.py:2287} INFO - Setting next_dagrun for tutorial_etl_dag to None
[2021-09-26 12:06:14,758] {processor.py:170} INFO - Processing /home/airflow/.local/lib/python3.6/site-packages/airflow/example_dags/tutorial_etl_dag.py took 0.091 seconds
