[2021-09-26 11:47:13,736] {taskinstance.py:903} INFO - Dependencies all met for <TaskInstance: shopee_dag.shopee_etl 2021-09-26T11:47:12.433686+00:00 [queued]>
[2021-09-26 11:47:13,762] {taskinstance.py:903} INFO - Dependencies all met for <TaskInstance: shopee_dag.shopee_etl 2021-09-26T11:47:12.433686+00:00 [queued]>
[2021-09-26 11:47:13,763] {taskinstance.py:1095} INFO - 
--------------------------------------------------------------------------------
[2021-09-26 11:47:13,764] {taskinstance.py:1096} INFO - Starting attempt 1 of 2
[2021-09-26 11:47:13,765] {taskinstance.py:1097} INFO - 
--------------------------------------------------------------------------------
[2021-09-26 11:47:13,777] {taskinstance.py:1115} INFO - Executing <Task(PythonOperator): shopee_etl> on 2021-09-26T11:47:12.433686+00:00
[2021-09-26 11:47:13,784] {standard_task_runner.py:52} INFO - Started process 2206 to run task
[2021-09-26 11:47:13,793] {standard_task_runner.py:76} INFO - Running: ['***', 'tasks', 'run', 'shopee_dag', 'shopee_etl', '2021-09-26T11:47:12.433686+00:00', '--job-id', '12', '--pool', 'default_pool', '--raw', '--subdir', 'DAGS_FOLDER/shopee_dag.py', '--cfg-path', '/tmp/tmpwtar579w', '--error-file', '/tmp/tmpthnsoek2']
[2021-09-26 11:47:13,795] {standard_task_runner.py:77} INFO - Job 12: Subtask shopee_etl
[2021-09-26 11:47:13,855] {logging_mixin.py:109} INFO - Running <TaskInstance: shopee_dag.shopee_etl 2021-09-26T11:47:12.433686+00:00 [running]> on host 2b3d7b76f2a3
[2021-09-26 11:47:13,918] {taskinstance.py:1254} INFO - Exporting the following env vars:
AIRFLOW_CTX_DAG_OWNER=Phuc
AIRFLOW_CTX_DAG_ID=shopee_dag
AIRFLOW_CTX_TASK_ID=shopee_etl
AIRFLOW_CTX_EXECUTION_DATE=2021-09-26T11:47:12.433686+00:00
AIRFLOW_CTX_DAG_RUN_ID=manual__2021-09-26T11:47:12.433686+00:00
[2021-09-26 11:47:46,167] {python.py:151} INFO - Done. Returned value was: None
[2021-09-26 11:47:46,190] {taskinstance.py:1219} INFO - Marking task as SUCCESS. dag_id=shopee_dag, task_id=shopee_etl, execution_date=20210926T114712, start_date=20210926T114713, end_date=20210926T114746
[2021-09-26 11:47:46,269] {local_task_job.py:151} INFO - Task exited with return code 0
[2021-09-26 11:47:46,307] {local_task_job.py:261} INFO - 0 downstream tasks scheduled from follow-on schedule check
